CGC1	TC	AAXB02000001.1	Dl_00037	45652	46911	+	2.A.40.1.1
CGC1	CAZyme	AAXB02000001.1	Dl_00038	46889	48355	-	GH43_26|GH43_e105
CGC1	TF	AAXB02000001.1	Dl_00039	48519	49565	+	LacI
CGC1	CAZyme	AAXB02000001.1	Dl_00040	49873	51822	+	GH127_e0|GH127
CGC1	TC	AAXB02000001.1	Dl_00041	51889	53259	+	3.A.1.1.34
CGC1	TC	AAXB02000001.1	Dl_00042	53356	54240	+	3.A.1.1.34
CGC1	TC	AAXB02000001.1	Dl_00043	54242	55090	+	3.A.1.1.34
CGC1	CAZyme	AAXB02000001.1	Dl_00044	55116	56630	+	GH51|GH51_e0
CGC1	TC	AAXB02000001.1	Dl_00045	56644	57273	+	9.B.28.1.2
CGC2	TC	AAXB02000001.1	Dl_00193	188254	190590	+	3.A.7.7.1
CGC2	CAZyme	AAXB02000001.1	Dl_00194	190622	192613	+	GH23|GH23_e928
CGC2	TF	AAXB02000001.1	Dl_00195	192729	193694	+	HTH_AraC
CGC2	TC	AAXB02000001.1	Dl_00196	193836	194432	+	3.A.1.31.2
CGC2	TC	AAXB02000001.1	Dl_00197	194432	195184	+	3.A.1.31.2
CGC2	TC	AAXB02000001.1	Dl_00198	195181	196647	+	3.A.1.31.2
CGC2	TC	AAXB02000001.1	Dl_00199	196774	198558	+	3.A.1.21.1
CGC2	TC	AAXB02000001.1	Dl_00200	198559	200307	+	3.A.1.135.11
CGC3	TC	AAXB02000001.1	Dl_00303	302580	303470	+	2.A.4.7.2
CGC3	null	AAXB02000001.1	Dl_00304	303581	305002	-	null
CGC3	TC	AAXB02000001.1	Dl_00305	305294	307102	+	2.A.58.2.2
CGC3	TF	AAXB02000001.1	Dl_00306	307156	308025	-	HTH_AraC+HTH_AraC
CGC3	CAZyme	AAXB02000001.1	Dl_00307	308236	310494	+	GT35_e0|GT35
CGC3	null	AAXB02000001.1	Dl_00308	310536	311015	+	null
CGC3	TF	AAXB02000001.1	Dl_00309	311224	311937	-	Trans_reg_C
CGC3	TC	AAXB02000001.1	Dl_00310	311940	313034	-	9.B.34.1.7
CGC4	TC	AAXB02000001.1	Dl_00346	343057	344790	+	9.B.33.1.4
CGC4	TF	AAXB02000001.1	Dl_00347	344787	346439	+	HTH_AraC+HTH_AraC
CGC4	null	AAXB02000001.1	Dl_00348	346752	347651	+	null
CGC4	CAZyme	AAXB02000001.1	Dl_00349	347780	348793	+	GH109|GH109_e7
CGC4	TC	AAXB02000001.1	Dl_00350	348904	350319	+	2.A.2.3.3
CGC4	TC	AAXB02000001.1	Dl_00351	350321	350926	+	2.A.115.2.14
CGC5	TC	AAXB02000001.1	Dl_00388	386745	387428	+	9.B.354.2.2
CGC5	CAZyme	AAXB02000001.1	Dl_00389	387449	389992	+	GH3_e165|GH3
CGC5	TC	AAXB02000001.1	Dl_00390	390010	390960	+	3.A.1.2.29
CGC1	TC	AAXB02000002.1	Dl_00665	272434	273087	-	9.B.31.1.2
CGC1	null	AAXB02000002.1	Dl_00666	273090	274418	-	null
CGC1	STP	AAXB02000002.1	Dl_00667	274579	275754	+	Pribosyltran
CGC1	CAZyme	AAXB02000002.1	Dl_00668	275835	277292	-	CE4_e28|CE4
CGC2	CAZyme	AAXB02000002.1	Dl_00689	299785	301542	-	GH13_11|CBM48|GH13_e138
CGC2	TC	AAXB02000002.1	Dl_00690	301572	302591	-	3.A.1.2.16
CGC1	CAZyme	AAXB02000003.1	Dl_00832	35735	37171	-	GH32|GH32_e71
CGC1	TC	AAXB02000003.1	Dl_00833	37196	38290	-	3.A.1.1.26
CGC1	TC	AAXB02000003.1	Dl_00834	38294	39145	-	3.A.1.1.20
CGC1	TC	AAXB02000003.1	Dl_00835	39117	40016	-	3.A.1.1.20
CGC1	TC	AAXB02000003.1	Dl_00836	40016	41338	-	3.A.1.1.20
CGC2	CAZyme	AAXB02000003.1	Dl_00923	126248	128158	-	GH13_e200|CBM48_e2|GH13_9|CBM48
CGC2	null	AAXB02000003.1	Dl_00924	128269	131478	-	null
CGC2	TC	AAXB02000003.1	Dl_00925	132805	133371	+	3.A.1.25.2
CGC2	null	AAXB02000003.1	Dl_00926	133503	134306	-	null
CGC2	null	AAXB02000003.1	Dl_00927	134312	135052	-	null
CGC2	TC	AAXB02000003.1	Dl_00928	135073	136461	-	3.A.1.1.3
CGC2	TC	AAXB02000003.1	Dl_00929	136703	137620	-	3.A.1.1.50
CGC2	TC	AAXB02000003.1	Dl_00930	137620	138483	-	3.A.1.1.20
CGC2	TC	AAXB02000003.1	Dl_00931	138486	139628	-	3.A.1.1.22
CGC3	CAZyme	AAXB02000003.1	Dl_00948	158270	159337	+	GT28_e30|GT28
CGC3	STP	AAXB02000003.1	Dl_00949	159447	160010	-	Sigma70_r2+Sigma70_r4_2
CGC3	null	AAXB02000003.1	Dl_00950	160034	160438	-	null
CGC3	TC	AAXB02000003.1	Dl_00951	160528	161304	+	9.B.34.1.7
CGC3	TC	AAXB02000003.1	Dl_00952	161245	161859	-	9.B.104.1.3
CGC1	TC	AAXB02000004.1	Dl_01011	44138	44989	-	2.A.119.2.1
CGC1	null	AAXB02000004.1	Dl_01012	45174	47753	+	null
CGC1	TC	AAXB02000004.1	Dl_01013	47839	48456	-	2.A.115.2.14
CGC1	TF	AAXB02000004.1	Dl_01014	48560	49084	-	HTH_11
CGC1	null	AAXB02000004.1	Dl_01015	49167	50018	-	null
CGC1	TC	AAXB02000004.1	Dl_01016	50125	51318	-	3.D.10.1.4
CGC1	null	AAXB02000004.1	Dl_01017	51415	51672	-	null
CGC1	null	AAXB02000004.1	Dl_01018	51673	51870	-	null
CGC1	CAZyme	AAXB02000004.1	Dl_01019	51957	53417	-	GH1_e115|GH1
CGC1	TC	AAXB02000004.1	Dl_01020	53429	55324	-	4.A.1.2.15
CGC1	null	AAXB02000004.1	Dl_01021	55462	56307	-	null
CGC1	null	AAXB02000004.1	Dl_01022	56720	59032	-	null
CGC1	TC	AAXB02000004.1	Dl_01023	59047	59745	-	3.A.1.137.2
CGC1	TC	AAXB02000004.1	Dl_01024	59981	61261	-	9.B.238.3.3
CGC1	CAZyme	AAXB02000005.1	Dl_01232	90773	92464	-	GH23|GH23_e928
CGC1	null	AAXB02000005.1	Dl_01233	92494	92844	-	null
CGC1	TC	AAXB02000005.1	Dl_01234	92844	95174	-	3.A.7.7.1
CGC1	TC	AAXB02000007.1	Dl_01472	45443	46783	+	2.A.66.1.33
CGC1	TF	AAXB02000007.1	Dl_01473	47186	47965	+	HTH_6
CGC1	TC	AAXB02000007.1	Dl_01474	48067	48540	+	4.A.3.2.2
CGC1	TC	AAXB02000007.1	Dl_01475	48597	49910	+	4.A.3.2.2
CGC1	TC	AAXB02000007.1	Dl_01476	49948	50265	+	4.A.3.2.10
CGC1	CAZyme	AAXB02000007.1	Dl_01477	50363	51793	+	GH1_e0|GH1
CGC2	TC	AAXB02000007.1	Dl_01482	54787	56139	+	9.B.259.2.2
CGC2	TC	AAXB02000007.1	Dl_01483	56694	58565	+	9.B.18.2.1
CGC2	CAZyme	AAXB02000007.1	Dl_01484	58595	60307	+	GT4|GT4_e2763
CGC2	null	AAXB02000007.1	Dl_01485	60405	63299	-	null
CGC2	null	AAXB02000007.1	Dl_01486	63722	64816	+	null
CGC2	CAZyme	AAXB02000007.1	Dl_01487	64827	65933	+	GT4|GT4_e150
CGC2	CAZyme	AAXB02000007.1	Dl_01488	65921	66808	+	GT2
CGC2	CAZyme	AAXB02000007.1	Dl_01489	66901	68013	+	GT4|GT4_e1204
CGC2	CAZyme	AAXB02000007.1	Dl_01490	68027	69016	+	GT2
CGC2	CAZyme	AAXB02000007.1	Dl_01491	69354	70325	+	GT2
CGC2	CAZyme	AAXB02000007.1	Dl_01492	70356	71297	+	GT2
CGC2	null	AAXB02000007.1	Dl_01493	71310	71939	+	null
CGC2	CAZyme	AAXB02000007.1	Dl_01494	71936	73765	+	GT32|GT32_e27
CGC2	CAZyme	AAXB02000007.1	Dl_01495	73780	74862	+	GT2
CGC1	TC	AAXB02000008.1	Dl_01546	14941	16062	-	4.D.2.1.5
CGC1	CAZyme	AAXB02000008.1	Dl_01547	16004	16726	-	CE4|CE4_e156
CGC1	CAZyme	AAXB02000008.1	Dl_01548	16726	17817	-	GT28_e144|GT28
CGC2	CAZyme	AAXB02000008.1	Dl_01567	34274	35170	+	CE4|CE4_e362
CGC2	null	AAXB02000008.1	Dl_01568	35277	36977	-	null
CGC2	null	AAXB02000008.1	Dl_01569	37008	38420	-	null
CGC2	CAZyme	AAXB02000008.1	Dl_01570	38522	39439	-	GT2
CGC2	null	AAXB02000008.1	Dl_01571	39432	40541	-	null
CGC2	TC	AAXB02000008.1	Dl_01572	40557	41960	-	9.B.18.1.1
CGC2	CAZyme	AAXB02000008.1	Dl_01573	41996	42949	-	GT2
CGC2	CAZyme	AAXB02000008.1	Dl_01574	42960	44777	-	GT2
CGC3	CAZyme	AAXB02000008.1	Dl_01582	51880	53112	-	GT2
CGC3	null	AAXB02000008.1	Dl_01583	53172	54101	-	null
CGC3	CAZyme	AAXB02000008.1	Dl_01584	54091	55320	-	GT4_e3317|GT4
CGC3	CAZyme	AAXB02000008.1	Dl_01585	55323	56300	-	GT2
CGC3	null	AAXB02000008.1	Dl_01586	56319	56954	-	null
CGC3	TC	AAXB02000008.1	Dl_01587	56972	57730	-	3.A.1.103.1
CGC3	TC	AAXB02000008.1	Dl_01588	57749	58525	-	3.A.1.103.6
CGC3	null	AAXB02000008.1	Dl_01589	58607	60592	-	null
CGC3	null	AAXB02000008.1	Dl_01590	60595	60963	-	null
CGC3	CAZyme	AAXB02000008.1	Dl_01591	60966	61658	-	GT2
CGC4	CAZyme	AAXB02000008.1	Dl_01598	67815	68864	-	GT2
CGC4	null	AAXB02000008.1	Dl_01599	68875	69765	-	null
CGC4	CAZyme	AAXB02000008.1	Dl_01600	69769	70827	-	GT2
CGC4	null	AAXB02000008.1	Dl_01601	70827	71915	-	null
CGC4	TC	AAXB02000008.1	Dl_01602	71942	73408	-	2.A.66.2.16
CGC4	null	AAXB02000008.1	Dl_01603	73449	74168	-	null
CGC4	null	AAXB02000008.1	Dl_01604	74248	74709	+	null
CGC4	CAZyme	AAXB02000008.1	Dl_01605	74611	75777	-	GH78|GH78_e8
CGC4	null	AAXB02000008.1	Dl_01606	75838	76221	-	null
CGC4	CAZyme	AAXB02000008.1	Dl_01607	76405	77538	-	CBM67_e22|CBM67|GH78_e8
CGC4	null	AAXB02000008.1	Dl_01608	77508	77987	-	null
CGC4	TF	AAXB02000008.1	Dl_01609	78278	79759	+	HTH_3
CGC4	TC	AAXB02000008.1	Dl_01610	79821	82250	-	9.B.10.1.1
CGC4	CAZyme	AAXB02000008.1	Dl_01611	82279	84816	-	GH73_e250|GH73
CGC4	CAZyme	AAXB02000008.1	Dl_01612	84964	88308	-	GH2_e122|GH2
CGC4	CAZyme	AAXB02000008.1	Dl_01613	88430	90727	-	GH25_e110|GH25
CGC4	null	AAXB02000008.1	Dl_01614	90824	91237	-	null
CGC4	TC	AAXB02000008.1	Dl_01615	91331	91597	-	8.A.8.1.5
CGC1	TC	AAXB02000009.1	Dl_01673	36783	38180	-	2.A.2.3.6
CGC1	CAZyme	AAXB02000009.1	Dl_01674	38350	41388	-	GH2_e104|GH2
CGC1	TC	AAXB02000010.1	Dl_01730	7929	9125	-	1.P.1.1.1
CGC1	TC	AAXB02000010.1	Dl_01731	9149	11029	-	1.A.33.1.4
CGC1	null	AAXB02000010.1	Dl_01732	11085	11729	-	null
CGC1	TF	AAXB02000010.1	Dl_01733	11733	12788	-	HTH_11
CGC1	CAZyme	AAXB02000010.1	Dl_01734	13020	15569	-	GH3_e165|GH3
CGC1	STP	AAXB02000010.1	Dl_01735	15874	16716	+	Fer4+Fer4
CGC1	STP	AAXB02000010.1	Dl_01736	16910	18229	-	AAA
CGC1	CAZyme	AAXB02000010.1	Dl_01737	18300	19031	-	CE4|CE4_e179
CGC1	CAZyme	AAXB02000011.1	Dl_01812	2480	3538	-	CBM50_e748|CBM50
CGC1	TF	AAXB02000011.1	Dl_01813	3807	4550	-	HTH_DeoR
CGC1	STP	AAXB02000011.1	Dl_01814	4559	4816	-	PTS-HPr
CGC1	TC	AAXB02000011.1	Dl_01815	4921	6849	-	4.A.2.1.7
CGC2	CAZyme	AAXB02000011.1	Dl_01827	17072	19141	-	GH13_e98|GH13_39|CBM34|GH13|CBM34_e11
CGC2	TC	AAXB02000011.1	Dl_01828	19193	21037	-	3.A.29.1.5
CGC1	TC	AAXB02000012.1	Dl_01944	36563	37264	+	8.A.3.2.3
CGC1	null	AAXB02000012.1	Dl_01945	37276	37932	+	null
CGC1	null	AAXB02000012.1	Dl_01946	37953	39377	+	null
CGC1	TC	AAXB02000012.1	Dl_01947	39407	40813	+	9.B.18.1.2
CGC1	CAZyme	AAXB02000012.1	Dl_01948	40847	41971	+	GT4|GT4_e224
CGC1	null	AAXB02000012.1	Dl_01949	41972	43288	+	null
CGC1	null	AAXB02000012.1	Dl_01950	43310	43888	+	null
CGC1	CAZyme	AAXB02000012.1	Dl_01951	43872	44867	+	GT2
CGC1	CAZyme	AAXB02000012.1	Dl_01952	44918	45922	+	GT2
CGC1	CAZyme	AAXB02000012.1	Dl_01953	45934	46959	+	GT2
CGC1	TC	AAXB02000013.1	Dl_02060	54243	55028	+	3.A.1.3.15
CGC1	TC	AAXB02000013.1	Dl_02061	55051	55740	+	3.A.1.3.12
CGC1	TC	AAXB02000013.1	Dl_02062	55730	56476	+	3.A.1.3.25
CGC1	TF	AAXB02000013.1	Dl_02063	56594	57613	-	LacI
CGC1	null	AAXB02000013.1	Dl_02064	57939	58160	+	null
CGC1	CAZyme	AAXB02000013.1	Dl_02065	58246	59784	+	GH77|GH77_e1
CGC1	CAZyme	AAXB02000014.1	Dl_02093	10443	11873	-	GH32|GH32_e76
CGC1	TC	AAXB02000014.1	Dl_02094	11919	13862	-	4.A.1.2.16
CGC1	STP	AAXB02000014.1	Dl_02095	14066	14800	-	Peripla_BP_1
CGC1	TC	AAXB02000014.1	Dl_02096	14806	16284	-	3.A.1.135.5
CGC1	TC	AAXB02000014.1	Dl_02097	16284	18155	-	3.A.1.135.10
CGC2	TC	AAXB02000014.1	Dl_02141	59090	59929	-	3.A.1.1.45
CGC2	TC	AAXB02000014.1	Dl_02142	59929	60771	-	3.A.1.1.45
CGC2	TC	AAXB02000014.1	Dl_02143	60906	62204	-	3.A.1.1.45
CGC2	STP	AAXB02000014.1	Dl_02144	62323	63651	-	SBP_bac_1
CGC2	TC	AAXB02000014.1	Dl_02145	63593	65371	-	9.B.33.1.7
CGC2	TF	AAXB02000014.1	Dl_02146	65368	66960	-	HTH_AraC+HTH_AraC
CGC2	CAZyme	AAXB02000014.1	Dl_02147	67224	68711	-	GH77|GH77_e1
CGC2	TC	AAXB02000014.1	Dl_02148	68814	71351	-	3.A.3.5.15
CGC1	CAZyme	AAXB02000017.1	Dl_02299	1349	3295	+	GH2_e13|GH2
CGC1	null	AAXB02000017.1	Dl_02300	3279	4244	+	null
CGC1	TC	AAXB02000017.1	Dl_02301	4454	5206	+	2.A.102.3.4
CGC1	null	AAXB02000017.1	Dl_02302	5528	6172	+	null
CGC1	null	AAXB02000017.1	Dl_02303	6248	7099	+	null
CGC1	TC	AAXB02000017.1	Dl_02304	7251	8297	-	2.A.98.1.4
CGC2	TC	AAXB02000017.1	Dl_02352	54988	56346	+	2.A.66.1.28
CGC2	CAZyme	AAXB02000017.1	Dl_02353	56504	57811	+	GH13|GH13_e141|GH13_20
CGC1	TC	AAXB02000019.1	Dl_02446	15257	16201	+	1.E.12.1.3
CGC1	null	AAXB02000019.1	Dl_02447	16198	16902	+	null
CGC1	null	AAXB02000019.1	Dl_02448	16977	17495	+	null
CGC1	TC	AAXB02000019.1	Dl_02451	18018	19040	-	3.A.23.6.1
CGC1	TC	AAXB02000019.1	Dl_02452	19265	20587	-	2.A.2.3.6
CGC1	TC	AAXB02000019.1	Dl_02453	20601	21968	-	2.A.2.3.3
CGC1	CAZyme	AAXB02000019.1	Dl_02454	21996	23255	-	GH27|GH27_e28
CGC2	TC	AAXB02000019.1	Dl_02470	37823	40120	+	3.A.7.7.1
CGC2	CAZyme	AAXB02000019.1	Dl_02471	40186	41667	-	GH32|GH32_e38
CGC2	CAZyme	AAXB02000019.1	Dl_02472	41686	43029	-	GH172|GH172_e4
CGC2	TC	AAXB02000019.1	Dl_02473	43061	43891	-	3.A.1.1.18
CGC2	TC	AAXB02000019.1	Dl_02474	43894	44811	-	3.A.1.1.52
CGC2	TC	AAXB02000019.1	Dl_02475	44850	46172	-	3.A.1.1.48
CGC1	CAZyme	AAXB02000021.1	Dl_02566	40489	41931	-	GH32|GH32_e67
CGC1	TC	AAXB02000021.1	Dl_02567	41953	43872	-	4.A.1.2.16
CGC1	TC	AAXB02000025.1	Dl_02681	21485	22660	-	9.B.174.1.1
CGC1	STP	AAXB02000025.1	Dl_02682	22694	23860	-	Peptidase_M23
CGC1	TC	AAXB02000025.1	Dl_02683	23888	24796	-	3.A.1.140.2
CGC1	TC	AAXB02000025.1	Dl_02684	24786	25472	-	3.A.1.140.2
CGC1	TF	AAXB02000025.1	Dl_02685	25489	26577	-	HTH_8
CGC1	CAZyme	AAXB02000025.1	Dl_02686	26791	27465	-	GT0|GT26
