Gene ID	CAZy ID	% Identical	Length	Mismatches	Gap Open	Gene Start	Gene End	CAZy Start	CAZy End	E Value	Bit Score
Dl_00017	CCO12868.2|GH1	60.2	1198	432	8	15	1179	7	1192	0.0e+00	1439.5
Dl_00030	CAD7226128.1|GH38	35.1	715	402	14	12	689	1345	2034	3.0e-108	396.7
Dl_00038	UOX53266.1|GH43_26	99.6	488	2	0	1	488	1	488	7.3e-303	1042.7
Dl_00040	UOX53268.1|GH127	99.7	649	2	0	1	649	1	649	0.0e+00	1345.1
Dl_00044	UOX53272.1|GH51	100.0	504	0	0	1	504	1	504	1.4e-301	1038.5
Dl_00122	CAG7911095.1|GH5_11	43.8	904	464	15	13	883	587	1479	9.1e-219	764.2
Dl_00194	CBK79810.1|GH23	89.7	663	63	1	1	663	1	658	2.9e-286	988.0
Dl_00307	UOX53617.1|GT35	99.7	752	2	0	1	752	1	752	0.0e+00	1503.8
Dl_00339	CCO12112.2|GH13_31	60.4	427	162	3	7	428	4	428	5.5e-137	491.5
Dl_00389	QWY73209.1|GH3	100.0	847	0	0	1	847	1	847	0.0e+00	1700.6
Dl_00420	UOX54309.1|GT5	99.8	478	1	0	1	478	1	478	6.5e-288	993.0
Dl_00591	AGL63871.2|GT2	45.6	496	248	7	335	829	514	988	1.0e-110	405.2
Dl_00668	UOX54527.1|CE4	99.4	477	3	0	9	485	1	477	5.3e-237	823.9
Dl_00689	UOX54545.1|CBM48|GH13_11	99.1	585	5	0	1	585	1	585	0.0e+00	1215.7
Dl_00715	QEI32542.1|GH0	77.0	287	66	0	9	295	18	304	1.0e-129	466.8
Dl_00832	UOX53089.1|GH32	99.8	478	1	0	1	478	1	478	6.0e-294	1013.1
Dl_00844	QWU85921.1|GH130	53.3	460	207	1	5	456	1375	1834	1.8e-138	496.5
Dl_00871	UOX53056.1|GH2	99.7	584	2	0	3	586	1	584	0.0e+00	1233.0
Dl_00882	CAD7245033.1|GT58	66.2	470	144	3	4	460	1055	1522	1.8e-170	602.8
Dl_00907	UOX53022.1|CE4	94.0	317	19	0	1	317	1	317	1.5e-139	499.6
Dl_00912	QWU85921.1|GH130	49.2	465	229	1	3	460	1373	1837	5.2e-133	478.4
Dl_00923	UOX53007.1|CBM48|GH13_9	99.8	636	1	0	1	636	1	636	0.0e+00	1360.5
Dl_00948	UOX52986.1|GT28	100.0	355	0	0	1	355	1	355	2.4e-202	708.4
Dl_00968	UOX52966.1|GH18	100.0	638	0	0	1	638	1	638	0.0e+00	1127.9
Dl_01019	QWY73207.1|GH1	100.0	486	0	0	1	486	1	486	2.0e-305	1051.2
Dl_01044	CAG7883609.1|GT1	52.3	862	406	3	9	868	181	1039	7.2e-253	877.5
Dl_01066	AMJ18631.1|GT2	47.3	1190	579	18	5	1172	1	1164	2.5e-296	1022.3
Dl_01184	AWZ17133.1|GH13_30	40.2	1198	639	22	3	1147	406	1579	5.1e-238	828.6
Dl_01191	UOX52670.1|CBM50	100.0	518	0	0	1	518	1	518	1.3e-302	1042.0
Dl_01231	UNT97471.1|GH0	49.5	683	334	4	1	673	1	682	1.6e-176	623.6
Dl_01232	UOX55146.1|GH23	98.4	563	9	0	1	563	1	563	1.3e-292	1008.8
Dl_01292	AMJ20543.1|GH13_11	53.6	401	179	3	20	413	9	409	1.1e-113	414.1
Dl_01369	AGL64700.2|GH23	54.6	357	160	2	2	357	5	360	1.8e-104	383.3
Dl_01378	CAE6204650.1|GH28	51.7	602	283	4	6	601	744	1343	6.7e-173	611.3
Dl_01413	QWY73208.1|GH13_31	100.0	557	0	0	1	557	1	557	0.0e+00	1174.8
Dl_01477	QWY73206.1|GH1	100.0	476	0	0	1	476	1	476	5.4e-295	1016.5
Dl_01484	ANU78758.2|GT4	61.0	364	136	3	211	568	13	376	1.9e-124	450.3
Dl_01487	QUO36422.1|GT4	60.1	348	139	0	11	358	1	348	1.9e-117	426.4
Dl_01488	QUO36421.1|GT2	74.7	288	72	1	4	291	9	295	1.8e-126	456.1
Dl_01489	QCT07964.1|GT4	55.6	369	162	2	3	370	5	372	3.8e-110	402.1
Dl_01521	UOX52954.1|GT35	99.8	825	2	0	1	825	1	825	0.0e+00	1661.0
Dl_01537	QYO62262.1|GH13	61.4	345	131	2	1	344	1	344	3.1e-113	412.9
Dl_01547	UOX54775.1|CE4	99.6	240	1	0	1	240	1	240	1.5e-136	489.2
Dl_01548	UOX54776.1|GT28	99.7	363	1	0	1	363	1	363	3.5e-209	731.1
Dl_01567	UOX54793.1|CE4	95.0	298	15	0	1	298	1	298	4.3e-165	584.3
Dl_01570	UOX54796.1|GT2	99.3	305	2	0	1	305	1	305	9.8e-173	609.8
Dl_01573	UOX54799.1|GT2	99.7	317	1	0	1	317	1	317	3.2e-182	641.3
Dl_01574	UOX54800.1|GT2	99.8	605	1	0	1	605	1	605	0.0e+00	1225.7
Dl_01584	QYX25932.1|GT4	61.5	405	152	1	5	409	6	406	6.0e-149	531.2
Dl_01585	QYX25934.1|GT2	60.6	325	126	1	1	325	1	323	1.6e-117	426.4
Dl_01609	CAI32746.2|GT4	55.8	412	164	2	82	493	1	394	2.0e-130	469.9
Dl_01611	UOX54830.1|GH73	80.7	752	136	1	1	743	1	752	1.8e-269	932.6
Dl_01612	AXR42332.1|GH2	55.5	699	307	2	111	807	81	777	1.1e-232	810.8
Dl_01613	UOX54831.1|GH25	98.0	763	15	0	1	763	1	763	4.1e-292	1007.7
Dl_01638	UOX54859.1|GH23	93.0	573	40	0	1	573	1	573	1.3e-250	869.4
Dl_01674	UOX54891.1|GH2	98.6	1012	14	0	1	1012	1	1012	0.0e+00	2077.8
Dl_01703	UOX54918.1|GT51	99.6	805	3	0	1	805	1	805	0.0e+00	1584.7
Dl_01716	CUS04921.2|GT4	43.3	848	432	10	5	807	16	859	3.5e-209	732.3
Dl_01729	AMJ20543.1|GH13_11	56.5	402	167	3	16	410	9	409	5.7e-123	444.9
Dl_01734	UOX54690.1|GH3	99.8	849	2	0	1	849	1	849	0.0e+00	1695.6
Dl_01737	UOX54693.1|CE4	99.2	243	2	0	1	243	21	263	9.4e-134	479.9
Dl_01761	QWI77036.1|CBM48|GH13_9	57.4	317	134	1	8	324	637	952	2.5e-109	399.4
Dl_01763	APO26857.1|GT4	97.0	396	12	0	1	396	1	396	4.6e-215	750.7
Dl_01771	ALR08738.2|GT83	46.3	585	305	6	10	589	2	582	7.4e-148	528.1
Dl_01812	UOX52746.1|CBM50	99.1	352	3	0	1	352	1	352	2.4e-191	671.8
Dl_01827	UOX52760.1|GH13	100.0	689	0	0	1	689	1	689	0.0e+00	1471.1
Dl_01843	QAV27616.1|CBM48|GH13_9	61.0	305	117	1	13	315	640	944	5.5e-105	385.2
Dl_01865	CCO12633.2|GH84	48.7	676	301	11	7	645	4	670	3.4e-175	619.0
Dl_01866	ARA85284.1|CE12	58.6	326	133	2	2	326	45	369	8.0e-104	380.9
Dl_01889	QBQ55251.1|CBM50	40.0	842	474	8	12	836	51	878	1.3e-150	537.7
Dl_01936	QMS97146.1|GT4	66.4	360	120	1	1	360	2	360	2.2e-134	482.6
Dl_01948	QCU04015.1|GT4	64.7	368	128	1	5	370	1	368	1.5e-138	496.5
Dl_02065	UOX55321.1|GH77	99.4	512	3	0	1	512	1	512	0.0e+00	1083.9
Dl_02093	CCG34775.1|GH32|3.2.1.26	99.6	476	2	0	1	476	1	476	2.0e-289	998.0
Dl_02147	UOX55272.1|GH77	99.6	495	2	0	1	495	1	495	1.6e-302	1041.6
Dl_02148	QBQ55156.1|CBM50	38.3	608	348	7	150	751	118	704	5.2e-107	392.9
Dl_02194	CCO12112.2|GH13_31	58.1	425	170	4	7	428	4	423	1.9e-132	476.5
Dl_02222	AHC21644.2|GH1	54.8	531	231	6	1	530	1	523	1.9e-163	579.7
Dl_02237	AGL64345.2|GT2	55.8	577	248	4	274	846	283	856	6.1e-172	608.6
Dl_02299	UOX53744.1|GH2	99.4	648	4	0	1	648	1	648	0.0e+00	1320.4
Dl_02300	CAI56017.1|GH2	62.2	312	114	1	8	319	7	314	2.2e-114	416.0
Dl_02323	AGL63717.2|GT4	44.6	710	311	9	160	864	107	739	4.8e-156	555.8
Dl_02348	UOX53788.1|CE9	96.6	383	13	0	1	383	1	383	4.6e-212	740.7
Dl_02353	UOX53793.1|GH13	99.3	435	3	0	1	435	1	435	1.4e-268	928.7
Dl_02454	UOX52730.1|GH27	99.8	419	1	0	1	419	1	419	9.8e-256	885.9
Dl_02471	UOX52735.1|GH32	98.2	493	9	0	1	493	1	493	2.4e-301	1037.7
Dl_02472	UOX52736.1|GH172	99.6	447	2	0	1	447	1	447	4.2e-273	943.7
Dl_02566	UOX55524.1|GH32	100.0	480	0	0	1	480	1	480	2.0e-284	981.5
Dl_02567	ACV39365.1|GH32	57.5	473	194	2	6	471	4	476	4.9e-150	535.4
Dl_02619	CAN65674.1|GH28	48.6	539	252	7	72	604	111	630	2.2e-145	520.0
Dl_02629	CAE6110940.1|CE8	44.1	537	274	12	27	553	266	786	6.7e-119	431.8
Dl_02656	UOX54106.1|CBM48|GH13_9	98.5	594	9	0	1	594	1	594	0.0e+00	1258.8
Dl_02665	AGL63717.2|GT4	49.9	647	307	9	163	809	107	736	1.6e-169	600.5
Dl_02686	UOX53936.1|GT0	100.0	224	0	0	1	224	1	224	1.2e-119	433.0
Dl_02728	UBS46839.1|GH127	55.2	449	199	2	24	471	656	1103	2.8e-134	482.6
