CGC1	CAZyme	CP000139.1	Bv_00007	9842	10867	-	GT2
CGC1	null	CP000139.1	Bv_00008	10903	12219	-	null
CGC1	TC	CP000139.1	Bv_00009	12325	13998	+	4.C.1.1.4
CGC2	TC	CP000139.1	Bv_00030	30502	33177	+	1.B.14.6.12
CGC2	null	CP000139.1	Bv_00031	33184	34215	+	null
CGC2	CAZyme	CP000139.1	Bv_00032	34247	36184	-	CE20_e6|CE20
CGC2	CAZyme	CP000139.1	Bv_00033	36212	38257	-	GH67|GH67_e0
CGC2	CAZyme	CP000139.1	Bv_00034	38254	40848	-	GH115|GH115_e0
CGC2	CAZyme	CP000139.1	Bv_00035	40861	42444	-	GH43_10|CBM91_e4|CBM91|GH43_e82
CGC2	CAZyme	CP000139.1	Bv_00036	42453	44960	-	CBM48_e9|CE1_e22|CBM6|CBM6_e0|CBM48|GH43_e59|CE1|GH43_29
CGC3	TC	CP000139.1	Bv_00040	52180	54114	-	8.A.46.1.6
CGC3	TC	CP000139.1	Bv_00041	54129	57200	-	1.B.14.6.1
CGC3	CAZyme	CP000139.1	Bv_00042	57242	59140	-	CBM91|CBM91_e46|GH43_12|GH43_e124
CGC3	CAZyme	CP000139.1	Bv_00043	59328	60299	-	GH43_1|GH43_e53
CGC3	CAZyme	CP000139.1	Bv_00044	60312	61433	-	GH10_e83|GH10
CGC3	null	CP000139.1	Bv_00045	61646	62611	+	null
CGC3	TC	CP000139.1	Bv_00046	62782	64320	-	2.A.2.3.4
CGC3	CAZyme	CP000139.1	Bv_00047	64603	65394	-	GH16_3|GH16_e321
CGC4	TC	CP000139.1	Bv_00058	76252	78054	-	2.A.49.6.2
CGC4	null	CP000139.1	Bv_00059	78063	78638	-	null
CGC4	CAZyme	CP000139.1	Bv_00060	78805	79968	-	CE9_e7|CE9
CGC4	TC	CP000139.1	Bv_00061	80059	83235	-	2.A.6.2.47
CGC4	null	CP000139.1	Bv_00062	83232	84719	-	null
CGC4	TC	CP000139.1	Bv_00063	84706	87786	-	2.A.6.3.6
CGC5	TC	CP000139.1	Bv_00067	92076	92978	-	9.B.391.1.3
CGC5	CAZyme	CP000139.1	Bv_00068	92987	94891	-	CBM62|CBM62_e0
CGC6	CAZyme	CP000139.1	Bv_00089	122740	125046	+	GH20_e12|GH20
CGC6	null	CP000139.1	Bv_00090	125156	125647	-	null
CGC6	null	CP000139.1	Bv_00091	125666	125887	-	null
CGC6	TC	CP000139.1	Bv_00092	125874	127304	-	2.A.114.1.4
CGC7	CAZyme	CP000139.1	Bv_00106	141885	143924	+	GH29|GH29_e10
CGC7	null	CP000139.1	Bv_00107	143945	144055	+	null
CGC7	null	CP000139.1	Bv_00108	144102	144875	-	null
CGC7	CAZyme	CP000139.1	Bv_00109	145131	146909	-	GH110|GH110_e12
CGC7	CAZyme	CP000139.1	Bv_00110	147270	148820	-	GH109|GH109_e5
CGC7	null	CP000139.1	Bv_00111	148860	149051	+	null
CGC7	null	CP000139.1	Bv_00112	149048	150859	-	null
CGC7	TC	CP000139.1	Bv_00113	150877	154278	-	1.B.14.6.17
CGC8	TC	CP000139.1	Bv_00119	161024	162910	-	2.C.1.4.3
CGC8	TF	CP000139.1	Bv_00120	162944	163327	-	Pencillinase_R
CGC8	CAZyme	CP000139.1	Bv_00121	163517	164740	-	GH88|GH88_e24
CGC8	CAZyme	CP000139.1	Bv_00122	164758	166407	-	GH43_10|CBM91|CBM91_e10|GH43_e0
CGC8	CAZyme	CP000139.1	Bv_00123	166561	168498	-	GH97|GH97_e24
CGC8	CAZyme	CP000139.1	Bv_00124	168640	171276	-	PL40|PL40_e0
CGC8	null	CP000139.1	Bv_00125	171283	172368	-	null
CGC8	CAZyme	CP000139.1	Bv_00126	172446	174368	-	GH146|GH146_e0
CGC8	CAZyme	CP000139.1	Bv_00127	174495	175880	-	GH28_e57|GH28
CGC9	CAZyme	CP000139.1	Bv_00131	178876	180312	-	GH28_e12|GH28
CGC9	TC	CP000139.1	Bv_00132	180512	182539	-	8.A.46.3.4
CGC9	TC	CP000139.1	Bv_00133	182562	185888	-	1.B.14.6.1
CGC9	TF	CP000139.1	Bv_00134	185932	186447	-	HTH_5
CGC9	TF	CP000139.1	Bv_00135	186648	189461	-	HTH_AraC
CGC9	CAZyme	CP000139.1	Bv_00136	189620	192346	-	PL40|PL40_e1
CGC9	null	CP000139.1	Bv_00137	192448	194061	-	null
CGC9	CAZyme	CP000139.1	Bv_00138	194185	196551	+	GH3_e98|GH3
CGC9	CAZyme	CP000139.1	Bv_00139	196705	200130	-	GH92_e24|GH92
CGC9	CAZyme	CP000139.1	Bv_00140	200127	202061	-	GH97|GH97_e24
CGC9	TC	CP000139.1	Bv_00141	202213	204039	-	8.A.46.1.1
CGC9	TC	CP000139.1	Bv_00142	204050	207127	-	1.B.14.6.1
CGC9	STP	CP000139.1	Bv_00143	207253	207798	-	Sigma70_r2+Sigma70_r4_2
CGC9	CAZyme	CP000139.1	Bv_00144	207823	209049	-	GH88|GH88_e24
CGC9	TF	CP000139.1	Bv_00145	209285	212089	-	HTH_AraC
CGC9	null	CP000139.1	Bv_00148	212676	213062	+	null
CGC9	TC	CP000139.1	Bv_00149	213194	215044	+	3.A.1.152.8
CGC10	TC	CP000139.1	Bv_00175	258977	262270	-	1.B.14.6.17
CGC10	null	CP000139.1	Bv_00176	262638	263819	-	null
CGC10	TC	CP000139.1	Bv_00177	264108	265703	+	1.B.14.6.17
CGC10	null	CP000139.1	Bv_00178	265722	266627	-	null
CGC10	TC	CP000139.1	Bv_00179	266685	268298	+	1.B.14.6.1
CGC10	null	CP000139.1	Bv_00180	268330	270468	+	null
CGC10	null	CP000139.1	Bv_00181	270558	270875	+	null
CGC10	CAZyme	CP000139.1	Bv_00182	271119	272900	+	GH78|GH78_e14
CGC10	CAZyme	CP000139.1	Bv_00183	272943	274226	+	CE15_e0|CE15
CGC10	CAZyme	CP000139.1	Bv_00184	274242	276095	+	PL11_e1|PL11
CGC10	CAZyme	CP000139.1	Bv_00185	276209	279496	+	GH28_e7|GH106_e10|GH28|GH106
CGC10	CAZyme	CP000139.1	Bv_00186	279637	280770	+	GH105_e17|GH105
CGC10	CAZyme	CP000139.1	Bv_00187	280889	283003	-	GH42_e27|GH42
CGC10	CAZyme	CP000139.1	Bv_00188	282982	285336	-	GH43_e84|CBM32|GH43_34|GH43_e191|GH43_18|CBM32_e123
CGC10	CAZyme	CP000139.1	Bv_00189	285548	288415	+	GH2_e125|GH2
CGC10	CAZyme	CP000139.1	Bv_00190	288434	289708	+	CE12|CE12_e37
CGC10	CAZyme	CP000139.1	Bv_00191	289726	291210	+	GH28_e139|GH28
CGC10	null	CP000139.1	Bv_00192	291188	291886	+	null
CGC10	null	CP000139.1	Bv_00193	291883	292686	+	null
CGC10	CAZyme	CP000139.1	Bv_00194	292702	294126	+	GH28_e34|GH28
CGC10	CAZyme	CP000139.1	Bv_00195	294143	296905	+	GH106_e0|GH106
CGC11	CAZyme	CP000139.1	Bv_00221	325420	327873	-	GH31|GH31_e94
CGC11	CAZyme	CP000139.1	Bv_00222	328048	329931	-	GH97|GH97_e16
CGC11	null	CP000139.1	Bv_00223	330003	330386	-	null
CGC11	null	CP000139.1	Bv_00224	330409	332097	-	null
CGC11	TC	CP000139.1	Bv_00225	332123	335194	-	1.B.14.6.17
CGC11	CAZyme	CP000139.1	Bv_00226	335285	336931	-	GH29_e82|GH29
CGC12	TC	CP000139.1	Bv_00315	435317	438409	+	1.B.14.6.17
CGC12	TC	CP000139.1	Bv_00316	438422	440239	+	8.A.46.1.6
CGC12	CAZyme	CP000139.1	Bv_00317	440426	443653	-	GH2_e30|GH2
CGC12	CAZyme	CP000139.1	Bv_00318	443712	445781	-	GH63|GH63_e21
CGC12	TC	CP000139.1	Bv_00319	445813	447348	-	1.B.38.1.10
CGC12	TC	CP000139.1	Bv_00320	447369	450872	-	1.B.14.6.17
CGC12	STP	CP000139.1	Bv_00321	450930	451916	-	FecR
CGC12	TF	CP000139.1	Bv_00322	452045	452626	-	HTH_10
CGC12	TC	CP000139.1	Bv_00323	452666	454300	-	3.A.1.211.25
CGC12	TC	CP000139.1	Bv_00324	454416	456086	-	2.A.81.1.2
CGC13	CAZyme	CP000139.1	Bv_00358	496824	498239	+	GH109|GH109_e5
CGC13	null	CP000139.1	Bv_00359	498363	498908	-	null
CGC13	STP	CP000139.1	Bv_00360	499093	499677	-	cNMP_binding
CGC13	TC	CP000139.1	Bv_00361	499713	501095	-	2.A.66.1.37
CGC14	TC	CP000139.1	Bv_00409	561279	564632	+	1.B.14.6.17
CGC14	TC	CP000139.1	Bv_00410	564646	566187	+	1.B.38.1.10
CGC14	CAZyme	CP000139.1	Bv_00411	566286	568733	+	GH2|GH2_e127
CGC14	CAZyme	CP000139.1	Bv_00412	568730	570811	+	GH20_e29|GH20
CGC14	CAZyme	CP000139.1	Bv_00413	570847	573552	+	GH2_e50|GH2
CGC15	TC	CP000139.1	Bv_00494	657081	658325	-	9.B.214.3.2
CGC15	null	CP000139.1	Bv_00495	658372	658914	-	null
CGC15	CAZyme	CP000139.1	Bv_00496	659028	659918	-	CBM50_e27|CBM50
CGC15	null	CP000139.1	Bv_00497	659941	660405	-	null
CGC15	TC	CP000139.1	Bv_00498	660626	662722	-	3.A.11.1.5
CGC15	null	CP000139.1	Bv_00499	662724	663383	-	null
CGC15	TC	CP000139.1	Bv_00500	663380	663931	-	8.A.145.1.5
CGC15	null	CP000139.1	Bv_00501	663935	664828	-	null
CGC15	null	CP000139.1	Bv_00502	664838	665215	-	null
CGC15	TC	CP000139.1	Bv_00503	665264	665980	-	1.A.30.2.9
CGC16	CAZyme	CP000139.1	Bv_00516	678281	680632	-	GH146|GH146_e0
CGC16	CAZyme	CP000139.1	Bv_00517	680686	683145	-	GH31|GH31_e94
CGC16	TC	CP000139.1	Bv_00518	683215	684849	-	8.A.46.1.1
CGC16	TC	CP000139.1	Bv_00519	684871	687819	-	1.B.14.6.1
CGC16	TF	CP000139.1	Bv_00520	688030	690870	-	HTH_AraC+HTH_AraC
CGC16	CAZyme	CP000139.1	Bv_00521	691058	693406	-	CBM32|CBM32_e42|GH35|GH35_e43
CGC16	CAZyme	CP000139.1	Bv_00522	693423	695921	-	GH51_e47|GH51
CGC16	CAZyme	CP000139.1	Bv_00523	695949	697892	-	GH43_19|GH43_34|GH43_e159
CGC16	CAZyme	CP000139.1	Bv_00524	698086	699594	-	GH30_2|GH30_e11
CGC16	null	CP000139.1	Bv_00525	699700	701442	-	null
CGC16	TC	CP000139.1	Bv_00526	701455	704733	-	1.B.14.6.1
CGC17	TC	CP000139.1	Bv_00531	709692	712763	+	1.B.14.6.17
CGC17	TC	CP000139.1	Bv_00532	712776	714329	+	8.A.46.1.3
CGC17	CAZyme	CP000139.1	Bv_00533	714449	715450	-	GH43_e238|GH43_17
CGC17	CAZyme	CP000139.1	Bv_00534	715775	716917	-	GH43_24|GH43_e236
CGC17	CAZyme	CP000139.1	Bv_00535	716942	719398	-	CBM91_e36|CBM91|GH43_9|GH43_19|GH43_e186|GH43_e194
CGC17	TC	CP000139.1	Bv_00536	719683	721374	-	8.A.46.1.3
CGC17	TC	CP000139.1	Bv_00537	721388	724489	-	1.B.14.6.17
CGC17	TF	CP000139.1	Bv_00538	724801	728823	+	HTH_AraC
CGC17	null	CP000139.1	Bv_00539	729032	730072	-	null
CGC17	CAZyme	CP000139.1	Bv_00540	730214	732529	-	GH154_e2|GH105_e39|GH154|GH105
CGC17	CAZyme	CP000139.1	Bv_00541	732621	733859	-	PL42_e0|PL42
CGC18	TC	CP000139.1	Bv_00559	748761	749906	-	1.B.5.1.6
CGC18	TC	CP000139.1	Bv_00560	750145	750921	-	1.B.12.11.1
CGC18	null	CP000139.1	Bv_00561	751250	753646	-	null
CGC18	CAZyme	CP000139.1	Bv_00562	753893	755752	-	GH29|CBM32_e126|CBM32|GH29_e30
CGC18	CAZyme	CP000139.1	Bv_00563	755770	758829	-	GH2_e30|GH2
CGC18	CAZyme	CP000139.1	Bv_00564	758838	761153	-	GH20|GH20_e135
CGC18	null	CP000139.1	Bv_00565	761171	762787	-	null
CGC18	null	CP000139.1	Bv_00566	762962	764797	-	null
CGC18	TC	CP000139.1	Bv_00567	764827	768048	-	1.B.14.6.1
CGC19	CAZyme	CP000139.1	Bv_00583	785809	788001	+	GH92|GH92_e0
CGC19	CAZyme	CP000139.1	Bv_00584	788124	790481	-	GH3_e1|GH3
CGC19	CAZyme	CP000139.1	Bv_00585	790487	791341	-	GH29|GH29_e7
CGC19	CAZyme	CP000139.1	Bv_00586	791366	791878	-	GH29|GH29_e7
CGC19	null	CP000139.1	Bv_00587	792092	792760	-	null
CGC19	TC	CP000139.1	Bv_00588	792859	794799	-	8.A.46.2.2
CGC19	TC	CP000139.1	Bv_00589	794821	798201	-	1.B.14.6.2
CGC19	null	CP000139.1	Bv_00590	798666	800552	-	null
CGC19	TC	CP000139.1	Bv_00591	800580	803990	-	1.B.14.6.2
CGC20	TC	CP000139.1	Bv_00608	828530	830413	-	2.A.21.3.8
CGC20	null	CP000139.1	Bv_00609	830431	831333	-	null
CGC20	CAZyme	CP000139.1	Bv_00610	831491	832669	-	GH130_e6|GH130
CGC20	null	CP000139.1	Bv_00611	832783	834582	-	null
CGC20	TC	CP000139.1	Bv_00612	834784	836550	-	8.A.46.1.6
CGC20	TC	CP000139.1	Bv_00613	836577	839606	-	1.B.14.6.17
CGC20	null	CP000139.1	Bv_00614	839872	839967	+	null
CGC20	CAZyme	CP000139.1	Bv_00615	840437	841951	-	GH30_6|GH30_e10
CGC21	TC	CP000139.1	Bv_00625	851965	852984	+	2.A.7.6.2
CGC21	null	CP000139.1	Bv_00626	853070	853879	+	null
CGC21	null	CP000139.1	Bv_00627	854088	854585	+	null
CGC21	CAZyme	CP000139.1	Bv_00628	854692	856206	-	GH136|GH136_e46
CGC21	TC	CP000139.1	Bv_00629	856375	857994	-	1.B.38.1.10
CGC21	TC	CP000139.1	Bv_00630	858006	861077	-	1.B.14.6.17
CGC21	TF	CP000139.1	Bv_00631	861218	865378	-	HTH_AraC
CGC21	TF	CP000139.1	Bv_00632	865527	866447	+	HTH_AraC+HTH_AraC
CGC21	CAZyme	CP000139.1	Bv_00633	866455	867453	+	GH23|GH23_e63
CGC21	TC	CP000139.1	Bv_00634	867479	868336	-	1.A.1.24.6
CGC21	CAZyme	CP000139.1	Bv_00635	868452	871547	+	GH2_e30|GH2
CGC22	CAZyme	CP000139.1	Bv_00639	876223	877464	-	GH109|GH109_e5
CGC22	CAZyme	CP000139.1	Bv_00640	877923	878924	-	GH130_e13|GH130
CGC22	TC	CP000139.1	Bv_00641	878957	880255	-	2.A.1.25.6
CGC22	CAZyme	CP000139.1	Bv_00642	880303	882582	-	GH163|GH163_e7
CGC22	null	CP000139.1	Bv_00643	882608	883597	-	null
CGC22	null	CP000139.1	Bv_00644	883622	884743	-	null
CGC22	CAZyme	CP000139.1	Bv_00645	884761	885819	-	GH18_e37|GH18
CGC22	TC	CP000139.1	Bv_00646	885851	887392	-	8.A.46.2.1
CGC22	TC	CP000139.1	Bv_00647	887406	890582	-	1.B.14.6.13
CGC22	CAZyme	CP000139.1	Bv_00648	891106	893121	-	GH97|GH97_e10
CGC22	null	CP000139.1	Bv_00649	893309	894154	-	null
CGC22	TC	CP000139.1	Bv_00650	894198	895967	-	8.A.46.2.2
CGC22	TC	CP000139.1	Bv_00651	895991	899392	-	1.B.14.6.2
CGC22	null	CP000139.1	Bv_00652	899488	899670	-	null
CGC22	CAZyme	CP000139.1	Bv_00653	899681	901993	-	GH92_e18|GH92
CGC22	CAZyme	CP000139.1	Bv_00654	902023	904305	-	GH92|GH92_e0
CGC22	STP	CP000139.1	Bv_00655	904323	905315	-	FecR
CGC22	TF	CP000139.1	Bv_00656	905344	905919	-	GerE
CGC22	CAZyme	CP000139.1	Bv_00657	906124	908346	-	GH92|GH92_e0
CGC23	TC	CP000139.1	Bv_00726	970894	971967	-	9.B.18.2.1
CGC23	CAZyme	CP000139.1	Bv_00727	971973	973142	-	GT4|GT4_e1477
CGC23	null	CP000139.1	Bv_00728	973149	974351	-	null
CGC23	TC	CP000139.1	Bv_00729	974339	975613	-	2.A.66.10.1
CGC23	null	CP000139.1	Bv_00730	976501	977706	-	null
CGC23	null	CP000139.1	Bv_00731	977788	978492	-	null
CGC23	TC	CP000139.1	Bv_00732	978506	980884	-	8.A.3.1.2
CGC23	null	CP000139.1	Bv_00733	980926	981720	-	null
CGC23	TC	CP000139.1	Bv_00734	981745	982851	-	9.B.146.1.4
CGC24	TC	CP000139.1	Bv_00763	1007986	1011282	-	1.B.14.6.17
CGC24	STP	CP000139.1	Bv_00764	1011439	1012437	-	FecR
CGC24	TF	CP000139.1	Bv_00765	1012498	1013088	-	GerE
CGC24	CAZyme	CP000139.1	Bv_00766	1013984	1016140	-	GH36_e24|GH36
CGC24	TF	CP000139.1	Bv_00767	1016328	1017224	+	HTH_AraC+HTH_AraC
CGC24	CAZyme	CP000139.1	Bv_00768	1017237	1019192	-	CE20_e20|CE20
CGC24	null	CP000139.1	Bv_00769	1019207	1021153	-	null
CGC24	TC	CP000139.1	Bv_00770	1021182	1024319	-	1.B.14.6.1
CGC24	CAZyme	CP000139.1	Bv_00771	1024400	1026673	-	GH3_e6|GH3
CGC24	CAZyme	CP000139.1	Bv_00772	1026685	1029627	-	CBM32_e133|CBM32|GH2_e98|GH2
CGC24	null	CP000139.1	Bv_00773	1029657	1030679	-	null
CGC24	TC	CP000139.1	Bv_00774	1030769	1032388	-	8.A.46.1.3
CGC24	TC	CP000139.1	Bv_00775	1032434	1035487	-	1.B.14.6.17
CGC24	CAZyme	CP000139.1	Bv_00776	1035527	1037554	-	GH36_e23|GH27|GH36
CGC24	TF	CP000139.1	Bv_00777	1037758	1041795	-	HTH_AraC
CGC24	null	CP000139.1	Bv_00778	1041879	1042283	-	null
CGC24	CAZyme	CP000139.1	Bv_00779	1042287	1043864	-	GH97|GH97_e21
CGC24	STP	CP000139.1	Bv_00780	1043861	1047202	-	TPR_1
CGC24	TC	CP000139.1	Bv_00781	1047215	1048609	-	2.A.1.1.3
CGC24	CAZyme	CP000139.1	Bv_00782	1048819	1051581	-	GH92_e44|GH92|CBM32_e129
CGC24	CAZyme	CP000139.1	Bv_00783	1051652	1054054	-	GH95|GH95_e15
CGC24	CAZyme	CP000139.1	Bv_00784	1054174	1056456	-	GH92|GH92_e20
CGC24	CAZyme	CP000139.1	Bv_00785	1056491	1058707	-	GH92|GH92_e0
CGC25	TC	CP000139.1	Bv_00874	1139855	1142893	+	1.B.14.6.17
CGC25	TC	CP000139.1	Bv_00875	1142938	1144569	+	1.B.38.1.10
CGC25	CAZyme	CP000139.1	Bv_00876	1144686	1146284	+	GH30_e67|GH30_4
CGC25	CAZyme	CP000139.1	Bv_00877	1146297	1147862	+	GH30_e42|GH30_4
CGC25	TF	CP000139.1	Bv_00878	1147943	1148965	-	LacI
CGC25	STP	CP000139.1	Bv_00879	1149105	1150655	-	Pyr_redox_2
CGC25	TC	CP000139.1	Bv_00880	1150668	1151234	-	8.A.147.1.1
CGC25	TC	CP000139.1	Bv_00881	1151741	1152664	+	1.A.35.3.1
CGC25	null	CP000139.1	Bv_00882	1152758	1153954	-	null
CGC25	null	CP000139.1	Bv_00883	1153971	1155371	-	null
CGC25	TC	CP000139.1	Bv_00884	1155429	1157816	-	1.B.14.3.6
CGC26	TC	CP000139.1	Bv_00917	1188097	1189533	+	2.A.66.2.7
CGC26	null	CP000139.1	Bv_00918	1189533	1190558	+	null
CGC26	CAZyme	CP000139.1	Bv_00919	1190581	1191411	-	GT0|GT23_e4|GT23
CGC27	CAZyme	CP000139.1	Bv_00924	1196208	1197323	+	GT4_e1579|GT4
CGC27	CAZyme	CP000139.1	Bv_00925	1197336	1198598	+	GT4_e1535|GT4
CGC27	CAZyme	CP000139.1	Bv_00926	1198591	1199337	+	GT2
CGC27	TC	CP000139.1	Bv_00927	1199363	1201855	-	9.B.144.1.4
CGC28	TC	CP000139.1	Bv_00983	1245420	1248845	+	1.B.14.6.1
CGC28	null	CP000139.1	Bv_00984	1248858	1250771	+	null
CGC28	CAZyme	CP000139.1	Bv_00985	1250808	1252160	+	CBM32_e83|CBM32
CGC28	CAZyme	CP000139.1	Bv_00986	1252260	1255169	+	CBM0|CBM32_e18
CGC28	CAZyme	CP000139.1	Bv_00987	1255301	1256947	+	GH109|GH109_e5
CGC29	TC	CP000139.1	Bv_01028	1308201	1311188	-	2.A.6.4.3
CGC29	null	CP000139.1	Bv_01029	1311367	1313454	-	null
CGC29	null	CP000139.1	Bv_01030	1313481	1314560	-	null
CGC29	TC	CP000139.1	Bv_01031	1314564	1315457	-	9.B.104.1.8
CGC29	TC	CP000139.1	Bv_01032	1315438	1316115	-	9.B.104.1.10
CGC29	null	CP000139.1	Bv_01033	1316326	1316598	+	null
CGC29	CAZyme	CP000139.1	Bv_01034	1316679	1320020	+	GH2_e30|GH2
CGC30	CAZyme	CP000139.1	Bv_01038	1324232	1326211	-	GH51_e47|GH51
CGC30	CAZyme	CP000139.1	Bv_01039	1326235	1327770	-	GH43_4|GH43_e326
CGC30	TF	CP000139.1	Bv_01040	1328050	1332276	+	HTH_AraC
CGC30	CAZyme	CP000139.1	Bv_01041	1332409	1334337	+	GH97|GH97_e18
CGC30	TC	CP000139.1	Bv_01042	1334776	1337985	+	1.B.14.6.17
CGC30	TC	CP000139.1	Bv_01043	1338005	1339756	+	1.B.38.1.10
CGC30	null	CP000139.1	Bv_01044	1339781	1341559	+	null
CGC30	CAZyme	CP000139.1	Bv_01045	1341633	1343516	+	GH43_4|GH43_e183
CGC30	null	CP000139.1	Bv_01046	1343891	1345372	+	null
CGC30	null	CP000139.1	Bv_01047	1345599	1347131	+	null
CGC30	TC	CP000139.1	Bv_01048	1347128	1347856	+	1.A.115.1.5
CGC31	CAZyme	CP000139.1	Bv_01066	1362085	1363278	+	GT2
CGC31	TC	CP000139.1	Bv_01067	1363271	1367125	+	2.A.6.8.3
CGC32	TC	CP000139.1	Bv_01080	1382154	1385318	-	9.B.34.1.7
CGC32	TC	CP000139.1	Bv_01081	1385503	1388670	+	1.B.14.6.17
CGC32	TC	CP000139.1	Bv_01082	1388683	1390731	+	8.A.46.3.4
CGC32	null	CP000139.1	Bv_01083	1390968	1392404	+	null
CGC32	CAZyme	CP000139.1	Bv_01084	1392408	1393793	+	GH29_e37|GH29|CBM32_e126
CGC32	CAZyme	CP000139.1	Bv_01085	1393800	1395875	+	GH36_e10|GH36
CGC33	CAZyme	CP000139.1	Bv_01105	1417544	1418443	+	GT2
CGC33	CAZyme	CP000139.1	Bv_01106	1418671	1419582	+	GT0|GT2
CGC33	CAZyme	CP000139.1	Bv_01107	1419582	1420475	+	GT14_e6|GT14
CGC33	CAZyme	CP000139.1	Bv_01108	1420472	1421650	+	GT4|GT4_e1212
CGC33	CAZyme	CP000139.1	Bv_01109	1422736	1423650	-	GT2
CGC33	TC	CP000139.1	Bv_01110	1423670	1425508	-	3.A.1.106.20
CGC33	CAZyme	CP000139.1	Bv_01112	1427128	1428117	+	GT2
CGC33	TC	CP000139.1	Bv_01113	1428296	1430323	+	2.A.127.1.5
CGC33	CAZyme	CP000139.1	Bv_01114	1430354	1431319	-	GT2
CGC33	null	CP000139.1	Bv_01115	1431338	1431712	-	null
CGC33	CAZyme	CP000139.1	Bv_01116	1431799	1433523	+	GT83|GT83_e52
CGC33	TC	CP000139.1	Bv_01117	1433607	1435433	-	2.A.127.1.5
CGC34	TC	CP000139.1	Bv_01144	1465866	1466771	+	3.A.1.15.3
CGC34	TC	CP000139.1	Bv_01145	1466781	1467548	+	3.A.1.15.12
CGC34	TC	CP000139.1	Bv_01146	1468009	1471413	+	9.B.142.9.16
CGC34	CAZyme	CP000139.1	Bv_01147	1471484	1472095	+	CE4|CE4_e140
CGC34	null	CP000139.1	Bv_01148	1472153	1473325	-	null
CGC34	TC	CP000139.1	Bv_01149	1473422	1474225	-	1.A.115.1.2
CGC35	TC	CP000139.1	Bv_01156	1479650	1481230	+	3.D.10.1.4
CGC35	null	CP000139.1	Bv_01157	1481480	1483207	+	null
CGC35	null	CP000139.1	Bv_01158	1483256	1484611	-	null
CGC35	CAZyme	CP000139.1	Bv_01159	1484628	1486769	-	PL10_1|CE8|PL10_e13|CE8_e50|CE0
CGC35	null	CP000139.1	Bv_01160	1487038	1489350	-	null
CGC35	null	CP000139.1	Bv_01161	1489370	1491409	-	null
CGC35	TC	CP000139.1	Bv_01162	1491422	1494757	-	1.B.14.6.17
CGC35	null	CP000139.1	Bv_01163	1494843	1495019	-	null
CGC35	CAZyme	CP000139.1	Bv_01164	1495287	1497530	-	GH43_29|CE1
CGC35	CAZyme	CP000139.1	Bv_01165	1497542	1499947	-	GH127|GH127_e4
CGC35	CAZyme	CP000139.1	Bv_01166	1500018	1502420	-	CBM32_e8|CBM32|GH43_34|GH43_e270
CGC35	CAZyme	CP000139.1	Bv_01167	1502457	1505180	-	GH97|GH97_e1
CGC36	TC	CP000139.1	Bv_01171	1510641	1513670	-	1.B.14.6.1
CGC36	CAZyme	CP000139.1	Bv_01172	1513705	1516140	-	GH127|GH127_e2
CGC36	TF	CP000139.1	Bv_01173	1516519	1517130	+	HTH_8
CGC36	null	CP000139.1	Bv_01174	1517971	1518570	-	null
CGC36	TC	CP000139.1	Bv_01175	1519018	1522062	+	1.B.14.6.1
CGC36	TC	CP000139.1	Bv_01176	1522089	1523708	+	8.A.46.1.1
CGC36	CAZyme	CP000139.1	Bv_01177	1523848	1527204	+	GH146|GH146_e2
CGC37	CAZyme	CP000139.1	Bv_01196	1553334	1555772	+	GH2_e31|GH2
CGC37	TC	CP000139.1	Bv_01197	1555806	1558859	+	1.B.14.6.17
CGC38	TC	CP000139.1	Bv_01206	1574757	1576349	+	3.A.1.121.3
CGC38	CAZyme	CP000139.1	Bv_01207	1576439	1579033	-	GH3_e0|GH3
CGC39	CAZyme	CP000139.1	Bv_01294	1672132	1674015	+	GH29|CBM32_e126|GH29_e30
CGC39	TC	CP000139.1	Bv_01295	1674096	1675211	-	3.A.11.1.3
CGC40	TC	CP000139.1	Bv_01312	1695354	1698596	+	1.B.14.6.17
CGC40	TC	CP000139.1	Bv_01313	1698609	1700450	+	8.A.46.3.4
CGC40	TF	CP000139.1	Bv_01314	1700484	1702064	+	none
CGC40	TF	CP000139.1	Bv_01315	1702121	1706008	-	HTH_AraC
CGC40	CAZyme	CP000139.1	Bv_01316	1706214	1708670	-	GH95|GH95_e0
CGC41	TC	CP000139.1	Bv_01351	1750918	1753548	-	3.A.3.2.39
CGC41	null	CP000139.1	Bv_01353	1753890	1754093	-	null
CGC41	CAZyme	CP000139.1	Bv_01354	1754427	1755725	+	GH105_e28|GH105
CGC42	CAZyme	CP000139.1	Bv_01414	1817318	1819252	-	GH63_e18|GH63
CGC42	CAZyme	CP000139.1	Bv_01415	1819270	1822446	-	GH2_e30|GH2
CGC42	TC	CP000139.1	Bv_01416	1822460	1823062	-	2.A.124.1.2
CGC42	TC	CP000139.1	Bv_01417	1823059	1823340	-	2.A.124.1.2
CGC42	TC	CP000139.1	Bv_01418	1823455	1824972	-	1.B.38.1.10
CGC42	TC	CP000139.1	Bv_01419	1824993	1828121	-	1.B.14.6.17
CGC42	STP	CP000139.1	Bv_01420	1828345	1829970	-	TPR_1
CGC42	null	CP000139.1	Bv_01421	1830072	1830677	+	null
CGC42	TC	CP000139.1	Bv_01422	1830820	1832133	-	2.A.1.7.1
CGC43	TC	CP000139.1	Bv_01428	1839107	1840213	-	1.B.38.4.3
CGC43	TC	CP000139.1	Bv_01429	1840231	1841838	-	8.A.46.1.1
CGC43	TC	CP000139.1	Bv_01430	1841851	1844856	-	1.B.14.6.1
CGC43	null	CP000139.1	Bv_01431	1845084	1845194	+	null
CGC43	CAZyme	CP000139.1	Bv_01432	1845222	1847438	-	GH97|GH97_e22
CGC43	CAZyme	CP000139.1	Bv_01433	1847480	1849330	-	GH13_e102|GH13|GH13_20
CGC44	TC	CP000139.1	Bv_01439	1855502	1856857	-	2.A.2.6.3
CGC44	CAZyme	CP000139.1	Bv_01440	1856931	1859609	-	CBM20_e2|GH77|GH77_e22|CBM20
CGC45	CAZyme	CP000139.1	Bv_01451	1869645	1870775	-	GT28_e43|GT28
CGC45	TC	CP000139.1	Bv_01452	1870840	1872237	-	2.A.103.1.3
CGC45	null	CP000139.1	Bv_01453	1872261	1873595	-	null
CGC45	TC	CP000139.1	Bv_01454	1873605	1874873	-	9.B.146.1.3
CGC45	TC	CP000139.1	Bv_01455	1874886	1876340	-	2.A.128.2.3
CGC46	TC	CP000139.1	Bv_01530	1948767	1951229	+	3.A.11.1.5
CGC46	null	CP000139.1	Bv_01531	1951277	1951987	+	null
CGC46	null	CP000139.1	Bv_01532	1951995	1952465	+	null
CGC46	TC	CP000139.1	Bv_01533	1952440	1954497	-	9.B.28.5.3
CGC46	null	CP000139.1	Bv_01534	1954579	1956096	+	null
CGC46	CAZyme	CP000139.1	Bv_01535	1956109	1957329	+	GT30_e38|GT30
CGC47	TC	CP000139.1	Bv_01594	2016752	2017858	+	9.B.146.1.4
CGC47	null	CP000139.1	Bv_01595	2017885	2018679	+	null
CGC47	TC	CP000139.1	Bv_01596	2018721	2021087	+	8.A.3.1.2
CGC47	null	CP000139.1	Bv_01597	2021147	2021851	+	null
CGC47	null	CP000139.1	Bv_01598	2021933	2023138	+	null
CGC47	TC	CP000139.1	Bv_01599	2024026	2025300	+	2.A.66.10.1
CGC47	null	CP000139.1	Bv_01600	2025288	2026490	+	null
CGC47	CAZyme	CP000139.1	Bv_01601	2026497	2027666	+	GT4|GT4_e1477
CGC47	TC	CP000139.1	Bv_01602	2027672	2028745	+	9.B.18.2.1
CGC48	CAZyme	CP000139.1	Bv_01726	2148333	2150300	+	GH32|GH32_e16
CGC48	TC	CP000139.1	Bv_01727	2150316	2151476	+	2.A.1.7.17
CGC49	CAZyme	CP000139.1	Bv_01792	2219533	2220342	+	GT2
CGC49	null	CP000139.1	Bv_01793	2220399	2221619	+	null
CGC49	CAZyme	CP000139.1	Bv_01794	2221698	2222822	+	GT4_e1422|GT4
CGC49	CAZyme	CP000139.1	Bv_01795	2222819	2223937	+	GT4_e127|GT4
CGC49	CAZyme	CP000139.1	Bv_01796	2224012	2224911	+	GT14_e11|GT14
CGC49	CAZyme	CP000139.1	Bv_01797	2224932	2225750	+	GT2
CGC49	TC	CP000139.1	Bv_01798	2225758	2226867	+	9.B.146.1.4
CGC50	CAZyme	CP000139.1	Bv_01814	2240385	2241710	-	GH29|GH29_e63
CGC50	TC	CP000139.1	Bv_01815	2241859	2243109	+	9.B.10.1.1
CGC50	CAZyme	CP000139.1	Bv_01816	2243173	2244579	-	GH28|GH28_e80
CGC50	STP	CP000139.1	Bv_01817	2245014	2245256	+	HATPase_c
CGC50	CAZyme	CP000139.1	Bv_01818	2245258	2246484	-	GH88|GH88_e11
CGC50	TC	CP000139.1	Bv_01819	2246660	2248081	-	3.D.9.1.1
CGC50	TC	CP000139.1	Bv_01820	2248112	2249593	-	3.D.1.2.1
CGC50	TC	CP000139.1	Bv_01821	2249647	2251548	-	3.D.1.8.2
CGC51	TC	CP000139.1	Bv_01851	2287062	2290610	+	1.B.14.6.17
CGC51	null	CP000139.1	Bv_01852	2290622	2292562	+	null
CGC51	CAZyme	CP000139.1	Bv_01853	2292656	2293777	+	GH105_e39|GH105
CGC51	CAZyme	CP000139.1	Bv_01854	2293791	2295053	+	GH154_e2|GH154
CGC51	CAZyme	CP000139.1	Bv_01855	2295065	2297635	+	CBM57|CBM57_e12|GH2_e35|GH2
CGC51	null	CP000139.1	Bv_01856	2297935	2298177	+	null
CGC51	CAZyme	CP000139.1	Bv_01857	2298164	2300158	+	GH78_e62|GH78
CGC51	TF	CP000139.1	Bv_01858	2300217	2303096	+	HTH_AraC
CGC51	null	CP000139.1	Bv_01859	2303312	2304748	+	null
CGC51	CAZyme	CP000139.1	Bv_01860	2304934	2305938	+	GH43_e173|GH43_18
CGC51	CAZyme	CP000139.1	Bv_01861	2306008	2307471	+	GH140_e1|GH140
CGC51	null	CP000139.1	Bv_01862	2307568	2308308	+	null
CGC51	null	CP000139.1	Bv_01863	2308315	2311656	+	null
CGC51	TC	CP000139.1	Bv_01864	2311710	2313185	-	2.A.1.14.2
CGC51	null	CP000139.1	Bv_01865	2313405	2314367	-	null
CGC51	TC	CP000139.1	Bv_01866	2314380	2315771	-	4.A.5.1.4
CGC51	CAZyme	CP000139.1	Bv_01867	2316061	2317290	+	GH105_e41|GH105
CGC51	CAZyme	CP000139.1	Bv_01868	2317305	2318255	+	CE8_e86|CE8
CGC51	TC	CP000139.1	Bv_01869	2318473	2321745	+	1.B.14.6.1
CGC51	null	CP000139.1	Bv_01870	2321778	2323943	+	null
CGC51	CAZyme	CP000139.1	Bv_01871	2324323	2326311	+	GH33_e4|GH33
CGC51	null	CP000139.1	Bv_01872	2326855	2329401	+	null
CGC51	CAZyme	CP000139.1	Bv_01873	2329464	2330984	+	CE8_e77|CE8|CE0
CGC51	TF	CP000139.1	Bv_01874	2331049	2331612	+	GerE
CGC51	STP	CP000139.1	Bv_01875	2331683	2332615	+	FecR
CGC51	TC	CP000139.1	Bv_01876	2332671	2335970	+	1.B.14.6.1
CGC51	null	CP000139.1	Bv_01877	2335989	2337677	+	null
CGC51	CAZyme	CP000139.1	Bv_01878	2337763	2340792	+	GH2_e42|GH2
CGC51	CAZyme	CP000139.1	Bv_01879	2340795	2344163	+	GH2_e42|GH2
CGC51	CAZyme	CP000139.1	Bv_01880	2344177	2346561	+	GH31|GH31_e67
CGC51	CAZyme	CP000139.1	Bv_01881	2346579	2348579	+	CE19|CE19_e4
CGC51	null	CP000139.1	Bv_01882	2348673	2349164	-	null
CGC51	CAZyme	CP000139.1	Bv_01883	2349353	2350966	+	PL10_2|PL10_e4
CGC51	CAZyme	CP000139.1	Bv_01884	2350987	2352147	+	PL10_1|CE19|CE19_e3
CGC51	CAZyme	CP000139.1	Bv_01885	2352154	2353878	+	CE12|CE12_e30|CE8_e86|CE8
CGC51	TF	CP000139.1	Bv_01886	2354073	2358473	+	HTH_AraC
CGC51	null	CP000139.1	Bv_01887	2358669	2359403	+	null
CGC51	TC	CP000139.1	Bv_01888	2359513	2361954	+	8.A.51.1.4
CGC51	null	CP000139.1	Bv_01889	2362040	2363122	-	null
CGC51	TC	CP000139.1	Bv_01890	2363230	2365473	-	2.A.20.2.12
CGC51	null	CP000139.1	Bv_01891	2365763	2367286	+	null
CGC51	TC	CP000139.1	Bv_01892	2367399	2368421	+	9.B.157.1.4
CGC52	CAZyme	CP000139.1	Bv_01927	2425616	2427769	+	GH89|GH89_e7
CGC52	TC	CP000139.1	Bv_01928	2427942	2429600	-	2.A.3.3.22
CGC52	null	CP000139.1	Bv_01929	2429689	2431008	-	null
CGC52	TC	CP000139.1	Bv_01930	2431005	2434040	-	2.A.6.2.33
CGC52	TC	CP000139.1	Bv_01931	2434060	2435136	-	2.A.6.2.28
CGC52	TC	CP000139.1	Bv_01932	2435223	2436242	-	8.A.144.2.1
CGC53	CAZyme	CP000139.1	Bv_01940	2446077	2447315	-	GH105_e22|GH105
CGC53	null	CP000139.1	Bv_01941	2447573	2448283	-	null
CGC53	TC	CP000139.1	Bv_01942	2448322	2449647	-	2.A.66.1.4
CGC54	TC	CP000139.1	Bv_01975	2480671	2482089	+	3.A.7.16.1
CGC54	null	CP000139.1	Bv_01976	2482411	2485026	-	null
CGC54	TC	CP000139.1	Bv_01977	2485169	2486137	+	1.A.34.1.3
CGC54	TF	CP000139.1	Bv_01978	2486171	2486518	+	MerR
CGC54	TC	CP000139.1	Bv_01979	2486610	2488880	-	3.A.23.6.1
CGC54	CAZyme	CP000139.1	Bv_01980	2488982	2490244	-	GH23|CBM50_e573|GH23_e209|CBM50
CGC55	CAZyme	CP000139.1	Bv_01985	2493721	2494860	+	GT19|GT19_e2
CGC55	null	CP000139.1	Bv_01986	2494917	2495651	+	null
CGC55	TC	CP000139.1	Bv_01987	2495643	2496482	-	9.B.273.1.1
CGC55	TC	CP000139.1	Bv_01988	2496641	2498611	-	3.A.29.1.1
CGC55	null	CP000139.1	Bv_01989	2498665	2499024	-	null
CGC55	null	CP000139.1	Bv_01991	2499572	2501380	-	null
CGC55	TC	CP000139.1	Bv_01992	2501641	2502981	-	1.A.26.1.1
CGC56	TC	CP000139.1	Bv_02048	2561734	2565069	-	1.B.14.6.1
CGC56	STP	CP000139.1	Bv_02049	2565104	2566255	-	FecR
CGC56	TF	CP000139.1	Bv_02050	2566323	2566907	-	GerE
CGC56	CAZyme	CP000139.1	Bv_02051	2567008	2568672	-	GH43_10|CBM91|CBM91_e10|GH43_e0
CGC56	null	CP000139.1	Bv_02052	2568686	2569900	-	null
CGC56	CAZyme	CP000139.1	Bv_02053	2570039	2571658	-	GH28_e64|GH28
CGC57	TC	CP000139.1	Bv_02087	2613122	2616343	+	1.B.14.6.2
CGC57	TC	CP000139.1	Bv_02088	2616365	2617873	+	8.A.46.2.2
CGC57	null	CP000139.1	Bv_02089	2618474	2619325	+	null
CGC57	null	CP000139.1	Bv_02090	2619595	2619810	+	null
CGC57	CAZyme	CP000139.1	Bv_02091	2620058	2620684	+	CE12|CE12_e30
CGC58	TC	CP000139.1	Bv_02095	2623244	2626564	+	1.B.14.6.17
CGC58	null	CP000139.1	Bv_02096	2626578	2628266	+	null
CGC58	CAZyme	CP000139.1	Bv_02097	2628284	2629960	+	GH165_e0|GH165
CGC58	TC	CP000139.1	Bv_02098	2630357	2632300	+	3.A.1.211.25
CGC59	CAZyme	CP000139.1	Bv_02135	2679926	2682139	-	GH84|GH84_e9
CGC59	TC	CP000139.1	Bv_02136	2682186	2684081	-	2.A.16.2.2
CGC60	CAZyme	CP000139.1	Bv_02217	2771111	2773225	+	PL27_e0|PL27
CGC60	null	CP000139.1	Bv_02218	2773426	2773761	+	null
CGC60	TC	CP000139.1	Bv_02219	2773982	2777272	+	1.B.14.6.17
CGC60	TC	CP000139.1	Bv_02220	2777285	2779330	+	8.A.46.3.4
CGC60	CAZyme	CP000139.1	Bv_02221	2779745	2781445	+	CE12|CE4_e274|CE4|CE12_e30|CE0
CGC60	CAZyme	CP000139.1	Bv_02222	2781670	2783664	+	CBM35|CBM35_e36
CGC60	CAZyme	CP000139.1	Bv_02223	2783698	2786034	+	GH2|GH2_e127
CGC60	CAZyme	CP000139.1	Bv_02224	2786055	2787470	+	GH28|GH28_e133
CGC60	TF	CP000139.1	Bv_02225	2787645	2791712	-	HTH_AraC
CGC60	null	CP000139.1	Bv_02226	2792116	2792913	+	null
CGC60	TC	CP000139.1	Bv_02227	2793206	2796487	+	1.B.14.6.17
CGC60	TC	CP000139.1	Bv_02228	2796501	2798462	+	8.A.46.1.6
CGC60	CAZyme	CP000139.1	Bv_02229	2798727	2800604	+	GH28_e132|GH28|GH43_9|GH43_e194
CGC60	CAZyme	CP000139.1	Bv_02230	2800635	2801666	+	GH28|GH43_9|GH43_e194|CBM91_e0
CGC60	CAZyme	CP000139.1	Bv_02231	2801743	2803269	+	GH30_2|GH30_e11
CGC60	CAZyme	CP000139.1	Bv_02232	2803275	2805668	+	GH2_e31|GH2
CGC60	CAZyme	CP000139.1	Bv_02233	2805674	2808016	+	GH115_e4|GH115
CGC60	null	CP000139.1	Bv_02234	2808032	2809219	+	null
CGC60	null	CP000139.1	Bv_02235	2809251	2810078	+	null
CGC60	TC	CP000139.1	Bv_02236	2810248	2812614	+	9.B.238.3.1
CGC61	CAZyme	CP000139.1	Bv_02273	2852471	2854894	-	GH20_e12|GH20
CGC61	TC	CP000139.1	Bv_02274	2855095	2856186	+	9.B.169.4.2
CGC61	TF	CP000139.1	Bv_02275	2856211	2856771	+	GerE
CGC61	null	CP000139.1	Bv_02276	2856830	2858185	-	null
CGC61	TC	CP000139.1	Bv_02277	2858525	2859847	+	2.A.66.1.28
CGC61	TC	CP000139.1	Bv_02278	2859946	2861268	+	3.A.5.1.1
CGC62	CAZyme	CP000139.1	Bv_02288	2874576	2876390	+	GH2_e14|GH2
CGC62	null	CP000139.1	Bv_02289	2876396	2877529	+	null
CGC62	TF	CP000139.1	Bv_02290	2877712	2881662	+	HTH_AraC+HTH_AraC
CGC62	TC	CP000139.1	Bv_02291	2881978	2884977	+	1.B.14.6.17
CGC62	TC	CP000139.1	Bv_02292	2884999	2886588	+	1.B.38.1.10
CGC62	CAZyme	CP000139.1	Bv_02293	2886668	2889301	+	GH43_e21|GH43_31
CGC62	CAZyme	CP000139.1	Bv_02294	2889310	2890278	+	GH43_e199|GH43_31
CGC62	CAZyme	CP000139.1	Bv_02295	2890275	2891276	+	GH43_3|GH43_e310
CGC63	CAZyme	CP000139.1	Bv_02352	2959738	2960604	+	GH25_e217|GH25
CGC63	TC	CP000139.1	Bv_02353	2960650	2961018	+	9.B.55.1.2
CGC64	TC	CP000139.1	Bv_02371	2979084	2980655	+	1.B.9.4.2
CGC64	null	CP000139.1	Bv_02372	2980728	2981855	-	null
CGC64	CAZyme	CP000139.1	Bv_02373	2981865	2982854	-	GH109|GH109_e5
CGC64	STP	CP000139.1	Bv_02374	2982943	2983761	-	SBP_bac_3
CGC64	TC	CP000139.1	Bv_02375	2983770	2985881	-	1.B.14.15.2
CGC65	TC	CP000139.1	Bv_02504	3122533	3124107	-	8.A.46.1.4
CGC65	TC	CP000139.1	Bv_02505	3124137	3127409	-	1.B.14.6.17
CGC65	CAZyme	CP000139.1	Bv_02506	3127458	3128942	-	GH29|GH29_e70
CGC65	TC	CP000139.1	Bv_02508	3129624	3130913	+	1.B.70.1.8
CGC65	null	CP000139.1	Bv_02509	3130956	3131792	+	null
CGC65	CAZyme	CP000139.1	Bv_02510	3132271	3134343	-	PL27_e0|PL27
CGC65	STP	CP000139.1	Bv_02511	3134961	3136325	-	PALP
CGC65	TC	CP000139.1	Bv_02512	3136502	3138349	+	2.A.38.4.1
CGC65	TC	CP000139.1	Bv_02513	3138352	3139038	+	2.A.38.4.6
CGC66	TC	CP000139.1	Bv_02561	3186164	3187882	-	3.A.3.6.5
CGC66	CAZyme	CP000139.1	Bv_02562	3187980	3188798	+	CE1_e22|CE1
CGC66	TC	CP000139.1	Bv_02563	3188803	3189561	+	1.A.115.1.2
CGC66	null	CP000139.1	Bv_02564	3189657	3189905	-	null
CGC66	TC	CP000139.1	Bv_02565	3190080	3191240	-	3.B.1.1.2
CGC66	null	CP000139.1	Bv_02566	3191242	3191673	-	null
CGC66	null	CP000139.1	Bv_02567	3191697	3192626	-	null
CGC66	TC	CP000139.1	Bv_02568	3192654	3194207	-	3.B.1.1.2
CGC67	TC	CP000139.1	Bv_02674	3306950	3308224	-	2.A.1.25.6
CGC67	null	CP000139.1	Bv_02675	3308282	3309598	-	null
CGC67	CAZyme	CP000139.1	Bv_02676	3309655	3312126	-	GT2
CGC68	TC	CP000139.1	Bv_02709	3340859	3341875	-	5.B.14.1.1
CGC68	TC	CP000139.1	Bv_02710	3341889	3342461	-	2.A.107.1.2
CGC68	null	CP000139.1	Bv_02711	3342465	3343166	-	null
CGC68	null	CP000139.1	Bv_02712	3343114	3343608	-	null
CGC68	CAZyme	CP000139.1	Bv_02713	3343664	3344617	-	GT2
CGC68	null	CP000139.1	Bv_02714	3344621	3345154	-	null
CGC68	TC	CP000139.1	Bv_02716	3345598	3348015	+	2.A.16.2.2
CGC69	CAZyme	CP000139.1	Bv_02765	3408112	3410817	+	GH138_e1|GH138
CGC69	null	CP000139.1	Bv_02766	3410823	3411437	-	null
CGC69	null	CP000139.1	Bv_02767	3411392	3411706	-	null
CGC69	CAZyme	CP000139.1	Bv_02768	3411878	3416158	+	CBM57|GH2|GH2_e99|CBM57_e0|GH137|GH137_e0
CGC69	TC	CP000139.1	Bv_02769	3416249	3417847	+	2.A.81.1.2
CGC69	TC	CP000139.1	Bv_02770	3418115	3421234	+	1.B.14.6.1
CGC69	TC	CP000139.1	Bv_02771	3421256	3422701	+	8.A.46.3.5
CGC69	null	CP000139.1	Bv_02772	3422719	3422832	+	null
CGC69	TC	CP000139.1	Bv_02773	3422913	3425987	+	1.B.14.6.16
CGC69	TC	CP000139.1	Bv_02774	3426013	3427512	+	8.A.46.3.2
CGC69	CAZyme	CP000139.1	Bv_02775	3427642	3430812	+	GH2_e1|GH2
CGC69	CAZyme	CP000139.1	Bv_02776	3430903	3433743	+	GH2_e106|GH2
CGC69	CAZyme	CP000139.1	Bv_02777	3433891	3437121	+	GH106_e44|GH106
CGC69	CAZyme	CP000139.1	Bv_02778	3437121	3438563	+	CE20_e10|CE20
CGC69	CAZyme	CP000139.1	Bv_02779	3438576	3440807	+	GH139_e0|GH139
CGC69	null	CP000139.1	Bv_02780	3441021	3442100	+	null
CGC69	TC	CP000139.1	Bv_02782	3442537	3443577	+	1.A.35.3.8
CGC69	TF	CP000139.1	Bv_02783	3443602	3444099	-	MarR
CGC69	null	CP000139.1	Bv_02784	3444252	3444677	+	null
CGC69	TC	CP000139.1	Bv_02785	3444810	3445454	+	9.B.27.2.3
CGC69	null	CP000139.1	Bv_02786	3445548	3446141	+	null
CGC69	TC	CP000139.1	Bv_02787	3446158	3447171	+	2.A.20.1.4
CGC70	TC	CP000139.1	Bv_02799	3461051	3462400	+	1.A.23.4.5
CGC70	TC	CP000139.1	Bv_02800	3462933	3464588	-	4.C.1.1.6
CGC70	TF	CP000139.1	Bv_02801	3464592	3465167	-	HTH_3
CGC70	null	CP000139.1	Bv_02802	3465372	3465974	+	null
CGC70	TC	CP000139.1	Bv_02803	3466107	3467435	-	9.B.126.2.2
CGC70	null	CP000139.1	Bv_02804	3468104	3468391	-	null
CGC70	null	CP000139.1	Bv_02805	3468407	3469378	-	null
CGC70	TC	CP000139.1	Bv_02806	3469425	3471428	+	9.B.34.1.7
CGC70	null	CP000139.1	Bv_02807	3471440	3473182	+	null
CGC70	null	CP000139.1	Bv_02808	3473187	3473525	+	null
CGC70	TC	CP000139.1	Bv_02809	3473657	3475990	+	1.B.14.3.7
CGC70	null	CP000139.1	Bv_02810	3476079	3478190	-	null
CGC70	CAZyme	CP000139.1	Bv_02811	3478510	3481821	+	GH142_e0|GH143_e0|GH143|GH142
CGC70	CAZyme	CP000139.1	Bv_02812	3481873	3484629	+	CBM67|GH78|CBM67_e27|GH78_e43
CGC70	CAZyme	CP000139.1	Bv_02813	3484696	3486027	+	GH28_e10|GH28
CGC70	CAZyme	CP000139.1	Bv_02814	3486036	3487376	+	CE19_e0|CE19
CGC70	TC	CP000139.1	Bv_02815	3487839	3490976	-	9.B.238.3.2
CGC70	TF	CP000139.1	Bv_02816	3491314	3492150	+	none
CGC70	TC	CP000139.1	Bv_02817	3492246	3492833	+	9.B.365.2.1
CGC70	TC	CP000139.1	Bv_02818	3493155	3494678	+	9.B.160.1.10
CGC71	TC	CP000139.1	Bv_02855	3539498	3540832	-	1.B.3.3.1
CGC71	TC	CP000139.1	Bv_02856	3541473	3542168	-	9.B.104.3.2
CGC71	CAZyme	CP000139.1	Bv_02857	3542319	3544259	+	GH133_e1|GH133
CGC71	CAZyme	CP000139.1	Bv_02858	3544274	3545539	+	GT4|GT4_e602
CGC71	CAZyme	CP000139.1	Bv_02859	3545558	3546970	+	GH57|GH57_e10
CGC72	CAZyme	CP000139.1	Bv_02997	3679647	3682271	+	GH2_e50|GH2
CGC72	TF	CP000139.1	Bv_02998	3682397	3686800	+	HTH_AraC
CGC72	null	CP000139.1	Bv_02999	3686966	3687850	+	null
CGC72	TC	CP000139.1	Bv_03000	3687880	3691335	+	1.B.14.6.1
CGC72	TC	CP000139.1	Bv_03001	3691356	3693365	+	8.A.46.3.4
CGC72	CAZyme	CP000139.1	Bv_03002	3693534	3695267	+	PL1_e77|PL1_2
CGC72	null	CP000139.1	Bv_03003	3695328	3695960	+	null
CGC72	CAZyme	CP000139.1	Bv_03004	3696159	3697841	+	PL1_e77|PL1_2
CGC73	TC	CP000139.1	Bv_03016	3718343	3719914	-	2.A.21.3.6
CGC73	STP	CP000139.1	Bv_03017	3719948	3721750	-	B12-binding_2+B12-binding
CGC73	CAZyme	CP000139.1	Bv_03018	3721756	3724002	-	GH31|GH31_e16
CGC73	CAZyme	CP000139.1	Bv_03019	3724013	3726004	-	GH141_e0|GH141
CGC73	TC	CP000139.1	Bv_03020	3726114	3728123	-	3.A.6.1.1
CGC74	TC	CP000139.1	Bv_03065	3770975	3772360	-	2.C.1.4.3
CGC74	null	CP000139.1	Bv_03066	3772390	3772857	-	null
CGC74	null	CP000139.1	Bv_03067	3773004	3773462	-	null
CGC74	CAZyme	CP000139.1	Bv_03068	3773482	3775941	+	GH95|GH95_e1
CGC75	CAZyme	CP000139.1	Bv_03134	3852185	3853993	-	CBM50|CBM50_e831
CGC75	null	CP000139.1	Bv_03135	3854148	3856976	+	null
CGC75	null	CP000139.1	Bv_03136	3856991	3857476	+	null
CGC75	TC	CP000139.1	Bv_03137	3857583	3859244	+	2.A.17.1.2
CGC75	TC	CP000139.1	Bv_03138	3859308	3859928	-	2.A.124.1.4
CGC75	null	CP000139.1	Bv_03139	3859925	3860203	-	null
CGC75	null	CP000139.1	Bv_03140	3860822	3861673	+	null
CGC75	TC	CP000139.1	Bv_03141	3861851	3863155	-	2.A.35.1.8
CGC76	CAZyme	CP000139.1	Bv_03301	4035352	4036197	-	GT11|GT11_e40
CGC76	null	CP000139.1	Bv_03302	4037006	4037146	+	null
CGC76	TC	CP000139.1	Bv_03303	4037109	4037954	+	1.A.23.2.2
CGC76	null	CP000139.1	Bv_03304	4037988	4038665	+	null
CGC76	TC	CP000139.1	Bv_03305	4038832	4039590	+	1.A.1.24.5
CGC76	TC	CP000139.1	Bv_03306	4039819	4040457	+	1.B.44.2.11
CGC77	TC	CP000139.1	Bv_03414	4153165	4153962	-	3.A.1.139.3
CGC77	TC	CP000139.1	Bv_03415	4153971	4154639	-	3.A.1.3.21
CGC77	null	CP000139.1	Bv_03416	4154674	4156164	-	null
CGC77	null	CP000139.1	Bv_03417	4156279	4157430	-	null
CGC77	CAZyme	CP000139.1	Bv_03418	4157434	4159461	-	GH13_8|GH13_e20|CBM48_e32
CGC78	TC	CP000139.1	Bv_03438	4176956	4178299	+	2.A.66.1.28
CGC78	TC	CP000139.1	Bv_03439	4178348	4179067	+	9.B.186.1.3
CGC78	CAZyme	CP000139.1	Bv_03440	4179196	4179918	+	GT51_e158|GT51
CGC78	null	CP000139.1	Bv_03441	4179890	4180774	-	null
CGC78	TC	CP000139.1	Bv_03442	4180900	4182675	-	3.B.1.1.6
CGC79	CAZyme	CP000139.1	Bv_03612	4364847	4367405	-	GT35|GT35_e7
CGC79	TC	CP000139.1	Bv_03613	4367427	4369673	-	2.A.37.1.5
CGC80	TC	CP000139.1	Bv_03653	4406650	4407960	-	3.A.1.11.8
CGC80	TC	CP000139.1	Bv_03654	4407988	4408779	-	3.A.1.11.7
CGC80	TC	CP000139.1	Bv_03655	4408773	4409570	-	3.A.1.11.3
CGC80	TC	CP000139.1	Bv_03656	4409583	4410971	-	3.A.1.11.8
CGC80	null	CP000139.1	Bv_03657	4411473	4412591	+	null
CGC80	null	CP000139.1	Bv_03658	4412799	4414157	-	null
CGC80	CAZyme	CP000139.1	Bv_03659	4414508	4417072	-	GT35|GT35_e7
CGC80	CAZyme	CP000139.1	Bv_03660	4417101	4418771	-	GT3|GT3_e2
CGC80	TC	CP000139.1	Bv_03661	4419025	4419489	-	3.A.2.2.2
CGC80	TC	CP000139.1	Bv_03662	4419703	4421508	-	3.A.2.3.3
CGC80	TC	CP000139.1	Bv_03663	4421505	4422110	-	3.A.2.3.3
CGC80	TC	CP000139.1	Bv_03664	4422125	4423447	-	3.A.2.3.3
CGC80	TC	CP000139.1	Bv_03665	4423483	4425237	-	3.A.2.3.3
CGC81	TC	CP000139.1	Bv_03939	4730173	4730538	+	1.A.43.1.13
CGC81	null	CP000139.1	Bv_03940	4730613	4731368	-	null
CGC81	TF	CP000139.1	Bv_03941	4731665	4735654	+	HTH_AraC
CGC81	TC	CP000139.1	Bv_03942	4735761	4736378	+	9.B.105.5.2
CGC81	CAZyme	CP000139.1	Bv_03943	4736461	4738332	+	CE20_e1|CE20|CE20_e2
CGC81	null	CP000139.1	Bv_03944	4738410	4739234	+	null
CGC81	null	CP000139.1	Bv_03950	4745570	4745998	+	null
CGC81	CAZyme	CP000139.1	Bv_03951	4746758	4748797	-	GH2_e122|GH2
CGC82	CAZyme	CP000139.1	Bv_04031	4834360	4835076	-	GT26|GT26_e25
CGC82	CAZyme	CP000139.1	Bv_04032	4835103	4836224	-	GT4|GT4_e1502
CGC82	null	CP000139.1	Bv_04033	4836231	4837130	-	null
CGC82	CAZyme	CP000139.1	Bv_04034	4837396	4838559	-	GT4_e2257|GT4
CGC82	CAZyme	CP000139.1	Bv_04035	4838650	4839453	-	GT2
CGC82	null	CP000139.1	Bv_04036	4839455	4840678	-	null
CGC82	CAZyme	CP000139.1	Bv_04037	4840665	4841912	-	GT4_e1535|GT4
CGC82	TC	CP000139.1	Bv_04038	4841900	4843288	-	2.A.66.10.1
CGC83	CAZyme	CP000139.1	Bv_04068	4879826	4880731	+	GT2
CGC83	CAZyme	CP000139.1	Bv_04069	4880728	4881852	+	GT2
CGC83	CAZyme	CP000139.1	Bv_04070	4881860	4883020	+	GT2
CGC83	null	CP000139.1	Bv_04071	4883025	4883636	+	null
CGC83	CAZyme	CP000139.1	Bv_04072	4883621	4884445	+	GT111_e4|GT111
CGC83	CAZyme	CP000139.1	Bv_04073	4884449	4885396	+	GT2
CGC83	CAZyme	CP000139.1	Bv_04074	4885414	4886229	-	GT2
CGC83	CAZyme	CP000139.1	Bv_04075	4886250	4887167	-	GT0|GT23_e5|GT23
CGC83	TC	CP000139.1	Bv_04076	4887183	4888454	-	3.A.1.103.5
CGC83	TC	CP000139.1	Bv_04077	4888468	4889331	-	3.A.1.103.5
CGC83	CAZyme	CP000139.1	Bv_04078	4889318	4890499	-	GT4_e405|GT4
CGC83	CAZyme	CP000139.1	Bv_04079	4891112	4892062	+	GT2
CGC83	CAZyme	CP000139.1	Bv_04080	4892083	4893108	-	GT2
CGC83	CAZyme	CP000139.1	Bv_04081	4893337	4894482	+	GT4_e3120|GT4
CGC83	CAZyme	CP000139.1	Bv_04082	4894479	4895630	+	GT4_e1165|GT4
CGC83	null	CP000139.1	Bv_04083	4895627	4896760	+	null
CGC83	CAZyme	CP000139.1	Bv_04084	4896721	4897920	+	GT4_e1235|GT4
CGC83	null	CP000139.1	Bv_04085	4897917	4898699	+	null
CGC83	CAZyme	CP000139.1	Bv_04086	4898683	4899525	+	GT2
CGC83	CAZyme	CP000139.1	Bv_04087	4899532	4900650	+	GT4|GT4_e2150
CGC83	CAZyme	CP000139.1	Bv_04088	4900647	4901852	+	GT2
CGC83	STP	CP000139.1	Bv_04089	4901856	4902212	-	Response_reg
CGC83	TC	CP000139.1	Bv_04090	4902356	4904206	+	9.B.238.3.2
CGC83	null	CP000139.1	Bv_04091	4904210	4905271	+	null
CGC83	TC	CP000139.1	Bv_04092	4905276	4906415	-	9.B.34.1.7
CGC84	TC	CP000139.1	Bv_04239	5082306	5082959	+	3.A.1.147.6
CGC84	CAZyme	CP000139.1	Bv_04240	5083183	5084346	-	CE9_e7|CE9
CGC84	CAZyme	CP000139.1	Bv_04241	5084522	5087026	-	GH2_e137|GH2
CGC84	CAZyme	CP000139.1	Bv_04242	5087029	5089281	-	GH92_e13|GH92
CGC84	CAZyme	CP000139.1	Bv_04243	5089308	5091362	-	CBM32_e198|GH20_e12|GH20
CGC84	null	CP000139.1	Bv_04244	5091359	5092582	-	null
CGC84	CAZyme	CP000139.1	Bv_04245	5092673	5094997	-	GH20_e12|GH20
CGC84	CAZyme	CP000139.1	Bv_04246	5095014	5097581	-	GH2_e80|GH2
CGC84	CAZyme	CP000139.1	Bv_04247	5097608	5099671	-	CE20|CE20_e16
CGC84	null	CP000139.1	Bv_04248	5099668	5100333	-	null
CGC84	CAZyme	CP000139.1	Bv_04249	5100335	5102341	-	GH20_e112|GH20
CGC84	CAZyme	CP000139.1	Bv_04250	5102345	5103985	-	GH33|GH33_e121
CGC84	TC	CP000139.1	Bv_04251	5104118	5105620	-	8.A.46.1.4
CGC84	TC	CP000139.1	Bv_04252	5105640	5108864	-	1.B.14.6.17
CGC84	null	CP000139.1	Bv_04254	5109501	5110541	+	null
CGC84	null	CP000139.1	Bv_04255	5110659	5111321	+	null
CGC84	TC	CP000139.1	Bv_04256	5111399	5114134	-	1.B.42.1.8
CGC84	STP	CP000139.1	Bv_04257	5114225	5114761	-	HD
CGC84	CAZyme	CP000139.1	Bv_04258	5114815	5115975	+	GH171|GH171_e3
CGC84	null	CP000139.1	Bv_04259	5116003	5116470	-	null
CGC84	null	CP000139.1	Bv_04260	5116439	5117353	-	null
CGC84	TC	CP000139.1	Bv_04261	5117337	5118989	-	3.A.1.112.9
