CGC1	TC	ABIK02000002.1	Csp_00073	71449	74874	-	3.A.11.1.5
CGC1	null	ABIK02000002.1	Csp_00074	74883	75437	-	null
CGC1	CAZyme	ABIK02000002.1	Csp_00075	75449	77533	-	GH13_e94|CBM48_e46|GH13_14|CBM48
CGC1	null	ABIK02000002.1	Csp_00076	77877	79289	+	null
CGC1	CAZyme	ABIK02000002.1	Csp_00077	79635	85709	-	PL8_e55|CBM32|CBM32_e156|CBM32_e85|PL8
CGC1	CAZyme	ABIK02000002.1	Csp_00078	86105	88501	-	GT35_e0|GT35
CGC1	CAZyme	ABIK02000002.1	Csp_00079	88503	90386	-	GH13_e200|CBM48_e2|GH13_9|CBM48
CGC1	TC	ABIK02000004.1	Csp_00165	19626	20060	-	4.A.6.1.10
CGC1	STP	ABIK02000004.1	Csp_00166	20066	21253	-	SIS+SIS
CGC1	CAZyme	ABIK02000004.1	Csp_00167	21491	22642	+	CE9_e11|CE9
CGC2	TC	ABIK02000004.1	Csp_00278	131301	132215	-	8.A.21.2.2
CGC2	null	ABIK02000004.1	Csp_00279	132229	132654	-	null
CGC2	null	ABIK02000004.1	Csp_00280	132669	133034	-	null
CGC2	CAZyme	ABIK02000004.1	Csp_00281	133283	139051	+	GH36_e54|CBM32|CBM32_e167
CGC3	TC	ABIK02000004.1	Csp_00306	159496	160149	-	2.A.115.2.8
CGC3	TF	ABIK02000004.1	Csp_00307	160136	160576	-	MarR
CGC3	TC	ABIK02000004.1	Csp_00308	160757	162091	+	2.A.66.1.33
CGC3	CAZyme	ABIK02000004.1	Csp_00309	162303	167882	+	GH92_e1|CBM32_e232|CBM32_e90|CBM32|CBM6|CBM6_e13|GH92
CGC3	TC	ABIK02000004.1	Csp_00310	168596	168901	-	4.A.2.1.10
CGC3	TC	ABIK02000004.1	Csp_00311	168925	169992	-	4.A.2.1.10
CGC3	null	ABIK02000004.1	Csp_00312	170057	170506	-	null
CGC3	TF	ABIK02000004.1	Csp_00313	170509	172536	-	Mga
CGC3	TC	ABIK02000004.1	Csp_00314	172850	173836	+	4.A.6.1.15
CGC3	TC	ABIK02000004.1	Csp_00315	173849	174667	+	4.A.6.1.10
CGC3	TC	ABIK02000004.1	Csp_00316	174690	175607	+	4.A.6.1.15
CGC3	CAZyme	ABIK02000004.1	Csp_00317	176283	180830	+	CBM32|GH92|GH92_e19
CGC3	null	ABIK02000004.1	Csp_00318	181307	182491	-	null
CGC3	CAZyme	ABIK02000004.1	Csp_00319	182802	187304	+	CBM32_e164|CBM32|GH92_e10|GH92|CBM32_e117
CGC3	null	ABIK02000004.1	Csp_00320	187675	189087	-	null
CGC3	CAZyme	ABIK02000004.1	Csp_00321	189422	195376	+	GH92_e22|CBM6_e13|CBM6_e49|GH92|CBM6
CGC4	TC	ABIK02000004.1	Csp_00328	208885	210639	+	3.A.1.117.3
CGC4	null	ABIK02000004.1	Csp_00329	210639	211280	+	null
CGC4	null	ABIK02000004.1	Csp_00330	211267	211584	+	null
CGC4	CAZyme	ABIK02000004.1	Csp_00331	212308	217317	+	CBM66_e1|GH32|GH32_e42|CBM66
CGC4	TC	ABIK02000004.1	Csp_00332	217488	218438	+	3.A.1.2.1
CGC1	TC	ABIK02000005.1	Csp_00529	45552	46037	-	4.A.1.2.6
CGC1	TC	ABIK02000005.1	Csp_00530	46254	47711	+	4.A.1.1.7
CGC1	null	ABIK02000005.1	Csp_00531	47727	48563	+	null
CGC1	CAZyme	ABIK02000005.1	Csp_00532	48794	53758	+	CBM32|GH84|GH84_e6|CBM32_e206
CGC2	TC	ABIK02000005.1	Csp_00637	165613	167196	+	3.A.1.117.3
CGC2	null	ABIK02000005.1	Csp_00638	168234	169001	+	null
CGC2	CAZyme	ABIK02000005.1	Csp_00639	169598	174607	+	GH36_e54|CBM32|CBM32_e89|CBM32_e167
CGC1	TC	ABIK02000006.1	Csp_00672	30506	32395	-	8.A.163.1.1
CGC1	CAZyme	ABIK02000006.1	Csp_00673	32653	33483	-	CE6|CE6_e10|CE0
CGC2	CAZyme	ABIK02000006.1	Csp_00729	83491	84273	-	GT4_e2881|GT4
CGC2	null	ABIK02000006.1	Csp_00730	84234	84707	-	null
CGC2	CAZyme	ABIK02000006.1	Csp_00731	84735	85892	-	GT4_e1150|GT4
CGC2	CAZyme	ABIK02000006.1	Csp_00732	85889	86848	-	GT2
CGC2	null	ABIK02000006.1	Csp_00733	87157	88317	+	null
CGC2	TC	ABIK02000006.1	Csp_00734	88446	89996	-	2.A.66.1.40
CGC3	CAZyme	ABIK02000006.1	Csp_00739	92944	94008	-	GT4_e2272|GT4
CGC3	null	ABIK02000006.1	Csp_00740	94023	95294	-	null
CGC3	TC	ABIK02000006.1	Csp_00741	95284	95877	-	9.B.18.1.4
CGC1	CAZyme	ABIK02000007.1	Csp_00949	118362	119645	-	GT4_e4014|GT4
CGC1	null	ABIK02000007.1	Csp_00950	119702	120466	-	null
CGC1	TC	ABIK02000007.1	Csp_00951	120451	121887	-	2.A.66.2.16
CGC1	null	ABIK02000007.1	Csp_00952	121880	123289	-	null
CGC1	CAZyme	ABIK02000007.1	Csp_00953	123305	124453	-	GT4|GT4_e2367
CGC1	CAZyme	ABIK02000007.1	Csp_00954	124620	125771	-	GT4_e1067|GT4
CGC1	TC	ABIK02000007.1	Csp_00955	125771	126814	-	9.B.18.2.1
CGC1	CAZyme	ABIK02000007.1	Csp_00956	126811	127995	-	GT4|GT4_e1086
CGC1	TC	ABIK02000007.1	Csp_00957	127995	128606	-	9.B.18.1.3
CGC2	CAZyme	ABIK02000007.1	Csp_00990	153844	158982	-	CBM32|GH84|GH84_e6|CBM32_e206
CGC2	null	ABIK02000007.1	Csp_00991	159288	160631	+	null
CGC2	null	ABIK02000007.1	Csp_00992	160662	161060	-	null
CGC2	TC	ABIK02000007.1	Csp_01014	163438	165288	-	3.A.1.11.7
CGC2	TC	ABIK02000007.1	Csp_01015	165266	166123	-	3.A.1.11.2
CGC2	TC	ABIK02000007.1	Csp_01016	166123	167166	-	3.A.1.11.8
CGC3	CAZyme	ABIK02000007.1	Csp_01024	173284	175500	-	GT2
CGC3	null	ABIK02000007.1	Csp_01025	175501	175887	-	null
CGC3	TC	ABIK02000007.1	Csp_01026	175897	176724	-	3.A.1.104.1
CGC3	TC	ABIK02000007.1	Csp_01027	176734	177555	-	3.A.1.104.1
CGC1	CAZyme	ABIK02000008.1	Csp_01281	187201	188628	-	GH77_e4|GH77
CGC1	null	ABIK02000008.1	Csp_01282	188630	189271	-	null
CGC1	TC	ABIK02000008.1	Csp_01283	189322	191334	-	9.A.8.1.14
CGC1	CAZyme	ABIK02000010.1	Csp_01384	37486	38445	-	GT2
CGC1	TC	ABIK02000010.1	Csp_01385	38432	38833	-	2.A.129.1.8
CGC1	TC	ABIK02000010.1	Csp_01386	38805	41237	-	9.B.144.1.8
CGC1	null	ABIK02000010.1	Csp_01387	42065	43414	+	null
CGC1	TC	ABIK02000010.1	Csp_01388	43582	44340	-	9.B.354.2.1
CGC1	TC	ABIK02000013.1	Csp_01567	61759	62652	-	3.A.1.126.1
CGC1	null	ABIK02000013.1	Csp_01568	62790	64157	+	null
CGC1	null	ABIK02000013.1	Csp_01569	64319	64831	+	null
CGC1	CAZyme	ABIK02000013.1	Csp_01570	65161	69735	+	GH20|GH20_e114
CGC1	CAZyme	ABIK02000013.1	Csp_01571	69865	72579	+	GH3_e28|GH3
CGC1	TC	ABIK02000014.1	Csp_01830	224500	226389	+	9.B.18.2.1
CGC1	null	ABIK02000014.1	Csp_01831	226393	226992	+	null
CGC1	TC	ABIK02000014.1	Csp_01832	226992	227606	+	9.B.18.1.3
CGC1	null	ABIK02000014.1	Csp_01833	227611	228468	+	null
CGC1	CAZyme	ABIK02000014.1	Csp_01834	228452	229624	+	GT4|GT4_e2305
CGC1	CAZyme	ABIK02000014.1	Csp_01835	229625	230596	+	GT2
CGC1	null	ABIK02000014.1	Csp_01836	230599	231927	+	null
CGC1	null	ABIK02000014.1	Csp_01837	233118	234071	+	null
CGC1	CAZyme	ABIK02000014.1	Csp_01838	234092	235303	+	GT4|GT4_e2349
CGC1	null	ABIK02000014.1	Csp_01839	235307	236425	+	null
CGC1	CAZyme	ABIK02000014.1	Csp_01840	236439	237584	+	GT4_e1150|GT4
CGC1	STP	ABIK02000014.1	Csp_01841	237595	239907	+	Fer4+Fer4
CGC1	TC	ABIK02000014.1	Csp_01842	239922	241463	+	2.A.66.1.40
CGC1	TC	ABIK02000014.1	Csp_01843	241482	242525	+	9.B.18.2.1
CGC2	CAZyme	ABIK02000014.1	Csp_01954	352349	356131	+	CBM32|GH84_e15|GH84
CGC2	TC	ABIK02000014.1	Csp_01955	356223	358229	-	3.A.1.134.12
CGC2	TC	ABIK02000014.1	Csp_01956	358219	358986	-	3.A.1.134.12
CGC1	TC	ABIK02000015.1	Csp_01998	20235	21305	-	9.A.28.1.2
CGC1	null	ABIK02000015.1	Csp_01999	21380	22453	-	null
CGC1	null	ABIK02000015.1	Csp_02000	22759	24759	-	null
CGC1	TC	ABIK02000015.1	Csp_02001	24815	25183	-	1.A.43.1.4
CGC1	STP	ABIK02000015.1	Csp_02002	25227	26636	-	Pribosyltran
CGC1	CAZyme	ABIK02000015.1	Csp_02003	26830	30201	-	CBM32_e223|CBM32|GH84_e15|GH84
CGC1	CAZyme	ABIK02000015.1	Csp_02004	30277	34011	-	GH20_e83|GH20
CGC1	CAZyme	ABIK02000015.1	Csp_02005	34088	38179	-	CBM32|GH84|GH84_e1
CGC1	null	ABIK02000015.1	Csp_02006	39518	40936	-	null
CGC1	TC	ABIK02000015.1	Csp_02007	41496	43130	-	2.A.53.3.9
CGC1	STP	ABIK02000015.1	Csp_02008	43468	44232	-	Fer4+Fer4
CGC1	TC	ABIK02000015.1	Csp_02009	44331	45983	-	2.A.58.2.7
CGC1	CAZyme	ABIK02000015.1	Csp_02010	46869	48665	+	CBM32_e156|CBM32|CBM32_e181
CGC1	null	ABIK02000015.1	Csp_02011	48683	49180	+	null
CGC1	CAZyme	ABIK02000015.1	Csp_02012	49297	52332	+	PL8_e19|CBM32|PL8
CGC2	CAZyme	ABIK02000015.1	Csp_02104	156090	162110	+	GH89|CBM32|GH89_e10|CBM32_e6
CGC2	null	ABIK02000015.1	Csp_02105	162350	163660	+	null
CGC2	null	ABIK02000015.1	Csp_02106	163826	166303	-	null
CGC2	TC	ABIK02000015.1	Csp_02107	166290	166985	-	3.A.1.122.27
CGC2	TC	ABIK02000015.1	Csp_02108	167069	167989	-	9.B.238.3.1
CGC3	TC	ABIK02000015.1	Csp_02175	237584	239242	-	3.A.1.106.11
CGC3	TC	ABIK02000015.1	Csp_02176	239229	240980	-	3.A.1.106.12
CGC3	CAZyme	ABIK02000015.1	Csp_02177	241272	242549	+	CE4|CE4_e134
CGC3	TC	ABIK02000015.1	Csp_02178	242598	244076	-	9.B.174.1.1
CGC3	null	ABIK02000015.1	Csp_02179	244106	244939	-	null
CGC3	null	ABIK02000015.1	Csp_02180	245049	246014	-	null
CGC3	TC	ABIK02000015.1	Csp_02181	246114	246935	-	2.A.119.2.1
CGC3	null	ABIK02000015.1	Csp_02182	247060	247299	-	null
CGC3	CAZyme	ABIK02000015.1	Csp_02183	247428	253937	-	GH31|CBM32|CBM32_e89|GH31_e75|CBM32_e76
CGC4	CAZyme	ABIK02000015.1	Csp_02202	275770	278955	-	GH105_e39|GH105
CGC4	TC	ABIK02000015.1	Csp_02203	279213	279611	-	3.A.2.1.5
CGC4	TC	ABIK02000015.1	Csp_02204	279604	281010	-	3.A.2.1.5
CGC4	TC	ABIK02000015.1	Csp_02205	281022	281879	-	3.A.2.1.5
CGC4	TC	ABIK02000015.1	Csp_02206	281886	283409	-	3.A.2.1.5
CGC4	TC	ABIK02000015.1	Csp_02207	283419	283952	-	3.A.2.1.5
CGC5	CAZyme	ABIK02000015.1	Csp_02223	295033	296193	-	GT4|GT4_e510
CGC5	null	ABIK02000015.1	Csp_02224	296250	296960	-	null
CGC5	CAZyme	ABIK02000015.1	Csp_02225	297030	297878	-	GT2
CGC5	CAZyme	ABIK02000015.1	Csp_02226	297880	298830	-	GT2
CGC5	CAZyme	ABIK02000015.1	Csp_02227	298845	299804	-	GT2
CGC5	null	ABIK02000015.1	Csp_02228	300146	300967	+	null
CGC5	null	ABIK02000015.1	Csp_02229	301073	301915	-	null
CGC5	CAZyme	ABIK02000015.1	Csp_02230	301930	304092	-	GT2
CGC5	TC	ABIK02000015.1	Csp_02231	304109	304882	-	3.A.1.103.4
CGC5	TC	ABIK02000015.1	Csp_02232	304893	306023	-	3.A.1.103.4
CGC5	null	ABIK02000015.1	Csp_02233	306222	308192	-	null
CGC5	CAZyme	ABIK02000015.1	Csp_02234	308518	309648	-	GT4_e419|GT4
CGC5	TC	ABIK02000015.1	Csp_02235	309648	311066	-	2.A.66.2.16
CGC5	CAZyme	ABIK02000015.1	Csp_02236	311068	312060	-	GT2
CGC5	null	ABIK02000015.1	Csp_02237	312063	312410	-	null
CGC5	CAZyme	ABIK02000015.1	Csp_02238	312428	313099	-	GT2
CGC5	CAZyme	ABIK02000015.1	Csp_02239	313137	314060	-	GT2
CGC5	CAZyme	ABIK02000015.1	Csp_02240	314078	314947	-	GT14_e50|GT14
CGC5	TC	ABIK02000015.1	Csp_02241	314973	316337	-	9.B.18.1.4
CGC5	null	ABIK02000015.1	Csp_02242	316524	317006	+	null
CGC5	TC	ABIK02000015.1	Csp_02243	317078	318205	-	9.B.10.1.1
CGC5	TC	ABIK02000015.1	Csp_02244	318659	320008	-	3.A.7.14.2
CGC5	null	ABIK02000015.1	Csp_02245	321613	325263	-	null
CGC5	CAZyme	ABIK02000015.1	Csp_02246	325425	329084	-	GH73_e65|GH73
CGC6	CAZyme	ABIK02000015.1	Csp_02345	434870	439810	+	CBM71_e0|GH2_e0|GH2
CGC6	TC	ABIK02000015.1	Csp_02346	439977	441227	-	2.A.40.1.1
CGC6	null	ABIK02000015.1	Csp_02347	441358	441843	+	null
CGC6	TC	ABIK02000015.1	Csp_02348	441911	442684	+	2.A.5.5.10
CGC6	null	ABIK02000015.1	Csp_02349	442769	442942	+	null
CGC6	null	ABIK02000015.1	Csp_02350	443204	443377	+	null
CGC6	TC	ABIK02000015.1	Csp_02351	443407	444573	-	9.B.67.1.2
CGC6	null	ABIK02000015.1	Csp_02352	444638	445573	+	null
CGC6	TC	ABIK02000015.1	Csp_02353	445651	447363	+	3.A.1.135.10
CGC6	TC	ABIK02000015.1	Csp_02354	447353	449089	+	3.A.1.135.5
