CGC1	TC	AAXF02000023.1	Bo_00047	5875	7635	+	3.A.2.3.3
CGC1	TC	AAXF02000023.1	Bo_00048	7665	8993	+	3.A.2.3.3
CGC1	TC	AAXF02000023.1	Bo_00049	9101	9706	+	3.A.2.3.3
CGC1	TC	AAXF02000023.1	Bo_00050	9703	11520	+	3.A.2.2.2
CGC1	TC	AAXF02000023.1	Bo_00051	11595	12059	+	3.A.2.2.2
CGC1	CAZyme	AAXF02000023.1	Bo_00052	12262	13923	+	GT3|GT3_e2
CGC1	CAZyme	AAXF02000023.1	Bo_00053	13961	16525	+	GT35|GT35_e7
CGC1	null	AAXF02000023.1	Bo_00054	16736	17839	-	null
CGC1	TC	AAXF02000023.1	Bo_00055	17978	19369	+	3.A.1.11.8
CGC1	TC	AAXF02000023.1	Bo_00056	19381	20181	+	3.A.1.11.8
CGC1	TC	AAXF02000023.1	Bo_00057	20175	20969	+	3.A.1.11.7
CGC1	TC	AAXF02000023.1	Bo_00058	20981	22333	+	3.A.1.11.8
CGC1	TC	AAXF02000025.1	Bo_00083	7580	9307	+	2.A.3.7.3
CGC1	TC	AAXF02000025.1	Bo_00084	9539	10807	-	9.B.238.3.1
CGC1	CAZyme	AAXF02000025.1	Bo_00087	11274	12911	+	GH27_e3|GH27|CBM35|CBM35_e26
CGC1	CAZyme	AAXF02000026.1	Bo_00112	15740	16354	-	CE4|CE4_e140
CGC1	TC	AAXF02000026.1	Bo_00113	16463	19876	-	9.B.142.9.16
CGC1	TF	AAXF02000026.1	Bo_00114	20128	20670	+	GerE
CGC1	STP	AAXF02000026.1	Bo_00115	20728	21729	+	FecR
CGC1	TC	AAXF02000026.1	Bo_00116	21900	25244	+	1.B.14.6.13
CGC1	TC	AAXF02000026.1	Bo_00117	25263	26864	+	8.A.46.2.2
CGC1	null	AAXF02000026.1	Bo_00118	26929	27882	+	null
CGC1	CAZyme	AAXF02000026.1	Bo_00119	27936	29576	+	GH18_e64|GH18
CGC1	TC	AAXF02000027.1	Bo_00135	22013	24664	-	3.A.3.4.1
CGC1	TC	AAXF02000027.1	Bo_00136	24785	26152	-	9.B.238.3.1
CGC1	TF	AAXF02000027.1	Bo_00137	26149	26835	-	Trans_reg_C
CGC1	CAZyme	AAXF02000027.1	Bo_00138	26981	29830	-	GH2_e106|GH2
CGC1	CAZyme	AAXF02000027.1	Bo_00139	29867	33166	-	GH2_e1|GH2
CGC1	null	AAXF02000027.1	Bo_00140	33266	34837	+	null
CGC1	CAZyme	AAXF02000027.1	Bo_00141	34900	39099	-	CBM57|GH2|GH2_e99|CBM57_e0|GH137|GH137_e0
CGC1	CAZyme	AAXF02000029.1	Bo_00195	9769	11001	-	GH109|GH109_e7
CGC1	TF	AAXF02000029.1	Bo_00196	11380	15468	+	HTH_AraC
CGC1	null	AAXF02000029.1	Bo_00197	15893	16042	+	null
CGC1	TC	AAXF02000029.1	Bo_00198	16060	19170	+	1.B.14.6.1
CGC1	null	AAXF02000029.1	Bo_00199	19189	21063	+	null
CGC1	TC	AAXF02000029.1	Bo_00200	21090	23909	+	1.B.14.6.17
CGC1	null	AAXF02000029.1	Bo_00201	23928	25688	+	null
CGC1	null	AAXF02000029.1	Bo_00202	25736	26773	+	null
CGC1	CAZyme	AAXF02000029.1	Bo_00203	26803	28557	+	GH10_e5|GH10
CGC1	CAZyme	AAXF02000029.1	Bo_00204	28588	30606	+	PL9|PL9_e6
CGC1	CAZyme	AAXF02000029.1	Bo_00205	30674	33229	+	GH115|GH115_e0
CGC1	CAZyme	AAXF02000029.1	Bo_00206	33245	35605	+	GH2|GH2_e127
CGC2	CAZyme	AAXF02000029.1	Bo_00210	38279	40264	+	GH97|GH97_e18
CGC2	CAZyme	AAXF02000029.1	Bo_00211	40281	41657	+	GH43_e59|GH43_29|CBM6|CBM6_e0
CGC2	CAZyme	AAXF02000029.1	Bo_00212	41706	45008	+	CE6|GH95|CE6_e2|GH95_e1
CGC2	CAZyme	AAXF02000029.1	Bo_00213	45029	46627	+	GH43_10|CBM91_e4|CBM91|GH43_e82
CGC2	CAZyme	AAXF02000029.1	Bo_00214	46771	49299	+	GH3_e0|GH3
CGC2	CAZyme	AAXF02000029.1	Bo_00215	49320	51431	+	GH67|GH67_e0
CGC2	null	AAXF02000029.1	Bo_00216	52088	53485	+	null
CGC2	TC	AAXF02000029.1	Bo_00217	53513	56608	+	1.B.14.6.16
CGC1	CAZyme	AAXF02000030.1	Bo_00220	97	2718	-	GH138_e1|GH138
CGC1	null	AAXF02000030.1	Bo_00221	2724	2876	-	null
CGC1	TC	AAXF02000030.1	Bo_00222	3014	5446	+	9.B.238.3.2
CGC1	null	AAXF02000030.1	Bo_00223	5561	6091	+	null
CGC1	TC	AAXF02000030.1	Bo_00224	6536	7771	-	2.A.1.49.8
CGC2	CAZyme	AAXF02000030.1	Bo_00228	10412	11965	-	GH165_e0|GH165
CGC2	null	AAXF02000030.1	Bo_00229	11988	13550	-	null
CGC2	CAZyme	AAXF02000030.1	Bo_00230	13563	15275	-	GH165_e0|GH165
CGC2	CAZyme	AAXF02000030.1	Bo_00231	15289	16971	-	GH165_e0|GH165
CGC2	null	AAXF02000030.1	Bo_00232	16988	18736	-	null
CGC2	TC	AAXF02000030.1	Bo_00233	18757	22005	-	1.B.14.6.17
CGC1	TC	AAXF02000031.1	Bo_00294	28031	29218	+	1.B.6.1.6
CGC1	TC	AAXF02000031.1	Bo_00295	29937	32282	+	9.B.110.1.1
CGC1	null	AAXF02000031.1	Bo_00296	32373	33467	-	null
CGC1	null	AAXF02000031.1	Bo_00297	33895	37116	+	null
CGC1	CAZyme	AAXF02000031.1	Bo_00298	37218	39200	-	GH20|GH20_e106
CGC1	CAZyme	AAXF02000032.1	Bo_00336	25531	26274	-	GT2
CGC1	TC	AAXF02000032.1	Bo_00337	26461	29823	+	3.A.11.1.5
CGC1	TC	AAXF02000033.1	Bo_00401	50676	53048	-	9.B.238.3.1
CGC1	CAZyme	AAXF02000033.1	Bo_00402	53463	54425	-	GH43_1|GH43_e53
CGC1	CAZyme	AAXF02000033.1	Bo_00403	54471	55589	-	GH10_e83|GH10
CGC1	TC	AAXF02000033.1	Bo_00404	55609	57003	-	2.A.2.3.2
CGC1	CAZyme	AAXF02000033.1	Bo_00405	57381	60920	-	GH97|GH97_e16
CGC1	null	AAXF02000033.1	Bo_00406	60944	62560	-	null
CGC1	CAZyme	AAXF02000033.1	Bo_00407	62584	65601	-	GH115|GH115_e0
CGC1	null	AAXF02000033.1	Bo_00408	65585	65695	-	null
CGC1	TF	AAXF02000033.1	Bo_00409	65849	69850	+	HTH_AraC+HTH_AraC
CGC1	CAZyme	AAXF02000033.1	Bo_00410	69914	71299	-	GH43_e59|GH43_29|CBM6|CBM6_e0
CGC1	CAZyme	AAXF02000033.1	Bo_00411	71339	73696	-	GH2|GH2_e127
CGC1	CAZyme	AAXF02000033.1	Bo_00412	73710	76592	-	GH2|GH2_e145
CGC1	CAZyme	AAXF02000033.1	Bo_00413	76711	78687	-	GH97|GH97_e18
CGC1	null	AAXF02000033.1	Bo_00414	78753	79445	-	null
CGC1	CAZyme	AAXF02000033.1	Bo_00415	79661	82066	-	GH146|GH146_e13
CGC1	CAZyme	AAXF02000033.1	Bo_00416	82063	84648	-	GH31_e92|GH31
CGC1	CAZyme	AAXF02000033.1	Bo_00417	84716	87280	-	GH2|GH2_e127
CGC1	TC	AAXF02000034.1	Bo_00461	48320	49939	-	9.B.325.1.1
CGC1	null	AAXF02000034.1	Bo_00462	50009	50155	-	null
CGC1	null	AAXF02000034.1	Bo_00463	50205	50786	+	null
CGC1	TC	AAXF02000034.1	Bo_00464	50826	52010	+	3.A.30.1.1
CGC1	null	AAXF02000034.1	Bo_00465	52149	53288	+	null
CGC1	null	AAXF02000034.1	Bo_00466	53491	53883	-	null
CGC1	TC	AAXF02000034.1	Bo_00467	53978	55696	-	8.A.46.1.1
CGC1	TC	AAXF02000034.1	Bo_00468	55708	58452	-	1.B.14.6.1
CGC1	CAZyme	AAXF02000034.1	Bo_00469	58551	60626	-	CBM32_e198|GH20_e12|GH20
CGC1	CAZyme	AAXF02000034.1	Bo_00470	60626	62950	-	GH20_e12|GH20
CGC1	CAZyme	AAXF02000034.1	Bo_00471	62985	65576	-	GH2_e80|GH2
CGC1	CAZyme	AAXF02000034.1	Bo_00472	65733	67367	-	GH33|GH33_e121
CGC1	TC	AAXF02000035.1	Bo_00525	57678	61103	+	1.B.14.6.1
CGC1	null	AAXF02000035.1	Bo_00526	61109	62866	+	null
CGC1	TC	AAXF02000035.1	Bo_00527	62896	65724	+	1.B.14.6.17
CGC1	CAZyme	AAXF02000035.1	Bo_00528	65751	68414	+	GH16|GH16_e107
CGC1	CAZyme	AAXF02000035.1	Bo_00529	68434	71583	+	GH16|GH3_e1|GH16_e107|GH3
CGC1	CAZyme	AAXF02000037.1	Bo_00621	23319	24734	-	CBM50_e801|CBM50
CGC1	null	AAXF02000037.1	Bo_00622	24747	25019	-	null
CGC1	null	AAXF02000037.1	Bo_00623	25012	26322	-	null
CGC1	TC	AAXF02000037.1	Bo_00624	26319	27278	-	3.A.5.1.1
CGC1	CAZyme	AAXF02000038.1	Bo_00714	48421	50988	-	GH2_e80|GH2
CGC1	null	AAXF02000038.1	Bo_00715	51020	52438	-	null
CGC1	TC	AAXF02000038.1	Bo_00716	52473	54026	-	8.A.46.1.2
CGC1	TC	AAXF02000038.1	Bo_00717	54059	57313	-	1.B.14.6.17
CGC1	TC	AAXF02000039.1	Bo_00767	27307	28662	+	9.B.145.1.2
CGC1	null	AAXF02000039.1	Bo_00768	28682	30823	+	null
CGC1	null	AAXF02000039.1	Bo_00769	30852	31718	-	null
CGC1	CAZyme	AAXF02000039.1	Bo_00770	31862	34519	+	CBM67_e3|CBM67|GH78|GH78_e29
CGC1	TC	AAXF02000039.1	Bo_00771	35278	37212	-	1.I.1.1.3
CGC1	null	AAXF02000039.1	Bo_00772	37328	38395	-	null
CGC1	CAZyme	AAXF02000039.1	Bo_00773	38561	40027	-	GH125|GH125_e1
CGC1	CAZyme	AAXF02000039.1	Bo_00774	40063	41226	-	GH76|GH76_e42
CGC2	CAZyme	AAXF02000039.1	Bo_00804	79885	82392	+	GH20_e108|GH20
CGC2	null	AAXF02000039.1	Bo_00805	82516	84159	+	null
CGC2	TC	AAXF02000039.1	Bo_00806	84369	87374	+	1.B.14.6.17
CGC2	TC	AAXF02000039.1	Bo_00807	87374	88909	+	1.B.38.1.10
CGC2	CAZyme	AAXF02000039.1	Bo_00808	88950	90431	+	GH30_e41|GH30_3
CGC2	null	AAXF02000039.1	Bo_00809	90483	92450	+	null
CGC2	CAZyme	AAXF02000039.1	Bo_00810	92637	94883	+	GH3_e10|GH3
CGC1	TC	AAXF02000040.1	Bo_00833	3158	4168	-	8.A.5.1.6
CGC1	TF	AAXF02000040.1	Bo_00834	4288	8343	-	HTH_AraC
CGC1	CAZyme	AAXF02000040.1	Bo_00835	8552	10510	+	CBM35|CBM35_e36|GH35_e9
CGC1	TC	AAXF02000040.1	Bo_00836	10745	14080	+	1.B.14.6.17
CGC1	TC	AAXF02000040.1	Bo_00837	14109	16160	+	8.A.46.3.4
CGC1	null	AAXF02000040.1	Bo_00838	16177	16326	+	null
CGC1	CAZyme	AAXF02000040.1	Bo_00839	16277	17968	+	CE12|CE4_e9|CE4|CE12_e30|CE0
CGC1	CAZyme	AAXF02000040.1	Bo_00840	17974	19365	+	GH43_24|GH43_e205
CGC1	CAZyme	AAXF02000040.1	Bo_00841	19412	21760	+	GH115_e4|GH115
CGC1	TC	AAXF02000040.1	Bo_00842	21847	23334	-	2.A.50.2.3
CGC2	CAZyme	AAXF02000040.1	Bo_00913	83182	84405	-	GT30_e38|GT30
CGC2	null	AAXF02000040.1	Bo_00914	84418	85935	-	null
CGC2	TC	AAXF02000040.1	Bo_00915	86030	88102	+	9.B.28.5.3
CGC2	null	AAXF02000040.1	Bo_00916	88077	88547	-	null
CGC2	CAZyme	AAXF02000040.1	Bo_00917	88565	90361	-	GH123_e16|GH123
CGC2	TC	AAXF02000040.1	Bo_00918	90413	92869	-	3.A.11.1.5
CGC2	TC	AAXF02000040.1	Bo_00919	93061	93636	-	1.B.44.2.1
CGC1	TC	AAXF02000041.1	Bo_00978	31296	34727	+	1.B.14.6.17
CGC1	TC	AAXF02000041.1	Bo_00979	34734	36584	+	8.A.46.3.4
CGC1	null	AAXF02000041.1	Bo_00980	36605	38065	+	null
CGC1	CAZyme	AAXF02000041.1	Bo_00981	38199	40382	+	GH89|GH89_e5
CGC2	TC	AAXF02000041.1	Bo_00987	47386	48102	+	1.A.30.2.9
CGC2	null	AAXF02000041.1	Bo_00988	48110	48526	+	null
CGC2	null	AAXF02000041.1	Bo_00989	48533	49408	+	null
CGC2	TC	AAXF02000041.1	Bo_00990	49436	49987	+	8.A.145.1.5
CGC2	null	AAXF02000041.1	Bo_00991	49995	50654	+	null
CGC2	TC	AAXF02000041.1	Bo_00992	50655	51803	+	3.A.11.1.5
CGC2	TC	AAXF02000041.1	Bo_00993	51769	52752	+	3.A.11.1.5
CGC2	null	AAXF02000041.1	Bo_00994	52976	53440	+	null
CGC2	CAZyme	AAXF02000041.1	Bo_00995	53461	54333	+	CBM50_e27|CBM50
CGC2	null	AAXF02000041.1	Bo_00996	54435	54998	+	null
CGC2	TC	AAXF02000041.1	Bo_00997	54988	56346	+	9.B.214.3.2
CGC3	TC	AAXF02000041.1	Bo_01018	77993	81850	-	2.A.6.8.3
CGC3	CAZyme	AAXF02000041.1	Bo_01019	81847	83037	-	GT2
CGC4	CAZyme	AAXF02000041.1	Bo_01051	119520	121673	+	GH31|GH31_e23
CGC4	CAZyme	AAXF02000041.1	Bo_01052	121716	123275	+	GH76_e36|GH76
CGC4	CAZyme	AAXF02000041.1	Bo_01053	123693	125303	+	CBM32|CBM32_e210
CGC4	TC	AAXF02000041.1	Bo_01054	125413	128550	+	1.B.14.6.17
CGC1	TC	AAXF02000042.1	Bo_01086	38281	40338	-	5.A.1.1.1
CGC1	null	AAXF02000042.1	Bo_01087	40354	40653	-	null
CGC1	null	AAXF02000042.1	Bo_01088	40720	41373	+	null
CGC1	CAZyme	AAXF02000042.1	Bo_01089	41398	42789	+	GH23|GH23_e996
CGC1	TC	AAXF02000042.1	Bo_01090	42826	44373	-	2.A.21.2.4
CGC2	CAZyme	AAXF02000042.1	Bo_01106	62104	64452	+	GT51_e13|GT51
CGC2	TC	AAXF02000042.1	Bo_01107	64479	65654	+	2.A.1.36.3
CGC2	null	AAXF02000042.1	Bo_01108	65701	66135	+	null
CGC2	TC	AAXF02000042.1	Bo_01109	66292	67719	+	2.A.35.1.3
CGC3	CAZyme	AAXF02000042.1	Bo_01115	73062	73880	-	CE1_e22|CE1
CGC3	null	AAXF02000042.1	Bo_01116	73906	74340	-	null
CGC3	TC	AAXF02000042.1	Bo_01117	74522	76900	+	1.B.14.6.5
CGC3	null	AAXF02000042.1	Bo_01118	76934	77719	+	null
CGC3	TC	AAXF02000042.1	Bo_01119	77971	79263	+	1.A.112.2.3
CGC3	null	AAXF02000042.1	Bo_01120	79321	79797	+	null
CGC3	null	AAXF02000042.1	Bo_01121	79886	80443	-	null
CGC3	CAZyme	AAXF02000042.1	Bo_01122	80508	81728	-	GH88|GH88_e24
CGC3	CAZyme	AAXF02000042.1	Bo_01123	81817	83466	-	GH43_10|CBM91|CBM91_e10|GH43_e0
CGC3	null	AAXF02000042.1	Bo_01124	83719	85122	-	null
CGC3	null	AAXF02000042.1	Bo_01125	85128	86654	-	null
CGC3	TC	AAXF02000042.1	Bo_01126	86686	88410	-	8.A.46.3.4
CGC3	TC	AAXF02000042.1	Bo_01127	88423	91659	-	1.B.14.6.17
CGC4	CAZyme	AAXF02000042.1	Bo_01132	96674	99814	-	GH2_e30|GH2
CGC4	null	AAXF02000042.1	Bo_01133	99908	101188	-	null
CGC4	null	AAXF02000042.1	Bo_01134	101226	102689	-	null
CGC4	TC	AAXF02000042.1	Bo_01135	102724	104445	-	8.A.46.3.4
CGC4	TC	AAXF02000042.1	Bo_01136	104473	107706	-	1.B.14.6.16
CGC5	CAZyme	AAXF02000042.1	Bo_01142	115609	117540	-	GH146|GH146_e0
CGC5	CAZyme	AAXF02000042.1	Bo_01143	117585	118973	-	GH28_e57|GH28
CGC5	CAZyme	AAXF02000042.1	Bo_01144	119147	120574	-	GH30_e66|GH30_2
CGC5	null	AAXF02000042.1	Bo_01145	120659	122017	-	null
CGC5	null	AAXF02000042.1	Bo_01146	122038	123561	-	null
CGC5	TC	AAXF02000042.1	Bo_01147	123580	125334	-	8.A.46.3.4
CGC5	TC	AAXF02000042.1	Bo_01148	125348	128506	-	1.B.14.6.17
CGC6	TC	AAXF02000042.1	Bo_01155	135723	136565	+	8.A.5.1.4
CGC6	CAZyme	AAXF02000042.1	Bo_01156	136774	138726	-	GH97|GH97_e24
CGC1	CAZyme	AAXF02000043.1	Bo_01193	33653	34852	+	GH20_e108|GH20
CGC1	CAZyme	AAXF02000043.1	Bo_01194	34873	36501	+	GH20_e12|GH20
CGC1	TC	AAXF02000043.1	Bo_01195	36523	37638	+	9.B.169.4.2
CGC1	null	AAXF02000043.1	Bo_01196	37765	39378	-	null
CGC1	TC	AAXF02000043.1	Bo_01197	39466	40500	-	8.A.1.1.2
CGC1	TC	AAXF02000044.1	Bo_01381	106189	109578	+	1.B.14.6.1
CGC1	null	AAXF02000044.1	Bo_01382	109654	111513	+	null
CGC1	null	AAXF02000044.1	Bo_01383	111532	113094	+	null
CGC1	CAZyme	AAXF02000044.1	Bo_01384	113096	114493	+	GH27_e11|GH27
CGC1	CAZyme	AAXF02000044.1	Bo_01385	114499	114912	+	CBM35_e33|CBM35
CGC2	CAZyme	AAXF02000044.1	Bo_01393	123864	125174	+	CE7|CE7_e20
CGC2	null	AAXF02000044.1	Bo_01394	125179	125580	-	null
CGC2	null	AAXF02000044.1	Bo_01395	125798	127471	-	null
CGC2	TC	AAXF02000044.1	Bo_01396	127554	129251	+	2.A.58.2.2
CGC2	null	AAXF02000044.1	Bo_01397	129341	130063	-	null
CGC2	null	AAXF02000044.1	Bo_01398	130179	130343	-	null
CGC2	TC	AAXF02000044.1	Bo_01399	130479	131741	+	9.B.238.3.2
CGC2	TC	AAXF02000044.1	Bo_01400	131832	134537	+	3.A.3.2.10
CGC1	TC	AAXF02000045.1	Bo_01431	12305	12871	+	1.B.9.4.2
CGC1	TC	AAXF02000045.1	Bo_01432	12819	13901	+	1.B.9.4.7
CGC1	null	AAXF02000045.1	Bo_01433	14022	14828	-	null
CGC1	null	AAXF02000045.1	Bo_01434	14869	15339	-	null
CGC1	CAZyme	AAXF02000045.1	Bo_01435	15495	16481	-	GH109|GH109_e7
CGC1	CAZyme	AAXF02000045.1	Bo_01436	16939	18162	-	PL38|PL38_e14
CGC1	null	AAXF02000045.1	Bo_01437	18204	19628	-	null
CGC1	null	AAXF02000045.1	Bo_01438	19644	21158	-	null
CGC1	TC	AAXF02000045.1	Bo_01439	21178	22659	-	8.A.46.1.3
CGC1	TC	AAXF02000045.1	Bo_01440	22680	25796	-	1.B.14.6.17
CGC1	CAZyme	AAXF02000045.1	Bo_01441	25820	27022	-	PL38|PL38_e14
CGC1	CAZyme	AAXF02000045.1	Bo_01442	27261	28211	-	PL38|PL38_e19
CGC1	CAZyme	AAXF02000045.1	Bo_01443	28246	30735	-	GH2|GH2_e78
CGC1	CAZyme	AAXF02000045.1	Bo_01444	30800	32059	-	GH88|GH88_e11
CGC1	TF	AAXF02000045.1	Bo_01445	32226	36461	-	Mga+HTH_AraC
CGC1	STP	AAXF02000045.1	Bo_01446	36448	37287	-	SBP_bac_3
CGC1	TC	AAXF02000045.1	Bo_01447	37305	39356	-	1.B.14.15.2
CGC2	TC	AAXF02000045.1	Bo_01456	44724	48050	+	1.B.14.6.1
CGC2	null	AAXF02000045.1	Bo_01457	48063	49880	+	null
CGC2	null	AAXF02000045.1	Bo_01458	49912	51618	+	null
CGC2	CAZyme	AAXF02000045.1	Bo_01459	51741	56111	+	GH88|GH88_e24|GH92|GH92_e0
CGC3	CAZyme	AAXF02000045.1	Bo_01466	61042	62901	+	GH141_e0|GH141
CGC3	null	AAXF02000045.1	Bo_01467	62987	63082	+	null
CGC3	CAZyme	AAXF02000045.1	Bo_01468	63054	65333	+	GH31|GH31_e16
CGC3	STP	AAXF02000045.1	Bo_01469	65335	67140	+	B12-binding_2+B12-binding
CGC3	TC	AAXF02000045.1	Bo_01470	67274	68845	+	2.A.21.3.6
CGC4	TC	AAXF02000045.1	Bo_01482	84220	85914	-	2.A.21.3.19
CGC4	null	AAXF02000045.1	Bo_01483	85940	87079	-	null
CGC4	CAZyme	AAXF02000045.1	Bo_01484	87455	89437	+	GH51_e47|GH51
CGC4	null	AAXF02000045.1	Bo_01485	89557	90711	-	null
CGC4	TC	AAXF02000045.1	Bo_01486	90759	92099	-	2.A.1.7.2
CGC5	CAZyme	AAXF02000045.1	Bo_01514	119148	120314	+	GT4|GT4_e3332
CGC5	CAZyme	AAXF02000045.1	Bo_01515	120316	121284	+	GT2
CGC5	null	AAXF02000045.1	Bo_01516	121301	122263	+	null
CGC5	TC	AAXF02000045.1	Bo_01517	122734	124056	+	2.A.50.2.3
CGC5	null	AAXF02000045.1	Bo_01518	124063	124971	+	null
CGC5	null	AAXF02000045.1	Bo_01519	124974	125489	+	null
CGC5	CAZyme	AAXF02000045.1	Bo_01520	125495	126049	+	GT4|GT4_e1502
CGC5	CAZyme	AAXF02000045.1	Bo_01521	126070	126804	+	GT26|GT26_e25
CGC1	TC	AAXF02000046.1	Bo_01616	47378	48826	+	2.A.128.2.3
CGC1	TC	AAXF02000046.1	Bo_01617	48917	50185	+	9.B.146.1.3
CGC1	null	AAXF02000046.1	Bo_01618	50327	51661	+	null
CGC1	TC	AAXF02000046.1	Bo_01619	51694	53022	+	2.A.103.1.3
CGC1	CAZyme	AAXF02000046.1	Bo_01620	53051	54175	+	GT28_e43|GT28
CGC2	TC	AAXF02000046.1	Bo_01651	88316	89296	+	1.A.35.3.1
CGC2	null	AAXF02000046.1	Bo_01652	89424	90965	-	null
CGC2	null	AAXF02000046.1	Bo_01653	91146	91748	-	null
CGC2	TC	AAXF02000046.1	Bo_01654	91839	94043	-	3.A.10.1.10
CGC2	TF	AAXF02000046.1	Bo_01655	94520	97348	-	HTH_AraC
CGC2	null	AAXF02000046.1	Bo_01656	97591	99960	+	null
CGC2	CAZyme	AAXF02000046.1	Bo_01657	100043	102232	+	GH36_e24|GH36
CGC2	null	AAXF02000046.1	Bo_01658	102610	103827	-	null
CGC2	null	AAXF02000046.1	Bo_01659	103841	105181	-	null
CGC2	TC	AAXF02000046.1	Bo_01660	105198	105950	-	9.B.29.2.12
CGC3	CAZyme	AAXF02000046.1	Bo_01679	127129	128901	+	GT83_e8|GT83
CGC3	TC	AAXF02000046.1	Bo_01680	128888	130867	-	2.A.127.1.5
CGC3	null	AAXF02000046.1	Bo_01681	130914	131354	-	null
CGC3	CAZyme	AAXF02000046.1	Bo_01682	131317	132273	-	GT2
CGC3	CAZyme	AAXF02000046.1	Bo_01683	132270	133073	-	CE4|CE4_e54
CGC3	TC	AAXF02000046.1	Bo_01684	133088	134923	-	3.A.1.106.20
CGC4	TC	AAXF02000046.1	Bo_01718	170943	173783	+	9.A.34.1.10
CGC4	CAZyme	AAXF02000046.1	Bo_01719	173929	176517	+	PL29_e9|PL29
CGC5	CAZyme	AAXF02000046.1	Bo_01724	181704	184565	-	PL8_e21|PL8_2
CGC5	null	AAXF02000046.1	Bo_01725	184679	186229	-	null
CGC5	CAZyme	AAXF02000046.1	Bo_01726	186381	187583	-	GH88|GH88_e11
CGC5	CAZyme	AAXF02000046.1	Bo_01727	187866	189674	-	GH2_e14|GH2
CGC5	null	AAXF02000046.1	Bo_01728	189714	190790	-	null
CGC5	CAZyme	AAXF02000046.1	Bo_01729	190794	191879	-	GH43_3|GH43_e310
CGC5	TC	AAXF02000046.1	Bo_01730	191906	193735	-	1.B.38.1.10
CGC5	TC	AAXF02000046.1	Bo_01731	193759	197259	-	1.B.14.6.17
CGC6	TC	AAXF02000046.1	Bo_01742	208827	211592	-	1.B.14.6.17
CGC6	null	AAXF02000046.1	Bo_01743	211626	213422	-	null
CGC6	TC	AAXF02000046.1	Bo_01744	213434	216610	-	1.B.14.6.1
CGC6	CAZyme	AAXF02000046.1	Bo_01745	217044	220151	+	GH2_e30|GH2
CGC6	TC	AAXF02000046.1	Bo_01746	220335	221510	+	8.A.1.6.3
CGC6	TC	AAXF02000046.1	Bo_01747	221527	224958	+	2.A.6.2.22
CGC6	TC	AAXF02000046.1	Bo_01748	224970	226361	+	2.A.6.2.5
CGC1	TC	AAXF02000047.1	Bo_01760	622	1146	-	2.A.51.1.6
CGC1	null	AAXF02000047.1	Bo_01761	1143	1700	-	null
CGC1	CAZyme	AAXF02000047.1	Bo_01762	1732	4221	-	GH95|GH95_e0
CGC2	CAZyme	AAXF02000047.1	Bo_01788	33206	35389	-	GH89|GH89_e5
CGC2	TC	AAXF02000047.1	Bo_01789	35396	36481	-	9.B.169.4.2
CGC2	TC	AAXF02000047.1	Bo_01790	36496	37752	-	2.A.8.1.9
CGC2	null	AAXF02000047.1	Bo_01791	37759	38901	-	null
CGC2	CAZyme	AAXF02000047.1	Bo_01792	38910	41066	-	GH89|GH89_e9
CGC2	null	AAXF02000047.1	Bo_01793	41095	41886	-	null
CGC2	null	AAXF02000047.1	Bo_01794	41906	43639	-	null
CGC2	TC	AAXF02000047.1	Bo_01795	43660	47079	-	1.B.14.6.17
CGC3	CAZyme	AAXF02000047.1	Bo_01810	67018	67992	-	GH18_e281|GH0|GH18
CGC3	null	AAXF02000047.1	Bo_01811	68062	69735	-	null
CGC3	TC	AAXF02000047.1	Bo_01812	69759	71393	-	8.A.46.1.3
CGC3	TC	AAXF02000047.1	Bo_01813	71414	74374	-	1.B.14.6.1
CGC4	TC	AAXF02000047.1	Bo_01836	110972	112345	-	2.A.2.3.6
CGC4	CAZyme	AAXF02000047.1	Bo_01837	112375	113547	-	GH130_e6|GH130
CGC4	CAZyme	AAXF02000047.1	Bo_01838	113589	115796	-	GH36_e36|GH36
CGC4	CAZyme	AAXF02000047.1	Bo_01839	115806	116906	-	GH26|GH26_e61
CGC4	CAZyme	AAXF02000047.1	Bo_01840	116924	118006	-	GH26_e89|GH26
CGC4	null	AAXF02000047.1	Bo_01841	118026	119201	-	null
CGC4	TC	AAXF02000047.1	Bo_01842	119252	121063	-	1.B.38.1.10
CGC4	TC	AAXF02000047.1	Bo_01843	121090	124338	-	1.B.14.6.1
CGC5	TC	AAXF02000047.1	Bo_01913	205027	208107	-	1.B.14.6.17
CGC5	null	AAXF02000047.1	Bo_01914	208131	209564	-	null
CGC5	CAZyme	AAXF02000047.1	Bo_01915	209620	211521	-	GH43_3|GH43_e196
CGC5	null	AAXF02000047.1	Bo_01916	211887	212957	-	null
CGC5	CAZyme	AAXF02000047.1	Bo_01917	213069	214181	-	GH105_e43|GH105
CGC5	null	AAXF02000047.1	Bo_01918	214230	216026	-	null
CGC5	CAZyme	AAXF02000047.1	Bo_01919	216053	219118	-	GH115|GH115_e6
CGC5	null	AAXF02000047.1	Bo_01920	219180	221222	-	null
CGC5	TC	AAXF02000047.1	Bo_01921	221243	224524	-	1.B.14.6.17
CGC6	TC	AAXF02000047.1	Bo_01931	240543	241997	+	2.A.66.2.23
CGC6	CAZyme	AAXF02000047.1	Bo_01932	241987	243039	+	GT0|GT23_e5
CGC6	null	AAXF02000047.1	Bo_01933	243095	243958	+	null
CGC6	null	AAXF02000047.1	Bo_01934	243955	244977	+	null
CGC6	CAZyme	AAXF02000047.1	Bo_01935	244950	246068	+	GT4_e1579|GT4
CGC6	CAZyme	AAXF02000047.1	Bo_01936	246061	247344	+	GT4_e1535|GT4
CGC6	CAZyme	AAXF02000047.1	Bo_01937	247337	248086	+	GT2
CGC1	TC	AAXF02000048.1	Bo_02092	129629	130984	+	2.C.1.4.3
CGC1	null	AAXF02000048.1	Bo_02093	131130	131687	-	null
CGC1	null	AAXF02000048.1	Bo_02094	131863	133002	+	null
CGC1	CAZyme	AAXF02000048.1	Bo_02101	133926	135092	+	CE9_e7|CE9
CGC1	CAZyme	AAXF02000048.1	Bo_02102	135114	136289	+	CE9_e7|CE9
CGC1	null	AAXF02000048.1	Bo_02103	136530	136892	-	null
CGC1	null	AAXF02000048.1	Bo_02104	137129	138394	+	null
CGC1	TC	AAXF02000048.1	Bo_02105	138417	139511	+	2.A.6.1.11
CGC1	TC	AAXF02000048.1	Bo_02106	139526	142651	+	2.A.6.1.17
CGC1	TC	AAXF02000048.1	Bo_02107	142739	144070	-	9.B.238.3.2
CGC1	TF	AAXF02000048.1	Bo_02108	144094	144768	-	Trans_reg_C
CGC1	CAZyme	AAXF02000048.1	Bo_02109	144887	146896	+	GH97|GH97_e10
CGC1	TC	AAXF02000048.1	Bo_02110	147137	148801	-	4.C.1.1.4
CGC1	TC	AAXF02000048.1	Bo_02111	149083	150549	-	2.A.36.6.11
CGC1	TC	AAXF02000048.1	Bo_02112	150641	151900	+	2.A.40.1.4
CGC2	CAZyme	AAXF02000048.1	Bo_02177	224508	225725	+	GT4_e1803|GT4
CGC2	CAZyme	AAXF02000048.1	Bo_02178	225729	226865	+	GT4_e2257|GT4
CGC2	null	AAXF02000048.1	Bo_02179	226877	227425	+	null
CGC2	CAZyme	AAXF02000048.1	Bo_02180	227706	228656	+	GT0|GT4_e19
CGC2	STP	AAXF02000048.1	Bo_02181	228666	229661	+	Nitroreductase+Nitroreductase
CGC2	null	AAXF02000048.1	Bo_02182	229665	230699	+	null
CGC2	CAZyme	AAXF02000048.1	Bo_02183	230711	231817	+	GT4_e1676|GT4
CGC2	null	AAXF02000048.1	Bo_02184	231858	232820	+	null
CGC2	CAZyme	AAXF02000048.1	Bo_02185	232863	233618	+	GT2
CGC2	TC	AAXF02000048.1	Bo_02186	233656	235062	+	9.B.18.1.1
CGC2	null	AAXF02000048.1	Bo_02187	235119	235943	+	null
CGC2	TC	AAXF02000048.1	Bo_02188	235953	238394	+	8.A.3.3.4
CGC3	TC	AAXF02000048.1	Bo_02200	253739	255193	+	2.A.68.1.4
CGC3	TF	AAXF02000048.1	Bo_02201	255293	255901	+	GerE
CGC3	STP	AAXF02000048.1	Bo_02202	255958	256986	+	FecR
CGC3	TC	AAXF02000048.1	Bo_02203	257114	260503	+	1.B.14.6.17
CGC3	TC	AAXF02000048.1	Bo_02204	260532	262346	+	8.A.46.3.4
CGC3	TC	AAXF02000048.1	Bo_02205	262420	263859	+	2.A.127.1.7
CGC3	CAZyme	AAXF02000048.1	Bo_02206	263861	265909	+	GH2_e122|GH2
CGC3	null	AAXF02000048.1	Bo_02207	266184	266351	+	null
CGC3	TC	AAXF02000048.1	Bo_02208	266613	267506	+	1.A.30.1.6
CGC1	TC	AAXF02000049.1	Bo_02322	372	2222	-	1.A.23.1.4
CGC1	TC	AAXF02000049.1	Bo_02323	2350	3339	+	2.A.19.5.2
CGC1	CAZyme	AAXF02000049.1	Bo_02324	3336	5333	-	GH172|GH172_e1
CGC1	CAZyme	AAXF02000049.1	Bo_02325	5643	6620	+	GH5_e79|GH5_2
CGC1	TC	AAXF02000049.1	Bo_02326	6740	9991	+	1.B.14.6.17
CGC1	TC	AAXF02000049.1	Bo_02327	10004	11767	+	8.A.46.1.3
CGC1	null	AAXF02000049.1	Bo_02328	11797	12969	+	null
CGC1	CAZyme	AAXF02000049.1	Bo_02329	13029	14114	+	GH5_5|GH5_e75
CGC1	CAZyme	AAXF02000049.1	Bo_02330	14133	16703	+	GH2_e40|GH2
CGC1	CAZyme	AAXF02000049.1	Bo_02331	16714	17754	+	GH5_e231|GH5_5
CGC1	CAZyme	AAXF02000049.1	Bo_02332	17759	19120	+	GH140_e4|GH140
CGC1	CAZyme	AAXF02000049.1	Bo_02333	19147	20316	+	GH130_e6|GH130
CGC1	TC	AAXF02000049.1	Bo_02334	20327	21721	+	2.A.2.3.6
CGC1	CAZyme	AAXF02000049.1	Bo_02335	21681	24413	+	CBM67_e3|CBM67|GH78|GH78_e29
CGC1	null	AAXF02000049.1	Bo_02336	24416	25195	+	null
CGC1	CAZyme	AAXF02000049.1	Bo_02337	25214	27133	+	CE20_e33|CE20
CGC2	TC	AAXF02000049.1	Bo_02341	30828	32405	+	9.B.174.1.3
CGC2	CAZyme	AAXF02000049.1	Bo_02342	32561	34789	-	GH3_e10|GH3
CGC2	CAZyme	AAXF02000049.1	Bo_02343	34812	37340	-	GH2|GH2_e127
CGC2	CAZyme	AAXF02000049.1	Bo_02344	37387	40245	-	GH31|GH31_e66
CGC2	TF	AAXF02000049.1	Bo_02345	40394	44413	-	HTH_AraC+HTH_AraC
CGC2	CAZyme	AAXF02000049.1	Bo_02346	44499	46262	-	GH9|GH9_e26
CGC2	null	AAXF02000049.1	Bo_02347	46329	47798	-	null
CGC2	TC	AAXF02000049.1	Bo_02348	47812	49440	-	1.B.38.1.10
CGC2	TC	AAXF02000049.1	Bo_02349	49464	52637	-	1.B.14.6.1
CGC2	CAZyme	AAXF02000049.1	Bo_02350	52663	54171	-	GH5_4|GH5_e31
CGC2	CAZyme	AAXF02000049.1	Bo_02351	54344	55924	-	CBM91|GH43_e111|GH43_12|CBM91_e15
CGC2	CAZyme	AAXF02000049.1	Bo_02352	56093	57682	-	CBM91|GH43_e111|GH43_12|CBM91_e28
CGC2	CAZyme	AAXF02000049.1	Bo_02353	57967	60327	+	GH3_e208|GH3
CGC2	null	AAXF02000049.1	Bo_02354	60528	60848	-	null
CGC2	CAZyme	AAXF02000049.1	Bo_02355	60959	62554	-	GH30_e42|GH30_4
CGC2	CAZyme	AAXF02000049.1	Bo_02356	62635	63633	-	GH43_34|GH43_e159
CGC2	null	AAXF02000049.1	Bo_02357	63711	64385	-	null
CGC2	null	AAXF02000049.1	Bo_02358	64399	66249	-	null
CGC2	TC	AAXF02000049.1	Bo_02359	66264	69395	-	1.B.14.6.1
CGC2	null	AAXF02000049.1	Bo_02360	69482	69589	+	null
CGC2	TF	AAXF02000049.1	Bo_02361	69586	73704	+	HTH_AraC
CGC2	CAZyme	AAXF02000049.1	Bo_02362	73822	74784	-	GH18_e39|GH18
CGC2	TF	AAXF02000049.1	Bo_02363	75058	75927	+	HTH_AraC
CGC2	null	AAXF02000049.1	Bo_02364	76139	76843	+	null
CGC2	TC	AAXF02000049.1	Bo_02365	76881	78860	+	3.D.10.1.5
CGC2	TC	AAXF02000049.1	Bo_02366	78897	79652	+	3.D.10.1.5
CGC3	TC	AAXF02000049.1	Bo_02379	93420	94289	-	1.B.48.2.5
CGC3	TF	AAXF02000049.1	Bo_02380	94683	95078	+	HTH_3
CGC3	TC	AAXF02000049.1	Bo_02381	95271	97049	-	3.B.1.1.6
CGC3	null	AAXF02000049.1	Bo_02382	97367	97864	-	null
CGC3	CAZyme	AAXF02000049.1	Bo_02383	98061	100946	-	GH2_e104|GH2
CGC3	CAZyme	AAXF02000049.1	Bo_02384	101011	102678	-	CE12|CE12_e36
CGC3	TF	AAXF02000049.1	Bo_02385	102847	107148	-	HTH_AraC
CGC3	null	AAXF02000049.1	Bo_02386	107595	107816	-	null
CGC3	CAZyme	AAXF02000049.1	Bo_02387	107948	111232	-	GH106|GH106_e14
CGC3	null	AAXF02000049.1	Bo_02388	111245	112831	-	null
CGC3	null	AAXF02000049.1	Bo_02389	112886	113791	-	null
CGC3	CAZyme	AAXF02000049.1	Bo_02390	113825	115924	-	PL11_1|PL11_e0
CGC3	null	AAXF02000049.1	Bo_02391	115964	117685	-	null
CGC3	TC	AAXF02000049.1	Bo_02392	117691	120816	-	1.B.14.6.2
CGC3	null	AAXF02000049.1	Bo_02393	120862	122556	-	null
CGC3	null	AAXF02000049.1	Bo_02394	122565	124292	-	null
CGC3	TC	AAXF02000049.1	Bo_02395	124300	125829	-	8.A.46.1.4
CGC3	TC	AAXF02000049.1	Bo_02396	125841	129131	-	1.B.14.6.17
CGC3	null	AAXF02000049.1	Bo_02397	129152	131461	-	null
CGC3	CAZyme	AAXF02000049.1	Bo_02398	131752	133812	-	GH2_e122|GH2
CGC3	CAZyme	AAXF02000049.1	Bo_02399	133820	135046	-	GH88|GH88_e11
CGC3	CAZyme	AAXF02000049.1	Bo_02400	135082	136299	-	GH154_e17|GH154
CGC3	null	AAXF02000049.1	Bo_02401	136347	137987	-	null
CGC3	CAZyme	AAXF02000049.1	Bo_02402	138210	139844	+	GH28_e111|GH28
CGC3	CAZyme	AAXF02000049.1	Bo_02403	140118	142478	+	GH95|GH95_e0
CGC3	CAZyme	AAXF02000049.1	Bo_02404	142640	145615	-	GH2|GH2_e41
CGC3	CAZyme	AAXF02000049.1	Bo_02405	145646	146770	-	GH105_e17|GH105
CGC3	CAZyme	AAXF02000049.1	Bo_02406	147021	148949	+	PL11_1|PL11_e0
CGC3	TC	AAXF02000049.1	Bo_02407	149417	150541	-	3.A.11.1.3
CGC4	CAZyme	AAXF02000049.1	Bo_02424	171439	173841	+	GH3_e98|GH3
CGC4	null	AAXF02000049.1	Bo_02425	173990	174220	+	null
CGC4	TF	AAXF02000049.1	Bo_02426	174339	178310	+	HTH_AraC
CGC4	CAZyme	AAXF02000049.1	Bo_02427	178929	179744	+	GH16_3|GH16_e6
CGC4	TC	AAXF02000049.1	Bo_02428	179765	182953	+	1.B.14.6.2
CGC4	TC	AAXF02000049.1	Bo_02429	182965	184641	+	8.A.46.2.2
CGC4	null	AAXF02000049.1	Bo_02430	184662	185924	+	null
CGC4	CAZyme	AAXF02000049.1	Bo_02431	186037	188331	+	GH3_e208|GH3
CGC4	CAZyme	AAXF02000049.1	Bo_02432	188931	190328	-	CE20|CE20_e34
CGC5	TC	AAXF02000049.1	Bo_02436	194280	197492	-	1.B.14.6.17
CGC5	CAZyme	AAXF02000049.1	Bo_02437	197597	199837	-	GH3_e1|GH3
CGC6	CAZyme	AAXF02000049.1	Bo_02453	226495	228861	-	GH115_e4|GH115
CGC6	STP	AAXF02000049.1	Bo_02454	229829	231166	-	ATPase_2
CGC6	CAZyme	AAXF02000049.1	Bo_02455	231313	233817	-	GH31|GH31_e40
CGC6	CAZyme	AAXF02000049.1	Bo_02456	233854	235632	-	GH66|GH66_e1
CGC6	null	AAXF02000049.1	Bo_02457	235647	237161	-	null
CGC6	TC	AAXF02000049.1	Bo_02458	237198	238661	-	8.A.46.1.5
CGC6	TC	AAXF02000049.1	Bo_02459	238704	241703	-	1.B.14.6.17
CGC7	TC	AAXF02000049.1	Bo_02472	264862	267945	-	1.B.14.6.17
CGC7	null	AAXF02000049.1	Bo_02473	267968	269854	-	null
CGC7	TC	AAXF02000049.1	Bo_02474	269875	273054	-	1.B.14.6.1
CGC7	CAZyme	AAXF02000049.1	Bo_02475	273195	274184	-	GH43_e217|GH43_31
CGC8	TC	AAXF02000049.1	Bo_02490	297126	297962	+	9.B.330.4.1
CGC8	null	AAXF02000049.1	Bo_02491	298092	300710	-	null
CGC8	null	AAXF02000049.1	Bo_02492	300894	301103	+	null
CGC8	CAZyme	AAXF02000049.1	Bo_02493	301454	303712	+	GH92_e30|GH92
CGC9	CAZyme	AAXF02000049.1	Bo_02499	309959	312529	-	GH78_e80|CBM67_e28|GH78
CGC9	null	AAXF02000049.1	Bo_02500	312903	313055	-	null
CGC9	null	AAXF02000049.1	Bo_02501	313265	316099	+	null
CGC9	TC	AAXF02000049.1	Bo_02502	316215	317132	+	2.A.115.1.2
CGC9	null	AAXF02000049.1	Bo_02503	317180	317764	+	null
CGC9	TC	AAXF02000049.1	Bo_02504	317796	318638	+	1.A.30.1.3
CGC10	CAZyme	AAXF02000049.1	Bo_02520	344557	346038	-	CE20_e10|CE20
CGC10	TC	AAXF02000049.1	Bo_02521	346258	349530	+	1.B.14.6.17
CGC10	TC	AAXF02000049.1	Bo_02522	349561	351372	+	1.B.38.1.10
CGC10	CAZyme	AAXF02000049.1	Bo_02523	351393	353207	+	PL35|PL35_e1
CGC10	CAZyme	AAXF02000049.1	Bo_02524	353232	355163	+	PL35|PL35_e2
CGC10	CAZyme	AAXF02000049.1	Bo_02525	355178	356359	+	GH88|GH88_e11
CGC11	TC	AAXF02000049.1	Bo_02544	381596	384661	-	1.B.14.6.17
CGC11	null	AAXF02000049.1	Bo_02545	384679	386379	-	null
CGC11	TC	AAXF02000049.1	Bo_02546	386396	387658	-	2.A.1.33.2
CGC11	CAZyme	AAXF02000049.1	Bo_02547	387658	388716	-	GH130|GH130_e2
CGC11	TC	AAXF02000049.1	Bo_02548	389081	390652	-	3.D.10.1.4
CGC1	TC	AAXF02000050.1	Bo_02593	2649	3686	-	8.A.159.1.2
CGC1	null	AAXF02000050.1	Bo_02594	3703	4512	-	null
CGC1	null	AAXF02000050.1	Bo_02595	4469	5599	-	null
CGC1	TC	AAXF02000050.1	Bo_02596	5610	7388	-	8.A.21.2.4
CGC1	null	AAXF02000050.1	Bo_02597	7619	8893	+	null
CGC1	CAZyme	AAXF02000050.1	Bo_02598	8947	11124	+	GH92|GH92_e0
CGC1	STP	AAXF02000050.1	Bo_02599	11382	12428	-	FecR
CGC1	TF	AAXF02000050.1	Bo_02600	12483	13070	-	GerE
CGC1	TC	AAXF02000050.1	Bo_02601	13400	16816	+	1.B.14.6.1
CGC2	CAZyme	AAXF02000050.1	Bo_02605	21504	22541	+	GH5_13|GH5_e159
CGC2	CAZyme	AAXF02000050.1	Bo_02606	22549	25080	+	GH20_e108|GH20
CGC2	TF	AAXF02000050.1	Bo_02607	25193	25783	+	GerE
CGC2	STP	AAXF02000050.1	Bo_02608	25855	26868	+	FecR
CGC2	TC	AAXF02000050.1	Bo_02609	27136	30504	+	1.B.14.6.1
CGC2	null	AAXF02000050.1	Bo_02610	30528	32174	+	null
CGC2	CAZyme	AAXF02000050.1	Bo_02611	32210	33202	+	GH43_18|GH43_e62
CGC2	null	AAXF02000050.1	Bo_02612	33219	35294	+	null
CGC2	CAZyme	AAXF02000050.1	Bo_02613	35397	37685	+	GH3_e1|GH3
CGC2	CAZyme	AAXF02000050.1	Bo_02614	37701	39695	+	GH97|GH97_e1
CGC3	CAZyme	AAXF02000050.1	Bo_02624	50988	52778	-	GH15|GH15_e39
CGC3	CAZyme	AAXF02000050.1	Bo_02625	52791	55064	-	GT20_e1|GT20
CGC3	TC	AAXF02000050.1	Bo_02626	55625	57331	+	3.A.3.7.2
CGC3	TC	AAXF02000050.1	Bo_02627	57350	59383	+	3.A.3.7.2
CGC3	TC	AAXF02000050.1	Bo_02628	59441	59971	+	3.A.3.7.2
CGC3	null	AAXF02000050.1	Bo_02629	59972	60856	+	null
CGC3	null	AAXF02000050.1	Bo_02630	60939	62069	+	null
CGC3	TC	AAXF02000050.1	Bo_02631	62081	63529	+	9.B.34.1.7
CGC4	CAZyme	AAXF02000050.1	Bo_02725	163536	164630	-	PL10_1|PL10_e13
CGC4	null	AAXF02000050.1	Bo_02726	164781	166121	-	null
CGC4	TC	AAXF02000050.1	Bo_02727	166118	169150	-	2.A.6.2.33
CGC4	TC	AAXF02000050.1	Bo_02728	169322	170410	-	2.A.6.2.28
CGC5	TC	AAXF02000050.1	Bo_02732	172950	173861	-	2.A.7.3.65
CGC5	TF	AAXF02000050.1	Bo_02733	174263	178297	+	HTH_AraC
CGC5	TC	AAXF02000050.1	Bo_02734	178429	181488	+	1.B.14.6.17
CGC5	TC	AAXF02000050.1	Bo_02735	181503	183116	+	8.A.46.1.6
CGC5	null	AAXF02000050.1	Bo_02736	183148	185256	+	null
CGC5	CAZyme	AAXF02000050.1	Bo_02737	185268	187931	+	CBM57|GH2_e149|CBM57_e12|GH2
CGC5	CAZyme	AAXF02000050.1	Bo_02738	187935	189347	+	GH50|GH50_e12
CGC5	CAZyme	AAXF02000050.1	Bo_02739	189408	190910	+	GH50_e0|GH50
CGC5	null	AAXF02000050.1	Bo_02740	191086	191796	-	null
CGC5	TC	AAXF02000050.1	Bo_02741	191851	193179	-	2.A.66.1.4
CGC6	TC	AAXF02000050.1	Bo_02822	279802	281475	-	4.C.1.1.4
CGC6	null	AAXF02000050.1	Bo_02823	281586	282905	+	null
CGC6	null	AAXF02000050.1	Bo_02824	282909	283832	+	null
CGC6	CAZyme	AAXF02000050.1	Bo_02825	283835	284863	+	GT2
CGC7	CAZyme	AAXF02000050.1	Bo_02847	308949	310124	-	GH171|GH171_e3
CGC7	STP	AAXF02000050.1	Bo_02848	310194	310730	+	HD
CGC7	TC	AAXF02000050.1	Bo_02849	310820	313534	+	1.B.42.1.8
CGC8	TC	AAXF02000050.1	Bo_02877	341870	344917	+	1.B.14.6.17
CGC8	TC	AAXF02000050.1	Bo_02878	344929	346533	+	1.B.38.1.10
CGC8	null	AAXF02000050.1	Bo_02879	346563	347702	+	null
CGC8	CAZyme	AAXF02000050.1	Bo_02880	347715	348941	+	GH76|GH76_e35
CGC8	CAZyme	AAXF02000050.1	Bo_02881	348945	350144	+	GH76_e14|GH76
CGC8	CAZyme	AAXF02000050.1	Bo_02882	350141	352516	+	GH92_e38|GH92
CGC8	TC	AAXF02000050.1	Bo_02883	352596	353765	+	2.A.1.7.16
CGC8	STP	AAXF02000050.1	Bo_02884	353768	354346	-	cNMP_binding
CGC8	TC	AAXF02000050.1	Bo_02885	354360	355715	-	2.A.66.1.37
CGC1	CAZyme	AAXF02000051.1	Bo_02952	22555	24375	-	GH2_e14|GH2
CGC1	CAZyme	AAXF02000051.1	Bo_02953	24622	25731	-	GH43_e5|GH43_26
CGC1	CAZyme	AAXF02000051.1	Bo_02954	25896	26885	+	GH43_e147|GH43_34
CGC1	STP	AAXF02000051.1	Bo_02955	26991	27563	+	Sigma70_r2+Sigma70_r4_2
CGC1	STP	AAXF02000051.1	Bo_02956	27677	28879	+	FecR
CGC1	TC	AAXF02000051.1	Bo_02957	29038	32469	+	1.B.14.6.1
CGC1	null	AAXF02000051.1	Bo_02958	32481	34400	+	null
CGC1	CAZyme	AAXF02000051.1	Bo_02959	34427	35746	+	GH76|GH76_e13
CGC1	null	AAXF02000051.1	Bo_02960	35772	36914	+	null
CGC1	null	AAXF02000051.1	Bo_02961	36937	38403	+	null
CGC1	CAZyme	AAXF02000051.1	Bo_02962	38636	39895	+	GH76|GH76_e13
CGC1	null	AAXF02000051.1	Bo_02963	39951	42428	+	null
CGC1	CAZyme	AAXF02000051.1	Bo_02964	42440	44731	+	GH92_e18|GH92
CGC1	CAZyme	AAXF02000051.1	Bo_02965	44734	46197	+	GH125|GH125_e1
CGC2	CAZyme	AAXF02000051.1	Bo_02992	82282	83655	-	GH144|GH144_e1
CGC2	CAZyme	AAXF02000051.1	Bo_02993	83704	86013	-	GH3_e1|GH3
CGC2	TC	AAXF02000051.1	Bo_02994	86156	87688	-	1.B.38.1.10
CGC2	TC	AAXF02000051.1	Bo_02995	87753	90818	-	1.B.14.6.17
CGC3	CAZyme	AAXF02000051.1	Bo_03008	104015	105202	-	CE9|CE9_e78
CGC3	TC	AAXF02000051.1	Bo_03009	105220	106536	-	2.A.1.7.9
CGC3	CAZyme	AAXF02000051.1	Bo_03010	106543	108747	-	GH3_e10|GH3
CGC3	CAZyme	AAXF02000051.1	Bo_03011	108771	110339	-	GH26|GH26_e3
CGC3	null	AAXF02000051.1	Bo_03012	110381	112078	-	null
CGC3	null	AAXF02000051.1	Bo_03013	112098	113732	-	null
CGC3	TC	AAXF02000051.1	Bo_03014	113745	116894	-	1.B.14.6.1
CGC3	CAZyme	AAXF02000051.1	Bo_03015	117063	118250	-	CE15|CE0
CGC4	TC	AAXF02000051.1	Bo_03023	125990	127054	+	2.A.1.7.1
CGC4	null	AAXF02000051.1	Bo_03024	127054	127281	+	null
CGC4	null	AAXF02000051.1	Bo_03025	127307	128323	+	null
CGC4	CAZyme	AAXF02000051.1	Bo_03026	128619	130217	+	GH43_10|CBM91_e4|CBM91|GH43_e82
CGC4	CAZyme	AAXF02000051.1	Bo_03027	130314	132899	+	GH3_e0|GH3
CGC4	CAZyme	AAXF02000051.1	Bo_03028	133332	135059	+	CBM91|CBM91_e46|GH43_12|GH43_e124
CGC4	CAZyme	AAXF02000051.1	Bo_03029	135085	137529	+	GH31|GH31_e94
CGC4	CAZyme	AAXF02000051.1	Bo_03030	137586	139526	+	GH97|GH97_e18
CGC4	CAZyme	AAXF02000051.1	Bo_03031	139546	140877	+	GH43_e59|GH43_29|CBM6|CBM6_e0
CGC4	CAZyme	AAXF02000051.1	Bo_03032	141094	142827	+	CBM91|CBM91_e46|GH43_12|GH43_e124
CGC4	TC	AAXF02000051.1	Bo_03033	142948	146100	+	1.B.14.6.1
CGC4	null	AAXF02000051.1	Bo_03034	146117	147988	+	null
CGC4	TC	AAXF02000051.1	Bo_03035	148021	150840	+	1.B.14.6.17
CGC4	null	AAXF02000051.1	Bo_03036	150868	152643	+	null
CGC4	null	AAXF02000051.1	Bo_03037	152675	153709	+	null
CGC4	CAZyme	AAXF02000051.1	Bo_03038	153742	155994	+	GH10_e62|GH10
CGC4	CAZyme	AAXF02000051.1	Bo_03039	156028	157671	+	GH30_e5|GH30_8
CGC4	CAZyme	AAXF02000051.1	Bo_03040	157695	160514	+	CBM35_e1|CBM35|GH98|GH98_e0
CGC4	CAZyme	AAXF02000051.1	Bo_03041	160609	163143	+	GH115|GH115_e0
CGC4	CAZyme	AAXF02000051.1	Bo_03042	163170	165086	+	CBM48_e9|CE1_e22|CBM48|CE6_e2|CE6|CE1
CGC4	CAZyme	AAXF02000051.1	Bo_03043	165094	166482	+	GH43_e59|GH43_29|CBM6|CBM6_e0
CGC4	TF	AAXF02000051.1	Bo_03044	166504	170523	-	HTH_AraC
CGC4	CAZyme	AAXF02000051.1	Bo_03045	170682	173117	-	GH95|GH95_e1
CGC4	null	AAXF02000051.1	Bo_03046	173328	173795	-	null
CGC4	TF	AAXF02000051.1	Bo_03047	174014	177979	+	HTH_8+HTH_AraC
CGC4	CAZyme	AAXF02000051.1	Bo_03048	178159	179670	+	GH30|GH30_e45
CGC4	TC	AAXF02000051.1	Bo_03049	179818	183096	+	1.B.14.6.1
CGC5	CAZyme	AAXF02000051.1	Bo_03054	189474	192011	-	GH115|GH115_e0
CGC5	CAZyme	AAXF02000051.1	Bo_03055	192075	194006	-	CE20_e20|CE20
CGC5	STP	AAXF02000051.1	Bo_03056	194381	195196	-	SIS
CGC5	null	AAXF02000051.1	Bo_03057	195228	196079	-	null
CGC5	TC	AAXF02000051.1	Bo_03058	196076	197191	-	9.B.169.4.2
CGC5	TC	AAXF02000051.1	Bo_03059	197230	198513	-	2.A.1.25.6
CGC5	null	AAXF02000051.1	Bo_03060	198530	199900	-	null
CGC5	CAZyme	AAXF02000051.1	Bo_03061	199913	202363	-	GT2
CGC5	TC	AAXF02000051.1	Bo_03062	202377	203849	-	2.A.21.3.7
CGC6	TC	AAXF02000051.1	Bo_03074	218284	220419	+	2.A.37.2.5
CGC6	null	AAXF02000051.1	Bo_03075	220419	221135	+	null
CGC6	TC	AAXF02000051.1	Bo_03076	221143	221799	+	3.A.1.122.2
CGC6	null	AAXF02000051.1	Bo_03077	221982	222899	-	null
CGC6	TC	AAXF02000051.1	Bo_03078	222899	224269	-	2.A.22.5.3
CGC6	null	AAXF02000051.1	Bo_03079	224373	224765	+	null
CGC6	null	AAXF02000051.1	Bo_03080	224847	226142	-	null
CGC6	TC	AAXF02000051.1	Bo_03081	226220	228235	-	9.B.238.3.1
CGC6	null	AAXF02000051.1	Bo_03082	228353	229219	+	null
CGC6	null	AAXF02000051.1	Bo_03083	229231	229995	+	null
CGC6	CAZyme	AAXF02000051.1	Bo_03084	230201	232537	+	CBM32|CBM32_e42|GH35|GH35_e43
CGC6	CAZyme	AAXF02000051.1	Bo_03085	232583	233560	+	GH43_19|GH43_e159
CGC6	CAZyme	AAXF02000051.1	Bo_03086	233881	236346	+	GH51_e47|GH51
CGC6	CAZyme	AAXF02000051.1	Bo_03087	236382	238328	+	GH97|GH97_e18
CGC6	TC	AAXF02000051.1	Bo_03088	238537	239397	+	2.C.1.4.1
CGC6	CAZyme	AAXF02000051.1	Bo_03089	240202	242676	-	GH31|GH31_e94
CGC6	TF	AAXF02000051.1	Bo_03090	242765	245356	-	HTH_AraC
CGC6	CAZyme	AAXF02000051.1	Bo_03091	245563	247563	+	GH154_e20|GH154
CGC6	null	AAXF02000051.1	Bo_03092	247613	249346	+	null
CGC6	CAZyme	AAXF02000051.1	Bo_03093	249569	250609	+	GH43_24|GH43_e269
CGC6	CAZyme	AAXF02000051.1	Bo_03094	250619	251914	+	PL42_e0|PL42
CGC6	CAZyme	AAXF02000051.1	Bo_03095	251919	253052	+	GH105_e39|GH105
CGC6	null	AAXF02000051.1	Bo_03096	253144	254160	-	null
CGC6	null	AAXF02000051.1	Bo_03097	254174	255091	-	null
CGC6	TC	AAXF02000051.1	Bo_03098	255148	255843	-	2.A.122.1.1
CGC6	TC	AAXF02000051.1	Bo_03099	255840	256283	-	1.E.14.1.13
CGC6	null	AAXF02000051.1	Bo_03100	256480	257499	+	null
CGC6	null	AAXF02000051.1	Bo_03101	257539	258738	+	null
CGC6	CAZyme	AAXF02000051.1	Bo_03102	258840	259829	+	GT2
CGC6	CAZyme	AAXF02000051.1	Bo_03103	259976	261991	-	GH20|GH20_e106
CGC6	null	AAXF02000051.1	Bo_03104	262136	262831	+	null
CGC6	TF	AAXF02000051.1	Bo_03105	262865	266800	-	HTH_AraC
CGC6	TC	AAXF02000051.1	Bo_03106	267058	270384	+	1.B.14.6.1
CGC6	TC	AAXF02000051.1	Bo_03107	270413	272182	+	8.A.46.3.4
CGC7	CAZyme	AAXF02000051.1	Bo_03111	278640	281279	+	GH2_e50|GH2
CGC7	null	AAXF02000051.1	Bo_03112	281441	281752	+	null
CGC7	null	AAXF02000051.1	Bo_03113	281825	282589	+	null
CGC7	CAZyme	AAXF02000051.1	Bo_03114	282755	285031	-	GH13_10|CBM48_e54|CBM48|GH13_e156
CGC7	TC	AAXF02000051.1	Bo_03115	285195	286676	-	1.B.38.4.2
CGC7	TC	AAXF02000051.1	Bo_03116	286702	287874	-	1.B.38.4.1
CGC7	TC	AAXF02000051.1	Bo_03117	287910	289520	-	8.A.46.1.1
CGC7	TC	AAXF02000051.1	Bo_03118	289550	292597	-	1.B.14.6.1
CGC7	CAZyme	AAXF02000051.1	Bo_03119	292703	294919	-	GH97|GH97_e22
CGC7	CAZyme	AAXF02000051.1	Bo_03120	295117	297171	-	GH13_e102|GH13
CGC8	TC	AAXF02000051.1	Bo_03155	328985	332308	+	1.B.14.6.13
CGC8	TC	AAXF02000051.1	Bo_03156	332324	333964	+	8.A.46.2.2
CGC8	CAZyme	AAXF02000051.1	Bo_03157	333998	335119	+	GH18_e243|GH18
CGC8	null	AAXF02000051.1	Bo_03158	335152	336294	+	null
CGC8	CAZyme	AAXF02000051.1	Bo_03159	336856	339123	-	PL12|PL15_e9
CGC9	TC	AAXF02000051.1	Bo_03164	345468	348704	+	1.B.14.6.17
CGC9	TC	AAXF02000051.1	Bo_03165	348717	350453	+	8.A.46.3.4
CGC9	null	AAXF02000051.1	Bo_03166	350481	351878	+	null
CGC9	null	AAXF02000051.1	Bo_03167	351913	353202	+	null
CGC9	CAZyme	AAXF02000051.1	Bo_03168	353245	354498	+	CE7|CE7_e10
CGC10	CAZyme	AAXF02000051.1	Bo_03172	358779	360419	-	PL1_e60|PL1_2
CGC10	CAZyme	AAXF02000051.1	Bo_03173	360702	362321	+	CE8_e36|CE8
CGC10	CAZyme	AAXF02000051.1	Bo_03174	362373	364823	+	GH95|GH95_e1
CGC10	TC	AAXF02000051.1	Bo_03175	364935	368186	+	1.B.14.6.17
CGC10	null	AAXF02000051.1	Bo_03176	368197	370272	+	null
CGC10	null	AAXF02000051.1	Bo_03177	370289	371962	+	null
CGC10	CAZyme	AAXF02000051.1	Bo_03178	371996	373300	+	CE8_e83|CE8
CGC10	TF	AAXF02000051.1	Bo_03179	373337	377716	-	HTH_AraC+HTH_AraC
CGC10	CAZyme	AAXF02000051.1	Bo_03180	377929	379470	+	GH28_e10|GH28
CGC11	TC	AAXF02000051.1	Bo_03203	409288	412425	+	1.B.14.6.17
CGC11	TC	AAXF02000051.1	Bo_03204	412439	413908	+	8.A.46.1.4
CGC11	null	AAXF02000051.1	Bo_03205	413922	414533	+	null
CGC11	null	AAXF02000051.1	Bo_03206	414562	416100	+	null
CGC11	CAZyme	AAXF02000051.1	Bo_03207	416490	417617	+	GH50|GH50_e6
CGC11	null	AAXF02000051.1	Bo_03208	417675	418688	+	null
CGC11	null	AAXF02000051.1	Bo_03209	418745	420538	+	null
CGC11	CAZyme	AAXF02000051.1	Bo_03210	420547	422904	+	GH31|GH31_e64
CGC11	CAZyme	AAXF02000051.1	Bo_03211	422924	425599	+	CBM57|GH2_e149|CBM57_e12|GH2
CGC11	CAZyme	AAXF02000051.1	Bo_03212	425617	426414	+	CE6|CE20_e26|CE20
CGC11	STP	AAXF02000051.1	Bo_03214	426985	427575	+	TetR_N
CGC11	TC	AAXF02000051.1	Bo_03215	427592	428338	+	1.A.115.1.5
CGC11	null	AAXF02000051.1	Bo_03216	428348	429019	+	null
CGC11	CAZyme	AAXF02000051.1	Bo_03217	429239	431509	+	GH92|GH92_e0
CGC11	CAZyme	AAXF02000051.1	Bo_03218	431810	432970	-	GH130_e20|GH130
CGC11	CAZyme	AAXF02000051.1	Bo_03219	433466	434911	-	GH125|GH125_e1
CGC11	CAZyme	AAXF02000051.1	Bo_03220	434971	436101	-	GH76|GH76_e42
CGC11	null	AAXF02000051.1	Bo_03221	436181	437131	-	null
CGC11	CAZyme	AAXF02000051.1	Bo_03222	437185	439467	-	GH92_e18|GH92
CGC12	CAZyme	AAXF02000051.1	Bo_03226	446369	447760	+	GH76_e1|GH76
CGC12	TC	AAXF02000051.1	Bo_03227	447827	451042	+	1.B.14.6.17
CGC13	CAZyme	AAXF02000051.1	Bo_03232	456822	458894	-	GH36_e10|GH36
CGC13	CAZyme	AAXF02000051.1	Bo_03233	458904	460286	-	GH29_e37|GH29|CBM32_e126
CGC13	null	AAXF02000051.1	Bo_03234	460299	461756	-	null
CGC13	TC	AAXF02000051.1	Bo_03235	461802	463715	-	8.A.46.3.4
CGC13	TC	AAXF02000051.1	Bo_03236	463735	466995	-	1.B.14.6.17
CGC1	CAZyme	AAXF02000052.1	Bo_03264	958	1740	-	GT6_e4|GT6
CGC1	CAZyme	AAXF02000052.1	Bo_03265	1743	2717	-	GT2
CGC1	null	AAXF02000052.1	Bo_03266	2732	3841	-	null
CGC1	null	AAXF02000052.1	Bo_03267	3845	4369	-	null
CGC1	TC	AAXF02000052.1	Bo_03268	4379	5833	-	2.A.66.2.7
CGC2	TC	AAXF02000052.1	Bo_03291	31933	33447	-	2.A.17.1.7
CGC2	null	AAXF02000052.1	Bo_03292	33546	34025	-	null
CGC2	null	AAXF02000052.1	Bo_03293	34130	36955	-	null
CGC2	CAZyme	AAXF02000052.1	Bo_03294	37114	37791	+	CBM50|CBM50_e831
CGC3	TC	AAXF02000052.1	Bo_03315	59170	61608	-	8.A.3.3.4
CGC3	null	AAXF02000052.1	Bo_03316	61618	62412	-	null
CGC3	null	AAXF02000052.1	Bo_03317	62425	63417	-	null
CGC3	CAZyme	AAXF02000052.1	Bo_03318	63449	64690	-	GT4|GT4_e987
CGC3	STP	AAXF02000052.1	Bo_03319	64701	65801	-	Aminotran_1_2
CGC3	null	AAXF02000052.1	Bo_03320	65809	66324	-	null
CGC3	CAZyme	AAXF02000052.1	Bo_03321	66337	67449	-	GT4_e3263|GT4
CGC4	TC	AAXF02000052.1	Bo_03386	146833	148932	+	9.B.14.3.9
CGC4	STP	AAXF02000052.1	Bo_03387	149250	149858	-	TetR_N
CGC4	TC	AAXF02000052.1	Bo_03388	149876	151612	-	3.A.1.135.11
CGC4	TC	AAXF02000052.1	Bo_03389	151605	153347	-	3.A.1.135.11
CGC4	CAZyme	AAXF02000052.1	Bo_03390	153643	155949	-	GH20_e12|GH20
CGC4	TC	AAXF02000052.1	Bo_03391	156134	157048	+	2.A.4.3.5
CGC4	TC	AAXF02000052.1	Bo_03392	157384	159723	-	1.B.14.3.7
CGC4	null	AAXF02000052.1	Bo_03393	159837	160154	-	null
CGC4	TC	AAXF02000052.1	Bo_03394	160438	162624	-	1.B.14.3.7
CGC4	null	AAXF02000052.1	Bo_03395	162709	163089	-	null
CGC4	TC	AAXF02000052.1	Bo_03396	163136	164734	-	2.A.81.1.2
CGC4	TC	AAXF02000052.1	Bo_03397	164782	165684	-	2.A.4.1.1
CGC5	TC	AAXF02000052.1	Bo_03431	204388	205698	+	2.A.1.7.1
CGC5	TF	AAXF02000052.1	Bo_03432	205941	206492	+	GerE
CGC5	STP	AAXF02000052.1	Bo_03433	206549	207535	+	FecR
CGC5	TC	AAXF02000052.1	Bo_03434	207680	209281	+	1.B.14.6.13
CGC5	TC	AAXF02000052.1	Bo_03435	209324	211018	+	1.B.14.6.13
CGC5	TC	AAXF02000052.1	Bo_03436	211023	212618	+	8.A.46.2.2
CGC5	null	AAXF02000052.1	Bo_03437	212643	213677	+	null
CGC5	null	AAXF02000052.1	Bo_03438	213692	214927	+	null
CGC5	CAZyme	AAXF02000052.1	Bo_03439	214991	216508	+	GH18_e64|GH0
CGC6	TC	AAXF02000052.1	Bo_03541	301657	304233	-	1.B.14.6.14
CGC6	null	AAXF02000052.1	Bo_03542	304270	304413	-	null
CGC6	null	AAXF02000052.1	Bo_03543	304577	305662	-	null
CGC6	TC	AAXF02000052.1	Bo_03544	305755	306378	+	1.A.62.2.1
CGC6	null	AAXF02000052.1	Bo_03545	306387	306887	-	null
CGC6	TC	AAXF02000052.1	Bo_03546	307014	307976	-	9.B.1.1.6
CGC6	null	AAXF02000052.1	Bo_03547	308022	308582	-	null
CGC6	STP	AAXF02000052.1	Bo_03548	308823	309326	+	Sigma70_r2+Sigma70_r4_2
CGC6	CAZyme	AAXF02000052.1	Bo_03549	309418	310161	-	GT51_e158|GT51
CGC6	TC	AAXF02000052.1	Bo_03550	310139	310855	-	9.B.186.1.3
CGC6	TC	AAXF02000052.1	Bo_03551	311020	312372	-	2.A.66.1.28
CGC6	null	AAXF02000052.1	Bo_03552	312464	313849	+	null
CGC6	TC	AAXF02000052.1	Bo_03553	314042	315913	+	9.B.238.3.2
CGC6	TC	AAXF02000052.1	Bo_03555	316179	317870	+	3.A.1.120.8
CGC6	TC	AAXF02000052.1	Bo_03556	318087	321467	+	1.B.14.6.15
CGC6	null	AAXF02000052.1	Bo_03557	321598	322698	-	null
CGC6	TC	AAXF02000052.1	Bo_03558	322776	325202	-	9.B.238.3.1
CGC6	null	AAXF02000052.1	Bo_03559	325202	325396	-	null
CGC6	CAZyme	AAXF02000052.1	Bo_03560	325469	326683	-	GT2
CGC6	null	AAXF02000052.1	Bo_03561	326786	328285	-	null
CGC6	CAZyme	AAXF02000052.1	Bo_03562	328299	329153	-	GT2
CGC6	CAZyme	AAXF02000052.1	Bo_03563	329168	330325	-	GT4_e1235|GT4
CGC6	null	AAXF02000052.1	Bo_03564	330365	331492	-	null
CGC6	CAZyme	AAXF02000052.1	Bo_03565	331557	332468	-	GT101|GT101_e12
CGC6	TC	AAXF02000052.1	Bo_03566	332471	333925	-	2.A.66.2.23
CGC6	CAZyme	AAXF02000052.1	Bo_03567	333918	335030	-	GT0|GT94_e7
CGC7	CAZyme	AAXF02000052.1	Bo_03654	430011	431150	-	GH18_e37|GH18
CGC7	TC	AAXF02000052.1	Bo_03655	431178	432728	-	8.A.46.2.1
CGC7	TC	AAXF02000052.1	Bo_03656	432746	436048	-	1.B.14.6.13
CGC8	TC	AAXF02000052.1	Bo_03660	438289	441117	+	1.B.14.6.13
CGC8	TC	AAXF02000052.1	Bo_03661	441136	442713	+	8.A.46.2.1
CGC8	CAZyme	AAXF02000052.1	Bo_03662	442746	443810	+	GH18_e37|GH18
CGC8	null	AAXF02000052.1	Bo_03663	443833	445044	+	null
CGC8	null	AAXF02000052.1	Bo_03664	445068	446033	+	null
CGC8	CAZyme	AAXF02000052.1	Bo_03665	446198	448399	+	GH163|GH163_e7
CGC8	TC	AAXF02000052.1	Bo_03666	448498	449826	+	2.A.1.25.6
CGC8	CAZyme	AAXF02000052.1	Bo_03667	449843	450811	+	GH130_e13|GH130
CGC8	CAZyme	AAXF02000052.1	Bo_03668	450819	453092	+	GH92_e13|GH92
CGC9	TC	AAXF02000052.1	Bo_03672	457827	461213	+	1.B.14.6.17
CGC9	null	AAXF02000052.1	Bo_03673	461226	463439	+	null
CGC9	CAZyme	AAXF02000052.1	Bo_03674	463645	465384	+	PL1_e77|PL1_2
CGC9	null	AAXF02000052.1	Bo_03675	465387	466055	+	null
CGC9	CAZyme	AAXF02000052.1	Bo_03676	466261	467184	+	GH43_e173|GH43_18
CGC9	CAZyme	AAXF02000052.1	Bo_03677	467216	470536	+	GH142_e0|GH143_e0|GH143|GH142
CGC9	CAZyme	AAXF02000052.1	Bo_03678	470828	473662	+	CBM67|GH78|CBM67_e27|GH78_e43
CGC9	CAZyme	AAXF02000052.1	Bo_03679	473863	475215	+	GH28_e10|GH28
CGC9	CAZyme	AAXF02000052.1	Bo_03680	475312	477276	+	CE19_e0|CE19
CGC9	null	AAXF02000052.1	Bo_03681	477509	478396	-	null
CGC9	CAZyme	AAXF02000052.1	Bo_03682	478510	482370	-	CBM67|GH33_e82|GH78_e2|GH33|GH78|CBM67_e27
CGC9	CAZyme	AAXF02000052.1	Bo_03683	482402	483868	-	GH140_e1|GH140
CGC9	CAZyme	AAXF02000052.1	Bo_03684	483889	485091	-	GH105|GH105_e2
CGC9	CAZyme	AAXF02000052.1	Bo_03685	485105	487573	-	GH95|GH95_e1
CGC1	TC	AAXF02000053.1	Bo_03728	50529	51629	-	1.B.14.6.5
CGC1	null	AAXF02000053.1	Bo_03729	51863	52411	-	null
CGC1	null	AAXF02000053.1	Bo_03730	52474	53019	-	null
CGC1	CAZyme	AAXF02000053.1	Bo_03731	53211	55292	-	GH3_e10|GH3
CGC1	null	AAXF02000053.1	Bo_03732	55355	56926	-	null
CGC1	null	AAXF02000053.1	Bo_03733	57046	57228	-	null
CGC1	CAZyme	AAXF02000053.1	Bo_03734	57225	58385	-	GH33|GH33_e85
CGC1	null	AAXF02000053.1	Bo_03735	58372	59826	-	null
CGC1	TC	AAXF02000053.1	Bo_03736	59846	63136	-	1.B.14.6.1
CGC1	TC	AAXF02000053.1	Bo_03737	63173	64405	-	2.A.1.49.8
CGC1	CAZyme	AAXF02000053.1	Bo_03738	64412	66052	-	GH33|GH33_e14
CGC2	TC	AAXF02000053.1	Bo_03749	77816	79069	+	2.A.21.9.1
CGC2	null	AAXF02000053.1	Bo_03750	79127	80152	+	null
CGC2	CAZyme	AAXF02000053.1	Bo_03751	80209	81381	+	GT2
CGC3	TC	AAXF02000053.1	Bo_03808	151853	154462	-	9.B.238.3.1
CGC3	null	AAXF02000053.1	Bo_03809	154547	155800	-	null
CGC3	TC	AAXF02000053.1	Bo_03810	155830	157119	-	3.A.1.122.2
CGC3	null	AAXF02000053.1	Bo_03811	157152	158420	-	null
CGC3	TC	AAXF02000053.1	Bo_03812	158422	159699	-	3.A.1.122.2
CGC3	null	AAXF02000053.1	Bo_03813	159756	160382	-	null
CGC3	TC	AAXF02000053.1	Bo_03814	160450	161115	-	3.A.1.122.20
CGC3	null	AAXF02000053.1	Bo_03815	161133	162380	-	null
CGC3	STP	AAXF02000053.1	Bo_03816	162562	163938	-	Pyr_redox_2
CGC3	CAZyme	AAXF02000053.1	Bo_03817	164020	164925	-	CBM50_e698|GH73_e88|CBM50|GH73
CGC3	null	AAXF02000053.1	Bo_03818	165036	165518	+	null
CGC3	TF	AAXF02000053.1	Bo_03819	165521	166360	+	HTH_AraC
CGC3	TC	AAXF02000053.1	Bo_03820	166449	167030	+	9.B.365.2.1
CGC3	STP	AAXF02000053.1	Bo_03821	167130	168503	+	Pyr_redox_2
CGC3	null	AAXF02000053.1	Bo_03822	168690	168782	-	null
CGC3	TC	AAXF02000053.1	Bo_03823	168880	170514	+	3.A.1.121.2
CGC4	TC	AAXF02000053.1	Bo_03892	243574	244749	-	1.A.23.4.5
CGC4	CAZyme	AAXF02000053.1	Bo_03893	244892	246709	-	GH29|CBM32_e126|GH29_e30
CGC4	CAZyme	AAXF02000053.1	Bo_03894	246854	249940	-	GH2_e30|GH2
CGC4	CAZyme	AAXF02000053.1	Bo_03895	250108	252432	-	GH20|GH20_e135
CGC4	null	AAXF02000053.1	Bo_03896	252451	254034	-	null
CGC4	TC	AAXF02000053.1	Bo_03897	254309	256123	-	8.A.46.1.3
CGC4	TC	AAXF02000053.1	Bo_03898	256146	259352	-	1.B.14.6.1
CGC5	TC	AAXF02000053.1	Bo_03916	283083	284903	+	9.B.238.3.2
CGC5	TC	AAXF02000053.1	Bo_03917	284939	286393	-	3.A.1.32.3
CGC5	CAZyme	AAXF02000053.1	Bo_03918	286501	288636	-	GH67|GH67_e0
CGC5	CAZyme	AAXF02000053.1	Bo_03919	288802	289779	-	GH43_1|GH43_e53
CGC5	CAZyme	AAXF02000053.1	Bo_03920	289806	290936	-	GH10_e83|GH10
CGC5	TC	AAXF02000053.1	Bo_03921	290976	292391	-	2.A.2.3.2
CGC5	CAZyme	AAXF02000053.1	Bo_03922	292408	294066	-	CE20_e6|CE20
CGC5	CAZyme	AAXF02000053.1	Bo_03923	294399	296621	-	CBM4_e26|GH10_e101|CBM4|GH10
CGC5	null	AAXF02000053.1	Bo_03924	296646	298049	-	null
CGC5	TC	AAXF02000053.1	Bo_03925	298064	299710	-	8.A.46.1.6
CGC5	TC	AAXF02000053.1	Bo_03926	299730	302903	-	1.B.14.6.1
CGC5	TF	AAXF02000053.1	Bo_03927	303299	307432	+	HTH_AraC+HTH_AraC
CGC5	CAZyme	AAXF02000053.1	Bo_03928	307513	309513	-	GH13_e95|GH13_14|CBM48_e14
CGC6	TC	AAXF02000053.1	Bo_03995	388920	390350	-	2.A.114.1.4
CGC6	null	AAXF02000053.1	Bo_03996	390460	391911	+	null
CGC6	CAZyme	AAXF02000053.1	Bo_03997	392482	394842	-	GH141_e24|CBM32|GH141
CGC6	null	AAXF02000053.1	Bo_03998	394947	395093	+	null
CGC6	CAZyme	AAXF02000053.1	Bo_03999	395078	397204	-	PL12_2|PL12_e7
CGC6	TC	AAXF02000053.1	Bo_04000	397221	398909	-	8.A.46.1.3
CGC6	TC	AAXF02000053.1	Bo_04001	398922	401903	-	1.B.14.6.17
CGC6	null	AAXF02000053.1	Bo_04002	401928	403700	-	null
CGC6	TC	AAXF02000053.1	Bo_04003	403711	406953	-	1.B.14.6.1
CGC6	CAZyme	AAXF02000053.1	Bo_04004	406991	408409	-	GH29|GH29_e7
CGC6	TF	AAXF02000053.1	Bo_04005	408569	412657	-	HTH_AraC
CGC6	CAZyme	AAXF02000053.1	Bo_04006	412787	413986	-	GH88|GH88_e11
CGC7	TC	AAXF02000053.1	Bo_04019	431671	432837	-	2.A.1.7.17
CGC7	null	AAXF02000053.1	Bo_04020	432992	433291	+	null
CGC7	CAZyme	AAXF02000053.1	Bo_04021	433397	435244	-	GH32|GH32_e16
CGC7	CAZyme	AAXF02000053.1	Bo_04022	435370	437292	-	GH91_e1|GH91
CGC7	CAZyme	AAXF02000053.1	Bo_04023	437360	438487	-	GH91_e2|GH91
CGC7	TC	AAXF02000053.1	Bo_04024	438513	440270	-	1.B.38.1.10
CGC7	TC	AAXF02000053.1	Bo_04025	440295	443366	-	1.B.14.6.17
CGC7	null	AAXF02000053.1	Bo_04026	443655	444527	+	null
CGC7	CAZyme	AAXF02000053.1	Bo_04027	444698	446560	-	GH32|GH32_e16
CGC7	null	AAXF02000053.1	Bo_04028	446803	447825	+	null
CGC7	null	AAXF02000053.1	Bo_04029	447916	448761	-	null
CGC7	TC	AAXF02000053.1	Bo_04030	448742	450964	-	2.A.37.4.2
CGC8	TC	AAXF02000053.1	Bo_04047	468070	470916	+	1.B.14.10.3
CGC8	null	AAXF02000053.1	Bo_04048	471213	472466	+	null
CGC8	null	AAXF02000053.1	Bo_04049	472495	473853	+	null
CGC8	TC	AAXF02000053.1	Bo_04050	473877	476723	+	1.B.14.10.3
CGC8	null	AAXF02000053.1	Bo_04051	476860	477540	+	null
CGC8	CAZyme	AAXF02000053.1	Bo_04052	477580	479454	+	GH29|CBM32_e126|GH29_e30
CGC8	null	AAXF02000053.1	Bo_04053	479463	479993	+	null
CGC8	TC	AAXF02000053.1	Bo_04054	480256	481128	+	3.D.12.1.1
CGC8	TC	AAXF02000053.1	Bo_04055	481131	482150	+	3.D.12.1.1
CGC8	null	AAXF02000053.1	Bo_04056	482157	483863	+	null
CGC8	TC	AAXF02000053.1	Bo_04057	483993	485771	+	9.B.104.1.3
CGC1	CAZyme	AAXF02000054.1	Bo_04116	1370	4627	+	GH43_e147|GH43_34|GH92|GH92_e0
CGC1	CAZyme	AAXF02000054.1	Bo_04117	4681	6627	+	GH97|GH97_e5
CGC1	TF	AAXF02000054.1	Bo_04118	6990	7784	-	LytTR
CGC1	TC	AAXF02000054.1	Bo_04119	7790	8857	-	9.B.304.1.4
CGC1	TC	AAXF02000054.1	Bo_04120	8928	9821	-	2.A.6.1.7
CGC1	TC	AAXF02000054.1	Bo_04121	9884	14209	-	2.A.6.1.2
CGC2	CAZyme	AAXF02000054.1	Bo_04271	155603	157027	-	GH18_e216|GH18
CGC2	null	AAXF02000054.1	Bo_04272	157053	158219	-	null
CGC2	null	AAXF02000054.1	Bo_04273	158231	159316	-	null
CGC2	TC	AAXF02000054.1	Bo_04274	159416	161038	-	8.A.46.2.2
CGC2	TC	AAXF02000054.1	Bo_04275	161050	164376	-	1.B.14.6.13
CGC2	null	AAXF02000054.1	Bo_04276	164613	165683	+	null
CGC2	null	AAXF02000054.1	Bo_04277	165693	166853	+	null
CGC2	CAZyme	AAXF02000054.1	Bo_04278	166880	168307	+	GH18_e216|GH18
CGC2	null	AAXF02000054.1	Bo_04279	168328	169635	+	null
CGC2	CAZyme	AAXF02000054.1	Bo_04280	170656	172926	-	GH92_e18|GH92
CGC2	CAZyme	AAXF02000054.1	Bo_04281	173033	175339	-	GH92|GH92_e0
CGC2	STP	AAXF02000054.1	Bo_04282	175384	176409	-	FecR
CGC2	TF	AAXF02000054.1	Bo_04283	176426	176983	-	GerE
CGC2	CAZyme	AAXF02000054.1	Bo_04284	177013	179250	-	GH92|GH92_e0
CGC2	null	AAXF02000054.1	Bo_04285	179589	182207	-	null
CGC2	TC	AAXF02000054.1	Bo_04286	182379	183347	+	1.A.34.1.3
CGC2	TF	AAXF02000054.1	Bo_04287	183368	183712	+	MerR
CGC2	TC	AAXF02000054.1	Bo_04288	183836	186076	-	3.A.23.6.1
CGC2	CAZyme	AAXF02000054.1	Bo_04289	186149	187444	-	GH23|CBM50_e207|GH23_e209|CBM50
CGC3	CAZyme	AAXF02000054.1	Bo_04294	191174	192310	+	GT19|GT19_e2
CGC3	null	AAXF02000054.1	Bo_04295	192404	193186	+	null
CGC3	TC	AAXF02000054.1	Bo_04296	193289	194137	-	9.B.273.1.2
CGC3	TC	AAXF02000054.1	Bo_04297	194154	196304	-	3.A.29.1.1
CGC3	null	AAXF02000054.1	Bo_04298	196314	196673	-	null
CGC3	null	AAXF02000054.1	Bo_04300	197306	199159	-	null
CGC3	TC	AAXF02000054.1	Bo_04301	199245	200585	-	1.A.26.1.1
CGC4	CAZyme	AAXF02000054.1	Bo_04335	243676	246240	+	GH38|GH38_e23
CGC4	CAZyme	AAXF02000054.1	Bo_04336	246259	248598	+	GH92|GH92_e20
CGC4	CAZyme	AAXF02000054.1	Bo_04337	248647	251736	+	CBM32_e133|CBM32|GH2_e98|GH2
CGC4	null	AAXF02000054.1	Bo_04338	251812	253188	+	null
CGC4	CAZyme	AAXF02000054.1	Bo_04339	253198	255879	+	CBM67|CBM67_e28|GH78|GH78_e6
CGC4	CAZyme	AAXF02000054.1	Bo_04340	256911	259055	+	GH31|GH31_e23
CGC4	TF	AAXF02000054.1	Bo_04341	259440	260237	+	KilA-N
CGC4	TC	AAXF02000054.1	Bo_04342	260493	263588	-	1.B.14.6.1
CGC4	null	AAXF02000054.1	Bo_04343	263595	265370	-	null
CGC4	TC	AAXF02000054.1	Bo_04344	265385	268216	-	1.B.14.6.16
CGC4	null	AAXF02000054.1	Bo_04345	268250	269317	-	null
CGC4	null	AAXF02000054.1	Bo_04346	269333	269788	-	null
CGC4	TC	AAXF02000054.1	Bo_04347	269804	271648	-	8.A.46.1.3
CGC4	null	AAXF02000054.1	Bo_04348	272006	273310	+	null
CGC4	CAZyme	AAXF02000054.1	Bo_04349	273586	275859	+	GH92_e18|GH92
CGC4	CAZyme	AAXF02000054.1	Bo_04350	275890	278046	+	GH92_e26|GH92
CGC4	CAZyme	AAXF02000054.1	Bo_04351	278125	279258	+	GH130_e20|GH130
CGC4	null	AAXF02000054.1	Bo_04352	279308	280690	+	null
CGC4	TC	AAXF02000054.1	Bo_04353	280904	282355	-	2.A.38.1.1
CGC5	TC	AAXF02000054.1	Bo_04360	289721	290557	+	2.A.64.1.3
CGC5	null	AAXF02000054.1	Bo_04361	290520	294041	+	null
CGC5	TC	AAXF02000054.1	Bo_04362	294439	295956	-	2.A.1.14.25
CGC5	null	AAXF02000054.1	Bo_04363	296285	297205	-	null
CGC5	TC	AAXF02000054.1	Bo_04364	297273	298679	-	4.A.5.1.4
CGC5	CAZyme	AAXF02000054.1	Bo_04365	299013	300179	+	GH105_e41|GH105
CGC5	CAZyme	AAXF02000054.1	Bo_04366	300189	301160	+	CE8_e86|CE8
CGC5	CAZyme	AAXF02000054.1	Bo_04367	301520	303268	+	CE12|CE12_e30|CE8_e86|CE8
CGC5	TF	AAXF02000054.1	Bo_04368	303434	307969	+	HTH_AraC
CGC5	null	AAXF02000054.1	Bo_04369	307897	308088	-	null
CGC5	CAZyme	AAXF02000054.1	Bo_04370	308114	309610	-	PL1_e95|PL1_2
CGC5	CAZyme	AAXF02000054.1	Bo_04371	309646	311307	-	PL1_e60|PL1_2
CGC5	CAZyme	AAXF02000054.1	Bo_04372	311339	312922	-	PL1_e95|PL1_2
CGC5	CAZyme	AAXF02000054.1	Bo_04373	313016	314644	-	CE8_e27|CE8
CGC5	null	AAXF02000054.1	Bo_04374	314729	316645	-	null
CGC5	null	AAXF02000054.1	Bo_04375	316664	318571	-	null
CGC5	TC	AAXF02000054.1	Bo_04376	318597	321845	-	1.B.14.6.1
CGC5	null	AAXF02000054.1	Bo_04377	322201	322995	+	null
CGC5	TF	AAXF02000054.1	Bo_04378	322999	323817	+	LytTR
CGC5	CAZyme	AAXF02000054.1	Bo_04379	323936	325465	+	PL1_e60|PL1_2
CGC5	null	AAXF02000054.1	Bo_04380	325861	326745	+	null
CGC5	null	AAXF02000054.1	Bo_04381	326758	328563	+	null
CGC5	CAZyme	AAXF02000054.1	Bo_04382	328598	330985	+	PL1_e39|PL1_2
CGC5	TC	AAXF02000054.1	Bo_04383	331030	334242	+	1.B.14.6.17
CGC5	TC	AAXF02000054.1	Bo_04384	334268	336169	+	8.A.46.1.3
CGC5	null	AAXF02000054.1	Bo_04385	336190	337842	+	null
CGC5	null	AAXF02000054.1	Bo_04386	337898	339754	+	null
CGC5	CAZyme	AAXF02000054.1	Bo_04387	339796	342207	+	CE8_e8|CE8
CGC5	CAZyme	AAXF02000054.1	Bo_04388	342233	343807	+	GH28_e64|GH28
CGC5	CAZyme	AAXF02000054.1	Bo_04389	344531	347122	-	GH3_e0|GH3
CGC5	CAZyme	AAXF02000054.1	Bo_04390	347461	349467	+	CBM91|GH43_10|CBM91_e53|CBM6|CBM6_e10|GH43_e41
CGC6	CAZyme	AAXF02000054.1	Bo_04403	370560	373325	-	GH106_e0|GH106
CGC6	CAZyme	AAXF02000054.1	Bo_04404	373322	374725	-	GH28_e34|GH28
CGC6	null	AAXF02000054.1	Bo_04405	374722	375324	-	null
CGC6	CAZyme	AAXF02000054.1	Bo_04406	375275	376810	-	GH28_e139|GH28
CGC6	CAZyme	AAXF02000054.1	Bo_04407	376859	378097	-	CE12|CE12_e37
CGC6	CAZyme	AAXF02000054.1	Bo_04408	378227	381130	-	GH2_e125|GH2
CGC6	CAZyme	AAXF02000054.1	Bo_04409	381346	383703	+	GH43_e84|CBM32|GH43_34|GH43_e191|GH43_18|CBM32_e123
CGC6	CAZyme	AAXF02000054.1	Bo_04410	383735	385885	+	GH42_e27|GH42
CGC6	null	AAXF02000054.1	Bo_04411	385924	386289	+	null
CGC6	CAZyme	AAXF02000054.1	Bo_04412	386334	387719	+	GH28|GH28_e133
CGC6	null	AAXF02000054.1	Bo_04413	387808	388494	+	null
CGC6	null	AAXF02000054.1	Bo_04414	388596	390677	-	null
CGC6	TC	AAXF02000054.1	Bo_04415	390702	393833	-	1.B.14.6.1
CGC7	TC	AAXF02000054.1	Bo_04420	398659	401838	+	1.B.14.6.1
CGC7	null	AAXF02000054.1	Bo_04421	401860	403872	+	null
CGC7	TC	AAXF02000054.1	Bo_04422	403919	406969	+	1.B.14.6.17
CGC7	null	AAXF02000054.1	Bo_04423	406991	408712	+	null
CGC7	CAZyme	AAXF02000054.1	Bo_04424	408793	410877	+	PL11_1|PL11_e3
CGC7	CAZyme	AAXF02000054.1	Bo_04425	411059	414457	+	PL26|PL26_e0
CGC7	null	AAXF02000054.1	Bo_04426	414438	416198	-	null
CGC7	CAZyme	AAXF02000054.1	Bo_04427	416911	418455	-	CE12|CE12_e36
CGC7	CAZyme	AAXF02000054.1	Bo_04428	418675	419817	-	GH105_e17|GH105
CGC7	CAZyme	AAXF02000054.1	Bo_04429	420062	421903	+	PL11_1|PL11_e0
CGC7	CAZyme	AAXF02000054.1	Bo_04430	421907	423316	+	GH105_e7|GH105
CGC7	null	AAXF02000054.1	Bo_04431	423335	423649	+	null
CGC7	TF	AAXF02000054.1	Bo_04432	423740	428023	+	HTH_AraC+HTH_AraC
CGC7	CAZyme	AAXF02000054.1	Bo_04433	428190	429158	+	CE4_e259|CE4
CGC7	CAZyme	AAXF02000054.1	Bo_04434	429166	430302	+	GH105_e17|GH105
CGC8	TC	AAXF02000054.1	Bo_04443	438642	441773	-	1.B.14.6.1
CGC8	null	AAXF02000054.1	Bo_04444	441985	442863	-	null
CGC8	CAZyme	AAXF02000054.1	Bo_04445	442996	445959	-	GH2|GH2_e41
CGC8	TF	AAXF02000054.1	Bo_04446	446159	450526	-	HTH_AraC
CGC8	CAZyme	AAXF02000054.1	Bo_04447	450634	452574	-	PL11_1|PL11_e0|PL11
CGC8	CAZyme	AAXF02000054.1	Bo_04448	452756	454219	+	GH28_e139|GH28
CGC8	CAZyme	AAXF02000054.1	Bo_04449	454732	456276	+	PL9_e24|PL9_1
CGC8	null	AAXF02000054.1	Bo_04450	456323	456757	+	null
CGC8	CAZyme	AAXF02000054.1	Bo_04451	457051	458361	+	GH28|GH28_e117
CGC8	CAZyme	AAXF02000054.1	Bo_04452	458562	461093	+	CE20_e4|CE20|GH105|GH105_e22
CGC8	null	AAXF02000054.1	Bo_04453	461106	461195	+	null
CGC8	CAZyme	AAXF02000054.1	Bo_04454	461267	462958	+	PL1_e17|PL1_2
CGC8	null	AAXF02000054.1	Bo_04455	462985	465258	+	null
CGC8	TC	AAXF02000054.1	Bo_04456	465271	468537	+	1.B.14.6.17
CGC8	TC	AAXF02000054.1	Bo_04457	468551	470098	+	1.B.38.1.10
CGC8	null	AAXF02000054.1	Bo_04458	470106	471848	+	null
CGC8	null	AAXF02000054.1	Bo_04459	471856	473535	+	null
CGC8	TC	AAXF02000054.1	Bo_04460	473556	476696	+	1.B.14.6.16
CGC9	TC	AAXF02000054.1	Bo_04519	549339	550241	+	2.A.7.3.57
CGC9	null	AAXF02000054.1	Bo_04520	550286	550951	+	null
CGC9	null	AAXF02000054.1	Bo_04521	551114	552202	-	null
CGC9	CAZyme	AAXF02000054.1	Bo_04522	552233	555574	-	GH2_e30|GH2
CGC9	TC	AAXF02000054.1	Bo_04523	555647	556537	-	2.A.115.1.5
CGC9	null	AAXF02000054.1	Bo_04524	556548	556670	+	null
CGC9	CAZyme	AAXF02000054.1	Bo_04525	556652	558061	-	GH109|GH109_e5
CGC9	CAZyme	AAXF02000054.1	Bo_04526	558368	559627	-	GH109|GH109_e5
CGC10	TC	AAXF02000054.1	Bo_04544	573920	574573	-	9.B.104.3.2
CGC10	CAZyme	AAXF02000054.1	Bo_04545	574787	576724	+	GH133_e1|GH133
CGC10	CAZyme	AAXF02000054.1	Bo_04546	576741	578006	+	GT4|GT4_e602
CGC10	CAZyme	AAXF02000054.1	Bo_04547	578024	579478	+	GH57|GH57_e10
CGC10	null	AAXF02000054.1	Bo_04548	579703	581409	-	null
CGC10	CAZyme	AAXF02000054.1	Bo_04549	581430	582263	-	GT5_e28|GT5
CGC11	TC	AAXF02000054.1	Bo_04576	611418	613904	+	3.A.12.1.1
CGC11	null	AAXF02000054.1	Bo_04577	613924	614568	+	null
CGC11	STP	AAXF02000054.1	Bo_04578	614605	615555	+	Pyr_redox_2
CGC11	CAZyme	AAXF02000054.1	Bo_04579	615725	618154	-	GH20_e12|GH20
CGC12	CAZyme	AAXF02000054.1	Bo_04614	671954	674281	+	CBM32|CBM32_e42|GH35|GH35_e43
CGC12	CAZyme	AAXF02000054.1	Bo_04615	674349	676484	+	GH89|GH89_e7
CGC12	TF	AAXF02000054.1	Bo_04616	676653	677216	+	GerE
CGC12	STP	AAXF02000054.1	Bo_04617	677343	678377	+	FecR
CGC12	TC	AAXF02000054.1	Bo_04618	678490	681705	+	1.B.14.6.1
CGC13	TC	AAXF02000054.1	Bo_04711	783612	784280	-	9.B.20.1.4
CGC13	null	AAXF02000054.1	Bo_04712	784429	784824	+	null
CGC13	TC	AAXF02000054.1	Bo_04713	784830	785699	-	1.A.1.24.3
CGC13	CAZyme	AAXF02000054.1	Bo_04714	785738	786706	-	GH23|GH23_e63
CGC14	TC	AAXF02000054.1	Bo_04770	847024	848034	-	5.B.14.1.1
CGC14	TC	AAXF02000054.1	Bo_04771	848065	848646	-	2.A.107.1.2
CGC14	null	AAXF02000054.1	Bo_04772	848653	849402	-	null
CGC14	null	AAXF02000054.1	Bo_04773	849386	849970	-	null
CGC14	CAZyme	AAXF02000054.1	Bo_04774	849992	850942	-	GT2
CGC15	TC	AAXF02000054.1	Bo_04780	855222	855599	-	1.A.43.1.13
CGC15	null	AAXF02000054.1	Bo_04781	855618	856394	-	null
CGC15	STP	AAXF02000054.1	Bo_04782	856405	857238	-	Peptidase_M23
CGC15	CAZyme	AAXF02000054.1	Bo_04783	857507	859666	+	GH97|GH97_e22
CGC16	TC	AAXF02000054.1	Bo_04866	951793	953364	+	2.A.49.5.5
CGC16	null	AAXF02000054.1	Bo_04867	953450	955402	-	null
CGC16	null	AAXF02000054.1	Bo_04868	955579	956412	-	null
CGC16	CAZyme	AAXF02000054.1	Bo_04869	956614	959235	-	PL15_e0|PL15_2
CGC16	TC	AAXF02000054.1	Bo_04870	959270	960520	-	2.A.1.7.18
CGC17	CAZyme	AAXF02000054.1	Bo_04874	965021	967021	-	PL12_e18|PL12_2
CGC17	CAZyme	AAXF02000054.1	Bo_04875	967081	968385	-	GH88|GH88_e11
CGC17	TC	AAXF02000054.1	Bo_04876	968566	970239	-	8.A.46.1.3
CGC17	TC	AAXF02000054.1	Bo_04877	970256	973408	-	1.B.14.6.1
CGC17	null	AAXF02000054.1	Bo_04878	973429	975702	-	null
CGC17	CAZyme	AAXF02000054.1	Bo_04879	975715	977904	-	PL12_2|PL12_e7
CGC17	TF	AAXF02000054.1	Bo_04880	978558	982619	-	HTH_AraC
CGC17	STP	AAXF02000054.1	Bo_04881	982831	984201	-	PALP
CGC17	TC	AAXF02000054.1	Bo_04882	984334	986163	+	2.A.38.4.3
CGC17	TC	AAXF02000054.1	Bo_04883	986168	986854	+	2.A.38.4.3
CGC18	CAZyme	AAXF02000054.1	Bo_04887	990972	993413	-	GH2_e137|GH2
CGC18	CAZyme	AAXF02000054.1	Bo_04888	993485	994597	-	GH53|GH53_e22
CGC18	null	AAXF02000054.1	Bo_04889	994616	996370	-	null
CGC18	TC	AAXF02000054.1	Bo_04890	996394	997974	-	8.A.46.1.1
CGC18	TC	AAXF02000054.1	Bo_04891	997993	1000968	-	1.B.14.6.1
CGC18	CAZyme	AAXF02000054.1	Bo_04892	1001192	1003801	-	GH147|GH147_e0
CGC18	TF	AAXF02000054.1	Bo_04893	1003917	1007441	-	HTH_AraC+HTH_AraC
CGC18	null	AAXF02000054.1	Bo_04894	1007589	1008140	+	null
CGC18	CAZyme	AAXF02000054.1	Bo_04895	1008264	1009442	+	PL13|PL13_e0
CGC19	CAZyme	AAXF02000054.1	Bo_04951	1069862	1071853	+	GH33_e4|GH33
CGC19	STP	AAXF02000054.1	Bo_04952	1071958	1072869	+	FecR
CGC19	null	AAXF02000054.1	Bo_04953	1072850	1073020	-	null
CGC19	TC	AAXF02000054.1	Bo_04954	1073121	1076414	+	1.B.14.6.13
CGC19	TC	AAXF02000054.1	Bo_04955	1076438	1078051	+	8.A.46.2.2
CGC19	CAZyme	AAXF02000054.1	Bo_04956	1078076	1079161	+	GH18|GH18_e138
CGC20	CAZyme	AAXF02000054.1	Bo_04960	1082922	1085270	+	GH3_e1|GH3
CGC20	null	AAXF02000054.1	Bo_04961	1085393	1085869	-	null
CGC20	TF	AAXF02000054.1	Bo_04962	1086006	1086932	+	HTH_1
CGC20	TC	AAXF02000054.1	Bo_04963	1087079	1087759	+	1.A.8.13.4
CGC21	TC	AAXF02000054.1	Bo_04992	1114057	1114533	-	3.D.1.5.1
CGC21	TC	AAXF02000054.1	Bo_04993	1114553	1116319	-	3.D.1.6.2
CGC21	TC	AAXF02000054.1	Bo_04994	1116333	1118312	-	3.D.1.5.1
CGC21	CAZyme	AAXF02000054.1	Bo_04995	1118402	1121167	+	PL40|PL40_e1
CGC21	null	AAXF02000054.1	Bo_04996	1121409	1121954	+	null
CGC21	TC	AAXF02000054.1	Bo_04997	1121981	1124014	+	1.B.14.6.8
CGC21	null	AAXF02000054.1	Bo_04998	1124039	1126405	+	null
CGC21	null	AAXF02000054.1	Bo_04999	1126625	1127995	+	null
CGC21	TC	AAXF02000054.1	Bo_05000	1128009	1129154	+	1.B.5.1.6
CGC21	CAZyme	AAXF02000054.1	Bo_05001	1129491	1130903	+	GH28_e57|GH28
CGC21	CAZyme	AAXF02000054.1	Bo_05002	1131351	1133264	+	CBM6_e73|CBM6
