HMM Profile	Profile Length	Gene ID	Gene Length	E Value	Profile Start	Profile End	Gene Start	Gene End	Coverage
GH28.hmm	325	Bo_00018	468	7.5e-43	63	306	191	446	0.747692307692
GH27.hmm	229	Bo_00026	450	2.9e-69	13	229	185	428	0.943231441048
GH10.hmm	303	Bo_00028	660	2.3e-35	98	302	398	655	0.673267326733
GH43_9.hmm	272	Bo_00029	453	2.2e-108	23	272	1	248	0.915441176471
GH43_35.hmm	294	Bo_00034	675	1.3e-116	1	294	28	365	0.996598639456
GH29.hmm	346	Bo_00035	704	3.3e-80	41	334	38	347	0.846820809249
CBM32.hmm	124	Bo_00035	704	3.8e-20	17	122	583	699	0.846774193548
GT3.hmm	637	Bo_00052	553	6e-129	1	346	13	347	0.541601255887
GT35.hmm	674	Bo_00053	854	4e-115	208	629	270	707	0.624629080119
GH27.hmm	229	Bo_00087	545	1.6e-67	4	229	142	385	0.982532751092
CE4.hmm	130	Bo_00112	204	3.9e-25	4	110	21	123	0.815384615385
GH139.hmm	777	Bo_00120	766	0	3	776	1	764	0.994851994852
CE20.hmm	249	Bo_00121	477	7.4e-95	3	248	107	367	0.983935742972
GH106.hmm	824	Bo_00122	1099	1.2e-128	93	508	360	820	0.503640776699
GH2.hmm	752	Bo_00138	949	2.9e-131	35	745	40	830	0.94414893617
GH2.hmm	752	Bo_00139	1099	3e-226	27	751	50	983	0.962765957447
GH137.hmm	340	Bo_00141	1399	3.8e-161	2	340	20	368	0.994117647059
GH2.hmm	752	Bo_00141	1399	7.2e-83	21	387	371	799	0.48670212766
CBM57.hmm	147	Bo_00141	1399	7.9e-46	2	147	1067	1228	0.986394557823
GT10.hmm	347	Bo_00143	346	9.6e-31	168	292	148	269	0.35734870317
GH43_29.hmm	278	Bo_00183	364	3.9e-106	1	278	34	324	0.996402877698
GH2.hmm	752	Bo_00185	565	2.1e-154	17	464	21	558	0.594414893617
GH2.hmm	752	Bo_00186	447	2.9e-56	464	751	18	329	0.38164893617
GH109.hmm	399	Bo_00195	410	8.5e-38	5	158	26	170	0.383458646617
GH10.hmm	303	Bo_00203	584	6.9e-25	94	266	334	552	0.567656765677
GH115.hmm	697	Bo_00205	851	4e-277	2	697	36	827	0.997130559541
GH2.hmm	752	Bo_00206	786	8.4e-117	22	482	21	565	0.61170212766
GH97.hmm	631	Bo_00210	661	1.8e-157	2	629	9	657	0.993660855784
GH43_29.hmm	278	Bo_00211	458	5.1e-108	2	278	38	308	0.992805755396
CBM6.hmm	138	Bo_00211	458	4.6e-25	18	138	332	458	0.869565217391
CE6.hmm	99	Bo_00212	1100	1e-27	2	98	88	197	0.969696969697
GH95.hmm	722	Bo_00212	1100	8e-291	5	712	286	1020	0.979224376731
GH43_10.hmm	271	Bo_00213	532	2e-100	2	271	29	296	0.992619926199
CBM91.hmm	200	Bo_00213	532	8.7e-29	5	194	325	525	0.945
GH3.hmm	216	Bo_00214	842	1.9e-68	5	215	53	292	0.972222222222
GH67.hmm	669	Bo_00215	703	2.3e-266	72	665	77	669	0.886397608371
GH138.hmm	907	Bo_00220	873	0	26	907	2	873	0.971334068357
GH165.hmm	635	Bo_00228	517	7.8e-201	149	634	19	512	0.763779527559
GH165.hmm	635	Bo_00230	570	2e-197	123	632	38	569	0.80157480315
GH165.hmm	635	Bo_00231	560	9e-226	128	634	22	559	0.796850393701
GH78.hmm	504	Bo_00237	734	1.2e-116	3	489	191	685	0.964285714286
GH141.hmm	527	Bo_00238	618	2.6e-235	2	527	21	579	0.996204933586
GH127.hmm	524	Bo_00239	698	2.5e-194	1	524	44	607	0.998091603053
GH20.hmm	337	Bo_00298	660	2.1e-67	8	336	154	478	0.973293768546
GT2.hmm	170	Bo_00336	247	3.5e-29	2	168	8	174	0.976470588235
GH3.hmm	216	Bo_00357	859	6.4e-63	3	214	108	328	0.976851851852
GH43_1.hmm	310	Bo_00402	320	5.5e-164	2	310	4	313	0.993548387097
GH10.hmm	303	Bo_00403	372	1.3e-102	6	300	35	367	0.970297029703
GH97.hmm	631	Bo_00405	1179	1.1e-159	10	629	556	1177	0.980982567353
GH115.hmm	697	Bo_00407	1005	3.6e-253	3	697	39	986	0.995695839311
GH43_29.hmm	278	Bo_00410	461	4e-113	1	278	25	313	0.996402877698
CBM6.hmm	138	Bo_00410	461	1.1e-23	18	137	338	461	0.86231884058
GH2.hmm	752	Bo_00411	785	2.1e-120	24	525	22	598	0.666223404255
GH2.hmm	752	Bo_00412	960	4.8e-61	23	465	34	656	0.587765957447
GH97.hmm	631	Bo_00413	658	2.3e-148	5	628	3	656	0.987321711569
GH146.hmm	503	Bo_00415	801	6.6e-197	1	502	36	546	0.996023856859
GH31.hmm	427	Bo_00416	861	3.2e-139	2	427	324	753	0.995316159251
GH2.hmm	752	Bo_00417	854	8e-128	15	543	23	731	0.702127659574
GH20.hmm	337	Bo_00469	691	3.3e-121	8	336	151	498	0.973293768546
GH20.hmm	337	Bo_00470	774	8.1e-123	8	336	154	509	0.973293768546
GH2.hmm	752	Bo_00471	863	2.2e-112	19	587	22	779	0.755319148936
GH33.hmm	342	Bo_00472	544	1.1e-93	11	330	191	528	0.932748538012
GT11.hmm	276	Bo_00476	265	1.3e-61	3	275	3	264	0.985507246377
GT2.hmm	170	Bo_00477	323	4.5e-29	1	128	6	136	0.747058823529
GT4.hmm	160	Bo_00478	358	9.4e-36	11	157	180	329	0.9125
GT26.hmm	171	Bo_00480	252	1.6e-54	2	171	52	227	0.988304093567
GH16.hmm	189	Bo_00528	887	4.7e-19	2	188	544	828	0.984126984127
GH16.hmm	189	Bo_00529	1049	1.7e-22	2	189	37	317	0.989417989418
GH3.hmm	216	Bo_00529	1049	4e-68	3	215	405	625	0.981481481481
PL29.hmm	301	Bo_00668	1039	7.2e-19	32	275	99	329	0.8073089701
PL1_2.hmm	183	Bo_00669	560	3.5e-65	1	183	134	324	0.994535519126
GH2.hmm	752	Bo_00671	884	2.6e-94	26	514	44	644	0.648936170213
CE19.hmm	332	Bo_00701	357	1e-15	44	192	52	191	0.44578313253
GH2.hmm	752	Bo_00714	855	8e-105	25	590	23	802	0.751329787234
CE1.hmm	227	Bo_00765	258	1.3e-26	5	208	34	237	0.894273127753
CBM67.hmm	176	Bo_00770	885	4.3e-40	3	165	144	317	0.920454545455
GH78.hmm	504	Bo_00770	885	1.7e-156	2	503	347	856	0.994047619048
GH125.hmm	402	Bo_00773	488	2.2e-187	2	402	76	474	0.995024875622
GH76.hmm	358	Bo_00774	387	2.4e-74	30	328	57	360	0.832402234637
GH20.hmm	337	Bo_00804	835	1.1e-93	15	336	313	723	0.952522255193
GH30_3.hmm	417	Bo_00808	493	8.2e-155	5	417	65	489	0.988009592326
GH3.hmm	216	Bo_00810	748	1.4e-68	2	214	61	281	0.981481481481
GH163.hmm	251	Bo_00823	717	3.3e-76	7	250	197	438	0.96812749004
GT2.hmm	170	Bo_00825	491	3.8e-20	1	114	61	199	0.664705882353
PL8_2.hmm	247	Bo_00829	1023	2e-86	1	247	616	860	0.995951417004
CE12.hmm	210	Bo_00839	563	4.7e-77	1	210	27	249	0.995238095238
CE4.hmm	130	Bo_00839	563	1.6e-31	5	124	274	404	0.915384615385
GH43_24.hmm	246	Bo_00840	463	4.1e-72	2	245	55	289	0.987804878049
GH115.hmm	697	Bo_00841	782	5.5e-239	4	697	23	777	0.994261119082
GT30.hmm	177	Bo_00913	407	1.5e-48	10	176	43	205	0.937853107345
GH123.hmm	538	Bo_00917	598	1.1e-243	3	538	59	597	0.994423791822
GH89.hmm	663	Bo_00981	727	1.3e-254	2	663	53	713	0.996983408748
GT2.hmm	170	Bo_01019	396	7.1e-25	2	142	21	154	0.823529411765
CE4.hmm	130	Bo_01023	225	2.8e-32	4	123	36	158	0.915384615385
GH31.hmm	427	Bo_01051	717	2.6e-134	2	414	180	603	0.964871194379
GH76.hmm	358	Bo_01052	519	7.6e-63	33	313	166	468	0.782122905028
GH31.hmm	427	Bo_01058	840	1e-120	1	427	192	616	0.997658079625
GH92.hmm	491	Bo_01059	759	1.8e-188	2	491	234	741	0.995926680244
GH23.hmm	135	Bo_01089	463	1.3e-21	13	126	302	459	0.837037037037
GT51.hmm	177	Bo_01106	782	6.2e-46	18	176	44	201	0.892655367232
CE1.hmm	227	Bo_01115	272	1.1e-51	1	218	31	261	0.955947136564
GH88.hmm	329	Bo_01122	406	5.1e-126	3	329	71	395	0.990881458967
GH43_10.hmm	271	Bo_01123	549	3.4e-111	1	271	37	307	0.9963099631
CBM91.hmm	200	Bo_01123	549	3.1e-25	5	196	342	547	0.955
GH2.hmm	752	Bo_01132	1046	2.4e-216	15	751	53	925	0.978723404255
GH146.hmm	503	Bo_01142	643	8.8e-201	2	503	52	556	0.996023856859
GH28.hmm	325	Bo_01143	462	1.5e-42	68	308	191	444	0.738461538462
GH30_2.hmm	417	Bo_01144	475	3e-175	2	417	53	474	0.99520383693
GH97.hmm	631	Bo_01156	650	3.2e-182	11	630	24	645	0.980982567353
GH20.hmm	337	Bo_01193	399	5.7e-48	125	336	26	286	0.626112759644
GH20.hmm	337	Bo_01194	542	8.7e-108	8	335	162	510	0.970326409496
GH95.hmm	722	Bo_01287	808	9.9e-288	4	713	22	744	0.981994459834
GH29.hmm	346	Bo_01290	694	1.5e-80	39	335	34	346	0.85549132948
CBM32.hmm	124	Bo_01290	694	1.1e-17	19	120	576	687	0.814516129032
GH43_29.hmm	278	Bo_01291	472	1.6e-111	2	278	28	317	0.992805755396
CBM6.hmm	138	Bo_01291	472	5.6e-28	16	128	340	452	0.811594202899
GH3.hmm	216	Bo_01356	1003	3.4e-57	3	215	109	333	0.981481481481
GT51.hmm	177	Bo_01369	649	1.4e-44	13	159	437	585	0.824858757062
GH27.hmm	229	Bo_01384	465	6.4e-27	13	229	168	423	0.943231441048
CBM35.hmm	119	Bo_01385	137	2.8e-22	15	119	31	136	0.873949579832
CE7.hmm	313	Bo_01393	436	2.2e-91	11	311	129	430	0.958466453674
GH16_3.hmm	230	Bo_01408	267	3.1e-55	1	230	35	261	0.995652173913
GH92.hmm	491	Bo_01411	760	4.3e-188	2	491	230	737	0.995926680244
GH25.hmm	177	Bo_01423	297	4.4e-56	1	177	100	275	0.994350282486
GH109.hmm	399	Bo_01435	328	5.3e-25	5	196	5	185	0.478696741855
PL38.hmm	279	Bo_01436	407	1.3e-110	1	275	69	344	0.982078853047
PL38.hmm	279	Bo_01441	400	5.1e-116	1	277	66	343	0.989247311828
PL38.hmm	279	Bo_01442	316	9.2e-112	1	266	52	315	0.94982078853
GH2.hmm	752	Bo_01443	829	1.4e-96	26	412	24	486	0.51329787234
GH88.hmm	329	Bo_01444	419	6.2e-134	6	328	89	408	0.978723404255
GH88.hmm	329	Bo_01459	1456	7.3e-123	5	328	61	382	0.981762917933
GH92.hmm	491	Bo_01459	1456	1.4e-187	5	490	961	1455	0.987780040733
GH141.hmm	527	Bo_01466	619	2.9e-218	2	526	24	585	0.99430740038
GH31.hmm	427	Bo_01468	759	1.5e-130	2	427	283	715	0.995316159251
GH51.hmm	630	Bo_01476	514	9.4e-144	75	542	15	514	0.74126984127
GH146.hmm	503	Bo_01477	800	8.1e-213	2	503	33	559	0.996023856859
GH51.hmm	630	Bo_01484	660	1.1e-110	110	542	197	658	0.685714285714
GT4.hmm	160	Bo_01510	369	4.7e-16	18	159	213	343	0.88125
GT4.hmm	160	Bo_01514	388	3.8e-27	2	148	203	347	0.9125
GT2.hmm	170	Bo_01515	322	1.6e-35	1	161	7	166	0.941176470588
GT4.hmm	160	Bo_01520	184	9.7e-26	10	159	5	156	0.93125
GT26.hmm	171	Bo_01521	244	1.5e-55	4	171	49	222	0.976608187135
CE20.hmm	249	Bo_01567	884	9.9e-89	3	249	103	362	0.987951807229
CE20.hmm	249	Bo_01572	776	9.8e-87	3	249	106	364	0.987951807229
GT28.hmm	157	Bo_01620	374	7.6e-49	1	156	195	356	0.987261146497
GH36.hmm	688	Bo_01657	729	7.9e-212	2	687	25	712	0.995639534884
GT83.hmm	540	Bo_01679	590	1.2e-76	2	444	2	470	0.818518518519
GT2.hmm	170	Bo_01682	318	9.8e-25	2	169	6	175	0.982352941176
CE4.hmm	130	Bo_01683	267	1.6e-18	25	125	34	128	0.769230769231
GT2.hmm	210	Bo_01689	290	2.5e-33	1	180	3	208	0.852380952381
GT8.hmm	257	Bo_01690	332	4.5e-22	38	252	15	227	0.832684824903
GT6.hmm	280	Bo_01691	263	1.3e-77	44	257	2	217	0.760714285714
GT11.hmm	276	Bo_01692	303	1.9e-33	3	254	26	287	0.909420289855
GT2.hmm	170	Bo_01693	324	4.7e-37	1	128	9	134	0.747058823529
GT2.hmm	170	Bo_01694	326	7.7e-36	1	131	8	135	0.764705882353
GT2.hmm	170	Bo_01697	329	1.9e-30	4	128	1	127	0.729411764706
GT2.hmm	170	Bo_01699	269	3.7e-28	1	166	12	191	0.970588235294
GT4.hmm	160	Bo_01703	377	1.4e-31	9	158	203	348	0.93125
GT9.hmm	225	Bo_01706	352	3.3e-32	3	195	75	305	0.853333333333
GT4.hmm	160	Bo_01707	358	3.3e-27	6	153	180	326	0.91875
GT9.hmm	225	Bo_01708	343	7.9e-36	3	216	72	318	0.946666666667
PL29.hmm	301	Bo_01719	862	8.7e-117	1	301	359	684	0.996677740864
PL8_2.hmm	247	Bo_01724	953	1.8e-92	1	247	577	809	0.995951417004
GH88.hmm	329	Bo_01726	400	3.8e-131	6	328	70	393	0.978723404255
GH2.hmm	752	Bo_01727	602	1.5e-100	23	410	49	497	0.514627659574
GH43_3.hmm	299	Bo_01729	361	3.7e-108	1	299	46	338	0.996655518395
GH2.hmm	752	Bo_01745	1035	9e-224	18	751	52	910	0.974734042553
GH95.hmm	722	Bo_01762	829	5.1e-269	16	717	70	805	0.970914127424
GH89.hmm	663	Bo_01788	727	2.3e-234	2	649	62	702	0.975867269985
GH89.hmm	663	Bo_01792	718	2.3e-212	2	662	66	714	0.995475113122
CE1.hmm	227	Bo_01805	532	1.2e-47	1	223	52	309	0.977973568282
CE1.hmm	227	Bo_01806	506	1.4e-54	1	223	32	288	0.977973568282
GH18.hmm	296	Bo_01810	324	4.1e-30	48	278	51	308	0.777027027027
GH130.hmm	296	Bo_01837	390	2.8e-90	11	295	59	361	0.959459459459
GH36.hmm	688	Bo_01838	735	2.3e-211	2	687	25	709	0.995639534884
GH26.hmm	303	Bo_01839	366	8.4e-63	4	259	29	301	0.841584158416
GH26.hmm	303	Bo_01840	360	1.5e-88	3	299	48	351	0.976897689769
GH2.hmm	752	Bo_01848	598	2e-93	22	461	28	554	0.583776595745
CE7.hmm	313	Bo_01849	432	8.9e-83	11	311	129	422	0.958466453674
GH105.hmm	332	Bo_01852	370	9.2e-90	9	332	49	367	0.972891566265
GH3.hmm	216	Bo_01853	817	1e-68	3	216	58	267	0.986111111111
GH3.hmm	216	Bo_01854	735	2.9e-69	2	216	103	326	0.990740740741
GH105.hmm	332	Bo_01905	252	2.9e-20	14	167	58	213	0.460843373494
GH2.hmm	752	Bo_01906	976	2.9e-88	3	533	39	816	0.704787234043
GH130.hmm	296	Bo_01907	381	1.8e-88	13	287	63	373	0.925675675676
GH2.hmm	752	Bo_01908	903	6.2e-86	45	532	67	735	0.647606382979
GH43_3.hmm	299	Bo_01915	633	4.2e-95	1	299	318	615	0.996655518395
GH105.hmm	332	Bo_01917	370	1.2e-72	12	330	59	367	0.957831325301
GH93.hmm	307	Bo_01918	598	3e-24	4	268	90	366	0.85993485342
GH115.hmm	697	Bo_01919	1021	9.6e-218	2	584	68	705	0.835007173601
GH109.hmm	399	Bo_01926	431	1e-33	3	161	41	190	0.395989974937
GH43_3.hmm	299	Bo_01927	335	7.8e-112	1	299	31	316	0.996655518395
GT4.hmm	160	Bo_01936	427	8.6e-24	8	155	245	392	0.91875
GT2.hmm	170	Bo_01937	249	4.7e-27	1	130	11	138	0.758823529412
GT11.hmm	276	Bo_01957	292	1e-69	2	276	2	289	0.992753623188
GT2.hmm	170	Bo_01960	273	3.8e-20	20	160	27	164	0.823529411765
GH73.hmm	128	Bo_02041	212	7.6e-17	15	125	123	211	0.859375
CE9.hmm	373	Bo_02101	388	1.3e-112	1	373	5	378	0.997319034853
CE9.hmm	373	Bo_02102	391	1.4e-105	1	373	5	378	0.997319034853
GH97.hmm	631	Bo_02109	669	6.7e-235	7	630	16	666	0.987321711569
GT4.hmm	160	Bo_02177	405	9.2e-31	3	157	213	375	0.9625
GT4.hmm	160	Bo_02178	378	3e-28	6	157	200	349	0.94375
GT4.hmm	160	Bo_02183	368	1e-22	5	156	195	339	0.94375
GT2.hmm	170	Bo_02185	251	2.5e-28	1	130	4	130	0.758823529412
GT51.hmm	177	Bo_02192	775	3.6e-57	6	177	61	240	0.966101694915
GH2.hmm	752	Bo_02206	682	2e-103	25	545	26	663	0.691489361702
GH13_8.hmm	293	Bo_02216	670	3.1e-149	1	293	220	511	0.996587030717
GH13_38.hmm	375	Bo_02218	565	3.1e-186	1	375	33	400	0.997333333333
GH172.hmm	236	Bo_02324	665	1.3e-52	1	235	276	504	0.991525423729
GH5_2.hmm	237	Bo_02325	325	2.2e-97	2	237	41	274	0.991561181435
GH5_5.hmm	282	Bo_02329	361	2.5e-103	1	281	39	333	0.992907801418
GH2.hmm	752	Bo_02330	856	3.9e-86	30	502	62	687	0.627659574468
GH5_5.hmm	282	Bo_02331	346	6.2e-101	3	281	35	319	0.985815602837
GH140.hmm	412	Bo_02332	453	2.7e-148	1	412	36	450	0.997572815534
GH130.hmm	296	Bo_02333	389	4.3e-86	10	295	56	359	0.962837837838
CBM67.hmm	176	Bo_02335	910	2.4e-34	2	171	165	345	0.960227272727
GH78.hmm	504	Bo_02335	910	7.1e-153	2	501	369	876	0.990079365079
CE20.hmm	249	Bo_02337	639	4.2e-48	3	119	101	217	0.465863453815
CE20.hmm	249	Bo_02337	639	9.4e-51	119	248	398	525	0.518072289157
GH3.hmm	216	Bo_02342	742	2.3e-65	5	215	69	287	0.972222222222
GH2.hmm	752	Bo_02343	842	1.1e-128	27	548	33	736	0.692819148936
GH31.hmm	427	Bo_02344	952	3.5e-141	1	427	374	841	0.997658079625
GH9.hmm	418	Bo_02346	587	4.1e-102	5	416	121	574	0.983253588517
GH5_4.hmm	276	Bo_02350	502	8.3e-89	2	275	182	475	0.989130434783
GH43_12.hmm	281	Bo_02351	526	2.3e-118	2	281	25	298	0.992882562278
CBM91.hmm	200	Bo_02351	526	6.1e-54	4	198	325	520	0.97
GH43_12.hmm	281	Bo_02352	529	1.7e-109	1	281	28	305	0.996441281139
CBM91.hmm	200	Bo_02352	529	1.2e-62	4	198	332	527	0.97
GH3.hmm	216	Bo_02353	786	3.3e-64	4	216	119	348	0.981481481481
GH30_4.hmm	484	Bo_02355	531	1.6e-198	2	483	33	528	0.993801652893
GH43_34.hmm	280	Bo_02356	332	1.8e-100	1	280	28	324	0.996428571429
GH18.hmm	296	Bo_02362	320	1.6e-38	23	287	50	308	0.891891891892
GH2.hmm	752	Bo_02383	961	1.3e-156	27	750	21	866	0.961436170213
CE12.hmm	210	Bo_02384	555	2.9e-54	2	210	73	294	0.990476190476
CE12.hmm	210	Bo_02384	555	4.7e-61	2	210	326	541	0.990476190476
GH106.hmm	824	Bo_02387	1094	1.1e-193	94	823	376	1092	0.884708737864
PL11_1.hmm	583	Bo_02390	699	1.8e-199	17	573	59	669	0.953687821612
GH2.hmm	752	Bo_02398	686	2.1e-84	23	488	24	601	0.61835106383
GH88.hmm	329	Bo_02399	408	2.9e-130	5	329	72	393	0.984802431611
GH154.hmm	348	Bo_02400	405	4.2e-115	2	346	25	382	0.988505747126
GH28.hmm	325	Bo_02402	544	1.6e-69	8	305	93	452	0.913846153846
GH95.hmm	722	Bo_02403	786	8.1e-208	4	716	38	772	0.986149584488
GH2.hmm	752	Bo_02404	991	1.5e-63	25	465	23	555	0.585106382979
GH105.hmm	332	Bo_02405	374	2.9e-93	9	332	56	372	0.972891566265
PL11_1.hmm	583	Bo_02406	642	6e-267	1	582	27	633	0.996569468268
GH3.hmm	216	Bo_02424	800	2.1e-65	3	213	148	370	0.972222222222
GH16_3.hmm	230	Bo_02427	271	1.1e-58	2	229	38	270	0.986956521739
GH3.hmm	216	Bo_02431	764	4e-62	5	215	115	342	0.972222222222
CE20.hmm	249	Bo_02432	465	2.3e-89	3	248	101	352	0.983935742972
GH3.hmm	216	Bo_02437	746	2e-72	3	215	101	321	0.981481481481
GH36.hmm	688	Bo_02439	709	9.1e-25	79	396	82	427	0.460755813953
GH97.hmm	631	Bo_02444	664	4e-206	5	630	13	660	0.990491283677
GH3.hmm	216	Bo_02445	745	1.4e-67	2	215	97	319	0.986111111111
GH2.hmm	752	Bo_02446	597	6.4e-94	22	411	28	474	0.517287234043
GH115.hmm	697	Bo_02453	788	1.5e-246	4	697	26	777	0.994261119082
GH31.hmm	427	Bo_02455	834	7.1e-147	1	427	233	683	0.997658079625
GH66.hmm	556	Bo_02456	592	2.3e-201	2	555	46	592	0.994604316547
GH2.hmm	752	Bo_02464	734	4.7e-102	15	412	42	498	0.527925531915
GH43.hmm	248	Bo_02466	395	8e-37	9	226	65	362	0.875
GH51.hmm	630	Bo_02468	684	2.9e-73	91	539	228	682	0.711111111111
GH43_31.hmm	268	Bo_02475	329	3.4e-107	2	265	35	303	0.981343283582
GH92.hmm	491	Bo_02493	752	6.7e-165	3	491	214	735	0.993890020367
GH78.hmm	504	Bo_02499	856	1.6e-143	5	504	292	838	0.990079365079
CE20.hmm	249	Bo_02520	493	1.8e-89	3	248	118	376	0.983935742972
PL35.hmm	179	Bo_02523	604	4.1e-66	2	177	379	556	0.977653631285
PL35.hmm	179	Bo_02524	643	1.3e-63	2	175	415	594	0.966480446927
GH88.hmm	329	Bo_02525	393	5e-127	5	329	64	388	0.984802431611
GH130.hmm	296	Bo_02547	352	7.8e-88	2	296	5	347	0.993243243243
GH92.hmm	491	Bo_02598	725	6.6e-189	5	487	235	724	0.9816700611
GH5_13.hmm	275	Bo_02605	345	2.8e-118	1	275	41	303	0.996363636364
GH20.hmm	337	Bo_02606	843	3.6e-98	14	336	319	731	0.955489614243
GH43_18.hmm	229	Bo_02611	330	8.8e-68	2	229	74	314	0.991266375546
GH3.hmm	216	Bo_02613	762	7.2e-72	3	216	101	322	0.986111111111
GH97.hmm	631	Bo_02614	664	8.8e-210	5	630	14	663	0.990491283677
GH15.hmm	361	Bo_02624	596	1.4e-77	3	360	221	581	0.98891966759
GT20.hmm	475	Bo_02625	757	4.8e-177	13	474	8	466	0.970526315789
PL10_1.hmm	288	Bo_02725	364	4.2e-121	1	287	62	350	0.993055555556
GH2.hmm	752	Bo_02737	887	1.5e-100	27	465	25	584	0.582446808511
CBM57.hmm	147	Bo_02737	887	3.8e-25	15	147	723	881	0.897959183673
GH50.hmm	653	Bo_02738	470	1.3e-85	291	652	116	456	0.552833078101
GH50.hmm	653	Bo_02739	500	5.5e-52	288	652	148	492	0.557427258806
GH106.hmm	824	Bo_02753	1080	2.1e-221	90	822	342	1075	0.888349514563
GH78.hmm	504	Bo_02755	605	1.5e-97	8	499	98	602	0.974206349206
GH20.hmm	337	Bo_02756	773	1.8e-114	9	336	164	518	0.970326409496
GH109.hmm	399	Bo_02816	370	1.7e-16	5	158	10	154	0.383458646617
GH109.hmm	399	Bo_02817	495	1e-18	3	163	38	189	0.401002506266
GT2.hmm	170	Bo_02825	342	7.6e-25	1	133	4	145	0.776470588235
CBM20.hmm	90	Bo_02829	904	3.4e-16	12	87	148	225	0.833333333333
GH77.hmm	494	Bo_02829	904	1.1e-156	1	490	251	896	0.98987854251
GH171.hmm	355	Bo_02847	391	3.4e-120	1	355	44	387	0.997183098592
GH76.hmm	358	Bo_02880	408	1.8e-50	17	329	60	381	0.871508379888
GH76.hmm	358	Bo_02881	399	3.5e-64	6	333	33	367	0.913407821229
GH92.hmm	491	Bo_02882	791	3.1e-144	4	491	253	777	0.991853360489
GH2.hmm	752	Bo_02952	606	1.1e-105	23	394	52	488	0.49335106383
GH43_26.hmm	294	Bo_02953	369	7.1e-109	1	294	37	346	0.996598639456
GH43_34.hmm	280	Bo_02954	329	5.1e-111	1	279	32	311	0.992857142857
GH76.hmm	358	Bo_02959	439	3.9e-68	29	328	63	413	0.835195530726
GH76.hmm	358	Bo_02962	419	2.3e-71	28	336	57	401	0.860335195531
GH92.hmm	491	Bo_02964	763	1.4e-186	2	491	233	740	0.995926680244
GH125.hmm	402	Bo_02965	487	2.9e-186	2	402	72	472	0.995024875622
GH144.hmm	404	Bo_02992	457	1.3e-192	2	403	36	448	0.992574257426
GH3.hmm	216	Bo_02993	769	8.3e-73	3	216	97	318	0.986111111111
GH109.hmm	399	Bo_03001	447	1.1e-30	3	167	39	199	0.411027568922
GH109.hmm	399	Bo_03003	441	2.7e-40	3	170	49	207	0.418546365915
CE9.hmm	373	Bo_03008	395	3.6e-117	1	373	6	389	0.997319034853
GH3.hmm	216	Bo_03010	734	7.8e-66	3	215	57	277	0.981481481481
GH26.hmm	303	Bo_03011	522	6e-25	139	254	317	443	0.379537953795
CE15.hmm	269	Bo_03015	395	1.7e-19	4	268	63	388	0.981412639405
GH43_10.hmm	271	Bo_03026	532	1.3e-96	1	271	28	297	0.9963099631
CBM91.hmm	200	Bo_03026	532	1.1e-30	5	197	323	526	0.96
GH3.hmm	216	Bo_03027	861	7.5e-70	3	215	59	304	0.981481481481
GH43_12.hmm	281	Bo_03028	575	1e-108	2	281	65	359	0.992882562278
CBM91.hmm	200	Bo_03028	575	3.4e-55	4	182	395	574	0.89
GH31.hmm	427	Bo_03029	814	5.4e-141	1	427	217	713	0.997658079625
GH97.hmm	631	Bo_03030	646	1.2e-169	5	628	11	644	0.987321711569
GH43_29.hmm	278	Bo_03031	443	6e-115	1	278	25	297	0.996402877698
CBM6.hmm	138	Bo_03031	443	5.2e-31	18	137	321	443	0.86231884058
GH43_12.hmm	281	Bo_03032	577	1.3e-113	2	281	70	365	0.992882562278
CBM91.hmm	200	Bo_03032	577	1.3e-54	6	180	398	576	0.87
GH30_8.hmm	342	Bo_03039	547	3.2e-118	2	338	137	501	0.982456140351
GH98.hmm	327	Bo_03040	939	4e-112	3	326	226	546	0.987767584098
CBM35.hmm	119	Bo_03040	939	9.2e-21	18	117	831	934	0.831932773109
GH115.hmm	697	Bo_03041	844	1.3e-271	9	697	40	820	0.987087517934
CE6.hmm	99	Bo_03042	638	3.2e-32	2	99	87	197	0.979797979798
CE1.hmm	227	Bo_03042	638	7.5e-57	4	222	406	634	0.960352422907
GH43_29.hmm	278	Bo_03043	462	1e-119	1	277	27	314	0.992805755396
CBM6.hmm	138	Bo_03043	462	6.4e-34	16	138	336	462	0.884057971014
GH95.hmm	722	Bo_03045	811	5.2e-293	5	713	20	743	0.980609418283
GH30.hmm	417	Bo_03048	503	1.3e-36	10	416	44	498	0.973621103118
GH115.hmm	697	Bo_03054	845	1.1e-289	2	697	31	821	0.997130559541
CE20.hmm	249	Bo_03055	643	2.6e-35	3	121	97	223	0.473895582329
CE20.hmm	249	Bo_03055	643	7.7e-44	121	244	402	527	0.493975903614
GT2.hmm	170	Bo_03061	816	2.2e-23	1	133	249	384	0.776470588235
GH35.hmm	307	Bo_03084	778	3.6e-119	1	306	36	348	0.99348534202
GH43_19.hmm	233	Bo_03085	325	8.3e-96	1	233	73	304	0.995708154506
GH51.hmm	630	Bo_03086	821	3.8e-98	87	429	347	706	0.542857142857
GH97.hmm	631	Bo_03087	648	9.7e-182	4	627	12	644	0.987321711569
GH31.hmm	427	Bo_03089	824	1.4e-136	1	427	221	712	0.997658079625
GH154.hmm	348	Bo_03091	666	2.3e-94	1	347	44	395	0.994252873563
GH43_24.hmm	246	Bo_03093	346	6.3e-103	2	245	55	310	0.987804878049
PL42.hmm	296	Bo_03094	431	3.7e-128	1	296	34	326	0.996621621622
GH105.hmm	332	Bo_03095	377	3.7e-82	5	331	46	372	0.981927710843
GT2.hmm	170	Bo_03102	329	4.9e-26	1	167	4	167	0.976470588235
GH20.hmm	337	Bo_03103	671	3.8e-67	9	336	149	471	0.970326409496
GH2.hmm	752	Bo_03111	879	3.1e-93	25	527	35	646	0.667553191489
GH13_10.hmm	313	Bo_03114	758	1.2e-47	1	200	325	545	0.635782747604
GH97.hmm	631	Bo_03119	738	4.4e-251	3	630	12	723	0.993660855784
GH13.hmm	299	Bo_03120	684	8.3e-61	12	294	231	553	0.943143812709
PL12.hmm	138	Bo_03159	755	6.7e-16	3	130	371	497	0.920289855072
CE7.hmm	313	Bo_03168	417	1.2e-78	10	312	112	411	0.964856230032
PL1_2.hmm	183	Bo_03172	546	3.7e-80	1	183	107	297	0.994535519126
CE8.hmm	288	Bo_03173	539	2.5e-72	2	266	141	423	0.916666666667
GH95.hmm	722	Bo_03174	816	8.8e-292	7	714	17	750	0.979224376731
CE8.hmm	288	Bo_03178	434	5.9e-76	2	265	28	315	0.913194444444
GH28.hmm	325	Bo_03180	513	3.1e-98	7	307	47	420	0.923076923077
GH99.hmm	334	Bo_03209	597	1.2e-22	13	309	36	378	0.88622754491
GH31.hmm	427	Bo_03210	785	2.6e-137	1	427	221	679	0.997658079625
GH2.hmm	752	Bo_03211	891	1.3e-97	23	492	18	615	0.623670212766
CBM57.hmm	147	Bo_03211	891	8.6e-31	4	147	714	885	0.972789115646
CE20.hmm	249	Bo_03212	265	4.1e-28	5	248	31	258	0.975903614458
GH92.hmm	491	Bo_03217	756	4.6e-187	3	491	246	736	0.993890020367
GH130.hmm	296	Bo_03218	386	2e-90	14	286	66	374	0.918918918919
GH125.hmm	402	Bo_03219	481	2.7e-187	2	402	70	466	0.995024875622
GH76.hmm	358	Bo_03220	376	1.6e-78	37	333	59	360	0.826815642458
GH92.hmm	491	Bo_03222	760	3.4e-178	2	491	237	742	0.995926680244
GH76.hmm	358	Bo_03226	463	3e-72	2	329	51	408	0.913407821229
GH29.hmm	346	Bo_03233	460	1.1e-60	37	338	26	358	0.869942196532
GT6.hmm	280	Bo_03264	260	1.6e-58	43	259	1	213	0.771428571429
GT2.hmm	170	Bo_03265	324	9.5e-36	1	122	5	126	0.711764705882
CE1.hmm	227	Bo_03285	700	2.1e-18	5	218	446	688	0.938325991189
GH20.hmm	337	Bo_03390	768	2.7e-113	8	335	154	509	0.970326409496
GT51.hmm	177	Bo_03549	247	7.7e-54	12	176	60	223	0.926553672316
GT2.hmm	230	Bo_03560	404	6.6e-21	1	226	57	274	0.978260869565
GT2.hmm	170	Bo_03562	284	4.9e-20	7	138	47	171	0.770588235294
GT4.hmm	160	Bo_03563	385	2.2e-38	6	159	200	351	0.95625
GT101.hmm	224	Bo_03565	303	4.4e-93	1	224	57	280	0.995535714286
GT4.hmm	160	Bo_03576	372	6e-29	9	157	194	342	0.925
GT2.hmm	230	Bo_03577	397	9.2e-32	3	229	42	262	0.982608695652
GT2.hmm	170	Bo_03578	308	1.8e-21	1	169	9	183	0.988235294118
GH18.hmm	296	Bo_03662	354	1e-16	7	240	88	342	0.787162162162
GH163.hmm	251	Bo_03665	733	4.3e-111	1	251	196	450	0.996015936255
GH130.hmm	296	Bo_03667	322	1.4e-95	1	296	19	317	0.996621621622
GH92.hmm	491	Bo_03668	757	1.3e-178	2	487	270	756	0.987780040733
PL1_2.hmm	183	Bo_03674	579	3.1e-64	1	183	135	328	0.994535519126
GH43_18.hmm	229	Bo_03676	307	1e-88	2	229	66	292	0.991266375546
GH143.hmm	556	Bo_03677	1106	2.4e-294	3	556	18	567	0.994604316547
GH142.hmm	479	Bo_03677	1106	2.8e-233	1	479	630	1098	0.997912317328
CBM67.hmm	176	Bo_03678	944	5.9e-35	27	171	201	355	0.818181818182
GH78.hmm	504	Bo_03678	944	5.3e-161	7	504	400	924	0.986111111111
GH28.hmm	325	Bo_03679	450	2.1e-96	10	310	53	425	0.923076923077
CE19.hmm	332	Bo_03680	654	4.3e-143	2	331	118	449	0.990963855422
CBM67.hmm	176	Bo_03682	1286	3.7e-38	8	169	153	325	0.914772727273
GH78.hmm	504	Bo_03682	1286	2.8e-163	7	504	355	884	0.986111111111
GH33.hmm	342	Bo_03682	1286	1.9e-38	13	325	917	1269	0.912280701754
GH140.hmm	412	Bo_03683	488	9.6e-177	1	412	36	462	0.997572815534
GH105.hmm	332	Bo_03684	400	9.5e-122	5	332	49	396	0.984939759036
GH95.hmm	722	Bo_03685	822	4.7e-292	6	713	30	759	0.979224376731
GH3.hmm	216	Bo_03731	693	2.3e-62	6	215	61	276	0.967592592593
GH33.hmm	342	Bo_03734	386	3.6e-93	12	332	50	371	0.93567251462
GH33.hmm	342	Bo_03738	546	7.4e-90	9	330	169	532	0.938596491228
GT2.hmm	170	Bo_03751	390	6.7e-16	1	166	57	223	0.970588235294
GH73.hmm	128	Bo_03817	301	1.8e-35	4	128	40	167	0.96875
GH29.hmm	346	Bo_03893	605	8.3e-82	31	338	45	372	0.887283236994
GH2.hmm	752	Bo_03894	1028	4.2e-218	24	749	67	911	0.964095744681
GH20.hmm	337	Bo_03895	774	3.5e-114	8	336	156	515	0.973293768546
GH67.hmm	669	Bo_03918	711	4.1e-281	4	665	25	678	0.988041853513
GH43_1.hmm	310	Bo_03919	325	3e-163	2	310	8	317	0.993548387097
GH10.hmm	303	Bo_03920	376	9.1e-108	1	301	29	369	0.990099009901
CE20.hmm	249	Bo_03922	552	9e-38	3	130	101	246	0.510040160643
CE20.hmm	249	Bo_03922	552	2e-46	121	248	415	542	0.510040160643
GH10.hmm	303	Bo_03923	740	6.4e-56	95	302	491	724	0.683168316832
GH13_14.hmm	289	Bo_03928	666	2.8e-118	1	289	200	524	0.996539792388
GH141.hmm	527	Bo_03997	786	4.3e-62	3	523	27	543	0.986717267552
PL12_2.hmm	131	Bo_03999	708	5e-58	1	131	422	556	0.992366412214
GH29.hmm	346	Bo_04004	472	1.5e-102	23	346	36	383	0.933526011561
GH88.hmm	329	Bo_04006	399	4.2e-130	4	329	68	390	0.987841945289
GH32.hmm	293	Bo_04021	615	3.2e-102	1	287	148	441	0.976109215017
GH91.hmm	395	Bo_04022	640	1.8e-102	2	395	24	386	0.994936708861
GH91.hmm	395	Bo_04023	375	1.2e-103	3	382	34	374	0.959493670886
GH32.hmm	293	Bo_04027	620	7.3e-93	1	290	133	434	0.986348122867
GH29.hmm	346	Bo_04052	624	6.4e-82	39	333	32	342	0.849710982659
GH29.hmm	346	Bo_04097	432	5.4e-110	14	346	10	349	0.959537572254
GH92.hmm	491	Bo_04116	1085	3.3e-172	2	491	252	749	0.995926680244
GH43_34.hmm	280	Bo_04116	1085	1e-107	1	279	785	1064	0.992857142857
GH97.hmm	631	Bo_04117	648	1.2e-203	3	630	11	647	0.993660855784
GH73.hmm	128	Bo_04205	518	1.5e-34	2	128	12	144	0.984375
GH92.hmm	491	Bo_04280	756	1.5e-186	2	491	230	737	0.995926680244
GH92.hmm	491	Bo_04281	768	2.1e-191	4	491	245	752	0.991853360489
GH92.hmm	491	Bo_04284	745	2.1e-194	4	491	239	733	0.991853360489
GH23.hmm	135	Bo_04289	431	7.4e-24	4	119	130	261	0.851851851852
GT19.hmm	354	Bo_04294	378	9.2e-114	2	350	4	357	0.983050847458
GH38.hmm	269	Bo_04335	854	5.5e-30	31	177	43	192	0.542750929368
GH92.hmm	491	Bo_04336	779	1.8e-161	2	491	291	773	0.995926680244
GH2.hmm	752	Bo_04337	1029	1.4e-90	50	555	64	758	0.671542553191
CBM32.hmm	124	Bo_04337	1029	2.8e-26	7	123	765	879	0.935483870968
CBM67.hmm	176	Bo_04339	893	9.6e-17	17	170	165	327	0.869318181818
GH78.hmm	504	Bo_04339	893	4.4e-126	2	502	352	856	0.992063492063
GH31.hmm	427	Bo_04340	714	1.5e-136	2	415	177	601	0.967213114754
GH92.hmm	491	Bo_04349	757	8.7e-176	3	491	235	739	0.993890020367
GH92.hmm	491	Bo_04350	718	6.5e-157	3	491	231	704	0.993890020367
GH130.hmm	296	Bo_04351	377	1.4e-87	13	286	62	372	0.922297297297
GH105.hmm	332	Bo_04365	388	2.4e-122	6	332	41	385	0.981927710843
CE8.hmm	288	Bo_04366	323	2.3e-107	2	287	33	314	0.989583333333
CE12.hmm	210	Bo_04367	582	1.4e-78	1	210	33	264	0.995238095238
CE8.hmm	288	Bo_04367	582	4.7e-100	2	277	280	555	0.954861111111
PL1_2.hmm	183	Bo_04370	498	3.9e-78	1	183	96	284	0.994535519126
PL1_2.hmm	183	Bo_04371	553	2.9e-70	1	183	110	304	0.994535519126
PL1_2.hmm	183	Bo_04372	527	1.6e-80	1	183	111	304	0.994535519126
CE8.hmm	288	Bo_04373	542	1.3e-57	2	286	140	462	0.986111111111
PL1_2.hmm	183	Bo_04379	509	3.5e-76	1	183	91	275	0.994535519126
PL1_2.hmm	183	Bo_04382	795	3.2e-64	1	183	372	577	0.994535519126
CE8.hmm	288	Bo_04387	803	8.3e-38	6	204	479	699	0.6875
GH28.hmm	325	Bo_04388	524	7.1e-85	7	321	83	488	0.966153846154
GH3.hmm	216	Bo_04389	863	4e-72	3	215	61	306	0.981481481481
GH43_10.hmm	271	Bo_04390	668	2e-97	1	271	47	313	0.9963099631
CBM91.hmm	200	Bo_04390	668	1.8e-21	4	197	344	534	0.965
GH106.hmm	824	Bo_04403	921	0	3	823	21	915	0.995145631068
GH28.hmm	325	Bo_04404	467	1.3e-65	7	309	48	395	0.929230769231
GH28.hmm	325	Bo_04406	511	1.8e-62	6	309	87	454	0.932307692308
CE12.hmm	210	Bo_04407	412	2.7e-74	1	209	163	367	0.990476190476
GH2.hmm	752	Bo_04408	967	8e-70	27	491	31	678	0.617021276596
GH43_18.hmm	229	Bo_04409	785	3.9e-89	2	229	67	301	0.991266375546
GH43_34.hmm	280	Bo_04409	785	1.3e-68	1	280	318	611	0.996428571429
GH42.hmm	371	Bo_04410	716	1e-122	2	370	62	436	0.991913746631
GH28.hmm	325	Bo_04412	461	6e-72	5	321	76	450	0.972307692308
PL11_1.hmm	583	Bo_04424	694	1e-183	18	574	72	690	0.953687821612
PL26.hmm	862	Bo_04425	1132	0	2	858	239	1128	0.993039443155
CE12.hmm	210	Bo_04427	514	1.8e-53	2	210	36	255	0.990476190476
CE12.hmm	210	Bo_04427	514	4.9e-62	2	210	287	502	0.990476190476
GH105.hmm	332	Bo_04428	380	2.7e-94	10	332	62	378	0.969879518072
PL11_1.hmm	583	Bo_04429	613	1.4e-273	3	574	30	601	0.979416809605
GH105.hmm	332	Bo_04430	469	3e-91	9	331	96	431	0.969879518072
CE4.hmm	130	Bo_04433	322	2.6e-29	7	122	37	162	0.884615384615
GH105.hmm	332	Bo_04434	378	5.4e-94	10	332	60	376	0.969879518072
CE12.hmm	210	Bo_04438	427	1e-71	1	209	177	381	0.990476190476
GH2.hmm	752	Bo_04445	987	1.5e-68	23	635	21	769	0.813829787234
PL11.hmm	606	Bo_04447	646	2.7e-273	2	573	43	633	0.942244224422
GH28.hmm	325	Bo_04448	487	8e-67	5	309	77	449	0.935384615385
PL9_1.hmm	375	Bo_04449	514	2.7e-116	4	374	20	427	0.986666666667
GH28.hmm	325	Bo_04451	436	7.8e-61	8	308	74	414	0.923076923077
CE20.hmm	249	Bo_04452	843	6.9e-90	3	249	105	367	0.987951807229
GH105.hmm	332	Bo_04452	843	4.9e-122	7	331	501	842	0.975903614458
PL1_2.hmm	183	Bo_04454	563	9.1e-49	1	183	136	322	0.994535519126
GH28.hmm	325	Bo_04464	469	7.6e-84	7	310	76	451	0.932307692308
GH105.hmm	332	Bo_04476	379	4.7e-92	9	332	58	374	0.972891566265
GH43_10.hmm	271	Bo_04482	558	9.7e-110	1	271	39	309	0.9963099631
CBM91.hmm	200	Bo_04482	558	1.6e-21	4	196	343	555	0.96
GH28.hmm	325	Bo_04484	539	2.3e-87	9	306	87	483	0.913846153846
CE11.hmm	271	Bo_04497	461	1.9e-73	1	220	4	224	0.808118081181
GH2.hmm	752	Bo_04522	1113	3.2e-212	22	750	51	949	0.968085106383
GH109.hmm	399	Bo_04525	469	8.4e-164	2	398	55	459	0.992481203008
GH109.hmm	399	Bo_04526	419	5.4e-167	4	398	19	416	0.987468671679
GH133.hmm	372	Bo_04545	645	2.6e-104	6	372	285	636	0.983870967742
GT4.hmm	160	Bo_04546	421	2.1e-34	7	154	240	384	0.91875
GH57.hmm	383	Bo_04547	484	1e-52	12	313	20	326	0.78590078329
GT5.hmm	472	Bo_04549	277	1.3e-46	1	222	6	238	0.468220338983
GH20.hmm	337	Bo_04579	809	5e-126	9	336	160	525	0.970326409496
GH35.hmm	307	Bo_04614	775	4.2e-122	1	306	37	346	0.99348534202
GH89.hmm	663	Bo_04615	711	1.9e-249	2	645	64	707	0.969834087481
PL33_1.hmm	155	Bo_04659	644	2.2e-60	2	152	430	576	0.967741935484
GH23.hmm	135	Bo_04714	322	1.6e-22	2	125	93	229	0.911111111111
GT2.hmm	170	Bo_04774	316	5.7e-34	1	168	4	167	0.982352941176
GH97.hmm	631	Bo_04783	719	2.1e-261	4	630	16	704	0.992076069731
PL15_2.hmm	156	Bo_04869	873	5.2e-104	1	156	534	689	0.99358974359
PL12_2.hmm	131	Bo_04874	666	5.7e-64	1	131	404	534	0.992366412214
GH88.hmm	329	Bo_04875	434	2.1e-118	6	328	101	416	0.978723404255
PL12_2.hmm	131	Bo_04879	729	1.6e-56	1	131	430	570	0.992366412214
GH2.hmm	752	Bo_04887	813	1.4e-116	22	555	18	716	0.708776595745
GH53.hmm	342	Bo_04888	370	2.5e-95	2	330	54	356	0.959064327485
GH147.hmm	816	Bo_04892	869	0	6	816	20	851	0.992647058824
PL13.hmm	363	Bo_04895	392	6.9e-208	2	363	23	392	0.994490358127
GT4.hmm	160	Bo_04914	380	5.6e-25	5	155	197	347	0.9375
GT4.hmm	160	Bo_04915	392	2.3e-17	2	154	210	359	0.95
GT11.hmm	276	Bo_04917	286	4.9e-64	1	276	1	286	0.996376811594
GT4.hmm	160	Bo_04920	405	3.3e-25	7	147	235	365	0.875
GT4.hmm	160	Bo_04924	374	5.2e-27	5	156	195	343	0.94375
GH33.hmm	342	Bo_04951	663	7.6e-20	24	308	312	610	0.830409356725
GH3.hmm	216	Bo_04960	782	1.7e-70	2	215	125	352	0.986111111111
PL40.hmm	873	Bo_04995	921	3.4e-272	4	839	2	906	0.956471935853
GH28.hmm	325	Bo_05001	470	1.3e-40	55	309	181	453	0.781538461538
