CGC1	CAZyme	AAYH02000026.1	Bu_00042	2017	3198	+	GH172|GH172_e20
CGC1	TC	AAYH02000026.1	Bu_00043	3299	6517	+	1.B.14.6.17
CGC1	TC	AAYH02000026.1	Bu_00044	6579	8339	+	1.B.38.1.10
CGC1	CAZyme	AAYH02000028.1	Bu_00089	9156	10331	+	GH172|GH172_e20
CGC1	TC	AAYH02000028.1	Bu_00090	10449	13358	+	1.B.14.6.1
CGC1	TC	AAYH02000028.1	Bu_00091	13377	14951	+	8.A.46.1.1
CGC1	CAZyme	AAYH02000029.1	Bu_00118	31580	33091	-	GH30_e41|GH30_3
CGC1	TC	AAYH02000029.1	Bu_00119	33123	34649	-	1.B.38.1.10
CGC1	TC	AAYH02000029.1	Bu_00120	34668	37646	-	1.B.14.6.17
CGC1	CAZyme	AAYH02000030.1	Bu_00124	225	1637	+	GH125|GH125_e1
CGC1	CAZyme	AAYH02000030.1	Bu_00125	1669	2862	+	GH172|GH172_e6
CGC1	TC	AAYH02000030.1	Bu_00126	3042	6128	+	1.B.14.6.17
CGC1	TC	AAYH02000030.1	Bu_00127	6145	8067	+	8.A.46.3.4
CGC1	null	AAYH02000030.1	Bu_00128	8088	8966	+	null
CGC1	CAZyme	AAYH02000030.1	Bu_00129	9089	11032	+	GH172|GH172_e19
CGC1	null	AAYH02000030.1	Bu_00130	11055	12200	+	null
CGC1	CAZyme	AAYH02000030.1	Bu_00131	12224	13396	+	GH76|GH76_e42
CGC1	null	AAYH02000030.1	Bu_00132	13437	13580	+	null
CGC1	CAZyme	AAYH02000030.1	Bu_00133	13623	17048	+	GH38|GH38_e34|CBM32_e185
CGC1	CAZyme	AAYH02000030.1	Bu_00134	17063	19144	+	GH172|GH172_e8
CGC2	CAZyme	AAYH02000030.1	Bu_00147	32223	36359	-	GH2_e1|CBM32_e55|CBM32|GH2
CGC2	TF	AAYH02000030.1	Bu_00148	36493	40560	-	HTH_AraC
CGC2	CAZyme	AAYH02000030.1	Bu_00149	40721	42670	-	GH97|GH97_e5
CGC2	CAZyme	AAYH02000030.1	Bu_00150	43002	46631	+	GH38|GH38_e34|CBM32|CBM32_e185
CGC2	CAZyme	AAYH02000030.1	Bu_00151	46779	48845	+	GH127|GH127_e5|CBM66
CGC2	CAZyme	AAYH02000030.1	Bu_00152	49071	50300	+	GH76|GH76_e42
CGC2	CAZyme	AAYH02000030.1	Bu_00153	50320	51783	+	GH125|GH125_e1
CGC2	TC	AAYH02000030.1	Bu_00154	51926	55102	+	1.B.14.6.17
CGC2	TC	AAYH02000030.1	Bu_00155	55118	56728	+	1.B.38.1.10
CGC2	null	AAYH02000030.1	Bu_00156	56762	57910	+	null
CGC2	CAZyme	AAYH02000030.1	Bu_00157	57925	59058	+	GH76|GH76_e19
CGC2	CAZyme	AAYH02000030.1	Bu_00158	59201	61351	+	GH92|GH92_e16
CGC2	CAZyme	AAYH02000030.1	Bu_00159	61367	63994	+	CBM67_e3|CBM67|GH78|GH78_e29
CGC2	CAZyme	AAYH02000030.1	Bu_00160	64106	66283	-	GH3_e0|GH3
CGC2	CAZyme	AAYH02000030.1	Bu_00161	66318	68654	-	GH31|GH31_e32
CGC2	TC	AAYH02000030.1	Bu_00162	68756	69661	-	9.B.330.4.1
CGC1	CAZyme	AAYH02000031.1	Bu_00203	46331	47593	+	GH171|GH171_e3
CGC1	TC	AAYH02000031.1	Bu_00204	47752	49206	+	2.A.21.3.7
CGC1	null	AAYH02000031.1	Bu_00205	49222	52332	+	null
CGC1	null	AAYH02000031.1	Bu_00206	52382	54211	+	null
CGC1	CAZyme	AAYH02000031.1	Bu_00207	54236	55696	+	GT2
CGC1	null	AAYH02000031.1	Bu_00208	55698	56630	+	null
CGC1	null	AAYH02000031.1	Bu_00209	56672	57991	+	null
CGC1	TC	AAYH02000031.1	Bu_00210	58019	59341	+	2.A.1.25.6
CGC1	CAZyme	AAYH02000031.1	Bu_00211	59390	60631	+	GH171|GH171_e0
CGC1	null	AAYH02000031.1	Bu_00212	60809	63769	+	null
CGC1	TC	AAYH02000031.1	Bu_00213	63803	64987	+	9.B.169.4.2
CGC1	TC	AAYH02000033.1	Bu_00291	66	1445	-	2.A.2.3.5
CGC1	CAZyme	AAYH02000033.1	Bu_00292	1463	2635	-	GH130_e6|GH130
CGC1	CAZyme	AAYH02000033.1	Bu_00293	2658	3608	-	GH26|GH26_e61
CGC2	TC	AAYH02000033.1	Bu_00305	18286	21534	-	1.B.14.6.17
CGC2	CAZyme	AAYH02000033.1	Bu_00306	21940	23637	-	GH26_e89|GH26_e64|GH26
CGC3	TC	AAYH02000033.1	Bu_00310	28772	32038	-	1.B.14.6.1
CGC3	CAZyme	AAYH02000033.1	Bu_00311	32264	33244	-	GH5_e79|GH5_2
CGC3	CAZyme	AAYH02000033.1	Bu_00312	33357	34649	-	GH5_7|GH5_e6
CGC3	CAZyme	AAYH02000033.1	Bu_00313	34741	36024	-	CE7|CE7_e15
CGC3	TF	AAYH02000033.1	Bu_00314	36097	36990	-	HTH_AraC+HTH_AraC
CGC3	CAZyme	AAYH02000033.1	Bu_00315	37289	39733	-	GH2_e20|GH2
CGC3	CAZyme	AAYH02000033.1	Bu_00316	39956	42442	+	GH94|GH94_e12
CGC3	TC	AAYH02000033.1	Bu_00317	42461	43465	+	8.A.5.1.3
CGC3	CAZyme	AAYH02000033.1	Bu_00318	43472	45487	+	GH97|GH97_e1
CGC1	CAZyme	AAYH02000034.1	Bu_00384	66	1604	+	GH97_e27|GH97
CGC1	null	AAYH02000034.1	Bu_00385	1611	3044	+	null
CGC1	TC	AAYH02000034.1	Bu_00386	3115	4056	-	2.A.7.3.2
CGC1	null	AAYH02000034.1	Bu_00387	4542	7379	+	null
CGC1	TC	AAYH02000034.1	Bu_00388	7385	8287	+	2.A.115.1.2
CGC1	TC	AAYH02000035.1	Bu_00457	9081	10601	-	2.A.17.1.7
CGC1	null	AAYH02000035.1	Bu_00458	10719	11198	-	null
CGC1	null	AAYH02000035.1	Bu_00459	11224	14055	-	null
CGC1	CAZyme	AAYH02000035.1	Bu_00460	14245	16035	+	CBM50|CBM50_e831
CGC1	TC	AAYH02000037.1	Bu_00619	4563	5963	-	2.A.6.2.20
CGC1	TC	AAYH02000037.1	Bu_00620	5995	9186	-	2.A.6.2.22
CGC1	TC	AAYH02000037.1	Bu_00621	9207	10304	-	2.A.6.2.47
CGC1	TF	AAYH02000037.1	Bu_00622	10513	11349	+	HTH_AraC
CGC1	CAZyme	AAYH02000037.1	Bu_00623	11440	13107	+	GH20_e12|GH20
CGC1	TC	AAYH02000037.1	Bu_00624	13108	14616	-	2.A.50.2.3
CGC2	CAZyme	AAYH02000037.1	Bu_00699	73848	75068	-	GT30_e38|GT30
CGC2	null	AAYH02000037.1	Bu_00700	75100	76626	-	null
CGC2	TC	AAYH02000037.1	Bu_00701	76724	78784	+	9.B.28.5.3
CGC3	TC	AAYH02000037.1	Bu_00733	105234	107480	+	2.A.37.1.5
CGC3	CAZyme	AAYH02000037.1	Bu_00734	107508	110066	+	GT35|GT35_e7
CGC1	CAZyme	AAYH02000038.1	Bu_00752	2114	4441	-	GH3_e165|GH3
CGC1	CAZyme	AAYH02000038.1	Bu_00753	4446	5642	-	CE1_e22|CBM48_e68|CE1|CE0
CGC1	CAZyme	AAYH02000038.1	Bu_00754	5688	6866	-	CE1_e22|CBM48_e68|CE1|CE0
CGC1	CAZyme	AAYH02000038.1	Bu_00755	6925	7809	-	CE1_e22|CE1
CGC1	CAZyme	AAYH02000038.1	Bu_00756	7897	10263	-	GH3_e165|GH3
CGC1	TC	AAYH02000038.1	Bu_00757	10417	11988	-	8.A.46.1.3
CGC1	TC	AAYH02000038.1	Bu_00758	12019	15150	-	1.B.14.6.17
CGC1	TC	AAYH02000038.1	Bu_00759	15200	16855	-	8.A.117.1.3
CGC2	TC	AAYH02000038.1	Bu_00787	46671	48641	+	1.C.39.13.2
CGC2	null	AAYH02000038.1	Bu_00788	48769	49392	+	null
CGC2	CAZyme	AAYH02000038.1	Bu_00789	49523	50434	-	GT11|GT11_e33
CGC2	CAZyme	AAYH02000038.1	Bu_00790	50439	51410	-	GT2
CGC2	CAZyme	AAYH02000038.1	Bu_00791	51429	52568	-	GT4_e3784|GT4
CGC2	null	AAYH02000038.1	Bu_00792	52580	53455	-	null
CGC2	CAZyme	AAYH02000038.1	Bu_00793	53468	54751	-	GT0|GT4_e2185
CGC2	CAZyme	AAYH02000038.1	Bu_00794	54751	55695	-	GT2
CGC2	null	AAYH02000038.1	Bu_00795	55692	56768	-	null
CGC2	CAZyme	AAYH02000038.1	Bu_00796	56788	57798	-	GT2
CGC3	CAZyme	AAYH02000038.1	Bu_00825	87334	88533	-	GH88|GH88_e11
CGC3	null	AAYH02000038.1	Bu_00826	88712	89155	+	null
CGC3	null	AAYH02000038.1	Bu_00827	89100	89972	-	null
CGC3	TC	AAYH02000038.1	Bu_00828	89929	91884	-	1.B.93.3.1
CGC3	TC	AAYH02000038.1	Bu_00829	92193	93371	+	2.A.6.2.46
CGC3	TC	AAYH02000038.1	Bu_00830	93426	96845	+	2.A.6.2.22
CGC3	TC	AAYH02000038.1	Bu_00831	96865	98250	+	2.A.6.2.25
CGC4	TC	AAYH02000038.1	Bu_00837	107606	110686	+	1.B.14.6.17
CGC4	TC	AAYH02000038.1	Bu_00838	110686	112203	+	8.A.46.1.3
CGC4	CAZyme	AAYH02000038.1	Bu_00839	112609	115254	-	GH2_e50|GH2
CGC4	CAZyme	AAYH02000038.1	Bu_00840	115263	117743	-	PL30_e0|PL30
CGC4	CAZyme	AAYH02000038.1	Bu_00841	117938	119071	+	GH117_e14|GH117|GH117_e2
CGC4	null	AAYH02000038.1	Bu_00842	119074	120042	+	null
CGC4	CAZyme	AAYH02000038.1	Bu_00843	120251	123334	-	PL8_e13|PL8_2
CGC5	TC	AAYH02000038.1	Bu_00848	126880	128373	+	9.B.391.1.2
CGC5	null	AAYH02000038.1	Bu_00849	128370	129305	+	null
CGC5	null	AAYH02000038.1	Bu_00850	129395	130036	+	null
CGC5	CAZyme	AAYH02000038.1	Bu_00851	130040	131272	+	PL38|PL38_e14
CGC5	null	AAYH02000038.1	Bu_00852	131395	132207	+	null
CGC5	null	AAYH02000038.1	Bu_00853	132242	133414	+	null
CGC5	TC	AAYH02000038.1	Bu_00854	133549	134202	-	1.A.8.13.3
CGC5	CAZyme	AAYH02000038.1	Bu_00855	134473	136698	-	GH3_e10|GH3
CGC5	CAZyme	AAYH02000038.1	Bu_00856	137059	138309	-	GH5_e100|GH5_46
CGC6	CAZyme	AAYH02000038.1	Bu_00892	181327	183846	-	CBM67|CBM67_e28|GH78|GH78_e2
CGC6	CAZyme	AAYH02000038.1	Bu_00893	183789	184796	-	GH43_3|GH43_e310
CGC6	CAZyme	AAYH02000038.1	Bu_00894	184824	185792	-	GH43_e180|GH43_31
CGC6	CAZyme	AAYH02000038.1	Bu_00895	185796	186764	-	GH43_e199|GH43_31
CGC6	CAZyme	AAYH02000038.1	Bu_00896	187009	189651	-	GH43_e21|GH43_31
CGC6	null	AAYH02000038.1	Bu_00897	189736	191313	-	null
CGC6	TC	AAYH02000038.1	Bu_00898	191336	194347	-	1.B.14.6.17
CGC6	TF	AAYH02000038.1	Bu_00899	194648	198601	-	HTH_AraC+HTH_AraC
CGC6	CAZyme	AAYH02000038.1	Bu_00900	198707	200524	-	GH2_e14|GH2
CGC6	TC	AAYH02000038.1	Bu_00901	200856	202346	-	8.A.46.3.2
CGC6	TC	AAYH02000038.1	Bu_00902	202366	205527	-	1.B.14.6.16
CGC6	TC	AAYH02000038.1	Bu_00903	205823	207697	+	1.C.39.4.5
CGC1	TC	AAYH02000039.1	Bu_00953	43093	46164	+	1.B.14.6.17
CGC1	TC	AAYH02000039.1	Bu_00954	46184	47968	+	1.B.38.1.10
CGC1	CAZyme	AAYH02000039.1	Bu_00955	48042	50177	+	GH32|GH32_e31
CGC1	CAZyme	AAYH02000039.1	Bu_00956	50177	51661	+	GH32|GH32_e11
CGC1	CAZyme	AAYH02000039.1	Bu_00957	51658	53730	+	GH172|GH172_e2
CGC1	CAZyme	AAYH02000039.1	Bu_00958	53735	55915	+	CBM38|CBM38_e6|GH32|GH32_e32
CGC1	CAZyme	AAYH02000039.1	Bu_00959	56049	57863	+	GH32|GH32_e16
CGC1	TC	AAYH02000039.1	Bu_00960	57882	59048	+	2.A.1.7.17
CGC2	TC	AAYH02000039.1	Bu_00974	74158	75336	+	2.C.1.4.3
CGC2	null	AAYH02000039.1	Bu_00975	75437	78220	-	null
CGC2	TC	AAYH02000039.1	Bu_00976	78405	80354	+	9.B.238.3.1
CGC2	null	AAYH02000039.1	Bu_00977	80395	81906	+	null
CGC2	TC	AAYH02000039.1	Bu_00978	81959	82528	-	2.A.51.1.6
CGC2	TC	AAYH02000039.1	Bu_00979	82592	83140	-	2.A.51.1.1
CGC2	TF	AAYH02000039.1	Bu_00980	83152	87324	-	HTH_AraC
CGC2	null	AAYH02000039.1	Bu_00981	87366	91070	-	null
CGC2	CAZyme	AAYH02000039.1	Bu_00982	91259	93511	-	CBM32_e198|GH20_e12|GH20
CGC3	TC	AAYH02000039.1	Bu_00990	99187	101025	+	3.B.1.1.6
CGC3	TC	AAYH02000039.1	Bu_00991	101025	102260	+	3.B.1.1.1
CGC3	null	AAYH02000039.1	Bu_00992	102350	103624	-	null
CGC3	TC	AAYH02000039.1	Bu_00993	103659	106688	-	2.A.6.2.37
CGC3	TC	AAYH02000039.1	Bu_00994	106739	107782	-	2.A.6.2.27
CGC3	CAZyme	AAYH02000039.1	Bu_00995	107949	110267	-	GH65_e0|GH65
CGC3	TC	AAYH02000039.1	Bu_00996	110492	111859	-	2.A.2.6.3
CGC3	TF	AAYH02000039.1	Bu_00997	111879	112883	-	LacI
CGC3	CAZyme	AAYH02000039.1	Bu_00998	113099	114274	+	GH53|GH53_e22
CGC3	CAZyme	AAYH02000039.1	Bu_00999	114303	116780	+	GH2_e137|GH2
CGC3	TC	AAYH02000039.1	Bu_01000	117500	120502	+	1.B.14.6.1
CGC3	TC	AAYH02000039.1	Bu_01001	120514	122133	+	8.A.46.1.1
CGC3	TC	AAYH02000039.1	Bu_01002	122158	123768	+	1.B.38.4.3
CGC3	CAZyme	AAYH02000039.1	Bu_01003	123850	125175	+	GH13_e188|GH13
CGC3	CAZyme	AAYH02000039.1	Bu_01004	125352	127931	+	GH13_10|CBM48_e54|CBM48|GH13_e156
CGC4	TC	AAYH02000039.1	Bu_01016	138708	139904	-	2.A.1.46.5
CGC4	null	AAYH02000039.1	Bu_01017	140011	141045	-	null
CGC4	null	AAYH02000039.1	Bu_01018	141402	144044	+	null
CGC4	TC	AAYH02000039.1	Bu_01019	144088	147381	+	1.B.14.6.17
CGC4	null	AAYH02000039.1	Bu_01020	147428	148738	+	null
CGC4	TC	AAYH02000039.1	Bu_01021	148856	150052	+	2.A.1.35.1
CGC4	TC	AAYH02000039.1	Bu_01022	150123	150902	-	1.A.28.1.4
CGC4	null	AAYH02000039.1	Bu_01024	151174	151479	+	null
CGC4	null	AAYH02000039.1	Bu_01025	151476	152045	+	null
CGC4	CAZyme	AAYH02000039.1	Bu_01026	152080	154077	+	GH13_e95|GH13_14|CBM48_e14
CGC4	TC	AAYH02000039.1	Bu_01027	154085	155560	+	3.A.1.32.3
CGC4	null	AAYH02000039.1	Bu_01028	155664	156320	+	null
CGC4	TC	AAYH02000039.1	Bu_01029	156436	158334	+	2.A.127.1.5
CGC4	null	AAYH02000039.1	Bu_01030	158350	159015	+	null
CGC4	TC	AAYH02000039.1	Bu_01031	159026	161623	-	1.C.105.2.12
CGC5	TC	AAYH02000039.1	Bu_01062	187334	188005	-	9.B.20.1.4
CGC5	CAZyme	AAYH02000039.1	Bu_01063	188028	189008	-	GH23|GH23_e63
CGC5	null	AAYH02000039.1	Bu_01064	189051	189776	-	null
CGC5	null	AAYH02000039.1	Bu_01065	189789	190199	-	null
CGC5	TC	AAYH02000039.1	Bu_01066	190223	192094	-	9.B.238.3.1
CGC5	CAZyme	AAYH02000039.1	Bu_01067	192307	193053	+	CE3_e27|CE3
CGC6	TC	AAYH02000039.1	Bu_01093	211514	212806	-	1.A.112.2.3
CGC6	CAZyme	AAYH02000039.1	Bu_01094	212901	213713	+	CE1_e22|CE1
CGC1	TC	AAYH02000040.1	Bu_01145	41391	43049	-	1.B.9.4.2
CGC1	null	AAYH02000040.1	Bu_01146	43086	44468	-	null
CGC1	null	AAYH02000040.1	Bu_01147	44750	45592	+	null
CGC1	CAZyme	AAYH02000040.1	Bu_01148	45647	46423	-	GH25_e217|GH25
CGC2	TC	AAYH02000040.1	Bu_01166	67734	71123	-	3.A.11.1.5
CGC2	CAZyme	AAYH02000040.1	Bu_01167	71778	72533	+	GT2
CGC3	TC	AAYH02000040.1	Bu_01209	124384	125937	+	3.B.1.1.2
CGC3	null	AAYH02000040.1	Bu_01210	125969	126901	+	null
CGC3	null	AAYH02000040.1	Bu_01211	126925	127359	+	null
CGC3	TC	AAYH02000040.1	Bu_01212	127361	128521	+	3.B.1.1.2
CGC3	STP	AAYH02000040.1	Bu_01213	128691	130043	+	TPR_1
CGC3	CAZyme	AAYH02000040.1	Bu_01214	130154	132004	+	GH13_e102|GH13
CGC4	CAZyme	AAYH02000040.1	Bu_01224	143089	145242	-	GH97|GH97_e22
CGC4	null	AAYH02000040.1	Bu_01225	145470	145607	-	null
CGC4	null	AAYH02000040.1	Bu_01226	145612	145956	-	null
CGC4	TC	AAYH02000040.1	Bu_01227	146682	147059	+	1.A.43.1.1
CGC4	null	AAYH02000040.1	Bu_01228	147073	147741	+	null
CGC4	null	AAYH02000040.1	Bu_01229	147807	149096	+	null
CGC4	CAZyme	AAYH02000040.1	Bu_01230	149200	151443	-	GH3_e1|GH3
CGC4	CAZyme	AAYH02000040.1	Bu_01231	151455	152744	-	GH158|GH158_e5
CGC4	CAZyme	AAYH02000040.1	Bu_01232	152833	154269	-	GH16_e240|GH16_3
CGC4	null	AAYH02000040.1	Bu_01233	154333	155706	-	null
CGC4	null	AAYH02000040.1	Bu_01234	155738	157327	-	null
CGC4	TC	AAYH02000040.1	Bu_01235	157346	160549	-	1.B.14.6.17
CGC4	TF	AAYH02000040.1	Bu_01236	160841	163792	-	GerE
CGC4	null	AAYH02000040.1	Bu_01238	164492	165037	+	null
CGC4	CAZyme	AAYH02000040.1	Bu_01239	165092	166045	+	GT2
CGC4	null	AAYH02000040.1	Bu_01240	166048	166533	+	null
CGC4	null	AAYH02000040.1	Bu_01241	166487	167269	+	null
CGC4	TC	AAYH02000040.1	Bu_01242	167277	167855	+	2.A.107.1.2
CGC4	TC	AAYH02000040.1	Bu_01243	167882	168898	+	5.B.14.1.1
CGC4	TC	AAYH02000040.1	Bu_01244	168920	169288	-	2.A.7.34.3
CGC1	TC	AAYH02000041.1	Bu_01286	7168	7812	+	3.A.1.125.3
CGC1	null	AAYH02000041.1	Bu_01287	7824	9029	+	null
CGC1	TF	AAYH02000041.1	Bu_01288	9032	11338	+	HTH_AraC
CGC1	CAZyme	AAYH02000041.1	Bu_01289	11424	13775	+	GH31|GH31_e94
CGC1	TC	AAYH02000041.1	Bu_01290	13923	15782	-	2.A.47.4.8
CGC2	CAZyme	AAYH02000041.1	Bu_01300	23548	26052	-	GH20_e108|GH20
CGC2	null	AAYH02000041.1	Bu_01301	26153	28516	+	null
CGC2	null	AAYH02000041.1	Bu_01302	28880	30217	+	null
CGC2	TC	AAYH02000041.1	Bu_01303	30404	31585	+	9.B.10.1.1
CGC2	CAZyme	AAYH02000041.1	Bu_01304	31681	33885	-	GH84|GH84_e9
CGC3	TC	AAYH02000041.1	Bu_01330	65102	66664	-	1.B.38.1.10
CGC3	TC	AAYH02000041.1	Bu_01331	66686	69796	-	1.B.14.6.17
CGC3	CAZyme	AAYH02000041.1	Bu_01332	70050	71753	-	GH18_e118|GH18
CGC3	TC	AAYH02000041.1	Bu_01333	71790	73055	-	2.A.1.7.11
CGC4	TC	AAYH02000041.1	Bu_01419	173589	176366	-	1.B.42.1.8
CGC4	null	AAYH02000041.1	Bu_01420	176370	176498	-	null
CGC4	STP	AAYH02000041.1	Bu_01421	176446	176982	-	HD
CGC4	CAZyme	AAYH02000041.1	Bu_01422	177003	178736	-	GT83|GT83_e52
CGC4	null	AAYH02000041.1	Bu_01423	178924	179301	+	null
CGC4	CAZyme	AAYH02000041.1	Bu_01424	179353	180324	+	GT2
CGC1	TC	AAYH02000042.1	Bu_01488	3359	5113	+	3.A.2.3.3
CGC1	TC	AAYH02000042.1	Bu_01489	5254	6579	+	3.A.2.3.3
CGC1	TC	AAYH02000042.1	Bu_01490	6700	7305	+	3.A.2.3.3
CGC1	TC	AAYH02000042.1	Bu_01491	7302	9128	+	3.A.2.2.1
CGC1	TC	AAYH02000042.1	Bu_01492	9162	9581	+	3.A.2.2.2
CGC1	null	AAYH02000042.1	Bu_01493	9542	9784	-	null
CGC1	CAZyme	AAYH02000042.1	Bu_01494	9877	11538	+	GT3|GT3_e2
CGC1	CAZyme	AAYH02000042.1	Bu_01495	11569	14133	+	GT35|GT35_e7
CGC2	TC	AAYH02000042.1	Bu_01571	91293	92552	+	2.A.66.2.10
CGC2	null	AAYH02000042.1	Bu_01572	92549	93175	+	null
CGC2	CAZyme	AAYH02000042.1	Bu_01573	93159	94046	+	GT2
CGC2	CAZyme	AAYH02000042.1	Bu_01574	94043	95137	+	GT4_e163|GT4
CGC2	TC	AAYH02000042.1	Bu_01575	95134	96516	+	9.B.67.3.2
CGC2	CAZyme	AAYH02000042.1	Bu_01576	96521	97516	+	GT2
CGC2	null	AAYH02000042.1	Bu_01577	97513	98889	+	null
CGC2	null	AAYH02000042.1	Bu_01578	98892	100160	+	null
CGC2	CAZyme	AAYH02000042.1	Bu_01579	100147	100938	+	GT2
CGC2	TC	AAYH02000042.1	Bu_01580	100953	101543	+	9.B.18.1.2
CGC3	TC	AAYH02000042.1	Bu_01607	136803	139805	+	1.B.14.6.17
CGC3	TC	AAYH02000042.1	Bu_01608	139805	141025	+	8.A.46.1.3
CGC3	null	AAYH02000042.1	Bu_01609	141032	141310	+	null
CGC3	null	AAYH02000042.1	Bu_01610	141330	142826	+	null
CGC3	CAZyme	AAYH02000042.1	Bu_01611	142840	144645	+	GH66|GH66_e1
CGC3	CAZyme	AAYH02000042.1	Bu_01612	144680	147178	+	GH31|GH31_e40
CGC3	CAZyme	AAYH02000042.1	Bu_01613	147200	149353	+	GH97|GH97_e22
CGC3	TC	AAYH02000042.1	Bu_01614	149697	151364	-	4.C.1.1.4
CGC3	TC	AAYH02000042.1	Bu_01615	151480	152931	-	2.A.36.6.11
CGC4	TC	AAYH02000042.1	Bu_01641	185755	186714	+	3.A.5.1.1
CGC4	null	AAYH02000042.1	Bu_01642	186711	188009	+	null
CGC4	null	AAYH02000042.1	Bu_01643	188088	188360	+	null
CGC4	CAZyme	AAYH02000042.1	Bu_01644	188387	189601	+	CBM50_e801|CBM50
CGC1	TC	AAYH02000043.1	Bu_01805	124499	125542	-	9.B.245.1.1
CGC1	null	AAYH02000043.1	Bu_01806	125642	126286	-	null
CGC1	TC	AAYH02000043.1	Bu_01807	126603	127289	-	2.C.1.4.3
CGC1	TF	AAYH02000043.1	Bu_01808	127702	128403	-	LytTR
CGC1	null	AAYH02000043.1	Bu_01809	128400	129467	-	null
CGC1	TC	AAYH02000043.1	Bu_01810	129713	130933	-	3.A.1.122.18
CGC1	TC	AAYH02000043.1	Bu_01811	130987	131733	-	3.A.1.122.20
CGC1	TC	AAYH02000043.1	Bu_01812	131749	132978	-	3.A.1.122.35
CGC1	null	AAYH02000043.1	Bu_01813	132991	134391	-	null
CGC1	null	AAYH02000043.1	Bu_01814	134602	134823	+	null
CGC1	TC	AAYH02000043.1	Bu_01815	134940	136514	+	3.D.4.3.2
CGC1	null	AAYH02000043.1	Bu_01816	136542	137690	+	null
CGC1	CAZyme	AAYH02000043.1	Bu_01817	137766	138470	-	GT51_e158|GT51
CGC1	TC	AAYH02000043.1	Bu_01818	138551	139225	-	9.B.186.1.3
CGC1	TC	AAYH02000043.1	Bu_01819	139326	140654	-	2.A.66.1.55
CGC1	TC	AAYH02000043.1	Bu_01820	140687	142060	-	3.A.1.11.8
CGC1	TC	AAYH02000043.1	Bu_01821	142069	142860	-	3.A.1.11.1
CGC1	TC	AAYH02000043.1	Bu_01822	142857	143657	-	3.A.1.11.8
CGC1	TC	AAYH02000043.1	Bu_01823	143647	145053	-	3.A.1.11.8
CGC1	TC	AAYH02000043.1	Bu_01824	145231	146028	+	1.A.115.1.2
CGC1	CAZyme	AAYH02000043.1	Bu_01825	146129	148333	+	GH36_e36|GH36
CGC1	TC	AAYH02000043.1	Bu_01826	148888	150585	+	3.A.1.120.8
CGC1	TC	AAYH02000043.1	Bu_01827	150810	153557	+	1.B.14.14.1
CGC1	null	AAYH02000043.1	Bu_01828	153599	156061	+	null
CGC1	null	AAYH02000043.1	Bu_01829	156159	157448	+	null
CGC1	TC	AAYH02000043.1	Bu_01830	157596	158933	+	3.A.18.1.1
CGC2	TC	AAYH02000043.1	Bu_01910	239461	242046	-	1.B.14.6.14
CGC2	null	AAYH02000043.1	Bu_01911	242346	243440	-	null
CGC2	TC	AAYH02000043.1	Bu_01912	243593	244219	+	1.A.62.2.1
CGC2	null	AAYH02000043.1	Bu_01913	244408	247311	-	null
CGC2	STP	AAYH02000043.1	Bu_01914	247585	248088	+	Sigma70_r2+Sigma70_r4_2
CGC2	TC	AAYH02000043.1	Bu_01915	248232	250010	+	3.B.1.1.6
CGC2	TC	AAYH02000043.1	Bu_01916	250034	252724	-	9.B.238.3.2
CGC2	CAZyme	AAYH02000043.1	Bu_01917	252741	253931	-	GT2
CGC2	null	AAYH02000043.1	Bu_01918	254179	255381	-	null
CGC2	null	AAYH02000043.1	Bu_01919	255541	256941	+	null
CGC2	TC	AAYH02000043.1	Bu_01920	257169	258518	+	3.D.5.1.1
CGC2	TC	AAYH02000043.1	Bu_01921	258572	259741	+	3.D.5.1.1
CGC2	TC	AAYH02000043.1	Bu_01922	259756	260445	+	3.D.5.1.1
CGC2	TC	AAYH02000043.1	Bu_01923	260450	261088	+	3.D.5.1.1
CGC2	TC	AAYH02000043.1	Bu_01924	261202	261828	+	3.D.5.1.1
CGC2	TC	AAYH02000043.1	Bu_01925	261846	263120	+	3.D.5.1.1
CGC2	TC	AAYH02000043.1	Bu_01926	263385	264617	-	9.B.101.3.1
CGC1	TC	AAYH02000044.1	Bu_02120	194629	195702	-	9.B.18.2.1
CGC1	CAZyme	AAYH02000044.1	Bu_02121	195708	196877	-	GT4|GT4_e1477
CGC1	null	AAYH02000044.1	Bu_02122	196884	198086	-	null
CGC1	TC	AAYH02000044.1	Bu_02123	198074	199417	-	2.A.66.10.1
CGC1	null	AAYH02000044.1	Bu_02124	200236	201441	-	null
CGC1	null	AAYH02000044.1	Bu_02125	201523	202227	-	null
CGC1	TC	AAYH02000044.1	Bu_02126	202241	204619	-	8.A.3.3.4
CGC1	null	AAYH02000044.1	Bu_02127	204661	205455	-	null
CGC1	TC	AAYH02000044.1	Bu_02128	205482	206588	-	9.B.146.1.4
CGC2	TC	AAYH02000044.1	Bu_02168	241486	242289	+	3.A.1.147.2
CGC2	null	AAYH02000044.1	Bu_02169	242286	242798	+	null
CGC2	null	AAYH02000044.1	Bu_02170	242876	243760	+	null
CGC2	TC	AAYH02000044.1	Bu_02171	244199	245725	+	9.B.238.3.2
CGC2	CAZyme	AAYH02000044.1	Bu_02172	245804	248047	-	GH92_e13|GH92
CGC2	CAZyme	AAYH02000044.1	Bu_02173	248343	249314	-	GH130_e13|GH130
CGC2	TC	AAYH02000044.1	Bu_02174	249338	250648	-	2.A.1.25.6
CGC2	CAZyme	AAYH02000044.1	Bu_02175	250670	252940	-	GH92|GH92_e0
CGC2	null	AAYH02000044.1	Bu_02176	252991	253131	+	null
CGC2	CAZyme	AAYH02000044.1	Bu_02177	253107	255089	-	GH18_e406|GH18
CGC2	null	AAYH02000044.1	Bu_02178	255128	256282	-	null
CGC2	null	AAYH02000044.1	Bu_02179	256292	257305	-	null
CGC2	TC	AAYH02000044.1	Bu_02180	257328	258917	-	8.A.46.2.2
CGC2	TC	AAYH02000044.1	Bu_02181	258929	262315	-	1.B.14.6.13
CGC2	CAZyme	AAYH02000044.1	Bu_02182	262618	264894	-	GH92_e18|GH92
CGC2	STP	AAYH02000044.1	Bu_02183	264960	265949	-	FecR
CGC2	TF	AAYH02000044.1	Bu_02184	265961	266554	-	GerE
CGC2	CAZyme	AAYH02000044.1	Bu_02185	266566	268797	-	GH92|GH92_e0
CGC1	TC	AAYH02000045.1	Bu_02311	112053	113126	-	9.B.18.2.1
CGC1	CAZyme	AAYH02000045.1	Bu_02312	113129	114145	-	GT4_e190|GT4
CGC1	CAZyme	AAYH02000045.1	Bu_02313	114149	115345	-	GT4|GT4_e779
CGC2	CAZyme	AAYH02000045.1	Bu_02338	138191	139822	-	GH33|GH33_e14
CGC2	null	AAYH02000045.1	Bu_02339	139836	141329	-	null
CGC2	TC	AAYH02000045.1	Bu_02340	141361	144540	-	1.B.14.6.17
CGC2	null	AAYH02000045.1	Bu_02341	144707	145624	-	null
CGC2	TC	AAYH02000045.1	Bu_02342	145662	148130	-	2.A.21.3.10
CGC3	TC	AAYH02000045.1	Bu_02435	263966	265957	+	2.A.67.4.3
CGC3	null	AAYH02000045.1	Bu_02436	265976	266863	+	null
CGC3	CAZyme	AAYH02000045.1	Bu_02437	266872	270093	+	GH2_e30|GH2
CGC4	TC	AAYH02000045.1	Bu_02441	272749	273699	-	9.B.146.1.2
CGC4	null	AAYH02000045.1	Bu_02442	273723	274718	-	null
CGC4	CAZyme	AAYH02000045.1	Bu_02443	274840	275670	-	GT2
CGC4	CAZyme	AAYH02000045.1	Bu_02444	275709	276917	-	GT4_e4048|GT4
CGC4	null	AAYH02000045.1	Bu_02445	276910	277746	-	null
CGC4	TC	AAYH02000045.1	Bu_02446	277746	278954	-	2.A.66.2.10
CGC1	TC	AAYH02000046.1	Bu_02532	55261	58386	+	1.B.14.6.17
CGC1	TC	AAYH02000046.1	Bu_02533	58411	60030	+	1.B.38.1.10
CGC1	null	AAYH02000046.1	Bu_02534	60055	60522	+	null
CGC1	CAZyme	AAYH02000046.1	Bu_02535	60526	61755	+	GH76|GH76_e42
CGC1	CAZyme	AAYH02000046.1	Bu_02536	61770	63239	+	GH125|GH125_e1
CGC1	CAZyme	AAYH02000046.1	Bu_02537	63309	65123	+	GH2_e14|GH2
CGC1	null	AAYH02000046.1	Bu_02538	65148	66533	+	null
CGC1	CAZyme	AAYH02000046.1	Bu_02539	66546	68711	+	GH92|GH92_e16
CGC2	CAZyme	AAYH02000046.1	Bu_02546	76354	78894	-	GH3_e6|GH3
CGC2	CAZyme	AAYH02000046.1	Bu_02547	78952	80370	-	GH109|GH109_e5
CGC2	null	AAYH02000046.1	Bu_02548	80430	81977	-	null
CGC2	TC	AAYH02000046.1	Bu_02549	81999	85463	-	1.B.14.6.1
CGC2	TF	AAYH02000046.1	Bu_02550	85766	86362	+	GerE
CGC2	STP	AAYH02000046.1	Bu_02551	86370	87380	+	FecR
CGC2	CAZyme	AAYH02000046.1	Bu_02552	87385	88521	+	GH109|GH109_e3
CGC3	CAZyme	AAYH02000046.1	Bu_02560	99541	100998	+	GH76|GH76_e23
CGC3	TC	AAYH02000046.1	Bu_02561	101017	104187	+	1.B.14.6.17
CGC4	TC	AAYH02000046.1	Bu_02565	109494	111989	+	8.A.128.3.7
CGC4	CAZyme	AAYH02000046.1	Bu_02566	111986	114313	+	GH92_e18|GH92
CGC4	CAZyme	AAYH02000046.1	Bu_02567	114443	115447	+	GH43_e147|GH43_34
CGC4	CAZyme	AAYH02000046.1	Bu_02568	115483	116967	+	GH125|GH125_e1
CGC4	CAZyme	AAYH02000046.1	Bu_02569	116976	119033	+	CBM13|GH127|GH127_e5
CGC5	TC	AAYH02000046.1	Bu_02584	131935	133002	+	3.A.1.132.3
CGC5	TC	AAYH02000046.1	Bu_02585	133095	134915	-	2.C.1.4.3
CGC5	TF	AAYH02000046.1	Bu_02586	134918	135280	-	Pencillinase_R
CGC5	null	AAYH02000046.1	Bu_02587	135358	135513	-	null
CGC5	CAZyme	AAYH02000046.1	Bu_02588	135570	137108	+	GH109|GH109_e5
CGC6	CAZyme	AAYH02000046.1	Bu_02598	151059	153611	-	GH105_e29|GH105
CGC6	TC	AAYH02000046.1	Bu_02599	153736	155352	-	8.A.46.1.6
CGC6	TC	AAYH02000046.1	Bu_02600	155374	158613	-	1.B.14.6.1
CGC6	STP	AAYH02000046.1	Bu_02601	158724	159743	-	FecR
CGC6	TF	AAYH02000046.1	Bu_02602	159897	160445	+	GerE
CGC6	CAZyme	AAYH02000046.1	Bu_02603	160515	162725	-	GH3_e27|GH3
CGC6	null	AAYH02000046.1	Bu_02604	162832	163602	-	null
CGC6	CAZyme	AAYH02000046.1	Bu_02605	163614	166334	-	GH2_e97|GH2
CGC6	CAZyme	AAYH02000046.1	Bu_02606	166331	168109	-	GH2_e139|GH2
CGC6	CAZyme	AAYH02000046.1	Bu_02607	168167	170161	-	GH97|GH97_e1
CGC6	CAZyme	AAYH02000046.1	Bu_02608	170176	171468	-	CE7|CE7_e10
CGC6	null	AAYH02000046.1	Bu_02609	171482	173545	-	null
CGC6	null	AAYH02000046.1	Bu_02610	173593	175473	-	null
CGC6	TC	AAYH02000046.1	Bu_02611	175610	177340	-	1.B.38.1.10
CGC6	TC	AAYH02000046.1	Bu_02612	177355	180678	-	1.B.14.6.17
CGC7	TC	AAYH02000046.1	Bu_02685	243664	244380	+	1.A.30.2.9
CGC7	null	AAYH02000046.1	Bu_02686	244415	244825	+	null
CGC7	null	AAYH02000046.1	Bu_02687	244860	245678	+	null
CGC7	TC	AAYH02000046.1	Bu_02688	245693	246247	+	8.A.145.1.5
CGC7	null	AAYH02000046.1	Bu_02689	246282	246956	+	null
CGC7	TC	AAYH02000046.1	Bu_02690	246944	249040	+	3.A.11.1.5
CGC7	CAZyme	AAYH02000046.1	Bu_02691	249310	250179	+	CBM50_e27|CBM50
CGC7	null	AAYH02000046.1	Bu_02692	250289	250831	+	null
CGC7	TC	AAYH02000046.1	Bu_02693	250821	252113	+	9.B.214.3.2
CGC8	TC	AAYH02000046.1	Bu_02711	273136	276318	+	1.B.14.6.17
CGC8	null	AAYH02000046.1	Bu_02712	276341	277978	+	null
CGC8	CAZyme	AAYH02000046.1	Bu_02713	278181	281111	+	GH92|GH92_e0
CGC8	null	AAYH02000046.1	Bu_02714	281130	281993	+	null
CGC8	null	AAYH02000046.1	Bu_02715	282037	283149	+	null
CGC8	CAZyme	AAYH02000046.1	Bu_02716	283171	284775	+	GH63_e19|GH63
CGC8	CAZyme	AAYH02000046.1	Bu_02717	284790	286241	+	GH125|GH125_e1
CGC8	CAZyme	AAYH02000046.1	Bu_02718	286238	288559	+	GH20_e12|GH20
CGC9	TC	AAYH02000046.1	Bu_02765	353203	356481	+	1.B.14.6.17
CGC9	TC	AAYH02000046.1	Bu_02766	356505	358562	+	8.A.46.3.4
CGC9	CAZyme	AAYH02000046.1	Bu_02767	358661	359812	+	GH43_24|GH43_e236
CGC9	null	AAYH02000046.1	Bu_02768	359772	360344	-	null
CGC9	null	AAYH02000046.1	Bu_02769	360507	361688	+	null
CGC9	CAZyme	AAYH02000046.1	Bu_02770	361803	365123	-	GH43_e269|CBM32_e42|GH35_e43|GH43_24|CBM32|GH35
CGC9	null	AAYH02000046.1	Bu_02771	365271	367040	-	null
CGC9	null	AAYH02000046.1	Bu_02772	367291	369447	+	null
CGC9	TC	AAYH02000046.1	Bu_02773	369748	371292	+	9.B.34.1.7
CGC10	TC	AAYH02000046.1	Bu_02783	375371	377044	-	4.C.1.1.4
CGC10	null	AAYH02000046.1	Bu_02784	377130	378446	+	null
CGC10	null	AAYH02000046.1	Bu_02785	378501	379400	+	null
CGC10	CAZyme	AAYH02000046.1	Bu_02786	379393	380409	+	GT2
CGC1	CAZyme	AAYH02000047.1	Bu_02811	7736	8560	+	GT5_e28|GT5
CGC1	null	AAYH02000047.1	Bu_02812	8584	10167	+	null
CGC1	CAZyme	AAYH02000047.1	Bu_02813	10248	11663	-	GH57|GH57_e10
CGC1	CAZyme	AAYH02000047.1	Bu_02814	11681	12949	-	GT4|GT4_e602
CGC1	CAZyme	AAYH02000047.1	Bu_02815	12964	14904	-	GH133_e1|GH133
CGC1	null	AAYH02000047.1	Bu_02816	14941	15057	+	null
CGC1	TC	AAYH02000047.1	Bu_02817	15075	15764	+	9.B.104.3.2
CGC2	CAZyme	AAYH02000047.1	Bu_02841	34737	37292	-	GH116|GH116_e6
CGC2	CAZyme	AAYH02000047.1	Bu_02842	37318	39135	-	GH20_e12|GH20
CGC2	CAZyme	AAYH02000047.1	Bu_02843	39128	41737	-	GH3_e6|GH3
CGC2	CAZyme	AAYH02000047.1	Bu_02844	41775	42935	-	GH172|GH172_e3
CGC2	CAZyme	AAYH02000047.1	Bu_02845	42981	44177	-	GH33|GH0|GH33_e137
CGC2	TC	AAYH02000047.1	Bu_02846	44261	45751	-	8.A.46.1.4
CGC2	TC	AAYH02000047.1	Bu_02847	45764	49015	-	1.B.14.6.16
CGC2	CAZyme	AAYH02000047.1	Bu_02848	49105	51666	-	GH116|GH116_e6
CGC2	TC	AAYH02000047.1	Bu_02849	51678	53102	-	2.A.1.1.41
CGC3	TC	AAYH02000047.1	Bu_02930	135587	136543	-	8.A.21.2.6
CGC3	CAZyme	AAYH02000047.1	Bu_02931	136741	139335	-	GH3_e0|GH3
CGC4	TC	AAYH02000047.1	Bu_02955	166928	170134	-	2.A.6.3.11
CGC4	null	AAYH02000047.1	Bu_02956	170134	171606	-	null
CGC4	TC	AAYH02000047.1	Bu_02957	171603	174674	-	2.A.6.3.14
CGC4	null	AAYH02000047.1	Bu_02958	174711	175784	-	null
CGC4	null	AAYH02000047.1	Bu_02959	175909	177591	-	null
CGC4	CAZyme	AAYH02000047.1	Bu_02960	177626	179584	-	CBM62|CBM62_e1
CGC4	CAZyme	AAYH02000047.1	Bu_02961	179630	181549	-	CBM62|CBM62_e5
CGC4	TC	AAYH02000047.1	Bu_02962	181551	182441	-	9.B.391.1.3
CGC5	TC	AAYH02000047.1	Bu_03032	272684	274696	+	3.A.29.1.2
CGC5	TC	AAYH02000047.1	Bu_03033	274686	275528	+	9.B.273.1.2
CGC5	null	AAYH02000047.1	Bu_03034	275646	276395	-	null
CGC5	CAZyme	AAYH02000047.1	Bu_03035	276494	277639	-	GT19|GT19_e2
CGC6	CAZyme	AAYH02000047.1	Bu_03042	283537	284853	+	GH23|CBM50_e207|GH23_e209|CBM50
CGC6	TC	AAYH02000047.1	Bu_03043	284930	287188	+	3.A.23.6.1
CGC6	TF	AAYH02000047.1	Bu_03044	287206	287595	-	MerR
CGC6	TC	AAYH02000047.1	Bu_03045	287625	288593	-	1.A.34.1.3
CGC7	CAZyme	AAYH02000047.1	Bu_03067	310413	312668	-	GH92_e30|GH92
CGC7	null	AAYH02000047.1	Bu_03068	312673	313479	-	null
CGC7	CAZyme	AAYH02000047.1	Bu_03069	313476	314918	-	GH125|GH125_e1
CGC7	null	AAYH02000047.1	Bu_03070	314920	315612	-	null
CGC7	null	AAYH02000047.1	Bu_03071	315629	317530	-	null
CGC7	TC	AAYH02000047.1	Bu_03072	317542	320952	-	1.B.14.6.17
CGC8	CAZyme	AAYH02000047.1	Bu_03107	352449	354890	-	GH2_e16|GH2
CGC8	CAZyme	AAYH02000047.1	Bu_03108	354927	356534	-	GH30_e67|GH30_4
CGC8	TC	AAYH02000047.1	Bu_03109	356654	358315	-	8.A.46.1.6
CGC8	TC	AAYH02000047.1	Bu_03110	358329	361379	-	1.B.14.6.17
CGC1	CAZyme	AAYH02000048.1	Bu_03148	13508	14611	+	GH43_e74|GH43_33
CGC1	CAZyme	AAYH02000048.1	Bu_03149	14693	16690	-	GH2_e122|GH2
CGC1	TF	AAYH02000048.1	Bu_03150	16935	20945	+	HTH_AraC+HTH_AraC
CGC1	TC	AAYH02000048.1	Bu_03151	21065	24241	+	1.B.14.6.17
CGC1	null	AAYH02000048.1	Bu_03152	24285	25907	+	null
CGC1	null	AAYH02000048.1	Bu_03153	25948	27405	+	null
CGC1	CAZyme	AAYH02000048.1	Bu_03154	27536	28969	+	GH5_4|GH5_e11
CGC1	CAZyme	AAYH02000048.1	Bu_03155	29001	31073	+	GH97|GH97_e1
CGC1	CAZyme	AAYH02000048.1	Bu_03156	31070	34795	+	GH2_e1|GH2_e159|GH2
CGC1	CAZyme	AAYH02000048.1	Bu_03157	34822	36882	+	GH42_e15|GH42
CGC1	CAZyme	AAYH02000048.1	Bu_03158	36905	40012	+	GH2_e1|GH2
CGC1	CAZyme	AAYH02000048.1	Bu_03159	40070	41686	+	GH29_e82|GH29
CGC1	CAZyme	AAYH02000048.1	Bu_03160	41701	44091	+	GH31|GH31_e94
CGC1	CAZyme	AAYH02000048.1	Bu_03161	44141	46981	+	GH43_e76|CE20_e24|CBM6|CBM6_e42|CE20|GH43_16
CGC2	TC	AAYH02000048.1	Bu_03168	55431	58454	+	1.B.14.6.17
CGC2	TC	AAYH02000048.1	Bu_03169	58473	60023	+	1.B.38.1.10
CGC2	CAZyme	AAYH02000048.1	Bu_03170	60036	62135	+	GH43_e55|CBM32_e176|CBM32|GH43_28
CGC2	CAZyme	AAYH02000048.1	Bu_03171	62153	63544	+	GH144|GH144_e1
CGC2	CAZyme	AAYH02000048.1	Bu_03172	63664	65955	+	GH3_e1|GH3
CGC2	TC	AAYH02000048.1	Bu_03173	66093	69128	+	1.B.14.6.17
CGC2	TC	AAYH02000048.1	Bu_03174	69209	70729	+	1.B.38.1.10
CGC2	CAZyme	AAYH02000048.1	Bu_03175	71045	73381	+	GH3_e1|GH3
CGC2	null	AAYH02000048.1	Bu_03176	73521	74285	+	null
CGC2	CAZyme	AAYH02000048.1	Bu_03177	74330	75664	+	GH144|GH144_e1
CGC3	TC	AAYH02000048.1	Bu_03207	113481	114929	+	2.A.128.2.3
CGC3	TC	AAYH02000048.1	Bu_03208	115052	116320	+	9.B.146.1.6
CGC3	null	AAYH02000048.1	Bu_03209	116419	117750	+	null
CGC3	TC	AAYH02000048.1	Bu_03210	117842	119158	+	2.A.103.1.2
CGC3	CAZyme	AAYH02000048.1	Bu_03211	119258	120481	+	GT28_e43|GT28
CGC4	TC	AAYH02000048.1	Bu_03223	132501	133469	+	1.A.35.3.1
CGC4	null	AAYH02000048.1	Bu_03224	133579	133944	-	null
CGC4	null	AAYH02000048.1	Bu_03225	133941	134273	-	null
CGC4	CAZyme	AAYH02000048.1	Bu_03226	134716	138435	-	GH2_e130|CBM32_e87|GH2
CGC4	CAZyme	AAYH02000048.1	Bu_03227	138448	139632	-	GH26_e77|GH26
CGC4	null	AAYH02000048.1	Bu_03228	139651	140031	-	null
CGC4	TC	AAYH02000048.1	Bu_03229	140048	141793	-	1.B.38.1.10
CGC4	TC	AAYH02000048.1	Bu_03230	141812	144925	-	1.B.14.6.17
CGC5	TC	AAYH02000048.1	Bu_03239	153098	156175	+	1.B.14.6.17
CGC5	TC	AAYH02000048.1	Bu_03240	156204	157739	+	1.B.38.1.10
CGC5	CAZyme	AAYH02000048.1	Bu_03241	157866	159875	+	GH63|GH63_e21
CGC5	CAZyme	AAYH02000048.1	Bu_03242	159945	163181	+	GH2_e30|GH2
CGC5	TC	AAYH02000048.1	Bu_03243	163283	163561	+	2.A.124.1.2
CGC5	TC	AAYH02000048.1	Bu_03244	163558	164160	+	2.A.124.1.2
CGC5	CAZyme	AAYH02000048.1	Bu_03245	164233	167376	+	GH2_e30|GH2
CGC5	CAZyme	AAYH02000048.1	Bu_03246	167397	169325	+	GH63_e18|GH63
CGC6	CAZyme	AAYH02000048.1	Bu_03281	202002	203738	-	CBM32_e188|CBM32|GH43_28|GH43_e302
CGC6	CAZyme	AAYH02000048.1	Bu_03282	203823	205556	-	CBM32_e188|CBM32|GH43_28|GH43_e302
CGC6	null	AAYH02000048.1	Bu_03283	205613	207178	-	null
CGC6	CAZyme	AAYH02000048.1	Bu_03284	207212	209482	-	GH3_e7|GH3
CGC6	null	AAYH02000048.1	Bu_03285	209494	210345	-	null
CGC6	CAZyme	AAYH02000048.1	Bu_03286	210408	211739	-	GH144|GH144_e5
CGC6	TC	AAYH02000048.1	Bu_03287	211807	213315	-	1.B.38.1.10
CGC6	TC	AAYH02000048.1	Bu_03288	213341	216316	-	1.B.14.6.17
CGC6	CAZyme	AAYH02000048.1	Bu_03289	216521	217672	-	GH172|GH172_e13
CGC6	null	AAYH02000048.1	Bu_03290	217697	219274	-	null
CGC6	null	AAYH02000048.1	Bu_03291	219287	220582	-	null
CGC6	CAZyme	AAYH02000048.1	Bu_03292	220652	221836	-	GH172|GH172_e6
CGC6	null	AAYH02000048.1	Bu_03293	221884	223449	-	null
CGC6	CAZyme	AAYH02000048.1	Bu_03294	223497	226148	-	CBM57|CBM57_e12|GH2_e35|GH2
CGC6	CAZyme	AAYH02000048.1	Bu_03295	226301	228592	-	GH3_e1|GH3
CGC7	TC	AAYH02000048.1	Bu_03329	274191	277418	+	1.B.14.6.17
CGC7	null	AAYH02000048.1	Bu_03330	277477	279222	+	null
CGC7	null	AAYH02000048.1	Bu_03331	279258	280412	+	null
CGC7	CAZyme	AAYH02000048.1	Bu_03332	280774	283002	+	GH3_e151|GH3
CGC7	CAZyme	AAYH02000048.1	Bu_03333	283089	285410	+	GH3_e1|GH3
CGC7	CAZyme	AAYH02000048.1	Bu_03334	285436	286848	+	GH5_25|GH5_e87
CGC7	CAZyme	AAYH02000048.1	Bu_03335	286871	289393	+	GH3_e208|GH3
CGC7	CAZyme	AAYH02000048.1	Bu_03336	289393	291699	+	GH78|CBM67_e8|CBM67|GH78_e66
CGC7	null	AAYH02000048.1	Bu_03338	292195	294030	+	null
CGC7	null	AAYH02000048.1	Bu_03339	294130	295134	+	null
CGC7	TC	AAYH02000048.1	Bu_03340	295767	299135	+	1.B.14.6.2
CGC7	TC	AAYH02000048.1	Bu_03341	299167	300849	+	8.A.46.2.2
CGC7	null	AAYH02000048.1	Bu_03342	301151	302659	+	null
CGC7	null	AAYH02000048.1	Bu_03343	302668	302910	+	null
CGC7	TC	AAYH02000048.1	Bu_03344	302914	304302	+	2.A.50.2.3
CGC8	CAZyme	AAYH02000048.1	Bu_03368	332233	334917	-	GH13_e136|CBM32|GH13_36|CBM32_e26
CGC8	CAZyme	AAYH02000048.1	Bu_03369	334971	336140	-	GH172|GH172_e6
CGC8	CAZyme	AAYH02000048.1	Bu_03370	336204	338570	-	GH92|GH92_e21
CGC8	null	AAYH02000048.1	Bu_03371	338656	340461	-	null
CGC8	TC	AAYH02000048.1	Bu_03372	340490	343612	-	1.B.14.6.1
CGC9	TC	AAYH02000048.1	Bu_03390	368055	369500	+	2.A.66.2.7
CGC9	CAZyme	AAYH02000048.1	Bu_03391	369497	370402	+	GT14_e88|GT14
CGC10	CAZyme	AAYH02000048.1	Bu_03395	373740	375005	+	GT4_e1535|GT4
CGC10	CAZyme	AAYH02000048.1	Bu_03396	374998	375744	+	GT2
CGC10	null	AAYH02000048.1	Bu_03397	376010	376726	-	null
CGC10	null	AAYH02000048.1	Bu_03398	376909	377502	+	null
CGC10	TC	AAYH02000048.1	Bu_03399	377521	378387	+	8.A.11.1.2
CGC11	TC	AAYH02000048.1	Bu_03462	444361	447534	-	1.B.14.6.17
CGC11	CAZyme	AAYH02000048.1	Bu_03463	447746	450121	-	GH31|GH31_e32
CGC11	TF	AAYH02000048.1	Bu_03464	450378	454289	+	HTH_AraC+HTH_AraC
CGC11	CAZyme	AAYH02000048.1	Bu_03465	454295	456025	-	GH9|GH9_e26
CGC11	CAZyme	AAYH02000048.1	Bu_03466	456066	457967	-	GH30|GH0
CGC11	null	AAYH02000048.1	Bu_03467	457964	459217	-	null
CGC11	null	AAYH02000048.1	Bu_03468	459557	462091	+	null
CGC11	CAZyme	AAYH02000048.1	Bu_03469	462245	463666	-	CE20_e40|CE20
CGC11	STP	AAYH02000048.1	Bu_03470	463860	464987	+	ATPase_2
CGC11	null	AAYH02000048.1	Bu_03471	465779	466705	-	null
CGC11	TC	AAYH02000048.1	Bu_03472	467125	470469	+	9.B.142.9.16
CGC11	CAZyme	AAYH02000048.1	Bu_03473	470604	471260	+	CE4|CE4_e140
CGC1	CAZyme	AAYH02000049.1	Bu_03512	16058	17230	+	GT2
CGC1	TC	AAYH02000049.1	Bu_03513	17236	18480	-	3.A.1.125.1
CGC1	STP	AAYH02000049.1	Bu_03514	18491	19696	-	Aminotran_1_2
CGC1	null	AAYH02000049.1	Bu_03515	19959	21194	+	null
CGC1	TC	AAYH02000049.1	Bu_03516	21195	23795	-	9.B.238.3.2
CGC2	CAZyme	AAYH02000049.1	Bu_03529	37149	38072	-	CBM50_e698|GH73_e88|CBM50|GH73
CGC2	null	AAYH02000049.1	Bu_03530	38174	38656	+	null
CGC2	TC	AAYH02000049.1	Bu_03531	39014	40648	+	3.A.1.121.3
CGC3	TC	AAYH02000049.1	Bu_03606	125784	126392	-	9.B.18.1.3
CGC3	CAZyme	AAYH02000049.1	Bu_03607	126397	127599	-	GT4_e3312|GT4
CGC3	null	AAYH02000049.1	Bu_03608	127608	128792	-	null
CGC3	null	AAYH02000049.1	Bu_03609	128818	129966	-	null
CGC3	TC	AAYH02000049.1	Bu_03610	130012	131085	-	9.B.18.2.1
CGC3	CAZyme	AAYH02000049.1	Bu_03611	131092	132117	-	GT4_e190|GT4
CGC3	CAZyme	AAYH02000049.1	Bu_03612	132121	133317	-	GT4|GT4_e779
CGC3	null	AAYH02000049.1	Bu_03613	133346	134518	-	null
CGC3	CAZyme	AAYH02000049.1	Bu_03614	134566	135255	-	CE4|CE4_e274
CGC3	null	AAYH02000049.1	Bu_03615	135242	136408	-	null
CGC3	CAZyme	AAYH02000049.1	Bu_03616	136426	137439	-	GT2
CGC4	CAZyme	AAYH02000049.1	Bu_03693	218256	219383	+	GH18_e225|GH18
CGC4	TC	AAYH02000049.1	Bu_03694	219581	220840	+	1.B.70.1.8
CGC5	TC	AAYH02000049.1	Bu_03733	256820	259186	-	9.B.238.3.1
CGC5	null	AAYH02000049.1	Bu_03734	259356	260183	-	null
CGC5	null	AAYH02000049.1	Bu_03735	260215	261402	-	null
CGC5	CAZyme	AAYH02000049.1	Bu_03736	261418	263760	-	GH115_e4|GH115
CGC5	CAZyme	AAYH02000049.1	Bu_03737	263766	266159	-	GH2_e31|GH2
CGC5	CAZyme	AAYH02000049.1	Bu_03738	266165	267691	-	GH30_2|GH30_e11
CGC5	CAZyme	AAYH02000049.1	Bu_03739	267768	270707	-	GH28_e132|GH28|GH43_9|GH43_e194|CBM91_e0
CGC5	TC	AAYH02000049.1	Bu_03740	270972	272933	-	8.A.46.1.6
CGC5	TC	AAYH02000049.1	Bu_03741	272947	276228	-	1.B.14.6.17
CGC5	null	AAYH02000049.1	Bu_03742	276516	277313	-	null
CGC5	TF	AAYH02000049.1	Bu_03743	277720	281787	+	HTH_AraC
CGC5	CAZyme	AAYH02000049.1	Bu_03744	281962	283377	-	GH28|GH28_e133
CGC5	CAZyme	AAYH02000049.1	Bu_03745	283398	285734	-	GH2|GH2_e127
CGC5	CAZyme	AAYH02000049.1	Bu_03746	285768	287762	-	CBM35|CBM35_e36
CGC5	CAZyme	AAYH02000049.1	Bu_03747	288045	289688	-	CE12|CE4_e274|CE4|CE12_e30|CE0
CGC5	TC	AAYH02000049.1	Bu_03748	290103	292148	-	8.A.46.3.4
CGC5	TC	AAYH02000049.1	Bu_03749	292161	295451	-	1.B.14.6.17
CGC5	null	AAYH02000049.1	Bu_03750	295672	296007	-	null
CGC5	CAZyme	AAYH02000049.1	Bu_03751	296208	298322	-	PL27_e0|PL27
CGC6	CAZyme	AAYH02000049.1	Bu_03766	318638	321160	-	GH2_e80|GH2
CGC6	null	AAYH02000049.1	Bu_03768	321838	322794	-	null
CGC6	TC	AAYH02000049.1	Bu_03769	322787	323536	-	3.A.1.132.8
CGC6	null	AAYH02000049.1	Bu_03770	323533	324678	-	null
CGC6	null	AAYH02000049.1	Bu_03771	324867	325922	+	null
CGC6	TC	AAYH02000049.1	Bu_03772	325929	327038	-	4.C.3.1.4
CGC7	CAZyme	AAYH02000049.1	Bu_03834	382180	383166	+	GH109|GH109_e7
CGC7	TC	AAYH02000049.1	Bu_03835	383188	385458	-	2.A.37.1.5
CGC8	TC	AAYH02000049.1	Bu_03844	394136	396169	-	5.A.1.1.1
CGC8	null	AAYH02000049.1	Bu_03845	396187	396495	-	null
CGC8	null	AAYH02000049.1	Bu_03846	396598	397209	+	null
CGC8	CAZyme	AAYH02000049.1	Bu_03847	397265	398683	+	GH23|GH23_e996
CGC8	STP	AAYH02000049.1	Bu_03848	398724	401489	-	B12-binding_2+B12-binding
CGC8	null	AAYH02000049.1	Bu_03849	401491	401943	-	null
CGC8	TC	AAYH02000049.1	Bu_03850	401952	402524	-	9.B.29.3.6
CGC9	TC	AAYH02000049.1	Bu_03906	465852	469187	+	3.A.5.1.1
CGC9	null	AAYH02000049.1	Bu_03907	469358	470458	+	null
CGC9	null	AAYH02000049.1	Bu_03908	470525	470971	+	null
CGC9	CAZyme	AAYH02000049.1	Bu_03909	471078	474080	-	GH55_e1|GH55
CGC9	CAZyme	AAYH02000049.1	Bu_03910	474110	477124	-	GH55_e1|GH55
CGC9	null	AAYH02000049.1	Bu_03911	477196	477912	-	null
CGC9	null	AAYH02000049.1	Bu_03912	477938	479929	-	null
CGC9	TC	AAYH02000049.1	Bu_03913	479942	483343	-	1.B.14.6.1
