CGC1	CAZyme	AE015928.1	Bth_00046	40584	41537	+	GT2
CGC1	null	AE015928.1	Bth_00047	41534	42700	+	null
CGC1	CAZyme	AE015928.1	Bth_00048	42715	43656	+	GT2
CGC1	CAZyme	AE015928.1	Bth_00049	43671	44066	+	GT2
CGC1	null	AE015928.1	Bth_00050	44054	44638	+	null
CGC1	CAZyme	AE015928.1	Bth_00051	44647	45582	+	GT101|GT101_e12
CGC1	CAZyme	AE015928.1	Bth_00052	45594	46565	+	GT2
CGC1	CAZyme	AE015928.1	Bth_00053	46565	47545	+	GT2
CGC1	null	AE015928.1	Bth_00054	47542	48834	+	null
CGC1	CAZyme	AE015928.1	Bth_00055	48834	49958	+	GT4|GT4_e408
CGC1	CAZyme	AE015928.1	Bth_00056	50011	51132	+	GT0|GT4_e161
CGC1	CAZyme	AE015928.1	Bth_00057	51080	52255	+	GT4_e3479|GT4
CGC1	TC	AE015928.1	Bth_00058	52276	53298	+	9.B.146.1.2
CGC2	TC	AE015928.1	Bth_00127	112706	113182	-	3.D.1.6.1
CGC2	TC	AE015928.1	Bth_00128	113201	114967	-	3.D.1.6.2
CGC2	TC	AE015928.1	Bth_00129	114979	116886	-	3.D.1.5.1
CGC2	CAZyme	AE015928.1	Bth_00130	117467	120223	+	PL40|PL40_e1
CGC2	CAZyme	AE015928.1	Bth_00131	120368	123661	+	GH28_e12|GH28|CBM6_e73|CBM6
CGC3	CAZyme	AE015928.1	Bth_00151	148218	149618	+	GH43_10|CBM91|CBM91_e10|GH43_e0
CGC3	CAZyme	AE015928.1	Bth_00152	149679	150899	+	GH88|GH88_e24
CGC3	null	AE015928.1	Bth_00153	150999	151475	-	null
CGC3	TC	AE015928.1	Bth_00154	151535	152824	-	1.A.112.2.3
CGC3	null	AE015928.1	Bth_00155	152837	152950	+	null
CGC3	null	AE015928.1	Bth_00156	153042	153827	-	null
CGC3	TC	AE015928.1	Bth_00157	153863	156241	-	1.B.14.6.5
CGC3	null	AE015928.1	Bth_00158	156339	156773	+	null
CGC3	CAZyme	AE015928.1	Bth_00159	156800	157618	+	CE1_e22|CE1
CGC4	TC	AE015928.1	Bth_00165	163152	164579	-	2.A.35.1.3
CGC4	TC	AE015928.1	Bth_00166	164674	165546	-	2.A.89.3.10
CGC4	null	AE015928.1	Bth_00167	165668	166102	-	null
CGC4	TC	AE015928.1	Bth_00168	166150	167325	-	2.A.1.36.3
CGC4	CAZyme	AE015928.1	Bth_00169	167345	169663	-	GT51_e13|GT51
CGC5	TC	AE015928.1	Bth_00190	191106	192656	+	2.A.21.3.17
CGC5	CAZyme	AE015928.1	Bth_00191	192751	194160	-	GH23|GH23_e996
CGC5	null	AE015928.1	Bth_00192	194157	194774	-	null
CGC5	null	AE015928.1	Bth_00193	194876	195175	+	null
CGC5	TC	AE015928.1	Bth_00194	195191	197245	+	5.A.1.1.1
CGC6	CAZyme	AE015928.1	Bth_00260	276813	277556	-	GT2
CGC6	TC	AE015928.1	Bth_00261	277801	281184	+	3.A.11.1.5
CGC7	CAZyme	AE015928.1	Bth_00272	293308	294711	+	PL27_e0|PL27
CGC7	CAZyme	AE015928.1	Bth_00273	294837	296585	-	GH43_24|GH43_e42|CBM32_e51
CGC7	CAZyme	AE015928.1	Bth_00274	296627	298108	-	GH43_24|GH43_e146
CGC7	null	AE015928.1	Bth_00275	298121	299581	-	null
CGC7	TF	AE015928.1	Bth_00276	299864	303976	+	HTH_AraC+HTH_AraC
CGC7	TC	AE015928.1	Bth_00277	304251	307184	+	1.B.14.6.17
CGC8	TC	AE015928.1	Bth_00303	344839	345732	+	3.A.1.148.3
CGC8	TC	AE015928.1	Bth_00304	345748	349053	+	9.B.359.3.3
CGC8	null	AE015928.1	Bth_00305	349074	350570	+	null
CGC8	TC	AE015928.1	Bth_00306	350578	351639	+	2.A.6.3.14
CGC8	TC	AE015928.1	Bth_00307	351688	354804	+	2.A.6.3.6
CGC8	TC	AE015928.1	Bth_00308	354807	358001	+	2.A.6.3.6
CGC8	TC	AE015928.1	Bth_00309	358006	359517	+	3.A.1.148.4
CGC8	null	AE015928.1	Bth_00310	359533	360234	+	null
CGC8	null	AE015928.1	Bth_00311	360384	362600	-	null
CGC8	TC	AE015928.1	Bth_00312	362872	364107	+	2.A.6.2.42
CGC8	TC	AE015928.1	Bth_00313	364111	367215	+	2.A.6.2.22
CGC8	TC	AE015928.1	Bth_00314	367215	368588	+	2.A.6.2.20
CGC8	null	AE015928.1	Bth_00315	368717	370363	+	null
CGC8	CAZyme	AE015928.1	Bth_00316	370521	371414	+	GH25_e217|GH25
CGC9	CAZyme	AE015928.1	Bth_00347	403273	405093	+	GH141_e0|GH141
CGC9	CAZyme	AE015928.1	Bth_00348	405215	407461	+	GH31|GH31_e16
CGC9	STP	AE015928.1	Bth_00349	407471	409279	+	B12-binding_2+B12-binding
CGC9	TC	AE015928.1	Bth_00350	409308	410879	+	2.A.21.3.2
CGC10	CAZyme	AE015928.1	Bth_00368	432012	433937	-	GH43_4|GH43_e183
CGC10	null	AE015928.1	Bth_00369	433972	435777	-	null
CGC10	TC	AE015928.1	Bth_00370	435803	438946	-	1.B.14.6.17
CGC10	null	AE015928.1	Bth_00371	438957	440732	-	null
CGC10	TC	AE015928.1	Bth_00372	440745	443828	-	1.B.14.6.17
CGC10	null	AE015928.1	Bth_00373	443848	446157	-	null
CGC10	TF	AE015928.1	Bth_00374	446387	450649	-	HTH_AraC+HTH_AraC
CGC10	CAZyme	AE015928.1	Bth_00375	450805	452346	+	GH43_4|GH43_e326
CGC10	CAZyme	AE015928.1	Bth_00376	452372	454354	+	GH51_e47|GH51
CGC10	CAZyme	AE015928.1	Bth_00377	454377	455321	+	GH43_e22|GH43_29
CGC10	null	AE015928.1	Bth_00378	455441	456595	-	null
CGC10	TC	AE015928.1	Bth_00379	456639	457949	-	2.A.1.7.2
CGC11	CAZyme	AE015928.1	Bth_00400	480554	481705	+	GT4_e3066|GT4
CGC11	CAZyme	AE015928.1	Bth_00401	481722	482828	+	GT4|GT4_e4001
CGC11	null	AE015928.1	Bth_00402	482830	483435	+	null
CGC11	CAZyme	AE015928.1	Bth_00403	483531	484547	+	GT4|GT4_e1576
CGC11	TC	AE015928.1	Bth_00404	485128	486117	+	9.B.146.1.2
CGC11	null	AE015928.1	Bth_00405	486123	486569	+	null
CGC11	TC	AE015928.1	Bth_00406	486611	487405	+	1.B.18.3.3
CGC11	null	AE015928.1	Bth_00407	487418	488563	+	null
CGC11	TC	AE015928.1	Bth_00408	488578	489867	+	8.A.3.3.4
CGC12	TC	AE015928.1	Bth_00446	524995	526401	+	2.A.1.1.55
CGC12	null	AE015928.1	Bth_00447	526439	527629	+	null
CGC12	CAZyme	AE015928.1	Bth_00448	527840	529870	+	GH89|GH89_e5
CGC12	TC	AE015928.1	Bth_00449	530005	533124	+	1.B.14.6.17
CGC13	TC	AE015928.1	Bth_00463	552283	555507	-	1.B.14.6.17
CGC13	null	AE015928.1	Bth_00464	555562	556725	-	null
CGC13	CAZyme	AE015928.1	Bth_00465	557455	559089	+	GH33|GH33_e121
CGC13	CAZyme	AE015928.1	Bth_00466	559086	561098	+	GH20_e112|GH20
CGC13	CAZyme	AE015928.1	Bth_00467	561110	563188	+	CE20|CE20_e16
CGC13	CAZyme	AE015928.1	Bth_00468	563266	565860	+	GH2_e80|GH2
CGC13	CAZyme	AE015928.1	Bth_00469	565899	568223	+	GH20_e12|GH20
CGC13	CAZyme	AE015928.1	Bth_00470	568223	570298	+	CBM32_e198|GH20_e12|GH20
CGC13	CAZyme	AE015928.1	Bth_00471	570314	572833	+	GH2_e137|GH2
CGC14	CAZyme	AE015928.1	Bth_00488	588568	589674	+	GT4_e1427|GT4
CGC14	CAZyme	AE015928.1	Bth_00489	589831	590655	+	GT2
CGC14	TC	AE015928.1	Bth_00490	590713	592119	+	9.B.18.1.1
CGC14	null	AE015928.1	Bth_00491	592173	592973	+	null
CGC14	TC	AE015928.1	Bth_00492	592986	595424	+	8.A.3.3.4
CGC14	TC	AE015928.1	Bth_00493	595675	598419	+	1.B.14.6.1
CGC14	TC	AE015928.1	Bth_00494	598438	600171	+	8.A.46.1.1
CGC15	TC	AE015928.1	Bth_00507	613244	615391	-	1.B.14.10.1
CGC15	null	AE015928.1	Bth_00508	615409	616071	-	null
CGC15	null	AE015928.1	Bth_00509	616088	616951	-	null
CGC15	TC	AE015928.1	Bth_00510	617477	618376	+	2.A.4.1.3
CGC15	TC	AE015928.1	Bth_00511	618425	620023	+	2.A.81.1.2
CGC15	TC	AE015928.1	Bth_00512	620545	622872	+	1.B.14.3.7
CGC15	null	AE015928.1	Bth_00513	623018	623335	+	null
CGC15	TC	AE015928.1	Bth_00514	623432	625771	+	1.B.14.3.7
CGC15	null	AE015928.1	Bth_00515	626052	626621	+	null
CGC15	CAZyme	AE015928.1	Bth_00516	626800	629103	+	GH20_e12|GH20
CGC15	STP	AE015928.1	Bth_00517	629234	629842	+	TetR_N
CGC15	TC	AE015928.1	Bth_00518	629904	631733	+	3.A.1.135.11
CGC15	TC	AE015928.1	Bth_00519	631730	633460	+	3.A.1.135.11
CGC16	CAZyme	AE015928.1	Bth_00588	712455	714221	-	CBM50|CBM50_e831
CGC16	null	AE015928.1	Bth_00589	714364	717204	+	null
CGC16	null	AE015928.1	Bth_00590	717247	717726	+	null
CGC16	TC	AE015928.1	Bth_00591	717802	719316	+	2.A.17.1.7
CGC17	TC	AE015928.1	Bth_00616	746614	748059	+	2.A.66.2.23
CGC17	null	AE015928.1	Bth_00617	748231	749340	+	null
CGC17	null	AE015928.1	Bth_00618	749347	749922	+	null
CGC17	CAZyme	AE015928.1	Bth_00619	749938	751098	+	GT4_e999|GT4
CGC17	null	AE015928.1	Bth_00620	751156	751275	+	null
CGC17	CAZyme	AE015928.1	Bth_00621	751630	752769	+	GT4|GT94|GT94_e2
CGC17	CAZyme	AE015928.1	Bth_00622	752791	753981	+	GT4|GT4_e2546
CGC17	null	AE015928.1	Bth_00623	754828	755013	+	null
CGC17	TC	AE015928.1	Bth_00624	755202	755795	+	9.B.18.1.3
CGC17	null	AE015928.1	Bth_00625	755823	757097	+	null
CGC17	null	AE015928.1	Bth_00626	757219	757326	+	null
CGC17	TC	AE015928.1	Bth_00627	757320	758273	+	1.B.18.3.3
CGC17	TC	AE015928.1	Bth_00628	758286	760724	+	8.A.3.3.4
CGC18	TC	AE015928.1	Bth_00687	821693	822415	+	9.B.391.1.3
CGC18	CAZyme	AE015928.1	Bth_00688	822420	824366	+	CBM62|CBM62_e0
CGC18	null	AE015928.1	Bth_00689	824498	825586	+	null
CGC18	TC	AE015928.1	Bth_00690	825613	828720	+	2.A.6.3.6
CGC18	null	AE015928.1	Bth_00691	828717	830216	+	null
CGC18	TC	AE015928.1	Bth_00692	830248	833493	+	2.A.6.3.11
CGC18	null	AE015928.1	Bth_00693	833584	834138	-	null
CGC18	null	AE015928.1	Bth_00694	834315	835454	+	null
CGC18	CAZyme	AE015928.1	Bth_00701	836314	837480	+	CE9_e7|CE9
CGC18	CAZyme	AE015928.1	Bth_00702	837499	838671	+	CE9_e7|CE9
CGC18	null	AE015928.1	Bth_00703	838793	839152	-	null
CGC18	null	AE015928.1	Bth_00704	839386	840648	+	null
CGC18	TC	AE015928.1	Bth_00705	840704	841798	+	2.A.6.1.2
CGC18	TC	AE015928.1	Bth_00706	841814	844939	+	2.A.6.1.17
CGC18	TC	AE015928.1	Bth_00707	845037	846368	-	9.B.259.2.2
CGC18	TF	AE015928.1	Bth_00708	846392	847066	-	Trans_reg_C
CGC18	CAZyme	AE015928.1	Bth_00709	847186	849201	+	GH97|GH97_e10
CGC18	TC	AE015928.1	Bth_00710	849389	851101	-	4.C.1.1.4
CGC18	TC	AE015928.1	Bth_00711	851405	852877	-	2.A.36.6.11
CGC18	TC	AE015928.1	Bth_00712	853046	854230	+	2.A.40.1.4
CGC18	null	AE015928.1	Bth_00713	854378	856009	-	null
CGC18	TF	AE015928.1	Bth_00714	856207	856875	-	none
CGC18	TC	AE015928.1	Bth_00715	856887	858203	-	2.A.21.9.1
CGC19	TC	AE015928.1	Bth_00778	932936	934390	+	2.A.68.1.4
CGC19	TF	AE015928.1	Bth_00779	934484	935071	+	GerE
CGC19	STP	AE015928.1	Bth_00780	935148	936173	+	FecR
CGC19	TC	AE015928.1	Bth_00781	936299	939685	+	1.B.14.6.17
CGC19	TC	AE015928.1	Bth_00782	939715	941520	+	8.A.46.3.4
CGC19	TC	AE015928.1	Bth_00783	941594	943042	+	2.A.127.1.7
CGC19	CAZyme	AE015928.1	Bth_00784	943044	945092	+	GH2_e122|GH2
CGC20	CAZyme	AE015928.1	Bth_00898	1061861	1063183	-	CBM32_e10|CBM32
CGC20	null	AE015928.1	Bth_00899	1063214	1065088	-	null
CGC20	TC	AE015928.1	Bth_00900	1065133	1068345	-	1.B.14.6.17
CGC21	CAZyme	AE015928.1	Bth_00949	1122272	1123735	-	CBM50_e801|CBM50
CGC21	null	AE015928.1	Bth_00950	1123751	1124023	-	null
CGC21	null	AE015928.1	Bth_00951	1124016	1125326	-	null
CGC21	TC	AE015928.1	Bth_00952	1125323	1126282	-	3.A.5.1.1
CGC22	CAZyme	AE015928.1	Bth_01028	1195838	1198933	-	PL29_e7|PL29
CGC22	CAZyme	AE015928.1	Bth_01029	1199001	1200683	-	PL1_e77|PL1_2
CGC22	TF	AE015928.1	Bth_01030	1200747	1205165	-	HTH_AraC
CGC22	null	AE015928.1	Bth_01031	1205423	1205674	-	null
CGC22	CAZyme	AE015928.1	Bth_01032	1205904	1208552	-	GH2_e50|GH2
CGC22	CAZyme	AE015928.1	Bth_01033	1208581	1210992	-	GH139_e0|GH139
CGC22	CAZyme	AE015928.1	Bth_01034	1211002	1212435	-	CE20_e10|CE20
CGC22	CAZyme	AE015928.1	Bth_01035	1212438	1215755	-	GH106_e44|GH106
CGC22	null	AE015928.1	Bth_01036	1215879	1217393	-	null
CGC22	TC	AE015928.1	Bth_01037	1217557	1220208	-	3.A.3.4.5
CGC22	TC	AE015928.1	Bth_01038	1220329	1221696	-	9.B.34.1.7
CGC22	TF	AE015928.1	Bth_01039	1221693	1222379	-	Trans_reg_C
CGC22	null	AE015928.1	Bth_01040	1222541	1222918	+	null
CGC22	CAZyme	AE015928.1	Bth_01041	1222940	1225792	-	GH2_e106|GH2
CGC22	CAZyme	AE015928.1	Bth_01042	1225844	1229122	-	GH2_e1|GH2
CGC22	TC	AE015928.1	Bth_01043	1229478	1230977	+	9.B.238.3.1
CGC22	TF	AE015928.1	Bth_01044	1230974	1231819	-	HTH_AraC
CGC22	CAZyme	AE015928.1	Bth_01045	1232033	1236271	-	CBM57|GH2|GH2_e99|CBM57_e0|GH137|GH137_e0
CGC22	CAZyme	AE015928.1	Bth_01046	1236402	1239101	-	GH138_e1|GH138
CGC22	null	AE015928.1	Bth_01047	1239116	1239235	-	null
CGC22	TC	AE015928.1	Bth_01048	1239321	1241753	+	9.B.238.3.1
CGC22	null	AE015928.1	Bth_01049	1241793	1242338	+	null
CGC22	null	AE015928.1	Bth_01050	1242821	1245229	-	null
CGC22	CAZyme	AE015928.1	Bth_01051	1245435	1247624	-	GH78|GH78_e1
CGC22	CAZyme	AE015928.1	Bth_01052	1247645	1249504	-	GH141_e22|GH141
CGC22	CAZyme	AE015928.1	Bth_01053	1249524	1251620	-	GH127|GH127_e5
CGC23	CAZyme	AE015928.1	Bth_01066	1270084	1272045	-	CE19_e0|CE19
CGC23	CAZyme	AE015928.1	Bth_01067	1272083	1273420	-	GH28_e10|GH28
CGC23	CAZyme	AE015928.1	Bth_01068	1273457	1276318	-	CBM67|GH78|CBM67_e27|GH78_e43
CGC23	CAZyme	AE015928.1	Bth_01069	1276351	1279680	-	GH142_e0|GH143_e0|GH143|GH142
CGC23	CAZyme	AE015928.1	Bth_01070	1279732	1280661	-	GH43_e173|GH43_18
CGC23	null	AE015928.1	Bth_01071	1280905	1281573	-	null
CGC23	CAZyme	AE015928.1	Bth_01072	1281647	1283386	-	PL1_e77|PL1_2
CGC23	null	AE015928.1	Bth_01073	1283613	1285883	-	null
CGC23	TC	AE015928.1	Bth_01074	1285897	1289205	-	1.B.14.6.16
CGC23	null	AE015928.1	Bth_01075	1289238	1290683	-	null
CGC23	null	AE015928.1	Bth_01076	1291332	1293545	-	null
CGC23	TC	AE015928.1	Bth_01077	1293560	1296868	-	1.B.14.6.1
CGC23	null	AE015928.1	Bth_01078	1296898	1298373	-	null
CGC23	null	AE015928.1	Bth_01079	1298901	1299794	-	null
CGC23	CAZyme	AE015928.1	Bth_01080	1300094	1302364	-	GH92_e13|GH92
CGC23	CAZyme	AE015928.1	Bth_01081	1302372	1303340	-	GH130_e13|GH130
CGC23	TC	AE015928.1	Bth_01082	1303393	1304724	-	2.A.1.25.6
CGC23	CAZyme	AE015928.1	Bth_01083	1304823	1307027	-	GH163|GH163_e7
CGC23	null	AE015928.1	Bth_01084	1307194	1308543	-	null
CGC23	null	AE015928.1	Bth_01085	1308560	1309774	-	null
CGC23	CAZyme	AE015928.1	Bth_01086	1309791	1310813	-	GH18_e50|GH18
CGC23	TC	AE015928.1	Bth_01087	1310840	1312423	-	8.A.46.2.1
CGC23	TC	AE015928.1	Bth_01088	1312432	1315194	-	1.B.14.6.13
CGC23	null	AE015928.1	Bth_01089	1315995	1317236	-	null
CGC23	null	AE015928.1	Bth_01090	1317372	1317470	-	null
CGC23	TC	AE015928.1	Bth_01091	1317605	1320898	+	1.B.14.6.13
CGC23	TC	AE015928.1	Bth_01092	1320919	1322559	+	8.A.46.2.2
CGC23	CAZyme	AE015928.1	Bth_01093	1322591	1323685	+	GH18_e203|GH18
CGC23	null	AE015928.1	Bth_01094	1323704	1324885	+	null
CGC23	TC	AE015928.1	Bth_01095	1325150	1327897	+	1.B.14.6.13
CGC23	TC	AE015928.1	Bth_01096	1327916	1329460	+	8.A.46.2.1
CGC23	CAZyme	AE015928.1	Bth_01097	1329485	1330612	+	GH18_e37|GH18
CGC23	null	AE015928.1	Bth_01098	1330619	1331800	+	null
CGC23	null	AE015928.1	Bth_01099	1331865	1332734	+	null
CGC23	CAZyme	AE015928.1	Bth_01100	1332865	1335186	+	GH20_e12|GH20
CGC24	CAZyme	AE015928.1	Bth_01151	1386673	1389231	-	GT35|GT35_e7
CGC24	TC	AE015928.1	Bth_01152	1389253	1391499	-	2.A.37.1.5
CGC25	CAZyme	AE015928.1	Bth_01225	1463435	1464553	+	GT0|GT94_e7
CGC25	CAZyme	AE015928.1	Bth_01226	1464600	1465544	+	GT2
CGC25	TC	AE015928.1	Bth_01227	1465568	1467043	+	2.A.66.2.23
CGC25	CAZyme	AE015928.1	Bth_01228	1467040	1468170	+	GT4_e1235|GT4
CGC25	CAZyme	AE015928.1	Bth_01229	1468183	1469094	+	GT101|GT101_e12
CGC25	CAZyme	AE015928.1	Bth_01230	1469098	1470252	+	GT4_e1077|GT4
CGC25	CAZyme	AE015928.1	Bth_01231	1470264	1471115	+	GT2
CGC25	null	AE015928.1	Bth_01232	1471140	1472642	+	null
CGC25	CAZyme	AE015928.1	Bth_01233	1472680	1476690	+	GT2
CGC25	null	AE015928.1	Bth_01234	1476692	1477804	+	null
CGC25	null	AE015928.1	Bth_01235	1477771	1477881	-	null
CGC25	TC	AE015928.1	Bth_01236	1477919	1481191	-	1.B.14.6.15
CGC25	TC	AE015928.1	Bth_01237	1481408	1483096	-	3.A.1.120.8
CGC26	TC	AE015928.1	Bth_01245	1489045	1490400	+	2.A.66.1.28
CGC26	TC	AE015928.1	Bth_01246	1490546	1491262	+	9.B.186.1.3
CGC26	CAZyme	AE015928.1	Bth_01247	1491240	1491986	+	GT51_e158|GT51
CGC26	TC	AE015928.1	Bth_01248	1492071	1493846	-	3.B.1.1.6
CGC26	STP	AE015928.1	Bth_01249	1494056	1494559	-	Sigma70_r2+Sigma70_r4_2
CGC26	null	AE015928.1	Bth_01250	1494802	1495362	+	null
CGC26	TC	AE015928.1	Bth_01251	1495375	1496337	+	9.B.1.1.6
CGC26	null	AE015928.1	Bth_01252	1496433	1496927	+	null
CGC26	TC	AE015928.1	Bth_01253	1496933	1497562	-	1.A.62.2.1
CGC27	CAZyme	AE015928.1	Bth_01314	1565893	1567437	+	GH43_29|CE1
CGC27	TF	AE015928.1	Bth_01315	1567483	1567830	-	DUF24
CGC27	null	AE015928.1	Bth_01316	1567998	1568525	+	null
CGC27	TC	AE015928.1	Bth_01317	1568994	1572113	+	9.B.238.3.1
CGC27	TF	AE015928.1	Bth_01318	1572150	1572950	-	LytTR
CGC27	TC	AE015928.1	Bth_01319	1572943	1573998	-	9.B.304.1.4
CGC27	null	AE015928.1	Bth_01320	1574015	1575319	-	null
CGC27	TC	AE015928.1	Bth_01321	1575322	1578354	-	2.A.6.2.37
CGC27	null	AE015928.1	Bth_01322	1578365	1579435	-	null
CGC27	TC	AE015928.1	Bth_01323	1579631	1580932	+	2.A.35.1.8
CGC28	TC	AE015928.1	Bth_01331	1587227	1588543	+	2.A.1.7.1
CGC28	TF	AE015928.1	Bth_01332	1588730	1589281	+	GerE
CGC28	STP	AE015928.1	Bth_01333	1589341	1590327	+	FecR
CGC28	TC	AE015928.1	Bth_01334	1590525	1593857	+	1.B.14.6.13
CGC28	TC	AE015928.1	Bth_01335	1593871	1595466	+	8.A.46.2.2
CGC28	null	AE015928.1	Bth_01336	1595490	1596473	+	null
CGC28	null	AE015928.1	Bth_01337	1596525	1597814	+	null
CGC28	CAZyme	AE015928.1	Bth_01338	1597842	1599368	+	GH18_e101|GH18
CGC28	CAZyme	AE015928.1	Bth_01339	1599565	1600485	+	GH18_e46|GH18
CGC29	TC	AE015928.1	Bth_01343	1604650	1606026	-	3.A.1.11.8
CGC29	TC	AE015928.1	Bth_01344	1606023	1606820	-	3.A.1.11.7
CGC29	TC	AE015928.1	Bth_01345	1606814	1607614	-	3.A.1.11.8
CGC29	TC	AE015928.1	Bth_01346	1607626	1609047	-	3.A.1.11.8
CGC29	null	AE015928.1	Bth_01347	1609157	1610257	+	null
CGC29	CAZyme	AE015928.1	Bth_01348	1610593	1613157	-	GT35|GT35_e7
CGC29	CAZyme	AE015928.1	Bth_01349	1613195	1614856	-	GT3|GT3_e2
CGC29	TC	AE015928.1	Bth_01350	1615062	1615523	-	3.A.2.2.2
CGC29	TC	AE015928.1	Bth_01351	1615576	1617399	-	3.A.2.2.2
CGC29	TC	AE015928.1	Bth_01352	1617396	1618001	-	3.A.2.3.3
CGC29	TC	AE015928.1	Bth_01353	1618044	1619369	-	3.A.2.3.3
CGC29	TC	AE015928.1	Bth_01354	1619403	1621160	-	3.A.2.3.3
CGC30	TC	AE015928.1	Bth_01400	1664280	1665386	-	9.B.146.1.4
CGC30	CAZyme	AE015928.1	Bth_01401	1665404	1666216	-	GT2
CGC31	CAZyme	AE015928.1	Bth_01413	1676856	1678025	-	GT4_e2031|GT4
CGC31	CAZyme	AE015928.1	Bth_01414	1678039	1679076	-	GT2
CGC31	TC	AE015928.1	Bth_01415	1679076	1680617	-	2.A.66.1.40
CGC32	TC	AE015928.1	Bth_01535	1811517	1812767	+	2.A.21.9.1
CGC32	null	AE015928.1	Bth_01536	1812854	1813879	+	null
CGC32	CAZyme	AE015928.1	Bth_01537	1813936	1815108	+	GT2
CGC33	TC	AE015928.1	Bth_01596	1888407	1891016	-	9.B.238.3.1
CGC33	null	AE015928.1	Bth_01597	1891100	1892353	-	null
CGC33	TC	AE015928.1	Bth_01598	1892386	1893675	-	3.A.1.122.2
CGC33	null	AE015928.1	Bth_01599	1893713	1894339	-	null
CGC33	TC	AE015928.1	Bth_01600	1894369	1895034	-	3.A.1.122.20
CGC33	null	AE015928.1	Bth_01601	1895063	1896310	-	null
CGC33	STP	AE015928.1	Bth_01602	1896554	1897945	-	Pyr_redox_2
CGC33	CAZyme	AE015928.1	Bth_01603	1898000	1898905	-	CBM50_e698|GH73_e88|CBM50|GH73
CGC33	null	AE015928.1	Bth_01604	1899017	1899499	+	null
CGC33	TF	AE015928.1	Bth_01605	1899503	1900342	+	HTH_AraC
CGC33	TC	AE015928.1	Bth_01606	1900431	1901012	+	9.B.365.2.1
CGC33	STP	AE015928.1	Bth_01607	1901116	1902489	+	Pyr_redox_2
CGC33	TC	AE015928.1	Bth_01608	1903055	1904653	+	3.A.1.121.2
CGC33	STP	AE015928.1	Bth_01609	1904740	1905528	+	NUDIX
CGC33	STP	AE015928.1	Bth_01610	1905535	1906098	+	cNMP_binding
CGC33	TC	AE015928.1	Bth_01611	1906183	1907232	+	9.B.97.3.1
CGC34	TC	AE015928.1	Bth_01690	1989363	1992815	+	1.B.14.6.17
CGC34	TC	AE015928.1	Bth_01691	1992829	1994685	+	8.A.46.3.4
CGC34	CAZyme	AE015928.1	Bth_01692	1994978	1996537	+	GH20|GH20_e8
CGC34	null	AE015928.1	Bth_01693	1996551	1998053	+	null
CGC34	TC	AE015928.1	Bth_01694	1998220	1999395	-	1.A.23.4.5
CGC34	null	AE015928.1	Bth_01695	1999530	2001077	-	null
CGC34	CAZyme	AE015928.1	Bth_01696	2001164	2002984	-	GH29|CBM32_e126|CBM32|GH29_e30
CGC34	CAZyme	AE015928.1	Bth_01697	2003149	2006220	-	GH2_e30|GH2
CGC34	CAZyme	AE015928.1	Bth_01698	2006246	2008576	-	GH20|GH20_e135
CGC34	null	AE015928.1	Bth_01699	2008592	2010175	-	null
CGC34	null	AE015928.1	Bth_01700	2010377	2012158	-	null
CGC34	TC	AE015928.1	Bth_01701	2012204	2014021	-	8.A.46.3.4
CGC34	TC	AE015928.1	Bth_01702	2014035	2017394	-	1.B.14.6.1
CGC34	CAZyme	AE015928.1	Bth_01703	2017425	2019089	-	GH18_e389|GH18
CGC35	TC	AE015928.1	Bth_01716	2034033	2034659	-	9.B.18.1.3
CGC35	CAZyme	AE015928.1	Bth_01717	2034688	2035497	-	GT2
CGC35	CAZyme	AE015928.1	Bth_01718	2035514	2036425	-	GT2
CGC35	null	AE015928.1	Bth_01719	2036422	2037720	-	null
CGC35	CAZyme	AE015928.1	Bth_01720	2037711	2038703	-	GT2
CGC35	CAZyme	AE015928.1	Bth_01721	2038710	2039438	-	GT25_e69|GT25
CGC35	null	AE015928.1	Bth_01722	2039484	2040641	-	null
CGC35	null	AE015928.1	Bth_01723	2040648	2042009	-	null
CGC35	TC	AE015928.1	Bth_01724	2042019	2043461	-	2.A.66.2.23
CGC36	TC	AE015928.1	Bth_01733	2052204	2054069	+	9.B.238.3.2
CGC36	TC	AE015928.1	Bth_01734	2054158	2055612	-	3.A.1.32.3
CGC36	CAZyme	AE015928.1	Bth_01735	2055649	2057655	-	GH13_e95|GH13_14|CBM48_e14
CGC37	TC	AE015928.1	Bth_01783	2104941	2105567	-	9.B.18.1.3
CGC37	CAZyme	AE015928.1	Bth_01784	2105596	2106417	-	GT2
CGC37	null	AE015928.1	Bth_01785	2106556	2107668	-	null
CGC37	null	AE015928.1	Bth_01786	2107671	2108696	-	null
CGC37	CAZyme	AE015928.1	Bth_01787	2108693	2109871	-	GT4|GT4_e2447
CGC38	TC	AE015928.1	Bth_01834	2171552	2172721	-	2.A.1.7.17
CGC38	CAZyme	AE015928.1	Bth_01835	2173001	2174833	-	GH32|GH32_e16
CGC38	CAZyme	AE015928.1	Bth_01836	2174963	2176534	-	GH32|GH32_e129
CGC38	null	AE015928.1	Bth_01837	2176550	2177935	-	null
CGC38	TC	AE015928.1	Bth_01838	2177962	2179674	-	1.B.38.1.10
CGC38	TC	AE015928.1	Bth_01839	2179702	2182815	-	1.B.14.6.17
CGC38	null	AE015928.1	Bth_01840	2183127	2183999	+	null
CGC38	CAZyme	AE015928.1	Bth_01841	2184204	2186087	-	GH32|GH32_e16
CGC38	null	AE015928.1	Bth_01842	2186717	2188231	-	null
CGC38	null	AE015928.1	Bth_01843	2188346	2189368	+	null
CGC38	CAZyme	AE015928.1	Bth_01844	2189544	2192801	+	GH2_e119|GH2
CGC38	CAZyme	AE015928.1	Bth_01845	2192819	2195074	+	GH92_e30|GH92
CGC39	TC	AE015928.1	Bth_01850	2204204	2207509	-	1.B.14.6.13
CGC39	null	AE015928.1	Bth_01851	2207546	2209282	-	null
CGC39	CAZyme	AE015928.1	Bth_01852	2210080	2213775	+	GH2_e5|GH2
CGC39	CAZyme	AE015928.1	Bth_01853	2214408	2217467	-	GH95|CBM32_e165|GH95_e0
CGC39	CAZyme	AE015928.1	Bth_01854	2217682	2220243	-	GH3_e0|GH3
CGC39	CAZyme	AE015928.1	Bth_01855	2220294	2222012	-	CE20_e1|CE20
CGC39	CAZyme	AE015928.1	Bth_01856	2222043	2224907	-	GH3_e88|GH3
CGC39	CAZyme	AE015928.1	Bth_01857	2224974	2227067	-	GH43_e327|GH43_2
CGC39	null	AE015928.1	Bth_01858	2227954	2228799	-	null
CGC39	TC	AE015928.1	Bth_01859	2228777	2231002	-	2.A.37.4.2
CGC40	CAZyme	AE015928.1	Bth_01955	2349872	2351860	-	GH97|GH97_e1
CGC40	CAZyme	AE015928.1	Bth_01956	2351893	2354172	-	GH3_e1|GH3
CGC40	CAZyme	AE015928.1	Bth_01957	2354366	2355349	-	GH43_e25|GH43_17
CGC40	null	AE015928.1	Bth_01958	2355408	2357366	-	null
CGC40	TC	AE015928.1	Bth_01959	2357378	2360737	-	1.B.14.6.1
CGC40	STP	AE015928.1	Bth_01960	2361009	2362022	-	FecR
CGC40	TF	AE015928.1	Bth_01961	2362093	2362683	-	GerE
CGC40	CAZyme	AE015928.1	Bth_01962	2362810	2365002	-	GH92|GH92_e0
CGC40	TC	AE015928.1	Bth_01963	2365261	2367039	+	8.A.21.2.4
CGC41	CAZyme	AE015928.1	Bth_01968	2370306	2371532	-	GH76|GH76_e19
CGC41	null	AE015928.1	Bth_01969	2371474	2371608	-	null
CGC41	TF	AE015928.1	Bth_01970	2371809	2372267	-	CSD
CGC41	TC	AE015928.1	Bth_01971	2372322	2373446	-	3.A.18.1.1
CGC42	CAZyme	AE015928.1	Bth_02191	2629926	2631989	+	GH127|GH127_e7
CGC42	TC	AE015928.1	Bth_02192	2632182	2633321	+	3.A.1.13.2
CGC42	TC	AE015928.1	Bth_02193	2633318	2634334	+	3.A.1.13.2
CGC42	TC	AE015928.1	Bth_02194	2634331	2635086	+	3.A.1.13.2
CGC42	TC	AE015928.1	Bth_02195	2635210	2636565	+	2.A.66.1.37
CGC43	CAZyme	AE015928.1	Bth_02199	2640758	2643901	+	GH92|GH92_e21
CGC43	TC	AE015928.1	Bth_02200	2643912	2645072	+	2.A.1.7.16
CGC43	TC	AE015928.1	Bth_02201	2645282	2648461	+	1.B.14.6.17
CGC44	TC	AE015928.1	Bth_02229	2684368	2687076	-	1.B.42.1.8
CGC44	STP	AE015928.1	Bth_02230	2687167	2687703	-	HD
CGC44	CAZyme	AE015928.1	Bth_02231	2687779	2688942	+	GH171|GH171_e3
CGC45	CAZyme	AE015928.1	Bth_02242	2702646	2705327	+	CBM20_e2|GH77|GH77_e22|CBM20
CGC45	null	AE015928.1	Bth_02243	2705540	2706553	+	null
CGC45	CAZyme	AE015928.1	Bth_02244	2706648	2707619	+	GT4_e3714|GT4
CGC45	null	AE015928.1	Bth_02245	2707763	2708131	+	null
CGC45	null	AE015928.1	Bth_02246	2708461	2708985	-	null
CGC45	CAZyme	AE015928.1	Bth_02247	2708990	2710018	-	GT2
CGC45	null	AE015928.1	Bth_02248	2710021	2710914	-	null
CGC45	null	AE015928.1	Bth_02249	2710904	2712235	-	null
CGC45	TC	AE015928.1	Bth_02250	2712345	2714018	+	4.C.1.1.4
CGC46	TC	AE015928.1	Bth_02286	2746623	2747621	-	8.A.144.2.1
CGC46	null	AE015928.1	Bth_02287	2747782	2748618	-	null
CGC46	CAZyme	AE015928.1	Bth_02288	2748661	2751366	-	GH2_e1|CBM13_e174|GH2
CGC46	CAZyme	AE015928.1	Bth_02289	2751385	2752839	-	GH29|CBM32_e126|GH29_e30
CGC46	null	AE015928.1	Bth_02290	2752866	2754539	-	null
CGC46	CAZyme	AE015928.1	Bth_02291	2754557	2755507	-	CBM0|CBM32_e147|CBM32
CGC46	null	AE015928.1	Bth_02292	2755560	2757302	-	null
CGC46	TC	AE015928.1	Bth_02293	2757331	2760693	-	1.B.14.6.17
CGC46	STP	AE015928.1	Bth_02294	2760889	2761854	-	FecR
CGC46	TF	AE015928.1	Bth_02295	2762259	2762840	-	GerE
CGC46	CAZyme	AE015928.1	Bth_02296	2762989	2765265	-	GH92_e18|GH92
CGC46	null	AE015928.1	Bth_02297	2765368	2767272	-	null
CGC46	TC	AE015928.1	Bth_02298	2767291	2768934	-	8.A.46.1.6
CGC46	TC	AE015928.1	Bth_02299	2768949	2771939	-	1.B.14.6.1
CGC47	TC	AE015928.1	Bth_02345	2816913	2817215	-	1.A.3.1.8
CGC47	TC	AE015928.1	Bth_02346	2817625	2818536	+	2.A.7.3.65
CGC47	null	AE015928.1	Bth_02347	2818588	2819148	+	null
CGC47	null	AE015928.1	Bth_02348	2819243	2820175	+	null
CGC47	TC	AE015928.1	Bth_02349	2820491	2821573	+	2.A.6.2.28
CGC47	TC	AE015928.1	Bth_02350	2821589	2824621	+	2.A.6.2.33
CGC47	null	AE015928.1	Bth_02351	2824618	2825964	+	null
CGC47	CAZyme	AE015928.1	Bth_02352	2826115	2827209	+	PL10_1|PL10_e13
CGC48	TC	AE015928.1	Bth_02476	2963646	2965019	-	2.A.66.1.13
CGC48	CAZyme	AE015928.1	Bth_02477	2965174	2966622	-	GH28_e12|GH28
CGC49	CAZyme	AE015928.1	Bth_02543	3053404	3056409	-	GH3_e57|GH3
CGC49	null	AE015928.1	Bth_02544	3056406	3057293	-	null
CGC49	null	AE015928.1	Bth_02545	3057329	3058132	-	null
CGC49	TC	AE015928.1	Bth_02546	3058607	3059701	-	1.B.6.1.6
CGC50	CAZyme	AE015928.1	Bth_02562	3076578	3078545	-	GH20_e11|GH20
CGC50	null	AE015928.1	Bth_02563	3078618	3080336	-	null
CGC50	TC	AE015928.1	Bth_02564	3080348	3083752	-	1.B.14.6.17
CGC51	CAZyme	AE015928.1	Bth_02623	3148116	3151574	+	GH78_e80|CBM67|CBM67_e28|GH78
CGC51	CAZyme	AE015928.1	Bth_02624	3151580	3154225	+	CBM67_e3|CBM67|GH78|GH78_e29
CGC51	CAZyme	AE015928.1	Bth_02625	3154308	3155666	+	CE7|CE7_e20
CGC51	null	AE015928.1	Bth_02626	3155836	3156234	-	null
CGC51	null	AE015928.1	Bth_02627	3156436	3158109	-	null
CGC51	TC	AE015928.1	Bth_02628	3158197	3159894	+	2.A.58.2.2
CGC51	null	AE015928.1	Bth_02629	3160255	3161325	+	null
CGC51	null	AE015928.1	Bth_02630	3161409	3162734	+	null
CGC51	TC	AE015928.1	Bth_02631	3162750	3165878	+	1.B.14.6.1
CGC52	TC	AE015928.1	Bth_02723	3259854	3262226	-	9.B.238.3.1
CGC52	CAZyme	AE015928.1	Bth_02724	3262908	3264857	-	GH97|GH97_e5
CGC52	null	AE015928.1	Bth_02725	3264883	3266193	-	null
CGC52	CAZyme	AE015928.1	Bth_02726	3266202	3268370	-	GH67|GH67_e0
CGC52	CAZyme	AE015928.1	Bth_02727	3268467	3270020	-	GH76_e36|GH76
CGC52	null	AE015928.1	Bth_02728	3270036	3271001	-	null
CGC52	null	AE015928.1	Bth_02729	3271013	3272995	-	null
CGC52	TC	AE015928.1	Bth_02730	3273006	3276110	-	1.B.14.6.16
CGC53	CAZyme	AE015928.1	Bth_02766	3317191	3318828	+	GH27_e3|GH27|CBM35|CBM35_e26
CGC53	STP	AE015928.1	Bth_02767	3318924	3320390	-	TPR_2
CGC53	null	AE015928.1	Bth_02768	3320412	3321353	-	null
CGC53	TC	AE015928.1	Bth_02769	3321358	3322170	-	2.C.1.4.2
CGC53	null	AE015928.1	Bth_02770	3322197	3322850	-	null
CGC53	null	AE015928.1	Bth_02771	3322866	3323471	-	null
CGC53	TC	AE015928.1	Bth_02772	3323501	3324298	-	1.A.30.3.2
CGC54	TC	AE015928.1	Bth_02786	3336916	3337923	-	8.A.5.1.6
CGC54	CAZyme	AE015928.1	Bth_02787	3338137	3341142	-	GH2|GH2_e41
CGC54	TC	AE015928.1	Bth_02788	3341531	3343018	-	2.A.50.2.3
CGC55	CAZyme	AE015928.1	Bth_02861	3403559	3404782	-	GT30_e38|GT30
CGC55	null	AE015928.1	Bth_02862	3404799	3406313	-	null
CGC55	TC	AE015928.1	Bth_02863	3406408	3408480	+	9.B.28.5.3
CGC55	null	AE015928.1	Bth_02864	3408455	3408925	-	null
CGC55	CAZyme	AE015928.1	Bth_02865	3408968	3410764	-	GH123_e16|GH123
CGC55	TC	AE015928.1	Bth_02866	3410820	3413276	-	3.A.11.1.5
CGC55	TC	AE015928.1	Bth_02867	3413478	3414068	-	1.B.44.2.1
CGC55	null	AE015928.1	Bth_02868	3414127	3415107	-	null
CGC55	null	AE015928.1	Bth_02869	3415335	3416768	-	null
CGC55	TC	AE015928.1	Bth_02870	3416948	3418258	+	2.A.13.1.3
CGC56	TC	AE015928.1	Bth_02983	3571213	3574341	-	1.B.14.6.1
CGC56	TF	AE015928.1	Bth_02984	3574578	3578591	-	HTH_AraC
CGC56	TC	AE015928.1	Bth_02985	3579467	3580657	-	1.B.6.1.6
CGC56	TC	AE015928.1	Bth_02986	3580840	3583203	-	8.A.3.3.1
CGC56	null	AE015928.1	Bth_02987	3583238	3584035	-	null
CGC56	CAZyme	AE015928.1	Bth_02988	3584072	3585223	-	GT4_e3479|GT4
CGC56	CAZyme	AE015928.1	Bth_02989	3585303	3586415	-	GT0|GT4_e161|GT4
CGC56	CAZyme	AE015928.1	Bth_02990	3586412	3587551	-	GT4|GT4_e408
CGC56	null	AE015928.1	Bth_02991	3587548	3588792	-	null
CGC56	CAZyme	AE015928.1	Bth_02992	3588805	3589803	-	GT2
CGC56	null	AE015928.1	Bth_02993	3589800	3590903	-	null
CGC56	CAZyme	AE015928.1	Bth_02994	3590900	3591766	-	GT14_e68|GT14
CGC56	CAZyme	AE015928.1	Bth_02995	3591766	3592641	-	GT14|GT14_e45
CGC56	CAZyme	AE015928.1	Bth_02996	3592634	3593563	-	GT32_e179|GT32
CGC56	CAZyme	AE015928.1	Bth_02997	3593575	3594504	-	GT8|GT8_e199
CGC56	CAZyme	AE015928.1	Bth_02998	3594515	3595315	-	GT2
CGC56	null	AE015928.1	Bth_02999	3595315	3595851	-	null
CGC56	CAZyme	AE015928.1	Bth_03000	3595908	3596891	-	GT2
CGC57	TC	AE015928.1	Bth_03012	3607119	3608231	-	9.B.146.1.4
CGC57	TF	AE015928.1	Bth_03013	3608636	3609520	+	none
CGC57	null	AE015928.1	Bth_03014	3609719	3610948	-	null
CGC57	CAZyme	AE015928.1	Bth_03015	3611934	3613646	-	CBM0|GH93_e16|GH93
CGC57	null	AE015928.1	Bth_03016	3613724	3615598	-	null
CGC57	TC	AE015928.1	Bth_03017	3615607	3618681	-	1.B.14.6.1
CGC57	CAZyme	AE015928.1	Bth_03018	3618732	3619724	-	GH43_e180|GH43_31
CGC57	null	AE015928.1	Bth_03019	3619770	3621128	-	null
CGC57	TF	AE015928.1	Bth_03020	3621614	3625594	-	HTH_AraC+HTH_AraC
CGC57	CAZyme	AE015928.1	Bth_03021	3626229	3627212	-	GH43_e180|GH43_31
CGC57	null	AE015928.1	Bth_03022	3627234	3629300	-	null
CGC57	null	AE015928.1	Bth_03023	3629371	3629514	+	null
CGC57	CAZyme	AE015928.1	Bth_03024	3629527	3630504	-	GH43_3|GH43_e310
CGC57	CAZyme	AE015928.1	Bth_03025	3630640	3631665	-	GH159|GH159_e7
CGC58	TC	AE015928.1	Bth_03029	3636030	3639233	-	1.B.14.6.17
CGC58	null	AE015928.1	Bth_03030	3639261	3640571	-	null
CGC58	null	AE015928.1	Bth_03031	3640606	3641964	-	null
CGC58	CAZyme	AE015928.1	Bth_03032	3642019	3644565	-	GH116|GH116_e6
CGC58	null	AE015928.1	Bth_03033	3644584	3646008	-	null
CGC58	TF	AE015928.1	Bth_03034	3646091	3646972	-	HTH_AraC+HTH_AraC
CGC58	CAZyme	AE015928.1	Bth_03035	3647317	3649284	-	GH146|GH146_e3
CGC58	CAZyme	AE015928.1	Bth_03036	3649296	3653930	-	GH106_e18|GH43_26|GH106|GH43_e80
CGC58	CAZyme	AE015928.1	Bth_03037	3653945	3655153	-	GH88|GH88_e11
CGC58	TC	AE015928.1	Bth_03038	3655177	3656598	-	2.A.127.1.3
CGC58	null	AE015928.1	Bth_03039	3656629	3657603	-	null
CGC58	CAZyme	AE015928.1	Bth_03040	3657687	3658910	-	GH154_e17|GH154
CGC59	TC	AE015928.1	Bth_03044	3662793	3665987	-	1.B.14.6.2
CGC59	CAZyme	AE015928.1	Bth_03045	3666005	3667087	-	GH105_e29|GH105
CGC59	CAZyme	AE015928.1	Bth_03046	3667119	3668933	-	GH2_e14|GH2
CGC60	TC	AE015928.1	Bth_03060	3690702	3692150	+	2.A.66.2.7
CGC60	null	AE015928.1	Bth_03061	3692147	3693250	+	null
CGC60	CAZyme	AE015928.1	Bth_03062	3693238	3694437	+	GT4|GT4_e994
CGC60	CAZyme	AE015928.1	Bth_03063	3694434	3695567	+	GT4_e3623|GT4
CGC60	CAZyme	AE015928.1	Bth_03064	3695564	3696790	+	GT4_e440|GT4
CGC60	TF	AE015928.1	Bth_03065	3696762	3697673	-	HTH_AraC
CGC60	TC	AE015928.1	Bth_03066	3697897	3699000	+	2.A.6.2.19
CGC60	TC	AE015928.1	Bth_03067	3699015	3702191	+	2.A.6.2.22
CGC60	TC	AE015928.1	Bth_03068	3702207	3703571	+	1.B.17.3.5
CGC61	CAZyme	AE015928.1	Bth_03073	3708539	3709825	+	GT4_e1535|GT4
CGC61	CAZyme	AE015928.1	Bth_03074	3709818	3710573	+	GT2
CGC61	CAZyme	AE015928.1	Bth_03075	3710631	3713324	-	GH92_e40|GH92
CGC61	CAZyme	AE015928.1	Bth_03076	3713336	3714526	-	GH76|GH76_e42
CGC61	null	AE015928.1	Bth_03077	3714548	3715495	-	null
CGC61	TC	AE015928.1	Bth_03078	3715522	3717060	-	8.A.46.1.1
CGC61	TC	AE015928.1	Bth_03079	3717066	3720032	-	1.B.14.6.1
CGC61	TC	AE015928.1	Bth_03080	3720092	3721099	-	2.A.7.6.1
CGC62	TC	AE015928.1	Bth_03095	3740650	3743808	-	1.B.14.6.17
CGC62	CAZyme	AE015928.1	Bth_03096	3743935	3746043	-	GH2_e108|GH2
CGC62	CAZyme	AE015928.1	Bth_03097	3746063	3747517	-	GH29_e8|GH29
CGC63	TC	AE015928.1	Bth_03144	3802798	3806184	+	1.B.14.6.2
CGC63	null	AE015928.1	Bth_03145	3806197	3808131	+	null
CGC63	CAZyme	AE015928.1	Bth_03146	3808169	3809065	+	CBM32_e47|CBM32
CGC63	CAZyme	AE015928.1	Bth_03147	3809075	3811981	+	CBM32|CBM32_e96
CGC63	null	AE015928.1	Bth_03148	3812168	3814984	+	null
CGC63	null	AE015928.1	Bth_03149	3815152	3816084	+	null
CGC63	TC	AE015928.1	Bth_03150	3816241	3818091	-	1.A.23.1.4
CGC63	TC	AE015928.1	Bth_03151	3818218	3819204	+	2.A.19.5.2
CGC63	null	AE015928.1	Bth_03152	3819286	3820854	-	null
CGC63	CAZyme	AE015928.1	Bth_03153	3821077	3822324	+	GH154_e2|GH154
CGC63	null	AE015928.1	Bth_03154	3822979	3823896	+	null
CGC63	TC	AE015928.1	Bth_03155	3824416	3827481	+	1.B.14.6.17
CGC63	TC	AE015928.1	Bth_03156	3827521	3829146	+	8.A.46.1.3
CGC63	CAZyme	AE015928.1	Bth_03157	3829182	3830744	+	GH30_6|GH30_e7
CGC63	null	AE015928.1	Bth_03158	3830770	3831948	+	null
CGC63	CAZyme	AE015928.1	Bth_03159	3832138	3833328	+	GH130_e6|GH130
CGC63	TC	AE015928.1	Bth_03160	3833579	3835456	+	2.A.21.3.8
CGC64	CAZyme	AE015928.1	Bth_03175	3852033	3853619	-	GH30_e42|GH30_4
CGC64	null	AE015928.1	Bth_03176	3853871	3854758	-	null
CGC64	null	AE015928.1	Bth_03177	3854807	3856789	-	null
CGC64	TC	AE015928.1	Bth_03178	3856829	3859924	-	1.B.14.6.17
CGC65	CAZyme	AE015928.1	Bth_03215	3906644	3908290	-	GH32|GH32_e54
CGC65	null	AE015928.1	Bth_03216	3908453	3909778	-	null
CGC65	null	AE015928.1	Bth_03217	3909889	3910758	-	null
CGC65	CAZyme	AE015928.1	Bth_03218	3910956	3913094	+	GH31|GH31_e15
CGC65	CAZyme	AE015928.1	Bth_03219	3913435	3915939	-	GH31|GH31_e40
CGC65	CAZyme	AE015928.1	Bth_03220	3915974	3917752	-	GH66|GH66_e1
CGC65	null	AE015928.1	Bth_03221	3917766	3919283	-	null
CGC65	TC	AE015928.1	Bth_03222	3919317	3920807	-	8.A.46.1.3
CGC65	TC	AE015928.1	Bth_03223	3920823	3923822	-	1.B.14.6.17
CGC65	null	AE015928.1	Bth_03224	3924010	3925662	-	null
CGC65	CAZyme	AE015928.1	Bth_03225	3925763	3927967	-	GH2_e14|GH2
CGC65	null	AE015928.1	Bth_03226	3928001	3929668	-	null
CGC65	CAZyme	AE015928.1	Bth_03227	3929665	3930795	-	GH43_e30|GH43
CGC65	null	AE015928.1	Bth_03228	3930901	3932451	-	null
CGC65	CAZyme	AE015928.1	Bth_03229	3932466	3934595	-	GH51|GH51_e3
CGC66	TC	AE015928.1	Bth_03246	3960342	3961748	+	4.C.3.1.9
CGC66	TC	AE015928.1	Bth_03247	3961873	3963015	+	2.A.1.2.14
CGC66	CAZyme	AE015928.1	Bth_03248	3963269	3966670	+	GH2_e42|GH2
CGC67	CAZyme	AE015928.1	Bth_03259	3981331	3982770	-	CE20|CE20_e34
CGC67	null	AE015928.1	Bth_03260	3983559	3983762	-	null
CGC67	null	AE015928.1	Bth_03261	3983916	3986750	+	null
CGC67	TC	AE015928.1	Bth_03262	3986902	3987819	+	2.A.115.1.2
CGC67	null	AE015928.1	Bth_03263	3987868	3988449	+	null
CGC67	TC	AE015928.1	Bth_03264	3988611	3989453	+	1.A.30.1.3
CGC67	CAZyme	AE015928.1	Bth_03265	3989587	3991794	-	GH92|GH92_e0
CGC67	CAZyme	AE015928.1	Bth_03266	3991841	3993997	-	GH36_e24|GH36
CGC67	CAZyme	AE015928.1	Bth_03267	3994022	3995968	-	CE20_e20|CE20
CGC67	CAZyme	AE015928.1	Bth_03268	3995977	3997998	-	GH36_e23|GH36
CGC68	CAZyme	AE015928.1	Bth_03292	4018183	4020609	+	GH95|GH95_e15
CGC68	null	AE015928.1	Bth_03293	4020627	4020731	+	null
CGC68	TC	AE015928.1	Bth_03294	4020827	4023988	+	1.B.14.6.17
CGC69	CAZyme	AE015928.1	Bth_03308	4040676	4044560	+	GH31|CBM32|CBM32_e89|GH31_e75
CGC69	null	AE015928.1	Bth_03309	4044771	4045532	+	null
CGC69	CAZyme	AE015928.1	Bth_03310	4045654	4047087	-	CE20_e10|CE20
CGC69	TF	AE015928.1	Bth_03311	4047270	4051202	-	HTH_AraC
CGC69	CAZyme	AE015928.1	Bth_03312	4051327	4053774	-	GH95|GH95_e0
CGC69	null	AE015928.1	Bth_03313	4054149	4054322	+	null
CGC69	TC	AE015928.1	Bth_03314	4054449	4057769	+	1.B.14.6.17
CGC69	TC	AE015928.1	Bth_03315	4057819	4059651	+	8.A.46.3.4
CGC69	null	AE015928.1	Bth_03316	4059679	4061550	+	null
CGC69	null	AE015928.1	Bth_03317	4061633	4063201	+	null
CGC69	CAZyme	AE015928.1	Bth_03318	4063219	4065543	+	GH20|GH20_e135
CGC69	CAZyme	AE015928.1	Bth_03319	4065540	4068614	+	GH2_e30|GH2
CGC69	null	AE015928.1	Bth_03320	4068649	4069779	+	null
CGC69	TC	AE015928.1	Bth_03321	4069875	4071554	-	2.A.53.3.9
CGC69	null	AE015928.1	Bth_03322	4071799	4072377	+	null
CGC69	null	AE015928.1	Bth_03323	4072459	4072731	-	null
CGC69	TC	AE015928.1	Bth_03324	4072734	4074305	-	3.D.10.1.4
CGC70	CAZyme	AE015928.1	Bth_03391	4143633	4144247	-	CE4|CE4_e140
CGC70	TC	AE015928.1	Bth_03392	4144350	4147724	-	9.B.142.9.16
CGC70	TC	AE015928.1	Bth_03393	4148143	4148934	-	3.A.1.15.15
CGC70	TC	AE015928.1	Bth_03394	4148994	4149920	-	3.A.1.15.6
CGC71	TC	AE015928.1	Bth_03435	4205847	4207202	+	9.B.145.1.2
CGC71	null	AE015928.1	Bth_03436	4207249	4209390	+	null
CGC71	null	AE015928.1	Bth_03437	4209423	4210289	-	null
CGC71	TC	AE015928.1	Bth_03438	4210573	4212777	+	9.B.174.2.2
CGC71	CAZyme	AE015928.1	Bth_03439	4212870	4214645	-	GH2_e112|GH2
CGC71	CAZyme	AE015928.1	Bth_03440	4214913	4219178	+	GH2_e1|CBM32_e55|CBM32|GH2
CGC71	CAZyme	AE015928.1	Bth_03441	4219281	4221233	-	GH97|GH97_e5
CGC71	null	AE015928.1	Bth_03442	4221509	4222513	-	null
CGC71	null	AE015928.1	Bth_03443	4222532	4224556	-	null
CGC71	TC	AE015928.1	Bth_03444	4224567	4227647	-	1.B.14.6.16
CGC71	null	AE015928.1	Bth_03445	4227668	4229080	-	null
CGC71	CAZyme	AE015928.1	Bth_03446	4229123	4231276	-	GH31|GH31_e23
CGC71	CAZyme	AE015928.1	Bth_03447	4231298	4233775	-	GH3_e137|GH3
CGC71	CAZyme	AE015928.1	Bth_03448	4233887	4235074	-	GH76|GH76_e42
CGC71	null	AE015928.1	Bth_03449	4235234	4235395	-	null
CGC71	TF	AE015928.1	Bth_03450	4235444	4239544	+	HTH_AraC+HTH_AraC
CGC71	TC	AE015928.1	Bth_03451	4240031	4241917	-	1.I.1.1.3
CGC72	TC	AE015928.1	Bth_03459	4248560	4251565	+	1.B.14.6.17
CGC72	TC	AE015928.1	Bth_03460	4251565	4253100	+	1.B.38.1.10
CGC72	CAZyme	AE015928.1	Bth_03461	4253168	4254649	+	GH30_e41|GH30_3
CGC72	null	AE015928.1	Bth_03462	4254672	4256675	+	null
CGC72	CAZyme	AE015928.1	Bth_03463	4256693	4258987	+	GH3_e10|GH3
CGC73	CAZyme	AE015928.1	Bth_03476	4277069	4279675	-	PL29_e9|PL29
CGC73	null	AE015928.1	Bth_03477	4279689	4281626	-	null
CGC73	null	AE015928.1	Bth_03478	4281665	4282708	-	null
CGC73	TC	AE015928.1	Bth_03479	4282742	4284460	-	8.A.46.1.3
CGC73	TC	AE015928.1	Bth_03480	4284501	4287698	-	1.B.14.6.1
CGC74	TC	AE015928.1	Bth_03485	4295324	4296709	-	2.A.6.2.5
CGC74	TC	AE015928.1	Bth_03486	4296721	4299936	-	2.A.6.2.22
CGC74	TC	AE015928.1	Bth_03487	4299953	4301128	-	8.A.1.6.3
CGC74	CAZyme	AE015928.1	Bth_03488	4301308	4304418	-	GH2_e30|GH2
CGC74	TC	AE015928.1	Bth_03489	4304605	4306497	+	1.B.93.3.1
CGC75	TC	AE015928.1	Bth_03494	4311134	4314217	-	1.B.14.6.17
CGC75	null	AE015928.1	Bth_03495	4314241	4315650	-	null
CGC75	CAZyme	AE015928.1	Bth_03496	4316255	4317457	+	GH88|GH88_e11
CGC75	null	AE015928.1	Bth_03497	4317564	4319090	+	null
CGC75	CAZyme	AE015928.1	Bth_03498	4319229	4322090	+	PL8_e21|PL8_2
CGC75	null	AE015928.1	Bth_03499	4322214	4323695	-	null
CGC75	null	AE015928.1	Bth_03500	4323799	4324611	-	null
CGC75	TC	AE015928.1	Bth_03501	4324727	4327810	-	9.A.34.1.10
CGC76	TC	AE015928.1	Bth_03535	4365611	4367434	+	3.A.1.106.20
CGC76	CAZyme	AE015928.1	Bth_03536	4367495	4368283	+	CE4|CE4_e54
CGC76	CAZyme	AE015928.1	Bth_03537	4368280	4370181	+	GT2
CGC77	CAZyme	AE015928.1	Bth_03600	4441797	4442915	-	GT28_e43|GT28
CGC77	TC	AE015928.1	Bth_03601	4442944	4444260	-	2.A.103.1.3
CGC77	null	AE015928.1	Bth_03602	4444262	4445596	-	null
CGC77	null	AE015928.1	Bth_03603	4445597	4445746	-	null
CGC77	TC	AE015928.1	Bth_03604	4445765	4447033	-	9.B.146.1.3
CGC77	TC	AE015928.1	Bth_03605	4447131	4448579	-	2.A.128.2.3
CGC78	CAZyme	AE015928.1	Bth_03625	4470931	4472223	-	GH109|GH109_e7
CGC78	null	AE015928.1	Bth_03626	4472325	4473326	-	null
CGC78	null	AE015928.1	Bth_03627	4473346	4475391	-	null
CGC78	TC	AE015928.1	Bth_03628	4475408	4478527	-	1.B.14.6.17
CGC79	TC	AE015928.1	Bth_03651	4512226	4512897	+	9.B.20.4.1
CGC79	null	AE015928.1	Bth_03652	4512890	4513624	+	null
CGC79	null	AE015928.1	Bth_03653	4513634	4515505	+	null
CGC79	CAZyme	AE015928.1	Bth_03654	4515517	4516995	+	GH76|GH76_e20
CGC80	CAZyme	AE015928.1	Bth_03666	4533444	4535258	-	GH2_e14|GH2
CGC80	CAZyme	AE015928.1	Bth_03667	4535553	4538501	+	GH115|GH115_e6
CGC80	CAZyme	AE015928.1	Bth_03668	4538498	4539610	-	GH43_e5|GH43_26
CGC80	CAZyme	AE015928.1	Bth_03669	4539777	4541690	+	GH43_e147|GH43_34|GH43_3|GH43_e310
CGC80	STP	AE015928.1	Bth_03670	4541946	4542518	+	Sigma70_r2+Sigma70_r4_2
CGC80	STP	AE015928.1	Bth_03671	4542632	4543834	+	FecR
CGC80	TC	AE015928.1	Bth_03672	4543971	4547426	+	1.B.14.6.17
CGC80	null	AE015928.1	Bth_03673	4547439	4549367	+	null
CGC80	CAZyme	AE015928.1	Bth_03674	4549396	4550682	+	GH76|GH76_e13
CGC80	null	AE015928.1	Bth_03675	4550708	4551868	+	null
CGC80	null	AE015928.1	Bth_03676	4551883	4553358	+	null
CGC80	CAZyme	AE015928.1	Bth_03677	4553580	4554842	+	GH76|GH76_e13
CGC80	null	AE015928.1	Bth_03678	4554899	4557064	+	null
CGC80	null	AE015928.1	Bth_03679	4557094	4559571	+	null
CGC80	CAZyme	AE015928.1	Bth_03680	4559584	4561875	+	GH92_e18|GH92
CGC80	CAZyme	AE015928.1	Bth_03681	4561879	4563342	+	GH125|GH125_e1
CGC80	null	AE015928.1	Bth_03682	4563352	4564485	+	null
CGC80	CAZyme	AE015928.1	Bth_03683	4564625	4566586	+	GH92_e11|GH92
CGC80	CAZyme	AE015928.1	Bth_03684	4566645	4568708	+	CBM13|GH127|GH127_e5
CGC81	CAZyme	AE015928.1	Bth_03723	4615173	4616537	-	GH144|GH144_e1
CGC81	CAZyme	AE015928.1	Bth_03724	4616660	4618975	-	GH3_e1|GH3
CGC81	TC	AE015928.1	Bth_03725	4619006	4620535	-	1.B.38.1.10
CGC81	TC	AE015928.1	Bth_03726	4620639	4623704	-	1.B.14.6.1
CGC82	CAZyme	AE015928.1	Bth_03746	4642439	4643626	-	CE9|CE9_e78
CGC82	TC	AE015928.1	Bth_03747	4643658	4644974	-	2.A.1.7.9
CGC82	CAZyme	AE015928.1	Bth_03748	4645118	4647316	-	GH89|GH89_e5
CGC82	null	AE015928.1	Bth_03749	4647344	4648525	-	null
CGC82	CAZyme	AE015928.1	Bth_03750	4648534	4650516	-	GH27_e45|CBM51_e35|GH27|CBM51
CGC83	TC	AE015928.1	Bth_03762	4669160	4672312	-	1.B.14.6.17
CGC83	null	AE015928.1	Bth_03763	4672362	4673528	-	null
CGC83	TC	AE015928.1	Bth_03764	4673561	4674967	-	2.A.1.1.55
CGC83	null	AE015928.1	Bth_03765	4674973	4676070	-	null
CGC83	CAZyme	AE015928.1	Bth_03766	4676457	4677635	-	CE15_e7|CE15|CE0
CGC84	TC	AE015928.1	Bth_03774	4685018	4686274	+	2.A.1.7.1
CGC84	null	AE015928.1	Bth_03775	4686298	4687314	+	null
CGC84	null	AE015928.1	Bth_03776	4687615	4688466	-	null
CGC84	TC	AE015928.1	Bth_03777	4688463	4689581	-	9.B.169.4.2
CGC84	TC	AE015928.1	Bth_03778	4689624	4690931	-	2.A.1.25.6
CGC84	null	AE015928.1	Bth_03779	4690949	4692328	-	null
CGC84	CAZyme	AE015928.1	Bth_03780	4692339	4694783	-	GT2
CGC84	TC	AE015928.1	Bth_03781	4694785	4696272	-	2.A.21.5.5
CGC85	TC	AE015928.1	Bth_03829	4759381	4762488	+	1.B.14.6.16
CGC85	null	AE015928.1	Bth_03830	4762513	4764588	+	null
CGC85	null	AE015928.1	Bth_03831	4764620	4765579	+	null
CGC85	TC	AE015928.1	Bth_03832	4765695	4766546	+	2.C.1.4.1
CGC85	CAZyme	AE015928.1	Bth_03833	4766676	4768682	-	GH127|GH127_e4
CGC85	CAZyme	AE015928.1	Bth_03834	4768720	4769721	-	GH43_34|GH43_e159
CGC85	null	AE015928.1	Bth_03835	4769933	4771693	+	null
CGC85	CAZyme	AE015928.1	Bth_03836	4771690	4773711	+	GH154_e20|GH154
CGC85	TF	AE015928.1	Bth_03837	4773945	4778090	+	HTH_AraC
CGC85	null	AE015928.1	Bth_03838	4778729	4780021	+	null
CGC85	TC	AE015928.1	Bth_03839	4780042	4783143	+	1.B.14.6.17
CGC85	null	AE015928.1	Bth_03840	4783156	4785171	+	null
CGC85	null	AE015928.1	Bth_03841	4785193	4786080	+	null
CGC85	CAZyme	AE015928.1	Bth_03842	4786373	4788268	+	GH43_24|GH16_e36|GH16_3|GH43_e236
CGC85	CAZyme	AE015928.1	Bth_03843	4788522	4789589	+	GH43_24|GH43_e269
CGC85	CAZyme	AE015928.1	Bth_03844	4789593	4790888	+	PL42_e0|PL42
CGC85	CAZyme	AE015928.1	Bth_03845	4790893	4792038	+	GH105_e39|GH105
CGC85	null	AE015928.1	Bth_03846	4792021	4793040	-	null
CGC85	null	AE015928.1	Bth_03847	4793054	4793971	-	null
CGC85	TC	AE015928.1	Bth_03848	4794027	4794722	-	2.A.122.1.1
CGC85	TC	AE015928.1	Bth_03849	4794719	4795162	-	1.E.14.1.13
CGC85	null	AE015928.1	Bth_03850	4795359	4796378	+	null
CGC85	null	AE015928.1	Bth_03851	4796407	4797606	+	null
CGC85	CAZyme	AE015928.1	Bth_03852	4797641	4798855	+	GT2
CGC86	CAZyme	AE015928.1	Bth_03856	4800873	4802951	-	GH13_e47|GH13_36|CBM58
CGC86	TC	AE015928.1	Bth_03857	4803061	4804518	-	1.B.38.4.2
CGC86	TC	AE015928.1	Bth_03858	4804544	4805707	-	1.B.38.4.1
CGC86	TC	AE015928.1	Bth_03859	4805742	4807397	-	8.A.46.1.1
CGC86	TC	AE015928.1	Bth_03860	4807419	4810430	-	1.B.14.6.1
CGC86	CAZyme	AE015928.1	Bth_03861	4810585	4812801	-	GH97|GH97_e22
CGC86	CAZyme	AE015928.1	Bth_03862	4812998	4814851	-	GH13_e102|GH13
CGC87	TC	AE015928.1	Bth_03916	4867933	4870533	+	1.B.14.6.13
CGC87	TC	AE015928.1	Bth_03917	4870562	4871266	+	1.B.14.6.13
CGC87	TC	AE015928.1	Bth_03918	4871280	4872845	+	8.A.46.2.2
CGC87	CAZyme	AE015928.1	Bth_03919	4872869	4873972	+	GH18_e54|GH18
CGC88	TC	AE015928.1	Bth_03940	4891812	4892558	+	1.A.115.1.5
CGC88	null	AE015928.1	Bth_03941	4892568	4893239	+	null
CGC88	CAZyme	AE015928.1	Bth_03942	4893415	4895676	+	GH92|GH92_e0
CGC88	CAZyme	AE015928.1	Bth_03943	4895941	4899540	-	GH38|GH38_e34|CBM32|CBM32_e185
CGC88	null	AE015928.1	Bth_03944	4900010	4900117	+	null
CGC88	CAZyme	AE015928.1	Bth_03945	4900133	4900807	-	GT32_e25|GT32
CGC88	CAZyme	AE015928.1	Bth_03946	4900829	4901530	-	GT32_e31|GT32
CGC89	CAZyme	AE015928.1	Bth_03950	4905117	4906268	-	GH130_e20|GH130
CGC89	CAZyme	AE015928.1	Bth_03951	4906719	4908164	-	GH125|GH125_e1
CGC89	CAZyme	AE015928.1	Bth_03952	4908210	4909373	-	GH76|GH76_e42
CGC89	null	AE015928.1	Bth_03953	4909408	4910355	-	null
CGC89	CAZyme	AE015928.1	Bth_03954	4910414	4912696	-	GH92_e18|GH92
CGC89	TF	AE015928.1	Bth_03955	4912906	4916943	+	HTH_AraC
CGC89	null	AE015928.1	Bth_03956	4917462	4918820	+	null
CGC89	TC	AE015928.1	Bth_03957	4918843	4921944	+	1.B.14.6.17
CGC90	CAZyme	AE015928.1	Bth_04037	5030403	5031551	+	GH99_e0|GH99
CGC90	TC	AE015928.1	Bth_04038	5031632	5034007	+	9.B.110.1.1
CGC91	TC	AE015928.1	Bth_04095	5093695	5094414	+	1.A.30.2.9
CGC91	null	AE015928.1	Bth_04096	5094460	5094876	+	null
CGC91	null	AE015928.1	Bth_04097	5094919	5095797	+	null
CGC91	TC	AE015928.1	Bth_04098	5095823	5096374	+	8.A.145.1.5
CGC91	null	AE015928.1	Bth_04099	5096382	5097041	+	null
CGC91	TC	AE015928.1	Bth_04100	5097042	5099138	+	3.A.11.1.5
CGC91	null	AE015928.1	Bth_04101	5099362	5099826	+	null
CGC91	CAZyme	AE015928.1	Bth_04102	5099845	5100717	+	CBM50_e27|CBM50
CGC91	null	AE015928.1	Bth_04103	5100806	5101369	+	null
CGC91	TC	AE015928.1	Bth_04104	5101359	5102675	+	9.B.214.3.2
CGC92	CAZyme	AE015928.1	Bth_04131	5140401	5141792	+	CBM32_e191|GH29|GH29_e74
CGC92	TF	AE015928.1	Bth_04132	5142097	5146044	+	HTH_AraC
CGC92	TC	AE015928.1	Bth_04133	5146676	5149828	+	1.B.14.6.16
CGC92	null	AE015928.1	Bth_04134	5149853	5151817	+	null
CGC92	CAZyme	AE015928.1	Bth_04135	5151905	5153401	+	CBM32|CBM32_e210
CGC92	null	AE015928.1	Bth_04136	5153427	5154662	+	null
CGC92	CAZyme	AE015928.1	Bth_04137	5154944	5157229	+	GH92_e18|GH92
CGC92	CAZyme	AE015928.1	Bth_04138	5157236	5159575	+	GH92|GH92_e0
CGC92	null	AE015928.1	Bth_04139	5159605	5160399	+	null
CGC92	CAZyme	AE015928.1	Bth_04140	5160446	5162752	+	GH92|GH92_e0
CGC92	TF	AE015928.1	Bth_04141	5162880	5163671	-	LytTR
CGC92	TC	AE015928.1	Bth_04142	5163689	5164747	-	9.B.304.1.4
CGC92	TC	AE015928.1	Bth_04143	5164810	5165739	-	2.A.6.1.7
CGC92	TC	AE015928.1	Bth_04144	5165823	5170148	-	2.A.6.1.2
CGC93	TC	AE015928.1	Bth_04161	5185604	5189011	+	1.B.14.6.13
CGC93	TC	AE015928.1	Bth_04162	5189028	5190641	+	8.A.46.2.2
CGC93	null	AE015928.1	Bth_04163	5190666	5191742	+	null
CGC93	null	AE015928.1	Bth_04164	5191751	5192905	+	null
CGC93	CAZyme	AE015928.1	Bth_04165	5192939	5194369	+	GH18_e216|GH18
CGC93	null	AE015928.1	Bth_04166	5194400	5195734	+	null
CGC93	null	AE015928.1	Bth_04167	5196004	5196438	-	null
CGC93	CAZyme	AE015928.1	Bth_04168	5196633	5198900	-	GH92_e18|GH92
CGC93	null	AE015928.1	Bth_04169	5198918	5199073	+	null
CGC93	CAZyme	AE015928.1	Bth_04170	5198998	5201274	-	GH92|GH92_e0
CGC93	STP	AE015928.1	Bth_04171	5201306	5202301	-	FecR
CGC93	TF	AE015928.1	Bth_04172	5202354	5202908	-	GerE
CGC93	CAZyme	AE015928.1	Bth_04173	5202936	5205167	-	GH92|GH92_e0
CGC93	null	AE015928.1	Bth_04174	5205400	5208018	-	null
CGC93	TC	AE015928.1	Bth_04175	5208126	5209094	+	1.A.34.1.3
CGC93	TF	AE015928.1	Bth_04176	5209116	5209457	+	MerR
CGC93	TC	AE015928.1	Bth_04177	5209459	5211702	-	3.A.23.6.1
CGC93	CAZyme	AE015928.1	Bth_04178	5211775	5213070	-	GH23|CBM50_e207|GH23_e209|CBM50
CGC94	CAZyme	AE015928.1	Bth_04183	5216850	5217986	+	GT19|GT19_e2
CGC94	null	AE015928.1	Bth_04184	5218078	5218854	+	null
CGC94	TC	AE015928.1	Bth_04185	5218967	5219809	-	9.B.273.1.2
CGC94	TC	AE015928.1	Bth_04186	5219826	5221970	-	3.A.29.1.2
CGC95	TC	AE015928.1	Bth_04217	5248793	5250634	-	8.A.46.1.3
CGC95	TC	AE015928.1	Bth_04218	5250659	5253760	-	1.B.14.6.1
CGC95	CAZyme	AE015928.1	Bth_04219	5253800	5255143	-	CBM32|CBM32_e16
CGC95	null	AE015928.1	Bth_04220	5256049	5257926	-	null
CGC95	TC	AE015928.1	Bth_04221	5258012	5259352	-	1.A.26.1.1
CGC96	CAZyme	AE015928.1	Bth_04230	5274028	5278056	+	CBM32|GH2_e89|GH2|CBM32_e167
CGC96	null	AE015928.1	Bth_04231	5278177	5279094	-	null
CGC96	null	AE015928.1	Bth_04232	5279201	5281090	+	null
CGC96	TC	AE015928.1	Bth_04233	5281141	5282472	+	1.A.23.4.5
CGC97	TC	AE015928.1	Bth_04270	5339015	5342095	+	1.B.14.6.1
CGC97	CAZyme	AE015928.1	Bth_04271	5342248	5344236	+	CE20_e20|CE20
CGC97	CAZyme	AE015928.1	Bth_04272	5344274	5346547	+	GH92_e18|GH92
CGC97	CAZyme	AE015928.1	Bth_04273	5346666	5348819	+	GH92_e26|GH92
CGC97	CAZyme	AE015928.1	Bth_04274	5348846	5349979	+	GH130_e20|GH130
CGC97	CAZyme	AE015928.1	Bth_04275	5349986	5351524	+	GH43_e300|CBM91_e43|GH43_8
CGC97	null	AE015928.1	Bth_04276	5351618	5353000	+	null
CGC97	TC	AE015928.1	Bth_04277	5353085	5354521	-	2.A.38.1.1
CGC98	TC	AE015928.1	Bth_04283	5362603	5363424	+	2.A.64.1.3
CGC98	null	AE015928.1	Bth_04284	5363539	5366913	+	null
CGC98	TC	AE015928.1	Bth_04285	5367284	5368801	-	2.A.1.14.25
CGC98	null	AE015928.1	Bth_04286	5368885	5369016	+	null
CGC98	null	AE015928.1	Bth_04287	5369061	5369981	-	null
CGC98	TC	AE015928.1	Bth_04288	5370014	5371411	-	4.A.5.1.4
CGC98	CAZyme	AE015928.1	Bth_04289	5371714	5372913	+	GH105_e41|GH105
CGC98	CAZyme	AE015928.1	Bth_04290	5372923	5373891	+	CE8_e86|CE8
CGC98	CAZyme	AE015928.1	Bth_04291	5374011	5375744	+	CE12|CE12_e30|CE8_e86|CE8
CGC99	TC	AE015928.1	Bth_04295	5382882	5384741	-	8.A.46.1.3
CGC99	TC	AE015928.1	Bth_04296	5384754	5387969	-	1.B.14.6.1
CGC99	CAZyme	AE015928.1	Bth_04297	5388189	5389682	-	PL1_e95|PL1_2
CGC99	CAZyme	AE015928.1	Bth_04298	5389689	5391260	-	PL1_e95|PL1_2
CGC99	TC	AE015928.1	Bth_04299	5391544	5392338	+	9.B.116.3.3
CGC99	TF	AE015928.1	Bth_04300	5392342	5393154	+	LytTR
CGC99	null	AE015928.1	Bth_04301	5393376	5393558	-	null
CGC99	CAZyme	AE015928.1	Bth_04302	5393605	5395284	+	PL1_e60|PL1_2
CGC99	null	AE015928.1	Bth_04303	5395314	5396981	+	null
CGC99	TC	AE015928.1	Bth_04304	5397029	5400436	+	1.B.14.6.1
CGC99	null	AE015928.1	Bth_04305	5400451	5402526	+	null
CGC99	CAZyme	AE015928.1	Bth_04306	5402817	5404403	+	GH28_e64|GH28
CGC100	CAZyme	AE015928.1	Bth_04315	5419109	5420287	-	CBM32|CBM32_e75
CGC100	null	AE015928.1	Bth_04316	5420303	5421565	-	null
CGC100	null	AE015928.1	Bth_04317	5421598	5423520	-	null
CGC100	TC	AE015928.1	Bth_04318	5423531	5426746	-	1.B.14.6.17
CGC100	CAZyme	AE015928.1	Bth_04319	5427009	5428826	-	GH29|CBM32_e126|GH29_e30
CGC101	TC	AE015928.1	Bth_04348	5474559	5477825	+	1.B.14.6.17
CGC101	TC	AE015928.1	Bth_04349	5477865	5479424	+	8.A.46.1.4
CGC101	null	AE015928.1	Bth_04350	5479460	5481178	+	null
CGC101	null	AE015928.1	Bth_04351	5481184	5482926	+	null
CGC101	TC	AE015928.1	Bth_04352	5482943	5486095	+	1.B.14.6.1
CGC101	null	AE015928.1	Bth_04353	5486101	5487852	+	null
CGC101	CAZyme	AE015928.1	Bth_04354	5487885	5489492	+	PL9_e24|PL9_1|PL9
CGC101	null	AE015928.1	Bth_04355	5489514	5490167	+	null
CGC101	null	AE015928.1	Bth_04356	5490024	5490311	-	null
CGC101	CAZyme	AE015928.1	Bth_04357	5490420	5493716	+	PL26|PL26_e0
CGC101	CAZyme	AE015928.1	Bth_04358	5493795	5495339	-	CE12|CE12_e36
CGC101	CAZyme	AE015928.1	Bth_04359	5495430	5496590	-	GH105_e17|GH105
CGC101	CAZyme	AE015928.1	Bth_04360	5496857	5498698	+	PL11_1|PL11_e0
CGC101	CAZyme	AE015928.1	Bth_04361	5498702	5500099	+	GH105_e7|GH105
CGC101	null	AE015928.1	Bth_04362	5500130	5500444	+	null
CGC101	TF	AE015928.1	Bth_04363	5500587	5504888	+	HTH_AraC+HTH_AraC
CGC101	CAZyme	AE015928.1	Bth_04364	5505045	5506823	+	CE4_e17|CE4
CGC101	CAZyme	AE015928.1	Bth_04365	5506871	5507674	+	CE6|CE20_e26
CGC101	CAZyme	AE015928.1	Bth_04366	5508327	5511296	-	GH2|GH2_e41
CGC101	TF	AE015928.1	Bth_04367	5511384	5515679	-	HTH_AraC
CGC101	CAZyme	AE015928.1	Bth_04368	5516024	5517337	+	PL9_e24|PL9_1
CGC101	null	AE015928.1	Bth_04369	5517450	5518100	-	null
CGC101	CAZyme	AE015928.1	Bth_04370	5518174	5519850	-	GH43_10|CBM91|CBM91_e10|GH43_e0
CGC101	null	AE015928.1	Bth_04371	5520015	5521247	-	null
CGC101	CAZyme	AE015928.1	Bth_04372	5521399	5523006	-	GH28_e64|GH28
CGC102	TC	AE015928.1	Bth_04425	5581346	5582245	+	2.A.7.3.57
CGC102	null	AE015928.1	Bth_04426	5582256	5582906	+	null
CGC102	null	AE015928.1	Bth_04427	5582952	5584043	-	null
CGC102	CAZyme	AE015928.1	Bth_04428	5584073	5587447	-	GH2_e30|GH2
CGC102	TC	AE015928.1	Bth_04429	5587471	5588397	-	2.A.115.1.5
CGC102	CAZyme	AE015928.1	Bth_04430	5588470	5589873	-	GH109|GH109_e5
CGC102	CAZyme	AE015928.1	Bth_04431	5590107	5592680	-	CBM32_e18|CBM32
CGC102	null	AE015928.1	Bth_04432	5592763	5594055	-	null
CGC102	null	AE015928.1	Bth_04433	5594092	5596020	-	null
CGC102	TC	AE015928.1	Bth_04434	5596039	5599392	-	1.B.14.6.1
CGC103	TC	AE015928.1	Bth_04457	5619664	5622783	+	1.B.14.6.17
CGC103	null	AE015928.1	Bth_04458	5622805	5624856	+	null
CGC103	null	AE015928.1	Bth_04459	5624885	5625880	+	null
CGC103	CAZyme	AE015928.1	Bth_04460	5625894	5627711	+	CBM0|CBM32_e212
CGC103	null	AE015928.1	Bth_04461	5627830	5628531	+	null
CGC103	CAZyme	AE015928.1	Bth_04462	5628537	5631527	+	CBM0|CBM32_e18
CGC104	CAZyme	AE015928.1	Bth_04486	5657707	5659545	-	CBM0|CBM32_e83
CGC104	null	AE015928.1	Bth_04487	5659561	5660580	-	null
CGC104	null	AE015928.1	Bth_04488	5660608	5662659	-	null
CGC104	TC	AE015928.1	Bth_04489	5662678	5665767	-	1.B.14.6.17
CGC105	TC	AE015928.1	Bth_04493	5669508	5670173	-	9.B.104.3.2
CGC105	CAZyme	AE015928.1	Bth_04494	5670389	5672326	+	GH133_e1|GH133
CGC105	CAZyme	AE015928.1	Bth_04495	5672344	5673618	+	GT4|GT4_e602
CGC105	CAZyme	AE015928.1	Bth_04496	5673632	5675014	+	GH57|GH57_e10
CGC105	null	AE015928.1	Bth_04497	5675159	5676787	-	null
CGC105	CAZyme	AE015928.1	Bth_04498	5676807	5677643	-	GT5_e28|GT5
CGC106	TC	AE015928.1	Bth_04525	5707006	5709501	+	3.A.12.1.1
CGC106	null	AE015928.1	Bth_04526	5709521	5710168	+	null
CGC106	STP	AE015928.1	Bth_04527	5710229	5711179	+	Pyr_redox_2
CGC106	CAZyme	AE015928.1	Bth_04528	5711295	5713724	-	GH20_e12|GH20
CGC107	TC	AE015928.1	Bth_04545	5737256	5739151	+	9.B.238.3.2
CGC107	TF	AE015928.1	Bth_04546	5739541	5740116	-	GerE
CGC107	STP	AE015928.1	Bth_04547	5740247	5741275	+	FecR
CGC107	TC	AE015928.1	Bth_04548	5741436	5744972	+	1.B.14.6.17
CGC107	null	AE015928.1	Bth_04549	5745007	5746893	+	null
CGC107	CAZyme	AE015928.1	Bth_04550	5747153	5749363	+	GH89|GH89_e7
CGC107	null	AE015928.1	Bth_04551	5749815	5750261	-	null
CGC107	null	AE015928.1	Bth_04552	5750323	5751432	-	null
CGC107	TC	AE015928.1	Bth_04553	5751554	5754874	-	3.A.5.1.1
CGC108	TC	AE015928.1	Bth_04581	5783767	5784405	+	1.A.34.1.2
CGC108	null	AE015928.1	Bth_04582	5784621	5785943	-	null
CGC108	CAZyme	AE015928.1	Bth_04583	5786139	5787779	-	GH20_e12|GH20
CGC108	CAZyme	AE015928.1	Bth_04584	5787985	5790198	+	GH84|GH84_e9
CGC108	TF	AE015928.1	Bth_04585	5790293	5791180	-	HTH_AraC+HTH_AraC
CGC108	TC	AE015928.1	Bth_04586	5791289	5792725	+	2.A.1.1.55
CGC109	TC	AE015928.1	Bth_04596	5800675	5803995	+	1.B.14.6.13
CGC109	TC	AE015928.1	Bth_04597	5804003	5805631	+	8.A.46.2.2
CGC109	CAZyme	AE015928.1	Bth_04598	5805644	5806801	+	GH18_e214|GH18
CGC110	TC	AE015928.1	Bth_04678	5897634	5898725	+	1.B.6.1.6
CGC110	null	AE015928.1	Bth_04679	5899121	5900389	+	null
CGC110	null	AE015928.1	Bth_04680	5900422	5901195	+	null
CGC110	TC	AE015928.1	Bth_04681	5901239	5901868	-	9.B.20.1.4
CGC110	null	AE015928.1	Bth_04682	5902056	5902421	+	null
CGC110	TC	AE015928.1	Bth_04683	5902455	5903303	-	1.A.1.24.3
CGC110	CAZyme	AE015928.1	Bth_04684	5903417	5904397	-	GH23|GH23_e63
CGC111	TC	AE015928.1	Bth_04755	5981118	5981489	+	2.A.7.34.3
CGC111	TC	AE015928.1	Bth_04756	5981615	5982631	-	5.B.14.1.1
CGC111	TC	AE015928.1	Bth_04757	5982671	5983252	-	2.A.107.1.2
CGC111	null	AE015928.1	Bth_04758	5983259	5984053	-	null
CGC111	CAZyme	AE015928.1	Bth_04759	5984561	5985511	-	GT2
CGC111	null	AE015928.1	Bth_04760	5985535	5986179	-	null
CGC111	TF	AE015928.1	Bth_04762	5986543	5987247	-	LytTR
CGC111	TC	AE015928.1	Bth_04763	5987249	5988289	-	9.B.304.1.4
CGC112	CAZyme	AE015928.1	Bth_04829	6063874	6065208	-	CBM32|CBM32_e66
CGC112	null	AE015928.1	Bth_04830	6065247	6067130	-	null
CGC112	TC	AE015928.1	Bth_04831	6067146	6070595	-	1.B.14.6.17
CGC112	STP	AE015928.1	Bth_04832	6070725	6071939	-	FecR
CGC112	STP	AE015928.1	Bth_04833	6072022	6072615	-	Sigma70_r2+Sigma70_r4_2
CGC112	TC	AE015928.1	Bth_04834	6072867	6073886	-	2.A.20.1.4
CGC112	null	AE015928.1	Bth_04835	6073903	6074550	-	null
CGC112	TC	AE015928.1	Bth_04836	6074630	6075271	-	9.B.27.2.3
CGC113	TC	AE015928.1	Bth_04847	6083076	6084650	+	2.A.49.5.5
CGC113	null	AE015928.1	Bth_04848	6084667	6085500	-	null
CGC113	CAZyme	AE015928.1	Bth_04849	6085860	6088481	-	PL15_e0|PL15_2
CGC113	TC	AE015928.1	Bth_04850	6088483	6089748	-	2.A.1.7.18
CGC114	CAZyme	AE015928.1	Bth_04854	6094272	6096272	-	PL12_e18|PL12_2
CGC114	CAZyme	AE015928.1	Bth_04855	6096328	6097632	-	GH88|GH88_e11
CGC114	TC	AE015928.1	Bth_04856	6097817	6099490	-	8.A.46.1.3
CGC114	TC	AE015928.1	Bth_04857	6099508	6102651	-	1.B.14.6.1
CGC114	null	AE015928.1	Bth_04858	6102676	6104856	-	null
CGC114	CAZyme	AE015928.1	Bth_04859	6104875	6106983	-	PL12_2|PL12_e7
CGC114	TF	AE015928.1	Bth_04860	6107409	6111470	-	HTH_AraC
CGC114	STP	AE015928.1	Bth_04861	6111641	6113011	-	PALP
CGC114	TC	AE015928.1	Bth_04862	6113157	6114986	+	2.A.38.4.3
CGC114	TC	AE015928.1	Bth_04863	6114991	6115677	+	2.A.38.4.3
CGC114	CAZyme	AE015928.1	Bth_04864	6116237	6118684	-	GH2_e137|GH2
CGC114	CAZyme	AE015928.1	Bth_04865	6118695	6119756	-	GH53|GH53_e22
CGC114	null	AE015928.1	Bth_04866	6119767	6121479	-	null
CGC114	TC	AE015928.1	Bth_04867	6121491	6123065	-	8.A.46.1.1
CGC114	TC	AE015928.1	Bth_04868	6123116	6126094	-	1.B.14.6.1
CGC115	TC	AE015928.1	Bth_04876	6134472	6135524	-	1.A.35.3.2
CGC115	null	AE015928.1	Bth_04877	6135613	6138114	-	null
CGC115	null	AE015928.1	Bth_04879	6138391	6138522	+	null
CGC115	CAZyme	AE015928.1	Bth_04880	6139160	6140770	-	GH20|GH20_e16
CGC115	CAZyme	AE015928.1	Bth_04881	6140802	6143240	-	GH95|GH95_e0
CGC115	null	AE015928.1	Bth_04882	6143279	6143461	+	null
CGC115	null	AE015928.1	Bth_04883	6143443	6145014	-	null
CGC115	CAZyme	AE015928.1	Bth_04884	6145069	6147756	-	GH2_e50|GH2
CGC115	null	AE015928.1	Bth_04885	6147951	6148466	-	null
CGC115	null	AE015928.1	Bth_04886	6149095	6149208	-	null
CGC115	TC	AE015928.1	Bth_04887	6149376	6150440	-	1.A.23.4.2
CGC115	CAZyme	AE015928.1	Bth_04888	6150497	6152464	-	GH13_e95|GH13_14|CBM48_e14
CGC115	CAZyme	AE015928.1	Bth_04889	6152762	6154207	+	GH13_e25|GH13_5
CGC116	TC	AE015928.1	Bth_04906	6176918	6180217	+	1.B.14.6.13
CGC116	TC	AE015928.1	Bth_04907	6180242	6181837	+	8.A.46.2.2
CGC116	CAZyme	AE015928.1	Bth_04908	6181880	6182821	+	GH18_e24|GH18
