Gene ID	CAZy ID	% Identical	Length	Mismatches	Gap Open	Gene Start	Gene End	CAZy Start	CAZy End	E Value	Bit Score
Bth_00046	UML59511.1|GT2	100.0	317	0	0	1	317	1	317	6.4e-183	643.7
Bth_00048	QMW87121.1|GT2	100.0	310	0	0	4	313	1	310	6.8e-177	623.6
Bth_00051	QMW87124.1|GT101	100.0	311	0	0	1	311	1	311	4.1e-182	641.0
Bth_00052	QMW89272.1|GT2	100.0	323	0	0	1	323	1	323	2.2e-183	645.2
Bth_00053	AAO75158.1|GT2	100.0	326	0	0	1	326	1	326	2.6e-187	658.3
Bth_00055	QMW87126.1|GT4	100.0	374	0	0	1	374	1	374	1.0e-219	766.1
Bth_00056	CAY03604.1|GT0	100.0	373	0	0	1	373	1	373	5.7e-223	776.9
Bth_00057	QMW87128.1|GT4	100.0	371	0	0	21	391	1	371	2.0e-218	761.9
Bth_00067	QUR43709.1|GH27	100.0	845	0	0	1	845	1	845	0.0e+00	1734.5
Bth_00130	AAO75233.1|PL40	100.0	918	0	0	1	918	1	918	0.0e+00	1869.4
Bth_00131	ALJ42773.1|CBM6|GH28	100.0	1097	0	0	1	1097	1	1097	0.0e+00	2256.9
Bth_00137	ALJ42768.1|GH97	100.0	649	0	0	1	649	1	649	0.0e+00	1340.1
Bth_00142	AAO75244.1|GH146	100.0	641	0	0	1	641	1	641	0.0e+00	1340.1
Bth_00151	QMW87214.1|GH43_10	99.8	466	1	0	1	466	84	549	2.1e-291	1004.6
Bth_00152	QMW87215.1|GH88	100.0	406	0	0	1	406	1	406	6.1e-247	856.7
Bth_00169	QMW87228.1|GT51	100.0	772	0	0	1	772	1	772	0.0e+00	1587.4
Bth_00171	ACM64804.2|GT51	25.6	1584	1053	40	123	1680	97	1580	3.5e-129	467.6
Bth_00187	CUS04494.2|GH39	57.6	911	375	7	9	914	14	918	3.7e-292	1008.1
Bth_00191	QUT70490.1|GH23	100.0	469	0	0	1	469	1	469	3.3e-276	954.1
Bth_00242	QMW87295.1|GT1	100.0	375	0	0	1	375	1	375	4.2e-218	760.8
Bth_00260	QMW87311.1|GT2	100.0	247	0	0	1	247	1	247	1.9e-142	508.8
Bth_00271	BCA49576.1|PL27	97.0	202	6	0	1	202	1	202	2.1e-113	412.1
Bth_00272	AAO75370.1|PL27|4.2.2.-	100.0	467	0	0	1	467	4	470	7.2e-284	979.5
Bth_00273	AAO75371.1|GH43_24	100.0	582	0	0	1	582	1	582	0.0e+00	1189.9
Bth_00274	ALJ42646.1|GH43_24	100.0	493	0	0	1	493	1	493	3.1e-301	1037.3
Bth_00298	QMW87348.1|CBM32|GH35	100.0	779	0	0	1	779	1	779	0.0e+00	1640.9
Bth_00315	CAG7868751.1|GT106	50.2	546	261	3	4	547	30	566	2.0e-152	543.1
Bth_00316	ALJ42605.1|GH25	100.0	297	0	0	1	297	1	297	2.4e-171	605.1
Bth_00347	QMW87393.1|GH141	100.0	606	0	0	1	606	11	616	0.0e+00	1265.0
Bth_00348	AAO75446.1|GH31|3.2.1.20	100.0	748	0	0	1	748	1	748	0.0e+00	1601.6
Bth_00357	QQA06929.1|GH51	100.0	514	0	0	1	514	1	514	3.2e-309	1063.9
Bth_00358	QMW87404.1|GH146	100.0	802	0	0	1	802	1	802	0.0e+00	1654.8
Bth_00365	AXV50356.1|GH43_3	62.6	361	128	2	26	379	331	691	5.5e-133	478.0
Bth_00368	QMW87414.1|GH43_4	100.0	641	0	0	1	641	1	641	0.0e+00	1305.0
Bth_00375	QMW87420.1|GH43_4	100.0	513	0	0	1	513	1	513	0.0e+00	1092.0
Bth_00376	BCA49671.1|GH51	100.0	660	0	0	1	660	1	660	0.0e+00	1387.5
Bth_00377	AXH21506.1|GH43_29	100.0	314	0	0	1	314	8	321	1.2e-194	682.6
Bth_00387	CAI32746.2|GT4	52.4	433	167	5	6	438	1	394	2.6e-118	429.5
Bth_00389	VEJ19452.1|GT4	63.4	339	116	3	7	344	373	704	2.0e-113	412.9
Bth_00391	AOP03843.1|GT0	67.4	396	123	1	6	395	7	402	2.2e-156	555.8
Bth_00400	QMW87444.1|GT4	100.0	383	0	0	1	383	1	383	7.9e-220	766.5
Bth_00401	AAO75499.1|GT4	100.0	368	0	0	1	368	1	368	2.7e-217	758.1
Bth_00403	AAO75501.1|GT4	100.0	338	0	0	1	338	27	364	1.5e-198	695.7
Bth_00431	CAN65674.1|GH28	42.9	546	282	7	73	614	111	630	4.4e-122	442.6
Bth_00448	QMW87500.1|GH89	100.0	676	0	0	1	676	55	730	0.0e+00	1460.7
Bth_00456	ALJ42468.1|CE2	100.0	366	0	0	1	366	1	366	4.6e-217	757.3
Bth_00458	ALJ42470.1|CE20	100.0	884	0	0	1	884	1	884	0.0e+00	1874.0
Bth_00465	QMW87502.1|GH33	100.0	544	0	0	1	544	1	544	0.0e+00	1076.2
Bth_00466	QMW87503.1|GH20	100.0	670	0	0	1	670	1	670	0.0e+00	1401.0
Bth_00467	QMW87504.1|CE20	100.0	692	0	0	1	692	1	692	0.0e+00	1442.9
Bth_00468	AAO75565.1|GH2|3.2.1.25	100.0	864	0	0	1	864	1	864	0.0e+00	1803.1
Bth_00469	AAO75566.1|GH20|3.2.1.52	100.0	774	0	0	1	774	1	774	0.0e+00	1578.9
Bth_00470	AAO75567.1|GH20|3.2.1.52	100.0	691	0	0	1	691	1	691	0.0e+00	1417.1
Bth_00471	QUT70762.1|GH2	100.0	839	0	0	1	839	1	839	0.0e+00	1716.0
Bth_00481	AAO75578.1|GT0	100.0	404	0	0	1	404	1	404	1.2e-234	815.8
Bth_00483	QMW87520.1|GT2	100.0	313	0	0	1	313	1	313	2.0e-184	648.7
Bth_00488	AAO75585.1|GT4	100.0	368	0	0	1	368	1	368	1.1e-215	752.7
Bth_00489	QMW87526.1|GT2	100.0	274	0	0	1	274	1	274	1.6e-158	562.4
Bth_00516	BCA50619.1|GH20	100.0	767	0	0	1	767	1	767	0.0e+00	1583.2
Bth_00588	AAO75684.1|CBM50	100.0	588	0	0	1	588	1	588	0.0e+00	1174.1
Bth_00610	CAI32746.2|GT4	52.2	433	168	5	6	438	1	394	9.0e-119	431.0
Bth_00612	QQN33861.1|GT0	55.9	379	155	4	4	381	2	369	3.3e-115	419.1
Bth_00619	QMW87652.1|GT4	100.0	386	0	0	1	386	1	386	5.0e-222	773.9
Bth_00621	QMW87653.1|GT4	100.0	379	0	0	1	379	1	379	2.0e-215	751.9
Bth_00622	QMW87654.1|GT4	100.0	396	0	0	1	396	1	396	1.3e-236	822.4
Bth_00650	CAE6204650.1|GH28	51.3	600	282	4	2	592	745	1343	2.0e-177	626.3
Bth_00662	CAG7883609.1|GT1	57.0	901	354	6	3	901	170	1039	1.3e-284	983.0
Bth_00688	ALJ41809.1|CBM62	100.0	648	0	0	1	648	1	648	0.0e+00	1346.6
Bth_00701	AAO75782.1|CE9	100.0	388	0	0	1	388	1	388	1.6e-223	778.9
Bth_00702	AAO75783.1|CE9	100.0	390	0	0	1	390	1	390	6.8e-227	790.0
Bth_00709	QMW87725.1|GH97	100.0	671	0	0	1	671	1	671	0.0e+00	1414.4
Bth_00738	CAD7245033.1|GT58	62.6	505	151	6	5	502	1054	1527	1.7e-166	589.7
Bth_00765	AMJ20543.1|GH13_11	49.5	426	195	3	1	423	1	409	4.6e-112	408.7
Bth_00770	QMW87778.1|GT51	100.0	779	0	0	1	779	1	779	0.0e+00	1572.0
Bth_00784	AAO75864.1|GH2	100.0	682	0	0	1	682	1	682	0.0e+00	1435.6
Bth_00801	QMW87800.1|GH13_8	100.0	670	0	0	1	670	1	670	0.0e+00	1428.7
Bth_00803	QMW87802.1|GH13_38	100.0	565	0	0	1	565	1	565	0.0e+00	1199.5
Bth_00861	AVI59029.1|GT2	47.0	438	224	4	1	437	1	431	9.3e-108	394.4
Bth_00898	QQA06495.1|CBM32	100.0	440	0	0	1	440	1	440	8.4e-258	892.9
Bth_00905	ALR08738.2|GT83	43.7	588	315	7	3	580	2	583	9.5e-140	501.1
Bth_00919	ACT97502.1|GH78	87.2	227	29	0	812	1038	321	547	1.4e-104	385.2
Bth_00935	AGL63717.2|GT4	49.0	622	301	6	193	813	107	713	3.5e-164	582.8
Bth_00949	QMW87934.1|CBM50	100.0	487	0	0	1	487	1	487	2.4e-157	559.3
Bth_00969	CAG7903126.1|GH28	42.3	466	247	6	10	468	66	516	7.1e-104	381.7
Bth_01029	AAO76087.1|PL1_2	100.0	560	0	0	1	560	1	560	0.0e+00	1147.5
Bth_01032	ALJ42138.1|GH2	100.0	882	0	0	1	882	1	882	0.0e+00	1830.1
Bth_01033	AAO76091.1|GH139|3.2.1.-	100.0	803	0	0	1	803	1	803	0.0e+00	1693.7
Bth_01034	ALJ42140.1|CE20	100.0	477	0	0	1	477	1	477	7.9e-286	986.1
Bth_01035	AAO76093.1|GH106|3.2.1.40	100.0	1105	0	0	1	1105	1	1105	0.0e+00	2273.4
Bth_01041	AAO76099.1|GH2|3.2.1.-	100.0	950	0	0	1	950	1	950	0.0e+00	1992.6
Bth_01042	AAO76100.1|GH2|3.2.1.23	100.0	1092	0	0	1	1092	1	1092	0.0e+00	2283.4
Bth_01045	QMW88020.1|CBM57|GH137|GH2	100.0	1412	0	0	1	1412	7	1418	0.0e+00	2981.4
Bth_01046	QZU89134.1|GH138	100.0	899	0	0	1	899	1	899	0.0e+00	1862.0
Bth_01051	ALJ42159.1|GH78	100.0	729	0	0	1	729	1	729	0.0e+00	1531.9
Bth_01052	QQA06604.1|GH141	100.0	619	0	0	1	619	1	619	0.0e+00	1315.1
Bth_01053	ALJ42161.1|GH127	100.0	698	0	0	1	698	1	698	0.0e+00	1457.2
Bth_01059	ALJ42167.1|GH95	100.0	822	0	0	1	822	1	822	0.0e+00	1719.1
Bth_01060	QMW88032.1|GH105	100.0	400	0	0	1	400	1	400	1.7e-241	838.6
Bth_01061	BCA50077.1|GH140	100.0	483	0	0	1	483	1	483	3.7e-291	1003.8
Bth_01062	ALJ42170.1|GH33|GH78	100.0	1290	0	0	1	1290	1	1290	0.0e+00	2714.1
Bth_01063	AAO76121.1|PL0	100.0	506	0	0	1	506	1	506	7.5e-311	1069.3
Bth_01066	QMW88038.1|CE19	100.0	653	0	0	1	653	1	653	0.0e+00	1307.4
Bth_01067	AAO76125.1|GH28|3.2.1.67	100.0	445	0	0	1	445	1	445	5.9e-259	896.7
Bth_01068	QQA06617.1|GH78	100.0	953	0	0	1	953	1	953	0.0e+00	1966.0
Bth_01069	QMW88040.1|GH142|GH143	100.0	1109	0	0	1	1109	1	1109	0.0e+00	2346.2
Bth_01070	ALJ42178.1|GH43_18	100.0	309	0	0	1	309	1	309	1.6e-183	645.6
Bth_01072	QMW88042.1|PL1_2	100.0	579	0	0	1	579	1	579	0.0e+00	1215.7
Bth_01080	QMW88049.1|GH92	100.0	756	0	0	1	756	1	756	0.0e+00	1588.2
Bth_01081	QMW88050.1|GH130	100.0	322	0	0	1	322	1	322	1.1e-201	706.1
Bth_01083	AAO76142.1|GH163|3.2.1.-	100.0	734	0	0	1	734	1	734	0.0e+00	1528.1
Bth_01086	QMW88054.1|GH18	100.0	340	0	0	1	340	1	340	2.1e-208	728.4
Bth_01093	ALJ42200.1|GH18	100.0	364	0	0	1	364	1	364	4.0e-221	770.8
Bth_01097	BCA50046.1|GH18	100.0	375	0	0	1	375	1	375	5.0e-227	790.4
Bth_01100	QMW88067.1|GH20	100.0	773	0	0	1	773	1	773	0.0e+00	1588.2
Bth_01108	ABM98857.2|GT4	65.6	305	105	0	2	306	7	311	8.8e-121	437.2
Bth_01151	QMW88113.1|GT35	100.0	852	0	0	1	852	1	852	0.0e+00	1795.0
Bth_01214	AAO76273.1|GT2	100.0	299	0	0	1	299	1	299	2.8e-172	608.2
Bth_01215	QMW88174.1|GT2	100.0	395	0	0	1	395	1	395	8.7e-222	773.1
Bth_01225	AAO76282.1|GT0	100.0	372	0	0	1	372	1	372	1.4e-221	772.3
Bth_01226	QUT38194.1|GT2	100.0	314	0	0	1	314	1	314	5.4e-174	614.0
Bth_01228	QKH83901.1|GT4	59.6	374	146	4	1	373	1	370	3.2e-125	452.2
Bth_01229	AAO76286.1|GT101	100.0	303	0	0	1	303	1	303	3.7e-180	634.4
Bth_01230	QMW88187.1|GT4	100.0	384	0	0	1	384	1	384	1.6e-225	785.4
Bth_01231	AAO76288.1|GT2	100.0	283	0	0	1	283	1	283	1.8e-165	585.5
Bth_01233	AAO76290.1|GT2	100.0	1336	0	0	1	1336	1	1336	0.0e+00	2464.9
Bth_01247	QMW88200.1|GT51	100.0	248	0	0	1	248	1	248	2.5e-134	481.9
Bth_01275	CBA03971.1|GT30	57.4	383	158	1	6	388	2	379	1.2e-119	434.1
Bth_01314	AJY87077.1|GH43_29	50.4	522	245	3	1	511	432	950	3.5e-154	548.9
Bth_01338	QMW88279.1|GH18	100.0	508	0	0	1	508	1	508	1.3e-299	1031.9
Bth_01339	QMW88280.1|GH18	100.0	306	0	0	1	306	1	306	2.8e-175	618.2
Bth_01348	QMW88287.1|GT35	100.0	854	0	0	1	854	1	854	0.0e+00	1780.4
Bth_01349	AAO76401.1|GT3	100.0	553	0	0	1	553	1	553	0.0e+00	1150.2
Bth_01385	CAE6110940.1|CE8	41.7	566	291	10	19	576	253	787	7.7e-118	428.3
Bth_01401	QMW88334.1|GT2	100.0	270	0	0	1	270	1	270	7.4e-156	553.5
Bth_01402	AVI59029.1|GT2	47.0	438	224	4	1	437	1	431	1.2e-110	404.1
Bth_01405	AAO76451.1|GT4	100.0	367	0	0	1	367	1	367	1.3e-206	722.6
Bth_01408	QMW88341.1|GT2	100.0	285	0	0	1	285	1	285	4.4e-167	590.9
Bth_01413	AAO76459.1|GT4	100.0	389	0	0	1	389	1	389	2.9e-222	774.6
Bth_01414	QMW88347.1|GT2	100.0	345	0	0	1	345	1	345	1.5e-198	695.7
Bth_01496	ACU62277.1|GH35	59.1	384	157	0	5	388	4	387	4.2e-136	488.4
Bth_01506	QOF98253.1|GT2	64.6	415	147	0	387	801	6	420	3.8e-163	579.3
Bth_01511	AAO76290.1|GT2	37.4	680	373	8	151	782	659	1333	1.0e-128	464.9
Bth_01514	QCW79542.1|GH101	55.4	462	206	0	52	513	607	1068	1.8e-147	526.6
Bth_01537	AAO76579.1|GT2	100.0	390	0	0	1	390	1	390	5.7e-226	786.9
Bth_01603	QMW88515.1|CBM50|GH73	100.0	301	0	0	1	301	1	301	7.9e-175	616.7
Bth_01613	CAD7235639.1|GT2	44.8	542	290	6	10	549	135	669	3.8e-133	479.2
Bth_01692	QMW88593.1|GH20	100.0	519	0	0	1	519	1	519	0.0e+00	1105.9
Bth_01696	ALJ41003.1|GH29	100.0	606	0	0	1	606	1	606	0.0e+00	1247.3
Bth_01697	UML61023.1|GH2	100.0	1023	0	0	1	1023	1	1023	0.0e+00	2137.1
Bth_01698	AAO76734.1|GH20	100.0	776	0	0	1	776	1	776	0.0e+00	1597.8
Bth_01703	QQA10039.1|GH18	100.0	554	0	0	1	554	1	554	0.0e+00	1120.9
Bth_01717	AAO76752.1|GT2	100.0	269	0	0	1	269	1	269	5.5e-151	537.3
Bth_01718	ALJ40981.1|GT2	100.0	303	0	0	1	303	1	303	3.3e-168	594.7
Bth_01720	ALJ40979.1|GT2	100.0	330	0	0	1	330	1	330	1.0e-191	672.9
Bth_01721	QMW88617.1|GT25	100.0	242	0	0	1	242	1	242	6.7e-140	500.4
Bth_01735	QMW88629.1|GH13_14	100.0	668	0	0	1	668	1	668	0.0e+00	1382.9
Bth_01760	QCW79542.1|GH101	54.7	457	207	0	60	516	612	1068	4.7e-143	511.9
Bth_01784	ALJ40876.1|GT2	100.0	273	0	0	1	273	1	273	1.6e-153	545.8
Bth_01787	AAO76819.1|GT4	100.0	392	0	0	1	392	1	392	2.4e-224	781.6
Bth_01805	AHC21644.2|GH1	48.3	515	260	3	6	518	11	521	1.5e-136	490.3
Bth_01823	AMJ18631.1|GT2	48.1	1200	569	16	9	1182	3	1174	1.1e-309	1066.6
Bth_01828	BCG55022.1|GT2	66.9	369	122	0	45	413	6	374	1.9e-142	509.6
Bth_01835	ALJ40824.1|GH32	100.0	610	0	0	1	610	1	610	0.0e+00	1270.0
Bth_01836	ALJ40823.1|GH32	100.0	523	0	0	1	523	1	523	0.0e+00	1096.6
Bth_01839	AST56160.1|GH35	30.7	882	523	24	220	1037	714	1571	4.4e-108	396.7
Bth_01841	AAO76872.1|GH32|3.2.1.26|3.2.1.64|3.2.1.80	100.0	627	0	0	1	627	1	627	0.0e+00	1327.0
Bth_01844	QMW88731.1|GH2	100.0	1085	0	0	1	1085	1	1085	0.0e+00	2270.0
Bth_01845	AAO76876.1|GH92|3.2.1.-	100.0	751	0	0	1	751	1	751	0.0e+00	1562.7
Bth_01851	UML61169.1|CBM0	100.0	578	0	0	1	578	1	578	0.0e+00	1195.6
Bth_01852	AAO76883.1|GH2	100.0	1231	0	0	1	1231	1	1231	0.0e+00	2547.3
Bth_01853	QMW88739.1|GH95	100.0	1019	0	0	1	1019	1	1019	0.0e+00	2112.8
Bth_01854	AAO76885.1|GH3	100.0	853	0	0	1	853	1	853	0.0e+00	1744.9
Bth_01855	UML61173.1|CE20	100.0	572	0	0	1	572	1	572	0.0e+00	1095.9
Bth_01856	QQA09894.1|GH3	100.0	954	0	0	1	954	1	954	0.0e+00	1932.1
Bth_01857	UML61175.1|GH43_2	100.0	697	0	0	1	697	1	697	0.0e+00	1505.3
Bth_01909	QYO62262.1|GH13	64.1	343	121	1	1	343	1	341	1.1e-113	414.5
Bth_01923	QUT72155.1|GH29	100.0	438	0	0	1	438	1	438	9.5e-270	932.6
Bth_01955	QMW88818.1|GH97	100.0	662	0	0	1	662	1	662	0.0e+00	1381.3
Bth_01956	QMW88819.1|GH3	100.0	759	0	0	1	759	1	759	0.0e+00	1538.9
Bth_01957	QMW88820.1|GH43_17	100.0	327	0	0	1	327	1	327	5.7e-195	683.7
Bth_01962	AAO76985.1|GH92|3.2.1.-	100.0	730	0	0	1	730	4	733	0.0e+00	1533.5
Bth_01968	AAO76990.1|GH76	100.0	408	0	0	1	408	1	408	1.1e-248	862.4
Bth_02003	QCW79542.1|GH101	53.0	462	211	1	55	510	607	1068	1.4e-139	500.4
Bth_02169	UQC84824.1|GT2	59.0	344	140	1	16	358	1785	2128	2.2e-115	419.5
Bth_02191	ALJ40523.1|GH127	100.0	687	0	0	1	687	1	687	0.0e+00	1450.6
Bth_02199	QMW89044.1|GH92	100.0	1047	0	0	1	1047	1	1047	0.0e+00	2209.5
Bth_02205	AAO77218.1|GH92|3.2.1.-	100.0	1042	0	0	1	1042	1	1042	0.0e+00	2167.9
Bth_02206	AAO77219.1|GH43_24	100.0	345	0	0	1	345	1	345	9.3e-212	739.6
Bth_02207	ALJ40506.1|GH38	100.0	1141	0	0	1	1141	1	1141	0.0e+00	2352.0
Bth_02231	QUT40227.1|GH171	100.0	387	0	0	1	387	1	387	1.2e-228	795.8
Bth_02242	QMW84610.1|CBM20|GH77	100.0	893	0	0	1	893	1	893	0.0e+00	1891.3
Bth_02244	ALJ40470.1|GT4	100.0	323	0	0	1	323	1	323	9.1e-193	676.4
Bth_02247	AAO77258.1|GT2	100.0	342	0	0	1	342	1	342	3.9e-202	707.6
Bth_02287	UBD12100.1|GH2	99.6	278	1	0	1	278	917	1194	7.6e-164	580.1
Bth_02288	AAO77298.1|GH2	100.0	901	0	0	1	901	1	901	0.0e+00	1881.3
Bth_02289	AAO77299.1|GH29|3.2.1.111	100.0	484	0	0	1	484	1	484	1.7e-296	1021.5
Bth_02291	QMW89084.1|CBM0	100.0	316	0	0	1	316	1	316	3.2e-182	641.3
Bth_02296	AAO77306.1|GH92|3.2.1.113	100.0	758	0	0	1	758	1	758	0.0e+00	1605.5
Bth_02328	AWZ17133.1|GH13_30	33.5	1264	675	27	4	1227	406	1544	5.1e-183	646.0
Bth_02352	AAO77361.1|PL10_1	100.0	364	0	0	1	364	1	364	1.7e-216	755.4
Bth_02424	ASV45029.1|GH23	28.1	1860	1002	49	5	1767	1560	3180	7.0e-168	596.3
Bth_02477	AAO77485.1|GH28	100.0	482	0	0	1	482	1	482	1.3e-288	995.3
Bth_02536	AAO77539.1|CBM32|GH2	100.0	977	0	0	1	977	1	977	0.0e+00	2050.0
Bth_02543	QMW84889.1|GH3	100.0	1001	0	0	1	1001	1	1001	0.0e+00	1956.0
Bth_02561	QDT68860.1|GH117	41.9	649	318	15	4	606	2	637	4.1e-125	452.6
Bth_02562	QMW84906.1|GH20	100.0	655	0	0	1	655	1	655	0.0e+00	1345.1
Bth_02602	AAO77608.1|GT51	100.0	649	0	0	1	649	1	649	0.0e+00	1290.8
Bth_02623	QMW84969.1|GH78	100.0	1152	0	0	1	1152	1	1152	0.0e+00	2329.3
Bth_02624	QMW84970.1|GH78	100.0	881	0	0	1	881	1	881	0.0e+00	1848.9
Bth_02625	AAO77632.1|CE7	100.0	452	0	0	1	452	1	452	3.3e-273	944.1
Bth_02641	QBQ55251.1|CBM50	32.5	890	544	16	13	885	40	889	2.1e-106	391.0
Bth_02652	AAO77657.1|GH16_3	100.0	268	0	0	1	268	1	268	5.3e-162	573.9
Bth_02666	CAD7252417.1|GH13	55.9	583	248	6	129	706	341	919	6.2e-170	601.7
Bth_02724	QMW85063.1|GH97	100.0	649	0	0	1	649	1	649	0.0e+00	1332.8
Bth_02726	AAO77729.1|GH67	100.0	722	0	0	1	722	1	722	0.0e+00	1510.7
Bth_02727	AAO77730.1|GH76|3.2.1.101	100.0	517	0	0	1	517	1	517	9.7e-306	1052.4
Bth_02734	QMW85072.1|GH92	100.0	760	0	0	1	760	1	760	0.0e+00	1597.8
Bth_02736	QDM11358.1|GH76	100.0	376	0	0	1	376	10	385	8.3e-230	799.7
Bth_02737	AAO77739.1|GH125|3.2.1.-	100.0	481	0	0	1	481	1	481	9.1e-290	999.2
Bth_02766	QQA09150.1|CBM35|GH27	100.0	545	0	0	1	545	1	545	0.0e+00	1146.7
Bth_02787	ALJ39996.1|GH2	100.0	1001	0	0	1	1001	1	1001	0.0e+00	2088.2
Bth_02835	CAD7226128.1|GH38	34.5	725	420	13	8	697	1343	2047	1.1e-110	404.8
Bth_02839	CCO12868.2|GH1	44.0	1436	511	16	11	1402	5	1191	0.0e+00	1091.6
Bth_02861	ALJ39927.1|GT30	100.0	407	0	0	1	407	1	407	1.1e-243	845.9
Bth_02865	AAO77857.1|GH123	100.0	598	0	0	1	598	1	598	0.0e+00	1252.7
Bth_02946	QMW89124.1|GH16_3	100.0	372	0	0	1	372	1	372	5.7e-223	776.9
Bth_02947	AAO77931.1|GH18	100.0	347	0	0	1	347	1	347	1.7e-200	702.2
Bth_02975	QMW85283.1|GH36	100.0	718	0	0	1	718	4	721	0.0e+00	1497.3
Bth_02976	AAO77958.1|GH43_10|3.2.1.55	100.0	514	0	0	1	514	1	514	0.0e+00	1128.2
Bth_02978	QMW85286.1|GH3	100.0	759	0	0	1	759	1	759	0.0e+00	1527.3
Bth_02979	QMW85287.1|CBM32|GH2	100.0	987	0	0	1	987	3	989	0.0e+00	2077.8
Bth_02988	QMW85295.1|GT4	100.0	383	0	0	1	383	1	383	2.6e-223	778.1
Bth_02989	QMW85296.1|GT0	100.0	370	0	0	1	370	1	370	7.1e-218	760.0
Bth_02990	QMW85297.1|GT4	100.0	379	0	0	1	379	1	379	1.5e-226	788.9
Bth_02992	QMW85299.1|GT2	100.0	332	0	0	1	332	1	332	2.7e-192	674.9
Bth_02994	QQA08914.1|GT14	100.0	288	0	0	1	288	1	288	2.5e-170	601.7
Bth_02995	QMW85302.1|GT14	100.0	291	0	0	1	291	1	291	2.7e-172	608.2
Bth_02996	AAO77978.1|GT32	100.0	309	0	0	1	309	1	309	3.8e-180	634.4
Bth_02997	QMW85303.1|GT8	100.0	309	0	0	1	309	1	309	3.8e-180	634.4
Bth_02998	AAO77980.1|GT2	100.0	266	0	0	1	266	1	266	5.8e-153	543.9
Bth_03000	QMW85306.1|GT2	100.0	327	0	0	1	327	1	327	1.9e-190	668.7
Bth_03006	QMW85311.1|GT2	100.0	323	0	0	1	323	1	323	6.5e-191	670.2
Bth_03015	UML62205.1|CBM0	100.0	570	0	0	1	570	1	570	0.0e+00	1203.7
Bth_03018	QQA08893.1|GH43_31	100.0	330	0	0	1	330	1	330	5.6e-198	693.7
Bth_03021	AAO78004.1|GH43_31	100.0	327	0	0	1	327	1	327	1.0e-196	689.5
Bth_03024	QQA08888.1|GH43_3	100.0	325	0	0	1	325	1	325	2.1e-197	691.8
Bth_03025	QMW85329.1|GH159	100.0	341	0	0	1	341	1	341	3.4e-214	747.7
Bth_03032	AAO78014.1|GH116	100.0	848	0	0	1	848	1	848	0.0e+00	1789.6
Bth_03035	QMW85339.1|GH146	100.0	655	0	0	1	655	1	655	0.0e+00	1315.4
Bth_03036	AAO78018.1|GH106|GH43_26	100.0	1544	0	0	1	1544	1	1544	0.0e+00	3263.8
Bth_03037	AAO78019.1|GH88	100.0	402	0	0	1	402	1	402	1.2e-239	832.4
Bth_03040	QQA08873.1|GH154	100.0	407	0	0	1	407	1	407	1.4e-243	845.5
Bth_03045	AAO78027.1|GH105	100.0	360	0	0	1	360	1	360	2.0e-217	758.4
Bth_03046	QMW85350.1|GH2	100.0	604	0	0	1	604	1	604	0.0e+00	1278.5
Bth_03062	QQA08853.1|GT4	100.0	399	0	0	1	399	1	399	1.4e-232	808.9
Bth_03063	ADV42877.1|GT4	62.4	372	140	0	1	372	1	372	1.2e-127	460.3
Bth_03064	QQA08851.1|GT4	100.0	408	0	0	1	408	1	408	2.0e-237	825.1
Bth_03071	QLK59446.1|GT0	61.9	373	138	2	3	375	2	370	9.7e-130	467.2
Bth_03073	AAO78052.1|GT4	100.0	421	0	0	8	428	1	421	2.3e-252	874.8
Bth_03074	QMW85373.1|GT2	100.0	251	0	0	1	251	1	251	1.2e-147	526.2
Bth_03075	AAO78054.1|GH92|3.2.1.24	100.0	897	0	0	1	897	1	897	0.0e+00	1883.6
Bth_03076	AAO78055.1|GH76	100.0	396	0	0	1	396	1	396	6.6e-238	826.6
Bth_03086	AAO78064.1|GH115|3.2.1.-	100.0	789	0	0	1	789	1	789	0.0e+00	1606.3
Bth_03087	AAO78065.1|GH43_24	100.0	460	0	0	1	460	1	460	1.4e-284	981.9
Bth_03090	QMW85389.1|GH105|PL33_2	100.0	980	0	0	1	980	1	980	0.0e+00	2017.7
Bth_03091	QMW85390.1|PL8_3	100.0	719	0	0	1	719	3	721	0.0e+00	1503.8
Bth_03096	AAO78075.1|GH2	100.0	702	0	0	1	702	1	702	0.0e+00	1470.3
Bth_03097	ALJ39726.1|GH29	100.0	484	0	0	1	484	1	484	4.2e-295	1016.9
Bth_03140	QMW85435.1|GH3	100.0	863	0	0	1	863	1	863	0.0e+00	1759.6
Bth_03146	UML62323.1|CBM32	100.0	298	0	0	1	298	1	298	1.0e-174	616.3
Bth_03147	UBD12722.1|CBM32	100.0	968	0	0	1	968	1	968	0.0e+00	1860.1
Bth_03153	ALJ39699.1|GH154	100.0	415	0	0	1	415	1	415	1.3e-247	859.0
Bth_03157	QMW85450.1|GH30_6	100.0	520	0	0	1	520	1	520	0.0e+00	1085.9
Bth_03159	QMW85452.1|GH130	100.0	396	0	0	1	396	1	396	3.0e-238	827.8
Bth_03175	QMW85467.1|GH30_4	100.0	528	0	0	1	528	1	528	0.0e+00	1115.1
Bth_03182	QMW85474.1|GH18	100.0	321	0	0	1	321	1	321	9.3e-182	639.8
Bth_03198	AAO78171.1|GH27	100.0	503	0	0	1	503	1	503	8.0e-305	1049.3
Bth_03215	AAO78188.1|GH32|3.2.1.26|3.2.1.64|3.2.1.80	100.0	548	0	0	1	548	1	548	0.0e+00	1152.9
Bth_03218	QMW85508.1|GH31	100.0	712	0	0	1	712	1	712	0.0e+00	1484.2
Bth_03219	AAO78192.1|GH31	100.0	834	0	0	1	834	1	834	0.0e+00	1766.5
Bth_03220	AAO78193.1|GH66|3.2.1.11	100.0	592	0	0	1	592	1	592	0.0e+00	1238.4
Bth_03225	QQA08738.1|GH2	100.0	734	0	0	1	734	1	734	0.0e+00	1482.2
Bth_03226	QDV62831.1|GH159	44.5	524	276	9	23	533	32	553	1.7e-130	470.3
Bth_03227	ALJ39626.1|GH43	100.0	376	0	0	1	376	1	376	4.7e-233	810.4
Bth_03229	AAO78202.1|GH51	100.0	709	0	0	1	709	1	709	0.0e+00	1483.4
Bth_03239	QEF96404.1|GH2	42.1	520	255	15	28	530	652	1142	5.1e-103	379.0
Bth_03240	QDV47687.1|GH2	46.1	516	256	10	24	533	643	1142	1.4e-126	457.2
Bth_03241	ALJ39613.1|GH43_31	100.0	329	0	0	1	329	1	329	1.5e-198	695.7
Bth_03248	QQA08720.1|GH2	100.0	1133	0	0	1	1133	1	1133	0.0e+00	2366.7
Bth_03259	AAO78230.1|CE20	100.0	479	0	0	1	479	1	479	2.7e-286	987.6
Bth_03261	CUS04921.2|GT4	35.9	991	437	16	3	943	17	859	2.4e-161	573.5
Bth_03265	QMW85547.1|GH92	100.0	735	0	0	1	735	1	735	0.0e+00	1540.0
Bth_03266	AAO78237.1|GH36	100.0	718	0	0	1	718	1	718	0.0e+00	1486.1
Bth_03267	AAO78238.1|CE20	100.0	648	0	0	1	648	1	648	0.0e+00	1360.1
Bth_03268	UML62433.1|GH36	100.0	673	0	0	1	673	1	673	0.0e+00	1407.9
Bth_03292	AAO78261.1|GH95	100.0	808	0	0	1	808	1	808	0.0e+00	1663.3
Bth_03298	AAO78266.1|GH110|3.2.1.22	100.0	568	0	0	1	568	1	568	0.0e+00	1162.1
Bth_03301	AAO78269.1|GH97	100.0	674	0	0	1	674	1	674	0.0e+00	1421.4
Bth_03308	QMW85577.1|CBM32|GH31	100.0	1294	0	0	1	1294	1	1294	0.0e+00	2636.7
Bth_03310	AAO78277.1|CE20	100.0	477	0	0	1	477	1	477	3.0e-285	984.2
Bth_03312	AAO78279.1|GH95	100.0	815	0	0	1	815	1	815	0.0e+00	1663.7
Bth_03318	AAO78284.1|GH20	100.0	774	0	0	1	774	1	774	0.0e+00	1604.7
Bth_03319	AAO78285.1|GH2	100.0	1024	0	0	1	1024	1	1024	0.0e+00	2117.4
Bth_03391	QMW85648.1|CE4	100.0	204	0	0	1	204	1	204	2.6e-121	438.3
Bth_03439	AAO78398.1|GH2	100.0	591	0	0	1	591	1	591	0.0e+00	1238.8
Bth_03440	AAO78399.1|GH2	100.0	1421	0	0	1	1421	1	1421	0.0e+00	2920.6
Bth_03441	QMW85694.1|GH97	100.0	650	0	0	1	650	1	650	0.0e+00	1340.5
Bth_03446	UML62589.1|GH31	100.0	717	0	0	1	717	1	717	0.0e+00	1498.0
Bth_03447	AAO78406.1|GH3	100.0	825	0	0	1	825	1	825	0.0e+00	1709.1
Bth_03448	QMW85700.1|GH76	100.0	395	0	0	1	395	1	395	4.2e-232	807.4
Bth_03461	AAO78418.1|GH30_3|3.2.1.75	100.0	493	0	0	1	493	4	496	7.9e-297	1022.7
Bth_03463	QMW85713.1|GH3	100.0	764	0	0	1	764	1	764	0.0e+00	1558.1
Bth_03472	UBD12985.1|PL8_2	100.0	1025	0	0	1	1025	1	1025	0.0e+00	2114.7
Bth_03476	ALJ44486.1|PL29	100.0	868	0	0	1	868	1	868	0.0e+00	1747.6
Bth_03488	QMW85735.1|GH2	100.0	1036	0	0	1	1036	1	1036	0.0e+00	2180.2
Bth_03496	ALJ44466.1|GH88	100.0	400	0	0	1	400	1	400	3.1e-243	844.3
Bth_03498	ALJ44464.1|PL8_2	100.0	953	0	0	1	953	1	953	0.0e+00	1975.7
Bth_03511	QMW85756.1|GT9	100.0	343	0	0	1	343	1	343	7.3e-201	703.4
Bth_03514	AAO78471.1|GT0|GT2	100.0	679	0	0	1	679	1	679	0.0e+00	1424.8
Bth_03515	QMW85760.1|GT2	100.0	336	0	0	1	336	1	336	3.1e-196	688.0
Bth_03516	QQA08509.1|GT4	100.0	413	0	0	1	413	1	413	4.3e-240	833.9
Bth_03517	ALJ44445.1|GT4	100.0	413	0	0	1	413	1	413	2.6e-237	824.7
Bth_03518	ALJ44444.1|GT4	100.0	413	0	0	1	413	1	413	3.3e-240	834.3
Bth_03519	ALJ44443.1|GT2	100.0	329	0	0	1	329	1	329	8.1e-189	663.3
Bth_03520	QQA08505.1|GT2	100.0	329	0	0	1	329	1	329	3.6e-189	664.5
Bth_03521	AAO78478.1|GT2	100.0	326	0	0	1	326	1	326	8.3e-194	679.9
Bth_03526	ALJ44436.1|GT14	100.0	322	0	0	1	322	1	322	1.1e-185	652.9
Bth_03528	AAO78485.1|GT2	100.0	311	0	0	1	311	1	311	6.3e-175	617.1
Bth_03537	ALJ44426.1|GT2	100.0	633	0	0	1	633	1	633	0.0e+00	1263.4
Bth_03538	QQA08480.1|GT2	55.5	375	165	2	9	381	12	386	2.5e-117	426.0
Bth_03553	AGL64345.2|GT2	47.4	582	301	2	459	1036	275	855	7.5e-148	528.9
Bth_03600	QMW85836.1|GT28	100.0	372	0	0	1	372	1	372	7.4e-207	723.4
Bth_03620	QQA08411.1|GH43_26	100.0	365	0	0	1	365	1	365	1.7e-227	792.0
Bth_03630	BCA48091.1|CBM0	97.1	690	20	0	146	835	11	700	0.0e+00	1395.9
Bth_03640	QEF96404.1|GH2	41.7	566	248	20	4	548	634	1138	1.3e-106	391.0
Bth_03641	QDV47687.1|GH2	46.1	503	246	11	16	511	650	1134	1.3e-124	450.7
Bth_03654	ALJ44322.1|GH76	100.0	492	0	0	1	492	1	492	9.6e-295	1015.8
Bth_03665	BCA48091.1|CBM0	65.2	687	239	0	148	834	16	702	2.6e-284	981.9
Bth_03666	QMW85893.1|GH2	100.0	604	0	0	1	604	1	604	0.0e+00	1291.2
Bth_03667	QMW85894.1|GH115	100.0	982	0	0	1	982	1	982	0.0e+00	2008.4
Bth_03668	QMW85895.1|GH43_26	100.0	370	0	0	1	370	20	389	6.9e-229	796.6
Bth_03669	AAO78622.1|GH43_3|GH43_34	100.0	637	0	0	1	637	1	637	0.0e+00	1378.6
Bth_03674	QMW85901.1|GH76	100.0	428	0	0	1	428	2	429	1.2e-261	905.6
Bth_03677	AAO78630.1|GH76	100.0	420	0	0	1	420	1	420	1.9e-251	871.7
Bth_03679	BCA48091.1|CBM0	51.9	684	318	3	150	822	17	700	6.9e-213	744.6
Bth_03680	ALJ44286.1|GH92	100.0	763	0	0	1	763	1	763	0.0e+00	1618.6
Bth_03681	BCA48116.1|GH125	100.0	487	0	0	1	487	1	487	1.2e-294	1015.4
Bth_03682	AXV50356.1|GH43_3	58.3	360	142	3	25	376	332	691	4.5e-119	431.8
Bth_03683	AAO78636.1|GH92|3.2.1.-	100.0	653	0	0	1	653	1	653	0.0e+00	1351.3
Bth_03684	QKW18167.1|CBM13	43.0	646	333	11	49	685	51	670	2.2e-151	540.0
Bth_03685	AXV50356.1|GH43_3	57.8	360	144	3	25	376	332	691	1.6e-119	433.3
Bth_03696	ALJ44269.1|CBM62	99.8	522	1	0	1	522	175	696	0.0e+00	1102.0
Bth_03700	BCA48091.1|CBM0	44.2	684	352	9	307	962	16	697	6.1e-168	595.5
Bth_03723	QMW85944.1|GH144	100.0	454	0	0	1	454	1	454	3.5e-283	977.2
Bth_03724	QMW85945.1|GH3	100.0	771	0	0	1	771	1	771	0.0e+00	1539.2
Bth_03746	QMW85963.1|CE9	100.0	395	0	0	1	395	1	395	4.9e-225	783.9
Bth_03748	QMW85965.1|GH89	100.0	732	0	0	1	732	1	732	0.0e+00	1573.1
Bth_03750	QMW85967.1|CBM51|GH27	100.0	660	0	0	1	660	1	660	0.0e+00	1399.4
Bth_03755	UML62859.1|CE20	100.0	474	0	0	1	474	1	474	8.7e-285	982.6
Bth_03756	AAO78703.1|GH20	100.0	537	0	0	1	537	1	537	0.0e+00	1124.4
Bth_03757	QMW85973.1|GH2	100.0	920	0	0	1	920	1	920	0.0e+00	1896.7
Bth_03766	QMW85982.1|CE0	100.0	392	0	0	1	392	1	392	1.7e-241	838.6
Bth_03779	BCS84357.1|GT2	55.9	460	178	7	2	459	817	1253	4.3e-140	501.9
Bth_03780	AAO78727.1|GT2	100.0	814	0	0	1	814	1	814	0.0e+00	1645.2
Bth_03802	QJE29668.1|GT32	48.6	432	217	3	1	432	246	672	1.1e-105	387.5
Bth_03812	QMW86028.1|CBM32|GH35	100.0	778	0	0	1	778	1	778	0.0e+00	1632.8
Bth_03813	AAO78760.1|GH43_19|3.2.1.55	100.0	323	0	0	1	323	1	323	1.9e-190	668.7
Bth_03814	AAO78761.1|GH43_19|GH43_9	100.0	811	0	0	1	811	1	811	0.0e+00	1729.5
Bth_03815	QMW86031.1|GH51	100.0	825	0	0	1	825	1	825	0.0e+00	1703.7
Bth_03816	QMW86033.1|GH31	100.0	822	0	0	1	822	3	824	0.0e+00	1748.0
Bth_03818	AAO78766.1|GH97|3.2.1.22|3.2.1.88	100.0	647	0	0	1	647	1	647	0.0e+00	1357.8
Bth_03819	AAO78767.1|CBM32|GH43_34|3.2.1.55	100.0	461	0	0	1	461	1	461	1.9e-281	971.5
Bth_03822	QMW86037.1|GH43_10	100.0	453	0	0	1	453	23	475	8.6e-282	972.6
Bth_03823	QMW86038.1|GH97	100.0	638	0	0	1	638	1	638	0.0e+00	1335.5
Bth_03824	AAO78770.1|GH29	100.0	547	0	0	1	547	1	547	0.0e+00	1176.8
Bth_03833	QMW86046.1|GH127	100.0	668	0	0	1	668	1	668	0.0e+00	1401.0
Bth_03834	AAO78780.1|GH43_34|3.2.1.55	100.0	333	0	0	1	333	1	333	2.6e-203	711.4
Bth_03835	ALJ60895.1|GH105	70.7	547	156	1	43	585	383	929	1.3e-245	852.8
Bth_03836	QMW86049.1|GH154	100.0	673	0	0	1	673	1	673	0.0e+00	1400.2
Bth_03842	QMW86054.1|GH16_3|GH43_24	100.0	631	0	0	1	631	1	631	0.0e+00	1359.4
Bth_03843	QQA08199.1|GH43_24	100.0	344	0	0	1	344	1	344	8.1e-211	736.5
Bth_03844	QMW86057.1|PL42	100.0	431	0	0	1	431	1	431	3.2e-262	907.5
Bth_03845	AAO78792.1|GH105|3.2.1.-	100.0	381	0	0	1	381	1	381	2.1e-233	811.6
Bth_03852	AAO78799.1|GT2	100.0	404	0	0	1	404	1	404	3.3e-232	807.7
Bth_03856	QMW86069.1|CBM58|GH13_36	100.0	692	0	0	1	692	1	692	0.0e+00	1431.8
Bth_03861	ALJ44109.1|GH97	100.0	738	0	0	1	738	1	738	0.0e+00	1538.1
Bth_03862	CAZ78747.1|GH13|3.2.1.135	100.0	617	0	0	1	617	1	617	0.0e+00	1281.5
Bth_03919	QUT69469.1|GH18	100.0	367	0	0	1	367	1	367	8.6e-224	779.6
Bth_03942	QMW86143.1|GH92	100.0	753	0	0	1	753	1	753	0.0e+00	1570.8
Bth_03943	QZU80129.1|CBM32|GH38	100.0	1199	0	0	1	1199	1	1199	0.0e+00	2442.9
Bth_03945	QQA08109.1|GT32	100.0	224	0	0	1	224	1	224	1.4e-131	472.6
Bth_03946	QMW86145.1|GT32	100.0	233	0	0	1	233	1	233	8.1e-143	510.0
Bth_03950	AAO78885.1|GH130|3.2.1.197	100.0	383	0	0	1	383	1	383	1.3e-235	818.9
Bth_03951	AAO78886.1|GH125|3.2.1.-	100.0	481	0	0	1	481	1	481	1.1e-290	1002.3
Bth_03952	AAO78887.1|GH76|3.2.1.101	100.0	387	0	0	1	387	1	387	8.5e-238	826.2
Bth_03954	QMW86153.1|GH92	100.0	760	0	0	1	760	1	760	0.0e+00	1602.8
Bth_03961	QMW86161.1|GH76	100.0	525	0	0	1	525	1	525	0.0e+00	1104.7
Bth_03966	EAR02039.1|GH117	54.7	490	215	4	31	517	26	511	4.4e-157	558.5
Bth_03967	QUT41674.1|GH36	100.0	693	0	0	1	693	1	693	0.0e+00	1426.4
Bth_03968	AAO78903.1|GH29	100.0	460	0	0	1	460	1	460	3.4e-286	987.3
Bth_04033	AAO78963.1|GH92|3.2.1.-	100.0	753	0	0	1	753	3	755	0.0e+00	1585.9
Bth_04037	AAO78967.1|GH99|3.2.1.130|3.2.1.198	100.0	382	0	0	1	382	1	382	1.3e-235	818.9
Bth_04042	AAO78973.1|GH20	100.0	661	0	0	1	661	1	661	0.0e+00	1363.6
Bth_04102	ALJ40103.1|CBM50	100.0	290	0	0	1	290	1	290	4.2e-165	584.3
Bth_04131	ALJ40132.1|GH29	100.0	463	0	0	1	463	1	463	2.7e-283	977.6
Bth_04135	UML63205.1|CBM32	99.8	498	1	0	1	498	11	508	3.0e-296	1020.8
Bth_04137	AAO79067.1|GH92|3.2.1.113	100.0	761	0	0	1	761	1	761	0.0e+00	1605.1
Bth_04138	ALJ40139.1|GH92	100.0	779	0	0	1	779	1	779	0.0e+00	1629.0
Bth_04140	QZU87098.1|GH92	100.0	768	0	0	1	768	1	768	0.0e+00	1629.8
Bth_04165	CBK68119.1|GH18	100.0	476	0	0	1	476	1	476	2.2e-272	941.4
Bth_04168	QMW86347.1|GH92	100.0	755	0	0	1	755	1	755	0.0e+00	1597.8
Bth_04170	AAO79096.1|GH92|3.2.1.-	100.0	758	0	0	1	758	1	758	0.0e+00	1596.3
Bth_04173	AAO79099.1|GH92|3.2.1.114|3.2.1.-	100.0	743	0	0	1	743	1	743	0.0e+00	1555.4
Bth_04178	ALJ43784.1|CBM50|GH23	100.0	431	0	0	1	431	1	431	8.0e-253	876.3
Bth_04183	ALJ43779.1|GT19	100.0	378	0	0	1	378	1	378	1.4e-216	755.7
Bth_04219	ALJ43715.1|CBM32	100.0	447	0	0	1	447	1	447	1.4e-265	918.7
Bth_04230	AAO79155.1|GH2	100.0	1342	0	0	1	1342	1	1342	0.0e+00	2781.5
Bth_04252	AAO79177.1|GH38	100.0	849	0	0	1	849	1	849	0.0e+00	1781.5
Bth_04253	QMW86427.1|GH92	100.0	782	0	0	1	782	1	782	0.0e+00	1633.6
Bth_04254	ALJ43679.1|CBM32|GH2	100.0	1027	0	0	1	1027	1	1027	0.0e+00	2124.7
Bth_04256	ALJ43677.1|GH78	99.9	904	1	0	1	904	1	904	0.0e+00	1916.0
Bth_04271	UML63336.1|CE20	100.0	662	0	0	1	662	1	662	0.0e+00	1371.3
Bth_04272	ALJ43660.1|GH92	100.0	757	0	0	1	757	1	757	0.0e+00	1584.7
Bth_04273	QQA07835.1|GH92	100.0	717	0	0	1	717	1	717	0.0e+00	1499.2
Bth_04274	QMW86448.1|GH130	100.0	377	0	0	1	377	1	377	4.9e-230	800.4
Bth_04275	AAO79200.1|GH43_8	100.0	512	0	0	1	512	1	512	0.0e+00	1100.1
Bth_04289	QQA07820.1|GH105	100.0	399	0	0	1	399	1	399	7.6e-242	839.7
Bth_04290	CAW41305.1|CE8	100.0	322	0	0	1	322	1	322	4.7e-173	610.9
Bth_04291	QZU87235.1|CE12|CE8	100.0	577	0	0	1	577	1	577	0.0e+00	1178.7
Bth_04297	QMW86467.1|PL1_2	100.0	497	0	0	1	497	1	497	8.0e-281	969.5
Bth_04298	AAO79221.1|PL1_2|4.2.2.2	100.0	523	0	0	1	523	1	523	1.9e-309	1064.7
Bth_04302	AAO79224.1|PL1_2|4.2.2.2	100.0	559	0	0	1	559	1	559	0.0e+00	1166.8
Bth_04306	ALJ43628.1|GH28	100.0	528	0	0	1	528	1	528	3.1e-291	1004.2
Bth_04315	QMW86484.1|CBM32	100.0	392	0	0	1	392	1	392	6.2e-228	793.5
Bth_04319	AAO79241.1|GH29|3.2.1.51	100.0	605	0	0	1	605	1	605	0.0e+00	1248.4
Bth_04328	AAO79250.1|GH106|3.2.1.174	100.0	914	0	0	1	914	11	924	0.0e+00	1907.1
Bth_04329	QMW86496.1|GH28	100.0	467	0	0	1	467	1	467	5.2e-282	973.4
Bth_04332	AAO79254.1|GH28|3.2.1.173	100.0	352	0	0	1	352	1	352	1.3e-205	719.2
Bth_04333	QMW86499.1|CE12	100.0	412	0	0	1	412	1	412	2.6e-245	851.3
Bth_04334	AAO79256.1|GH2|3.2.1.23	100.0	958	0	0	1	958	1	958	0.0e+00	2013.8
Bth_04336	AAO79257.1|GH42|GH43_18	100.0	986	0	0	1	986	1	986	0.0e+00	2082.0
Bth_04337	QMW89212.1|GH28	100.0	432	0	0	1	432	1	432	2.4e-257	891.3
Bth_04339	UML63397.1|GH28	100.0	459	0	0	1	459	1	459	8.4e-277	956.1
Bth_04340	AAO79261.1|GH2|3.2.1.23	100.0	961	0	0	1	961	1	961	0.0e+00	2036.9
Bth_04341	QMW86504.1|CBM35|GH27	100.0	606	0	0	1	606	1	606	0.0e+00	1268.4
Bth_04343	ALJ47133.1|GH97	56.9	527	218	4	4	527	5	525	4.5e-176	621.7
Bth_04344	AAO79265.1|GH35|3.2.1.23	100.0	698	0	0	1	698	1	698	0.0e+00	1452.2
Bth_04354	ALJ43466.1|PL9_1	100.0	535	0	0	1	535	1	535	0.0e+00	1087.4
Bth_04357	ALJ43463.1|PL26	100.0	1098	0	0	1	1098	1	1098	0.0e+00	2294.6
Bth_04358	AAO79278.1|CE12	100.0	514	0	0	1	514	11	524	5.5e-309	1063.1
Bth_04359	AAO79279.1|GH105|3.2.1.172	100.0	386	0	0	1	386	1	386	1.9e-237	825.1
Bth_04360	ALJ43460.1|PL11_1	100.0	613	0	0	1	613	1	613	0.0e+00	1304.7
Bth_04361	QMW86519.1|GH105	100.0	465	0	0	1	465	1	465	1.4e-279	965.3
Bth_04365	QMW86523.1|CE6	100.0	267	0	0	1	267	1	267	3.5e-158	561.2
Bth_04366	QQA07682.1|GH2	100.0	989	0	0	1	989	1	989	0.0e+00	2039.6
Bth_04368	QMW86526.1|PL9_1	100.0	437	0	0	1	437	1	437	1.2e-264	915.6
Bth_04370	AAO79290.1|GH43_10	100.0	558	0	0	1	558	1	558	0.0e+00	1208.7
Bth_04372	QMW86530.1|GH28	100.0	535	0	0	1	535	4	538	0.0e+00	1109.4
Bth_04390	ALJ43430.1|CE11	100.0	461	0	0	1	461	1	461	3.2e-268	927.5
Bth_04428	ALJ43393.1|GH2	100.0	1124	0	0	1	1124	1	1124	0.0e+00	2354.7
Bth_04430	QUT69942.1|GH109	100.0	467	0	0	1	467	1	467	2.3e-282	974.5
Bth_04431	AAO79349.1|CBM32	100.0	857	0	0	1	857	1	857	0.0e+00	1732.6
Bth_04432	UML63486.1|CBM0	100.0	430	0	0	1	430	1	430	7.2e-246	853.2
Bth_04438	QUT42152.1|GH110	100.0	615	0	0	1	615	1	615	0.0e+00	1276.2
Bth_04439	ALJ43382.1|GH109	100.0	419	0	0	1	419	1	419	8.8e-257	889.4
Bth_04460	UML63509.1|CBM0	100.0	605	0	0	1	605	1	605	0.0e+00	1199.9
Bth_04462	UML63511.1|CBM0	100.0	996	0	0	1	996	1	996	0.0e+00	2025.8
Bth_04471	ALJ43352.1|GT0	100.0	577	0	0	1	577	1	577	0.0e+00	1192.2
Bth_04472	AAO79386.1|GT2	100.0	277	0	0	1	277	1	277	7.6e-156	553.5
Bth_04473	BCA48828.1|GT4	100.0	408	0	0	1	408	1	408	5.6e-232	807.0
Bth_04486	QUT69977.1|CBM0	100.0	612	0	0	1	612	1	612	0.0e+00	1228.0
Bth_04494	QMW86640.1|GH133	100.0	645	0	0	1	645	1	645	0.0e+00	1337.0
Bth_04495	ALJ43326.1|GT4	100.0	424	0	0	1	424	1	424	2.6e-256	887.9
Bth_04496	AAO79410.1|GH57	100.0	437	0	0	1	437	1	437	2.6e-257	891.3
Bth_04498	QQA07575.1|GT5	100.0	278	0	0	1	278	1	278	1.5e-159	565.8
Bth_04528	QMW86672.1|GH20	100.0	809	0	0	1	809	36	844	0.0e+00	1668.7
Bth_04544	CAG7911095.1|GH5_11	40.0	903	491	18	13	877	589	1478	3.7e-188	662.5
Bth_04550	QMW86693.1|GH89	100.0	736	0	0	1	736	9	744	0.0e+00	1523.8
Bth_04583	QMW86727.1|GH20	100.0	546	0	0	1	546	1	546	0.0e+00	1126.3
Bth_04584	QMW86728.1|GH84	100.0	737	0	0	1	737	1	737	0.0e+00	1512.3
Bth_04598	QMW86739.1|GH18	100.0	385	0	0	1	385	4	388	6.5e-230	800.0
Bth_04602	QMW86743.1|PL33_1	100.0	644	0	0	1	644	1	644	0.0e+00	1345.5
Bth_04684	QMW86815.1|GH23	100.0	326	0	0	1	326	8	333	4.7e-189	664.1
Bth_04759	ALJ42947.1|GT2	100.0	316	0	0	1	316	1	316	2.2e-183	645.2
Bth_04768	CCO12112.2|GH13_31	71.6	419	118	1	3	420	4	422	1.9e-169	599.4
Bth_04777	QQA07305.1|GH97	100.0	719	0	0	1	719	1	719	0.0e+00	1494.2
Bth_04793	AXG45674.1|GH6	39.9	695	386	6	159	841	180	854	2.9e-129	466.8
Bth_04829	QMW86943.1|CBM32	100.0	444	0	0	1	444	1	444	1.2e-259	899.0
Bth_04849	UML59351.1|PL15_2	100.0	873	0	0	1	873	1	873	0.0e+00	1814.3
Bth_04854	AAO79762.1|PL12_2|4.2.2.7|4.2.2.8	100.0	666	0	0	1	666	1	666	0.0e+00	1394.4
Bth_04855	QMW86966.1|GH88	100.0	434	0	0	1	434	1	434	8.8e-260	899.4
Bth_04859	ALJ42863.1|PL12_2	100.0	702	0	0	1	702	1	702	0.0e+00	1431.4
Bth_04864	AAO79772.1|GH2|3.2.1.23	100.0	815	0	0	1	815	1	815	0.0e+00	1713.7
Bth_04865	QMW86976.1|GH53	100.0	353	0	0	1	353	1	353	2.3e-213	745.0
Bth_04872	QUT42654.1|PL13	100.0	392	0	0	1	392	1	392	1.8e-235	818.5
Bth_04880	AAO79786.1|GH20	100.0	536	0	0	1	536	1	536	0.0e+00	1107.0
Bth_04881	AAO79787.1|GH95	100.0	812	0	0	1	812	1	812	0.0e+00	1701.8
Bth_04884	QMW86990.1|GH2	100.0	895	0	0	1	895	1	895	0.0e+00	1894.4
Bth_04888	AAO79794.1|GH13_14	100.0	655	0	0	1	655	1	655	0.0e+00	1378.2
Bth_04889	AAO79795.1|GH13_5	100.0	481	0	0	1	481	1	481	2.9e-296	1020.8
Bth_04908	QQA07179.1|GH18	100.0	313	0	0	1	313	1	313	9.1e-190	666.4
Bth_04913	AAO79818.1|GH29	100.0	580	0	0	1	580	1	580	0.0e+00	1222.6
Bth_04914	UML59409.1|GH3	100.0	783	0	0	19	801	1	783	0.0e+00	1555.8
Bth_04950	AXF51455.1|GH23	27.1	1452	805	39	4	1366	1853	3139	8.4e-123	446.0
