#cgcid	PULID	dbCAN-PUL substrate	bitscore	signature pairs	dbCAN-Sub substrate	dbCAN-Sub substrate score
AE015928.1|CGC60	PUL0512	capsule polysaccharide synthesis	1327.4	CAZyme-CAZyme;CAZyme-CAZyme;CAZyme-CAZyme		
AE015928.1|CGC80	PUL0468	host glycan	3617.0	CAZyme-CAZyme;TC-TC;TC-TC;TC-TC	beta-galactan	2.0
AE015928.1|CGC109	PUL0422	host glycan	2921.0	TC-TC;TC-TC;CAZyme-CAZyme		
AE015928.1|CGC67	PUL0472	mucin	1814.0	CAZyme-CAZyme;CAZyme-CAZyme;CAZyme-CAZyme		
AE015928.1|CGC28	PUL0465	mucin	7679.0	TF-TF;STP-STP;TC-TC;TC-TC;CAZyme-CAZyme		
AE015928.1|CGC92	PUL0471	mucin	16468.0	TF-TF;TC-TC;CAZyme-CAZyme;CAZyme-CAZyme;CAZyme-CAZyme;CAZyme-CAZyme;CAZyme-CAZyme;CAZyme-CAZyme;CAZyme-CAZyme;CAZyme-CAZyme;CAZyme-CAZyme	hostglycan	5.0
AE015928.1|CGC72	PUL0325	beta-glucan	7076.0	TC-TC;CAZyme-CAZyme;CAZyme-CAZyme	beta-glucan	2.0
AE015928.1|CGC88	PUL0163	alpha-mannan	5388.0	CAZyme-CAZyme;CAZyme-CAZyme;CAZyme-CAZyme;CAZyme-CAZyme;CAZyme-CAZyme	hostglycan	3.0
AE015928.1|CGC93	PUL0380	mucin	15620.0	TC-TC;TC-TC;CAZyme-CAZyme;CAZyme-CAZyme;CAZyme-CAZyme;CAZyme-CAZyme;CAZyme-CAZyme;CAZyme-CAZyme;STP-STP;TF-TF;CAZyme-CAZyme;CAZyme-CAZyme;CAZyme-CAZyme	hostglycan	3.0
AE015928.1|CGC69	PUL0467	host glycan	8491.0	TF-TF;TC-TC;CAZyme-CAZyme;CAZyme-CAZyme	hostglycan	3.0
AE015928.1|CGC74	PUL0145	glycosaminoglycan	7376.0	TC-TC;TC-TC;TC-TC;CAZyme-CAZyme		
AE015928.1|CGC107	PUL0383	mucin	6347.0	TF-TF;STP-STP;TC-TC;CAZyme-CAZyme		
AE015928.1|CGC108					hostglycan	2.0
AE015928.1|CGC38	PUL0008	fructan	10589.0	TC-TC;CAZyme-CAZyme;CAZyme-CAZyme;CAZyme-CAZyme;TC-TC;TC-TC;CAZyme-CAZyme;CAZyme-CAZyme	fructan	3.0
AE015928.1|CGC75	PUL0145	glycosaminoglycan	7430.0	TC-TC;CAZyme-CAZyme;CAZyme-CAZyme;CAZyme-CAZyme		
AE015928.1|CGC39	PUL0044	arabinoxylan	1571.0	CAZyme-CAZyme;CAZyme-CAZyme;CAZyme-CAZyme;CAZyme-CAZyme;CAZyme-CAZyme	xylan	3.0
AE015928.1|CGC7	PUL0560	arabinogalactan	9197.2	CAZyme-CAZyme;CAZyme-CAZyme;CAZyme-CAZyme;CAZyme-CAZyme;CAZyme-CAZyme;TF-TF		
AE015928.1|CGC34	PUL0467	host glycan	15108.8	TC-TC;CAZyme-CAZyme;TC-TC;CAZyme-CAZyme;CAZyme-CAZyme;CAZyme-CAZyme;TC-TC;CAZyme-CAZyme		
AE015928.1|CGC46	PUL0380	mucin	1997.1	TC-TC;STP-STP;TF-TF;CAZyme-CAZyme;CAZyme-CAZyme;CAZyme-CAZyme	hostglycan	4.0
AE015928.1|CGC71	PUL0375	alpha-mannan	3623.0	CAZyme-CAZyme;TC-TC;CAZyme-CAZyme;CAZyme-CAZyme;TF-TF	beta-galactan,hostglycan	2.0
AE015928.1|CGC81	PUL0420	pectin	5212.0	CAZyme-CAZyme;CAZyme-CAZyme;TC-TC;TC-TC	beta-glucan	2.0
AE015928.1|CGC35	PUL0258	capsule polysaccharide synthesis	6483.0	TC-TC;CAZyme-CAZyme;CAZyme-CAZyme;CAZyme-CAZyme;CAZyme-CAZyme;CAZyme-CAZyme;CAZyme-CAZyme;TC-TC		
AE015928.1|CGC115					starch,sucrose	2.0
AE015928.1|CGC1	PUL0253	capsule polysaccharide synthesis	8520.8	CAZyme-CAZyme;CAZyme-CAZyme;CAZyme-CAZyme;CAZyme-CAZyme;CAZyme-CAZyme;CAZyme-CAZyme;CAZyme-CAZyme;CAZyme-CAZyme;CAZyme-CAZyme;CAZyme-CAZyme;CAZyme-CAZyme;CAZyme-CAZyme		
AE015928.1|CGC22	PUL0530	pectin	37839.6	CAZyme-CAZyme;CAZyme-CAZyme;TF-TF;CAZyme-CAZyme;CAZyme-CAZyme;CAZyme-CAZyme;TC-TC;TF-TF;TF-TF;CAZyme-CAZyme;CAZyme-CAZyme;TC-TC;TF-TF;CAZyme-CAZyme;CAZyme-CAZyme;TC-TC;CAZyme-CAZyme;CAZyme-CAZyme;CAZyme-CAZyme	pectin	6.0
AE015928.1|CGC11	PUL0254	capsule polysaccharide synthesis	5821.0	CAZyme-CAZyme;CAZyme-CAZyme;TC-TC;TC-TC		
AE015928.1|CGC20	PUL0357	host glycan	4384.0	CAZyme-CAZyme;TC-TC		
AE015928.1|CGC57	PUL0354	human milk oligosaccharide	12035.0	CAZyme-CAZyme;TC-TC;CAZyme-CAZyme;CAZyme-CAZyme;TF-TF;CAZyme-CAZyme;CAZyme-CAZyme		
AE015928.1|CGC40	PUL0548	pectin	1059.1	STP-STP;TF-TF;CAZyme-CAZyme		
AE015928.1|CGC86	PUL0204	capsule polysaccharide degradation	9478.0	TC-TC;TC-TC;CAZyme-CAZyme	starch,sucrose	2.0
AE015928.1|CGC63	PUL0164	beta-mannan	1596.0	TC-TC;CAZyme-CAZyme;TC-TC	hostglycan	2.0
AE015928.1|CGC61	PUL0348	host glycan	865.0	CAZyme-CAZyme;TC-TC		
AE015928.1|CGC51					rhamnose	2.0
AE015928.1|CGC58	PUL0555	host glycan	815.9	TF-TF;CAZyme-CAZyme;CAZyme-CAZyme		
AE015928.1|CGC100	PUL0252	mucin	6407.0	CAZyme-CAZyme;TC-TC;CAZyme-CAZyme	hostglycan	4.0
AE015928.1|CGC56	PUL0261	capsule polysaccharide synthesis	11489.099999999999	TC-TC;CAZyme-CAZyme;CAZyme-CAZyme;CAZyme-CAZyme;CAZyme-CAZyme;CAZyme-CAZyme;CAZyme-CAZyme;CAZyme-CAZyme;CAZyme-CAZyme;CAZyme-CAZyme;CAZyme-CAZyme;CAZyme-CAZyme;CAZyme-CAZyme;CAZyme-CAZyme;CAZyme-CAZyme		
AE015928.1|CGC64	PUL0355	human milk oligosaccharide	5199.0	CAZyme-CAZyme;TC-TC		
AE015928.1|CGC102	PUL0382	mucin	10934.0	CAZyme-CAZyme;TC-TC;CAZyme-CAZyme;TC-TC		
AE015928.1|CGC95	PUL0357	host glycan	1916.0	TC-TC;CAZyme-CAZyme		
AE015928.1|CGC10	PUL0228	arabinan	17422.0	CAZyme-CAZyme;CAZyme-CAZyme;TC-TC;TC-TC;TC-TC;TC-TC;TF-TF;CAZyme-CAZyme;CAZyme-CAZyme;CAZyme-CAZyme;CAZyme-CAZyme	arabinan	3.0
AE015928.1|CGC73	PUL0145	glycosaminoglycan	7176.0	CAZyme-CAZyme;TC-TC;TC-TC		
AE015928.1|CGC12	PUL0463	host glycan	5293.0	TC-TC;CAZyme-CAZyme;TC-TC		
AE015928.1|CGC52	PUL0375	alpha-mannan	10797.0	CAZyme-CAZyme;CAZyme-CAZyme;CAZyme-CAZyme;CAZyme-CAZyme;TC-TC	xylan	2.0
AE015928.1|CGC85	PUL0563	arabinogalactan	18849.0	TC-TC;CAZyme-CAZyme;CAZyme-CAZyme;CAZyme-CAZyme;TF-TF;TC-TC;CAZyme-CAZyme;CAZyme-CAZyme;CAZyme-CAZyme;CAZyme-CAZyme;CAZyme-CAZyme;CAZyme-CAZyme	arabinogalactanprotein	3.0
AE015928.1|CGC23	PUL0117	host glycan	29830.0	CAZyme-CAZyme;CAZyme-CAZyme;CAZyme-CAZyme;TC-TC;TC-TC;TC-TC;TC-TC;TC-TC;TC-TC;TC-TC;TC-TC;TC-TC;TC-TC;TC-TC;TC-TC;TC-TC;TC-TC;TC-TC;TC-TC;CAZyme-CAZyme	pectin,hostglycan	4.0
AE015928.1|CGC112	PUL0357	host glycan	2633.0	CAZyme-CAZyme;TC-TC		
AE015928.1|CGC17	PUL0256	capsule polysaccharide synthesis	6337.0	CAZyme-CAZyme;CAZyme-CAZyme;TC-TC;TC-TC		
AE015928.1|CGC13	PUL0464	host glycan	14858.0	TC-TC;CAZyme-CAZyme;CAZyme-CAZyme;CAZyme-CAZyme;CAZyme-CAZyme;CAZyme-CAZyme;CAZyme-CAZyme;CAZyme-CAZyme;CAZyme-CAZyme	hostglycan	4.0
AE015928.1|CGC87	PUL0470	mucin	4080.0	TC-TC;TC-TC;TC-TC;CAZyme-CAZyme		
AE015928.1|CGC97	PUL0472	mucin	9827.0	TC-TC;CAZyme-CAZyme;CAZyme-CAZyme;CAZyme-CAZyme;CAZyme-CAZyme	hostglycan	2.0
AE015928.1|CGC98	PUL0305	pectin	3168.0	CAZyme-CAZyme;CAZyme-CAZyme;CAZyme-CAZyme;CAZyme-CAZyme;CAZyme-CAZyme		
AE015928.1|CGC65	PUL0205	capsule polysaccharide degradation	8599.0	CAZyme-CAZyme;CAZyme-CAZyme;CAZyme-CAZyme;TC-TC;TC-TC		
AE015928.1|CGC99	PUL0305	pectin	16429.0	TC-TC;TC-TC;CAZyme-CAZyme;CAZyme-CAZyme;CAZyme-CAZyme;CAZyme-CAZyme;CAZyme-CAZyme;CAZyme-CAZyme;TC-TC;TF-TF;CAZyme-CAZyme;CAZyme-CAZyme;CAZyme-CAZyme;TC-TC;TC-TC;CAZyme-CAZyme	pectin	2.0
AE015928.1|CGC25	PUL0524	capsule polysaccharide synthesis	3710.0	TC-TC;CAZyme-CAZyme;CAZyme-CAZyme;CAZyme-CAZyme;CAZyme-CAZyme		
AE015928.1|CGC31	PUL0257	capsule polysaccharide synthesis	2518.0	CAZyme-CAZyme;CAZyme-CAZyme		
AE015928.1|CGC14	PUL0255	capsule polysaccharide synthesis	4474.0	CAZyme-CAZyme;TC-TC;TC-TC		
AE015928.1|CGC103					hostglycan	2.0
AE015928.1|CGC89	PUL0163	alpha-mannan	11248.0	CAZyme-CAZyme;CAZyme-CAZyme;CAZyme-CAZyme;CAZyme-CAZyme;CAZyme-CAZyme;CAZyme-CAZyme;TF-TF;TC-TC	alpha-mannan	2.0
AE015928.1|CGC114	PUL0384	glycosaminoglycan	12479.0	CAZyme-CAZyme;CAZyme-CAZyme;CAZyme-CAZyme;TC-TC;TC-TC;CAZyme-CAZyme;CAZyme-CAZyme;TF-TF;TC-TC	hostglycan	3.0
AE015928.1|CGC116	PUL0356	human milk oligosaccharide	3998.0	TC-TC;TC-TC;CAZyme-CAZyme		
AE015928.1|CGC101	PUL0564	pectin	32645.0	TC-TC;TC-TC;TC-TC;CAZyme-CAZyme;CAZyme-CAZyme;CAZyme-CAZyme;CAZyme-CAZyme;CAZyme-CAZyme;CAZyme-CAZyme;CAZyme-CAZyme;TF-TF;TF-TF;CAZyme-CAZyme;CAZyme-CAZyme;CAZyme-CAZyme;CAZyme-CAZyme;TF-TF;TF-TF;CAZyme-CAZyme;CAZyme-CAZyme;CAZyme-CAZyme	pectin	7.0
