CGC1	TC	AAVO02000001.1	Ro_00028	26390	27418	-	3.A.1.2.9
CGC1	TC	AAVO02000001.1	Ro_00029	27507	28514	-	3.A.1.2.15
CGC1	TC	AAVO02000001.1	Ro_00030	28517	29512	-	3.A.1.2.9
CGC1	TC	AAVO02000001.1	Ro_00031	29512	31017	-	3.A.1.2.20
CGC1	CAZyme	AAVO02000001.1	Ro_00032	31264	33672	+	GT4_e2504|GT4
CGC1	CAZyme	AAVO02000001.1	Ro_00033	33685	34434	+	GT2
CGC1	null	AAVO02000001.1	Ro_00034	34471	35619	+	null
CGC1	TF	AAVO02000001.1	Ro_00035	35657	37213	+	HTH_AraC+HTH_AraC
CGC1	TC	AAVO02000001.1	Ro_00036	37210	39066	+	9.B.33.1.4
CGC1	null	AAVO02000001.1	Ro_00037	39135	40553	-	null
CGC1	null	AAVO02000001.1	Ro_00038	40572	41972	-	null
CGC1	TC	AAVO02000001.1	Ro_00039	42210	43325	-	3.A.1.2.18
CGC1	TC	AAVO02000001.1	Ro_00040	43498	44478	-	3.A.1.2.1
CGC1	TC	AAVO02000001.1	Ro_00041	44490	46001	-	3.A.1.2.20
CGC1	TC	AAVO02000001.1	Ro_00042	46022	46999	-	3.A.1.2.16
CGC1	STP	AAVO02000001.1	Ro_00043	47161	48150	-	Peripla_BP_1
CGC1	TC	AAVO02000001.1	Ro_00044	48147	49934	-	9.B.33.1.4
CGC2	CAZyme	AAVO02000001.1	Ro_00093	99579	100880	-	GH32|GH32_e45
CGC2	STP	AAVO02000001.1	Ro_00094	100896	101132	-	PTS-HPr
CGC2	TC	AAVO02000001.1	Ro_00095	101147	102241	-	3.A.1.1.27
CGC2	TC	AAVO02000001.1	Ro_00096	102248	103099	-	3.A.1.1.20
CGC2	TC	AAVO02000001.1	Ro_00097	103071	103970	-	3.A.1.1.20
CGC2	TC	AAVO02000001.1	Ro_00098	103970	105292	-	3.A.1.1.20
CGC2	TF	AAVO02000001.1	Ro_00099	105559	106593	+	LacI
CGC2	TC	AAVO02000001.1	Ro_00100	106702	107442	-	3.A.1.3.20
CGC2	TC	AAVO02000001.1	Ro_00101	107439	108233	-	3.A.1.3.20
CGC2	TC	AAVO02000001.1	Ro_00102	108246	109097	-	3.A.1.3.23
CGC3	TC	AAVO02000001.1	Ro_00133	138948	139616	-	9.B.28.1.2
CGC3	CAZyme	AAVO02000001.1	Ro_00134	139773	140507	-	CE4_e194|CE4
CGC3	TC	AAVO02000001.1	Ro_00135	140653	141279	-	2.A.115.2.14
CGC3	TC	AAVO02000001.1	Ro_00136	141293	142003	-	3.A.1.4.10
CGC3	TC	AAVO02000001.1	Ro_00137	142016	142774	-	3.A.1.4.10
CGC3	TC	AAVO02000001.1	Ro_00138	142777	143844	-	3.A.1.4.10
CGC3	TC	AAVO02000001.1	Ro_00139	143857	144741	-	3.A.1.4.10
CGC4	TC	AAVO02000001.1	Ro_00271	286589	287980	-	2.A.25.1.3
CGC4	null	AAVO02000001.1	Ro_00272	288157	289716	-	null
CGC4	TC	AAVO02000001.1	Ro_00273	289883	290284	-	3.A.2.1.5
CGC4	TC	AAVO02000001.1	Ro_00274	290297	291691	-	3.A.2.1.5
CGC4	TC	AAVO02000001.1	Ro_00275	291714	292571	-	3.A.2.1.5
CGC4	TC	AAVO02000001.1	Ro_00276	292595	294124	-	3.A.2.1.14
CGC4	null	AAVO02000001.1	Ro_00277	294221	294760	-	null
CGC4	null	AAVO02000001.1	Ro_00278	294757	295260	-	null
CGC4	TC	AAVO02000001.1	Ro_00279	295357	295635	-	3.A.2.1.5
CGC4	TC	AAVO02000001.1	Ro_00280	295701	296459	-	3.A.2.1.5
CGC4	null	AAVO02000001.1	Ro_00281	296497	296916	-	null
CGC4	null	AAVO02000001.1	Ro_00282	297009	297272	-	null
CGC4	TC	AAVO02000001.1	Ro_00283	297587	298954	+	2.A.66.1.55
CGC4	CAZyme	AAVO02000001.1	Ro_00284	299003	301006	-	GH42_e0|GH42
CGC4	CAZyme	AAVO02000001.1	Ro_00285	301332	302702	+	GH1_e86|GH1
CGC4	null	AAVO02000001.1	Ro_00286	302772	302990	-	null
CGC4	TC	AAVO02000001.1	Ro_00287	303324	306155	-	9.B.238.3.1
CGC4	null	AAVO02000001.1	Ro_00288	306430	307308	-	null
CGC4	null	AAVO02000001.1	Ro_00289	307382	308002	-	null
CGC4	TC	AAVO02000001.1	Ro_00290	308004	309968	-	3.D.6.1.2
CGC4	null	AAVO02000001.1	Ro_00291	310569	310925	+	null
CGC4	TC	AAVO02000001.1	Ro_00292	310990	312534	-	4.C.1.1.4
CGC1	CAZyme	AAVO02000002.1	Ro_00689	267399	268598	-	GH78|GH78_e0
CGC1	null	AAVO02000002.1	Ro_00690	268787	270136	+	null
CGC1	null	AAVO02000002.1	Ro_00691	270367	271971	+	null
CGC1	CAZyme	AAVO02000002.1	Ro_00692	272097	273788	+	GH13|GH13_e141|GH13_20
CGC1	TC	AAVO02000002.1	Ro_00693	273897	274511	-	2.A.88.6.1
CGC2	TC	AAVO02000002.1	Ro_00712	295052	296071	-	3.A.23.6.1
CGC2	null	AAVO02000002.1	Ro_00713	296281	297099	+	null
CGC2	CAZyme	AAVO02000002.1	Ro_00714	297135	299327	+	GH13_e4|GH13_4
CGC2	TC	AAVO02000002.1	Ro_00715	299400	301952	-	3.A.3.23.2
CGC3	TC	AAVO02000002.1	Ro_00771	356236	358686	+	3.A.7.14.2
CGC3	null	AAVO02000002.1	Ro_00772	358686	361067	+	null
CGC3	CAZyme	AAVO02000002.1	Ro_00773	361064	362068	+	GH23|GH23_e21
CGC3	null	AAVO02000002.1	Ro_00774	362085	362993	+	null
CGC3	TF	AAVO02000002.1	Ro_00775	363162	363827	+	Trans_reg_C
CGC3	TC	AAVO02000002.1	Ro_00776	363824	364960	+	9.B.259.2.2
CGC3	null	AAVO02000002.1	Ro_00777	365074	366471	+	null
CGC3	TC	AAVO02000002.1	Ro_00778	366482	367123	+	3.A.1.122.7
CGC4	TC	AAVO02000002.1	Ro_00842	413789	414340	-	3.A.1.25.3
CGC4	TC	AAVO02000002.1	Ro_00843	414496	415413	-	1.A.23.2.1
CGC4	TC	AAVO02000002.1	Ro_00844	415595	416950	+	3.A.3.1.8
CGC4	TC	AAVO02000002.1	Ro_00845	416967	418406	+	2.A.38.1.1
CGC4	CAZyme	AAVO02000002.1	Ro_00846	418617	420287	-	GH18_e221|GH18
CGC1	CAZyme	AAVO02000005.1	Ro_01349	42996	44420	+	GT4_e426|GT4
CGC1	TC	AAVO02000005.1	Ro_01350	44401	45840	+	2.A.66.6.2
CGC1	null	AAVO02000005.1	Ro_01351	45856	47652	+	null
CGC1	null	AAVO02000005.1	Ro_01352	47639	48385	+	null
CGC1	TC	AAVO02000005.1	Ro_01353	48382	49053	+	9.B.20.4.6
CGC2	CAZyme	AAVO02000005.1	Ro_01368	69514	70944	-	GH13_31|GH13_e122
CGC2	TC	AAVO02000005.1	Ro_01369	70913	71188	-	8.A.9.1.2
CGC2	TC	AAVO02000005.1	Ro_01370	71277	72113	-	9.B.34.1.6
CGC2	null	AAVO02000005.1	Ro_01371	72085	72570	-	null
CGC2	null	AAVO02000005.1	Ro_01372	73077	73577	+	null
CGC2	TC	AAVO02000005.1	Ro_01373	73578	76913	+	2.A.56.1.1
CGC3	TC	AAVO02000005.1	Ro_01410	114939	115844	+	3.A.1.1.20
CGC3	TC	AAVO02000005.1	Ro_01411	115862	116710	+	3.A.1.1.52
CGC3	CAZyme	AAVO02000005.1	Ro_01412	116744	118231	+	GH32|GH32_e71
CGC4	TC	AAVO02000005.1	Ro_01429	132175	132765	+	9.B.104.1.3
CGC4	TC	AAVO02000005.1	Ro_01430	132744	133421	-	9.B.238.3.1
CGC4	null	AAVO02000005.1	Ro_01431	133549	133953	+	null
CGC4	STP	AAVO02000005.1	Ro_01432	133974	134516	+	Sigma70_r2
CGC4	CAZyme	AAVO02000005.1	Ro_01433	134539	135612	-	GT28_e30|GT28
CGC1	TC	AAVO02000007.1	Ro_01669	48161	49453	+	3.A.1.1.53
CGC1	TC	AAVO02000007.1	Ro_01670	49446	50330	+	3.A.1.1.53
CGC1	TC	AAVO02000007.1	Ro_01671	50330	51193	+	3.A.1.1.53
CGC1	CAZyme	AAVO02000007.1	Ro_01672	51225	53423	+	GH36_e0|GH36
CGC1	TC	AAVO02000007.1	Ro_01673	53665	54945	+	3.A.1.1.28
CGC1	TC	AAVO02000007.1	Ro_01674	55013	55912	+	3.A.1.1.52
CGC1	TC	AAVO02000007.1	Ro_01675	55929	56777	+	3.A.1.1.36
CGC2	CAZyme	AAVO02000007.1	Ro_01702	94623	96179	+	CBM50_e811|CBM50
CGC2	null	AAVO02000007.1	Ro_01703	96278	97138	+	null
CGC2	TF	AAVO02000007.1	Ro_01704	97155	97850	+	GntR
CGC2	TC	AAVO02000007.1	Ro_01705	97977	99524	+	9.A.11.1.2
CGC3	CAZyme	AAVO02000007.1	Ro_01715	107874	108977	+	CE9_e44|CE9
CGC3	CAZyme	AAVO02000007.1	Ro_01716	109116	110588	+	CE4_e271|CE4
CGC3	CAZyme	AAVO02000007.1	Ro_01717	110823	112709	+	GH13_e200|CBM48_e2|GH13_9|CBM48
CGC3	null	AAVO02000007.1	Ro_01718	112900	113133	+	null
CGC3	TC	AAVO02000007.1	Ro_01719	113320	114474	+	9.B.10.1.1
CGC3	null	AAVO02000007.1	Ro_01720	114496	115449	+	null
CGC3	null	AAVO02000007.1	Ro_01721	115468	116046	+	null
CGC3	TC	AAVO02000007.1	Ro_01722	116043	119369	+	3.A.11.1.5
CGC1	TC	AAVO02000008.1	Ro_01834	76578	77462	+	3.A.1.1.45
CGC1	TC	AAVO02000008.1	Ro_01835	77462	78319	+	3.A.1.1.45
CGC1	CAZyme	AAVO02000008.1	Ro_01836	78441	79952	+	GH32_e25|GH32
CGC1	null	AAVO02000008.1	Ro_01837	80075	80869	+	null
CGC1	CAZyme	AAVO02000008.1	Ro_01838	80884	82437	+	GH32_e25|GH32
CGC1	TF	AAVO02000008.1	Ro_01839	82509	83591	+	LacI
CGC1	CAZyme	AAVO02000008.1	Ro_01840	83588	85567	+	GH13_e4|GH13_4
CGC1	CAZyme	AAVO02000008.1	Ro_01841	85595	86695	+	GH172|GH172_e0
CGC1	TC	AAVO02000009.1	Ro_01965	101667	102956	+	3.A.1.1.4
CGC1	TC	AAVO02000009.1	Ro_01966	103088	103987	+	3.A.1.1.4
CGC1	TC	AAVO02000009.1	Ro_01967	103980	104807	+	3.A.1.1.4
CGC1	CAZyme	AAVO02000009.1	Ro_01968	104924	107968	+	GH2_e1|GH2
CGC1	CAZyme	AAVO02000009.1	Ro_01969	107980	110004	+	GH42_e20|GH42
CGC1	TC	AAVO02000010.1	Ro_02050	90118	91476	+	2.A.50.2.3
CGC1	null	AAVO02000010.1	Ro_02051	91479	92789	+	null
CGC1	CAZyme	AAVO02000010.1	Ro_02052	92922	94373	+	GH43_35|GH43_e264
CGC1	TC	AAVO02000011.1	Ro_02112	35237	37690	+	3.A.7.14.2
CGC1	null	AAVO02000011.1	Ro_02113	37687	39825	+	null
CGC1	CAZyme	AAVO02000011.1	Ro_02114	39822	40829	+	GH23|GH23_e21
CGC1	null	AAVO02000011.1	Ro_02115	40844	41746	+	null
CGC1	TF	AAVO02000011.1	Ro_02116	41909	42265	-	HTH_3
CGC1	TC	AAVO02000011.1	Ro_02117	42445	43146	+	3.A.1.124.6
CGC1	TC	AAVO02000011.1	Ro_02118	43150	43875	+	3.A.1.124.2
CGC1	TC	AAVO02000011.1	Ro_02119	43882	44613	+	3.A.1.124.6
CGC1	null	AAVO02000011.1	Ro_02120	44606	45421	+	null
CGC1	TF	AAVO02000011.1	Ro_02121	45491	46150	+	Trans_reg_C
CGC1	TC	AAVO02000011.1	Ro_02122	46141	47505	+	9.B.238.3.3
CGC1	CAZyme	AAVO02000012.1	Ro_02218	31177	33441	+	GH13_e200|CBM48_e2|GH13_9|CBM48
CGC1	null	AAVO02000012.1	Ro_02220	33813	35114	+	null
CGC1	TC	AAVO02000012.1	Ro_02221	35177	36274	+	3.A.1.11.1
CGC1	TC	AAVO02000012.1	Ro_02222	36271	37170	+	3.A.1.11.1
CGC1	TC	AAVO02000012.1	Ro_02223	37116	37913	+	3.A.1.11.1
CGC1	TC	AAVO02000012.1	Ro_02224	38043	39074	+	3.A.1.11.1
CGC1	TC	AAVO02000012.1	Ro_02225	39095	40735	+	4.A.2.1.27
CGC2	TC	AAVO02000012.1	Ro_02229	44200	45273	+	3.A.1.11.8
CGC2	TC	AAVO02000012.1	Ro_02230	45263	46078	+	3.A.1.11.8
CGC2	TC	AAVO02000012.1	Ro_02231	46075	47958	+	3.A.1.11.7
CGC2	null	AAVO02000012.1	Ro_02232	48084	48323	+	null
CGC2	CAZyme	AAVO02000012.1	Ro_02233	48388	50637	+	GH95|GH95_e1
CGC2	TF	AAVO02000012.1	Ro_02234	50625	51458	-	HTH_AraC+HTH_AraC
CGC2	CAZyme	AAVO02000012.1	Ro_02235	51651	53813	+	GH112_e0|GH112
CGC2	TF	AAVO02000012.1	Ro_02236	53910	55088	-	HTH_AraC+HTH_AraC
CGC2	TC	AAVO02000012.1	Ro_02237	55113	56897	-	9.B.33.1.1
CGC2	STP	AAVO02000012.1	Ro_02238	57131	58477	+	SBP_bac_1
CGC2	TC	AAVO02000012.1	Ro_02239	58604	59485	+	3.A.1.1.20
CGC2	TC	AAVO02000012.1	Ro_02240	59497	60324	+	3.A.1.1.18
CGC2	CAZyme	AAVO02000012.1	Ro_02241	60355	61701	+	GH29|GH29_e30
CGC2	TC	AAVO02000012.1	Ro_02242	61724	62518	-	3.A.1.17.6
CGC2	TC	AAVO02000012.1	Ro_02243	62511	63278	-	3.A.1.16.1
CGC1	CAZyme	AAVO02000013.1	Ro_02364	80627	81316	+	GT2
CGC1	null	AAVO02000013.1	Ro_02365	81330	81707	+	null
CGC1	CAZyme	AAVO02000013.1	Ro_02366	81708	82832	+	GT4_e381|GT4
CGC1	CAZyme	AAVO02000013.1	Ro_02367	82860	83918	+	GT4|GT4_e825
CGC1	TC	AAVO02000013.1	Ro_02368	83932	85377	+	2.A.66.2.16
CGC1	CAZyme	AAVO02000013.1	Ro_02369	85395	86285	+	GT2
CGC1	CAZyme	AAVO02000013.1	Ro_02370	86311	87390	+	GT4|GT4_e150
CGC1	TC	AAVO02000014.1	Ro_02438	33807	36257	+	3.A.7.14.2
CGC1	null	AAVO02000014.1	Ro_02439	36257	38467	+	null
CGC1	CAZyme	AAVO02000014.1	Ro_02440	38464	39471	+	GH23|GH23_e21
CGC2	TC	AAVO02000014.1	Ro_02457	54629	55258	+	9.B.18.1.1
CGC2	null	AAVO02000014.1	Ro_02458	55621	56076	+	null
CGC2	TC	AAVO02000014.1	Ro_02459	56283	57578	+	9.B.18.2.1
CGC2	null	AAVO02000014.1	Ro_02460	57624	57887	+	null
CGC2	STP	AAVO02000014.1	Ro_02461	57922	59124	+	Aminotran_1_2
CGC2	TC	AAVO02000014.1	Ro_02462	59152	59835	+	9.B.18.1.3
CGC2	CAZyme	AAVO02000014.1	Ro_02463	59845	60597	+	GT2
CGC2	CAZyme	AAVO02000014.1	Ro_02464	60608	61387	+	GT2
CGC3	TC	AAVO02000014.1	Ro_02491	88452	90287	+	3.A.29.1.5
CGC3	null	AAVO02000014.1	Ro_02492	91007	91822	+	null
CGC3	null	AAVO02000014.1	Ro_02493	91914	92429	+	null
CGC3	CAZyme	AAVO02000014.1	Ro_02494	92565	94673	+	GH13_39|CBM34|GH13_e98|CBM34_e11
CGC3	TC	AAVO02000014.1	Ro_02495	94819	95688	+	3.A.1.3.15
CGC3	TC	AAVO02000014.1	Ro_02496	95774	96421	+	3.A.1.3.14
CGC3	TC	AAVO02000014.1	Ro_02497	96433	97203	+	3.A.1.3.6
CGC1	CAZyme	AAVO02000015.1	Ro_02570	64609	66753	-	GH13_11|CBM48_e3|CBM48|GH13_e48
CGC1	TC	AAVO02000015.1	Ro_02571	66823	68073	-	2.A.40.1.1
CGC1	TC	AAVO02000016.1	Ro_02656	63594	64925	+	2.A.79.1.3
CGC1	null	AAVO02000016.1	Ro_02657	65037	66131	+	null
CGC1	TC	AAVO02000016.1	Ro_02658	66522	67796	+	3.A.1.1.45
CGC1	TC	AAVO02000016.1	Ro_02659	67915	68769	+	3.A.1.1.45
CGC1	TC	AAVO02000016.1	Ro_02660	68769	69437	+	3.A.1.1.45
CGC1	TF	AAVO02000016.1	Ro_02661	69707	71236	+	HTH_AraC+HTH_AraC
CGC1	null	AAVO02000016.1	Ro_02662	71220	71531	+	null
CGC1	TC	AAVO02000016.1	Ro_02663	71543	72922	+	9.B.33.1.1
CGC1	TC	AAVO02000016.1	Ro_02664	72912	74609	+	3.A.1.1.9
CGC1	CAZyme	AAVO02000016.1	Ro_02665	74610	76877	-	GT35_e0|GT35
CGC1	TC	AAVO02000017.1	Ro_02711	45003	46457	-	2.A.66.2.16
CGC1	null	AAVO02000017.1	Ro_02712	46624	47790	-	null
CGC1	CAZyme	AAVO02000017.1	Ro_02713	47787	48794	-	GT2
CGC1	CAZyme	AAVO02000017.1	Ro_02714	48820	49833	-	GT2
CGC1	CAZyme	AAVO02000017.1	Ro_02715	49856	50572	-	GT2
CGC1	null	AAVO02000017.1	Ro_02716	50580	51080	-	null
CGC1	null	AAVO02000017.1	Ro_02717	51098	51547	-	null
CGC1	TC	AAVO02000017.1	Ro_02718	51651	52517	-	9.B.18.1.2
CGC2	TC	AAVO02000017.1	Ro_02726	60819	62507	-	3.D.1.6.2
CGC2	TC	AAVO02000017.1	Ro_02727	62523	64394	-	3.D.1.5.1
CGC2	TC	AAVO02000017.1	Ro_02728	64391	64870	-	3.D.1.5.1
CGC2	STP	AAVO02000017.1	Ro_02729	65303	66808	+	Fer4+Fer4
CGC2	CAZyme	AAVO02000017.1	Ro_02730	66847	67656	-	GH73_e230|GH73
CGC1	CAZyme	AAVO02000019.1	Ro_02821	24841	26487	-	GH43_11|CBM91|GH43_e1|CBM91_e3
CGC1	CAZyme	AAVO02000019.1	Ro_02822	26525	27691	-	GH5_e69|GH5_44
CGC1	TC	AAVO02000019.1	Ro_02823	27733	29097	-	2.A.2.3.3
CGC1	TF	AAVO02000019.1	Ro_02824	29311	30162	+	HTH_AraC
CGC1	TF	AAVO02000019.1	Ro_02825	30229	31125	-	HTH_AraC+HTH_AraC
CGC1	TC	AAVO02000019.1	Ro_02826	31311	32651	+	2.A.66.1.33
CGC1	TC	AAVO02000020.1	Ro_02874	25704	26555	-	3.A.1.149.2
CGC1	TF	AAVO02000020.1	Ro_02875	26549	26929	-	GntR
CGC1	null	AAVO02000020.1	Ro_02876	27119	27676	-	null
CGC1	CAZyme	AAVO02000020.1	Ro_02877	27636	29525	-	GH13_11|CBM48|GH13_e138
CGC1	TC	AAVO02000022.1	Ro_03009	26117	27352	-	3.A.1.122.2
CGC1	null	AAVO02000022.1	Ro_03010	27352	29148	-	null
CGC1	TC	AAVO02000022.1	Ro_03011	29148	29858	-	3.A.1.122.7
CGC1	null	AAVO02000022.1	Ro_03012	29935	31326	-	null
CGC1	null	AAVO02000022.1	Ro_03013	31663	33375	+	null
CGC1	TC	AAVO02000022.1	Ro_03014	33655	34317	-	3.A.1.24.5
CGC1	TC	AAVO02000022.1	Ro_03015	34307	35317	-	3.A.1.24.2
CGC1	TC	AAVO02000022.1	Ro_03016	35385	36299	-	3.A.1.24.5
CGC1	null	AAVO02000022.1	Ro_03017	36521	36661	-	null
CGC1	null	AAVO02000022.1	Ro_03018	36932	38029	+	null
CGC1	CAZyme	AAVO02000022.1	Ro_03019	38090	40525	-	GH94|GH94_e12
CGC1	TF	AAVO02000022.1	Ro_03020	40962	41975	+	LacI
CGC1	null	AAVO02000022.1	Ro_03021	42034	43362	+	null
CGC1	TC	AAVO02000022.1	Ro_03022	43458	44372	+	3.A.1.1.4
CGC1	TC	AAVO02000022.1	Ro_03023	44378	45241	+	3.A.1.1.34
CGC1	TC	AAVO02000023.1	Ro_03064	25565	26371	+	3.A.1.104.1
CGC1	TC	AAVO02000023.1	Ro_03065	26384	27637	+	3.A.1.103.6
CGC1	null	AAVO02000023.1	Ro_03066	27637	29820	+	null
CGC1	CAZyme	AAVO02000023.1	Ro_03067	29831	32257	+	GT2
CGC1	CAZyme	AAVO02000023.1	Ro_03068	32281	34734	+	GT2
CGC1	null	AAVO02000023.1	Ro_03069	34746	35603	+	null
CGC1	null	AAVO02000023.1	Ro_03070	35690	36943	-	null
CGC1	CAZyme	AAVO02000023.1	Ro_03071	37124	38995	+	GT2
CGC1	CAZyme	AAVO02000023.1	Ro_03072	39004	39957	+	GT2
CGC1	TC	AAVO02000023.1	Ro_03073	40124	41527	+	9.B.18.1.1
CGC1	null	AAVO02000023.1	Ro_03074	41545	43059	+	null
CGC1	CAZyme	AAVO02000023.1	Ro_03075	43159	44082	+	GT2
CGC1	TC	AAVO02000025.1	Ro_03144	1	1011	+	3.A.1.2.9
CGC1	null	AAVO02000025.1	Ro_03145	1116	1427	+	null
CGC1	CAZyme	AAVO02000025.1	Ro_03146	1587	2453	+	GH77|GH77_e1
CGC1	CAZyme	AAVO02000025.1	Ro_03147	2407	3087	+	GH77|GH77_e1
CGC1	null	AAVO02000025.1	Ro_03148	3220	4659	+	null
CGC1	TC	AAVO02000025.1	Ro_03149	4705	5469	+	2.A.79.1.4
CGC1	null	AAVO02000025.1	Ro_03150	5466	5906	+	null
CGC1	CAZyme	AAVO02000025.1	Ro_03151	5959	7743	-	GH13_e200|CBM48_e2|GH13_9|CBM48
CGC2	CAZyme	AAVO02000025.1	Ro_03182	41238	43913	+	GT51_e43|GT51
CGC2	null	AAVO02000025.1	Ro_03183	43977	44633	+	null
CGC2	TC	AAVO02000025.1	Ro_03184	44737	45261	-	3.D.1.8.1
CGC1	TC	AAVO02000026.1	Ro_03206	14380	17160	-	3.A.7.13.1
CGC1	null	AAVO02000026.1	Ro_03207	17606	18424	-	null
CGC1	CAZyme	AAVO02000026.1	Ro_03208	18408	20495	-	GH23|GH23_e843
