CGC1	CAZyme	AAVN02000001.1	Ca_00121	139489	141030	-	GH32|GH32_e76
CGC1	TC	AAVN02000001.1	Ca_00122	141137	142537	-	4.A.1.2.9
CGC2	TC	AAVN02000001.1	Ca_00128	147237	148781	-	2.A.66.6.2
CGC2	CAZyme	AAVN02000001.1	Ca_00129	148785	150212	-	GT4_e426|GT4
CGC3	CAZyme	AAVN02000001.1	Ca_00141	163916	164857	-	GT2
CGC3	null	AAVN02000001.1	Ca_00142	164854	166095	-	null
CGC3	null	AAVN02000001.1	Ca_00143	166088	167182	-	null
CGC3	CAZyme	AAVN02000001.1	Ca_00144	167185	168192	-	GT2
CGC3	CAZyme	AAVN02000001.1	Ca_00145	168211	169224	-	GT32_e110|GT32
CGC3	CAZyme	AAVN02000001.1	Ca_00146	169217	170500	-	GT4_e760|GT4
CGC3	CAZyme	AAVN02000001.1	Ca_00147	170497	171621	-	GT4|GT4_e224
CGC3	TC	AAVN02000001.1	Ca_00148	171622	172341	-	9.B.18.1.2
CGC4	CAZyme	AAVN02000001.1	Ca_00312	329917	331032	-	GT28_e115|GT28
CGC4	TC	AAVN02000001.1	Ca_00313	331022	332515	-	2.A.103.1.3
CGC4	null	AAVN02000001.1	Ca_00314	332551	333957	-	null
CGC4	TC	AAVN02000001.1	Ca_00315	333967	334986	-	9.B.146.1.6
CGC5	TC	AAVN02000001.1	Ca_00332	358595	360043	-	4.A.1.2.14
CGC5	CAZyme	AAVN02000001.1	Ca_00333	360075	361505	-	GH1_e85|GH1
CGC5	null	AAVN02000001.1	Ca_00334	361628	362608	-	null
CGC5	TC	AAVN02000001.1	Ca_00335	363192	363734	+	8.A.145.1.5
CGC5	null	AAVN02000001.1	Ca_00336	363731	364312	+	null
CGC5	null	AAVN02000001.1	Ca_00337	364414	365415	+	null
CGC5	CAZyme	AAVN02000001.1	Ca_00338	365788	366819	-	GT2
CGC1	CAZyme	AAVN02000002.1	Ca_00753	328833	330071	-	GH105_e32|GH105
CGC1	null	AAVN02000002.1	Ca_00754	330179	330847	-	null
CGC1	CAZyme	AAVN02000002.1	Ca_00755	330895	331881	-	CE19_e1|CE19|CE8
CGC1	CAZyme	AAVN02000002.1	Ca_00756	331841	333085	-	CE8_e51|CE8
CGC1	TC	AAVN02000002.1	Ca_00757	333082	333891	-	4.C.3.1.11
CGC1	CAZyme	AAVN02000002.1	Ca_00758	333996	335591	-	GH28|GH28_e123
CGC1	TC	AAVN02000002.1	Ca_00759	335707	337266	-	2.A.2.5.1
CGC1	CAZyme	AAVN02000003.1	Ca_00808	12042	13463	-	GH1_e65|GH1
CGC1	TC	AAVN02000003.1	Ca_00809	13539	15317	-	4.A.3.1.1
CGC1	TF	AAVN02000003.1	Ca_00810	15593	16603	+	LacI
CGC1	TC	AAVN02000003.1	Ca_00811	16857	18617	-	4.A.3.1.1
CGC1	CAZyme	AAVN02000003.1	Ca_00812	18794	20236	-	GH1_e65|GH1
CGC1	TF	AAVN02000003.1	Ca_00813	20578	21615	+	LacI
CGC1	CAZyme	AAVN02000003.1	Ca_00814	21877	23316	-	GH1_e65|GH1
CGC1	TC	AAVN02000003.1	Ca_00815	23387	25162	-	4.A.3.1.1
CGC1	TF	AAVN02000003.1	Ca_00816	25520	26524	+	LacI
CGC1	TC	AAVN02000003.1	Ca_00817	26739	27077	+	4.A.3.1.2
CGC2	CAZyme	AAVN02000003.1	Ca_00848	64293	65675	+	GH32|GH32_e121
CGC2	TC	AAVN02000003.1	Ca_00849	65721	67172	+	4.A.1.2.8
CGC2	CAZyme	AAVN02000003.1	Ca_00850	67274	68716	+	GH32|GH32_e76
CGC3	TC	AAVN02000003.1	Ca_00966	195935	196642	+	1.C.82.1.1
CGC3	null	AAVN02000003.1	Ca_00967	196930	197640	-	null
CGC3	null	AAVN02000003.1	Ca_00968	197637	199553	-	null
CGC3	TC	AAVN02000003.1	Ca_00969	199647	200414	-	1.A.23.4.1
CGC3	null	AAVN02000003.1	Ca_00970	200544	202568	-	null
CGC3	TC	AAVN02000003.1	Ca_00971	202727	203521	-	3.A.1.34.1
CGC3	TC	AAVN02000003.1	Ca_00972	203514	204437	-	3.A.1.34.1
CGC3	TC	AAVN02000003.1	Ca_00973	204641	205621	-	3.A.1.34.1
CGC3	TF	AAVN02000003.1	Ca_00974	205782	206567	-	HTH_11
CGC3	null	AAVN02000003.1	Ca_00975	206826	208229	-	null
CGC3	TC	AAVN02000003.1	Ca_00976	208411	208974	-	4.A.1.2.6
CGC3	null	AAVN02000003.1	Ca_00977	209219	210121	+	null
CGC3	TC	AAVN02000003.1	Ca_00978	210308	212668	+	9.A.8.1.6
CGC3	TC	AAVN02000003.1	Ca_00979	212790	213986	+	2.A.1.2.18
CGC3	CAZyme	AAVN02000003.1	Ca_00980	214140	215516	+	GH13|GH13_e141|GH13_20
CGC1	TC	AAVN02000005.1	Ca_01264	72871	74301	+	4.A.1.2.17
CGC1	CAZyme	AAVN02000005.1	Ca_01265	74419	75471	+	GH170|GH170_e27
CGC2	TC	AAVN02000005.1	Ca_01284	93064	95406	-	3.A.3.5.15
CGC2	TC	AAVN02000005.1	Ca_01285	95967	98216	+	1.I.1.1.3
CGC2	null	AAVN02000005.1	Ca_01286	99044	99232	-	null
CGC2	STP	AAVN02000005.1	Ca_01287	99392	99634	+	Fer4+Fer4
CGC2	TC	AAVN02000005.1	Ca_01288	99977	100489	+	4.A.1.2.5
CGC2	null	AAVN02000005.1	Ca_01289	100508	101362	+	null
CGC2	TC	AAVN02000005.1	Ca_01290	101462	103078	+	4.A.1.1.18
CGC2	CAZyme	AAVN02000005.1	Ca_01291	103082	104464	+	GH4|GH4_e4
CGC2	TC	AAVN02000005.1	Ca_01292	104721	106553	+	3.D.1.5.1
CGC2	TC	AAVN02000005.1	Ca_01293	106547	108358	+	3.D.1.2.1
CGC2	null	AAVN02000005.1	Ca_01294	108361	109416	+	null
CGC2	TC	AAVN02000005.1	Ca_01295	109420	110796	+	3.A.1.17.10
CGC1	TC	AAVN02000008.1	Ca_01648	2865	4127	-	2.A.55.3.6
CGC1	TC	AAVN02000008.1	Ca_01649	4136	5980	-	1.A.26.1.6
CGC1	null	AAVN02000008.1	Ca_01650	6019	6279	+	null
CGC1	null	AAVN02000008.1	Ca_01651	6317	7450	-	null
CGC1	CAZyme	AAVN02000008.1	Ca_01652	7752	9158	-	CE4|CE4_e338
CGC2	TC	AAVN02000008.1	Ca_01692	57998	59560	+	4.A.1.1.16
CGC2	null	AAVN02000008.1	Ca_01693	59599	59868	+	null
CGC2	CAZyme	AAVN02000008.1	Ca_01694	59888	61216	+	GH4|GH4_e4
CGC1	TC	AAVN02000009.1	Ca_01763	13241	15130	+	2.A.114.1.5
CGC1	null	AAVN02000009.1	Ca_01764	15314	17485	+	null
CGC1	null	AAVN02000009.1	Ca_01766	17937	18842	-	null
CGC1	TC	AAVN02000009.1	Ca_01767	18981	19994	-	5.B.14.1.1
CGC1	TC	AAVN02000009.1	Ca_01768	20120	22570	-	4.A.1.1.8
CGC1	TF	AAVN02000009.1	Ca_01769	22800	23138	+	GntR
CGC1	null	AAVN02000009.1	Ca_01770	23184	23519	+	null
CGC1	TC	AAVN02000009.1	Ca_01771	23826	25142	+	3.A.1.1.45
CGC1	TC	AAVN02000009.1	Ca_01772	25230	26084	+	3.A.1.1.45
CGC1	TC	AAVN02000009.1	Ca_01773	26084	26923	+	3.A.1.1.45
CGC1	TC	AAVN02000009.1	Ca_01774	26992	28191	+	3.A.1.1.22
CGC1	CAZyme	AAVN02000009.1	Ca_01775	28649	30916	-	GT35_e0|GT35
CGC1	CAZyme	AAVN02000009.1	Ca_01776	31045	32550	-	GH77|GH77_e1
CGC1	CAZyme	AAVN02000011.1	Ca_01931	1355	2323	-	GT2|GT81
CGC1	TC	AAVN02000011.1	Ca_01932	2484	3329	+	3.A.1.103.6
CGC1	TC	AAVN02000011.1	Ca_01933	3341	4108	+	3.A.1.103.1
CGC1	CAZyme	AAVN02000012.1	Ca_02025	19661	20587	-	CE7|CE7_e2
CGC1	TC	AAVN02000012.1	Ca_02026	20719	21546	-	3.A.1.5.27
CGC1	TC	AAVN02000012.1	Ca_02027	21547	23562	-	3.A.1.5.25
CGC1	TC	AAVN02000012.1	Ca_02028	23566	24522	-	3.A.1.5.38
CGC1	TC	AAVN02000012.1	Ca_02029	24680	26293	-	3.A.1.5.27
CGC1	null	AAVN02000012.1	Ca_02030	26659	28599	-	null
CGC1	TC	AAVN02000012.1	Ca_02031	28606	30288	-	2.A.66.4.4
CGC1	null	AAVN02000012.1	Ca_02032	30292	30792	-	null
CGC1	null	AAVN02000012.1	Ca_02033	30925	33804	-	null
CGC1	TC	AAVN02000012.1	Ca_02034	33998	36151	+	9.B.261.1.2
CGC1	TC	AAVN02000012.1	Ca_02035	36297	37127	+	3.A.1.132.3
CGC1	CAZyme	AAVN02000015.1	Ca_02129	18886	20682	+	GH35_e23|GH35
CGC1	TC	AAVN02000015.1	Ca_02130	20685	21149	+	4.A.6.1.18
CGC1	TC	AAVN02000015.1	Ca_02131	21243	22130	+	4.A.6.1.18
CGC1	TC	AAVN02000015.1	Ca_02132	22120	22959	+	4.A.6.1.18
CGC1	null	AAVN02000015.1	Ca_02133	23148	23771	+	null
CGC1	TC	AAVN02000015.1	Ca_02134	23853	24281	+	4.A.6.1.15
CGC1	TF	AAVN02000015.1	Ca_02135	24369	25103	+	GntR
CGC1	STP	AAVN02000015.1	Ca_02136	25215	26381	+	SIS+SIS
CGC1	CAZyme	AAVN02000015.1	Ca_02137	26500	27669	+	CE9|CE9_e85
CGC1	CAZyme	AAVN02000016.1	Ca_02158	17788	19206	-	GH1_e85|GH1
CGC1	TC	AAVN02000016.1	Ca_02159	19353	20801	-	4.A.1.2.15
