Gene ID	CAZy ID	% Identical	Length	Mismatches	Gap Open	Gene Start	Gene End	CAZy Start	CAZy End	E Value	Bit Score
Ca_00001	CAI32746.2|GT4	56.1	419	159	3	1	419	1	394	1.1e-126	457.2
Ca_00007	QIA34706.1|CBM48|GH13_9	99.6	686	3	0	1	686	5	690	0.0e+00	1460.7
Ca_00008	QIA33256.1|GT35	100.0	808	0	0	1	808	1	808	0.0e+00	1632.5
Ca_00009	QWI77036.1|CBM48|GH13_9	55.9	333	146	1	2	334	631	962	4.8e-108	395.2
Ca_00011	QIA34705.1|GT5	100.0	488	0	0	8	495	1	488	7.0e-289	996.9
Ca_00012	QIA33253.1|GH13_39|GH77	100.0	1098	0	0	1	1098	1	1098	0.0e+00	2325.8
Ca_00079	QIA33195.1|GT2	100.0	431	0	0	1	431	1	431	6.5e-247	856.7
Ca_00114	AGL64345.2|GT2	53.0	574	265	2	332	900	282	855	3.1e-166	589.7
Ca_00117	AMJ20771.1|GH13_26	44.4	892	411	16	14	857	5	859	8.8e-203	711.1
Ca_00121	QIA33159.1|GH32	100.0	513	0	0	1	513	1	513	0.0e+00	1083.9
Ca_00129	QIA33154.1|GT4	100.0	475	0	0	1	475	1	475	3.0e-285	984.2
Ca_00141	QIA33142.1|GT2	100.0	313	0	0	1	313	1	313	1.6e-181	639.0
Ca_00144	QIA33139.1|GT2	100.0	335	0	0	1	335	1	335	2.2e-186	655.2
Ca_00145	QIA33138.1|GT32	100.0	337	0	0	1	337	1	337	4.8e-205	717.2
Ca_00146	QIA33137.1|GT4	100.0	427	0	0	1	427	1	427	3.0e-252	874.4
Ca_00147	QIA33136.1|GT4	100.0	374	0	0	1	374	1	374	2.1e-217	758.4
Ca_00150	CAN65674.1|GH28	44.4	545	273	9	22	559	109	630	1.8e-135	486.9
Ca_00159	CAG7911095.1|GH5_11	35.8	930	525	17	3	894	579	1474	4.0e-166	589.3
Ca_00312	QIA32991.1|GT28	100.0	371	0	0	1	371	1	371	1.1e-207	726.1
Ca_00333	QIA32972.1|GH1	100.0	476	0	0	1	476	1	476	2.3e-293	1011.1
Ca_00338	QIA32967.1|GT2	100.0	343	0	0	1	343	1	343	1.6e-200	702.2
Ca_00440	QIA32881.1|GH13_30	100.0	577	0	0	1	577	1	577	0.0e+00	1213.0
Ca_00560	AHC21644.2|GH1	55.9	522	218	8	4	525	8	517	2.2e-159	566.2
Ca_00638	BDF51604.1|GH73	91.7	515	42	1	1	515	1	514	1.0e-210	736.9
Ca_00753	QIA34435.1|GH105	100.0	412	0	0	1	412	1	412	1.6e-255	885.2
Ca_00755	QIA34433.1|CE8	100.0	317	0	0	12	328	413	729	2.8e-189	664.8
Ca_00756	QIA34433.1|CE8	100.0	413	0	0	1	413	1	413	4.6e-250	867.1
Ca_00758	QIA34431.1|GH28	100.0	531	0	0	1	531	1	531	0.0e+00	1109.0
Ca_00769	ALR08738.2|GT83	43.3	584	322	5	12	590	1	580	6.0e-134	481.9
Ca_00808	QIA34772.1|GH1	100.0	469	0	0	5	473	1	469	5.1e-293	1010.0
Ca_00812	QIA33913.1|GH1	100.0	480	0	0	1	480	1	480	6.7e-293	1009.6
Ca_00814	QIA33912.1|GH1	100.0	479	0	0	1	479	1	479	2.0e-297	1024.6
Ca_00848	QIA33882.1|GH32	100.0	460	0	0	1	460	1	460	6.7e-282	973.0
Ca_00850	UBS35995.1|GH32	98.5	480	7	0	1	480	1	480	1.5e-292	1008.4
Ca_00914	QYO62262.1|GH13	61.0	341	131	2	1	340	1	340	5.6e-110	402.1
Ca_00942	AGL63717.2|GT4	48.8	647	313	9	187	832	107	736	1.2e-165	587.8
Ca_00980	QIA33772.1|GH13	100.0	458	0	0	1	458	1	458	1.6e-280	968.4
Ca_00988	CCO12868.2|GH1	46.4	1308	535	18	5	1266	3	1190	0.0e+00	1100.9
Ca_00993	CAD7226128.1|GH38	36.1	712	394	15	12	684	1345	2034	1.1e-107	394.8
Ca_01049	CCO12633.2|GH84	43.4	535	287	9	1	532	1	522	3.3e-123	446.0
Ca_01051	QIA34389.1|GH5	100.0	353	0	0	1	353	1	353	2.7e-206	721.5
Ca_01068	QBQ55251.1|CBM50	38.2	904	484	16	8	877	25	887	8.5e-140	501.9
Ca_01129	AMJ18631.1|GT2	44.5	1187	615	16	6	1172	2	1164	2.0e-277	959.5
Ca_01165	AGL63717.2|GT4	47.8	680	281	8	161	838	107	714	1.4e-163	580.9
Ca_01236	QIA33680.1|GT51	100.0	654	0	0	1	654	1	654	0.0e+00	1295.0
Ca_01265	QIA33651.1|GH170	100.0	350	0	0	1	350	1	350	8.3e-200	699.9
Ca_01291	QIA33630.1|GH4	100.0	460	0	0	1	460	1	460	4.6e-275	950.3
Ca_01311	AWZ17133.1|GH13_30	33.8	1265	674	24	3	1228	406	1545	2.7e-200	703.4
Ca_01506	QIA33439.1|GT2	100.0	339	0	0	1	339	1	339	1.0e-202	709.5
Ca_01507	QIA33438.1|GT2	100.0	367	0	0	1	367	1	367	7.3e-215	750.0
Ca_01508	QIA33437.1|GT2	100.0	346	0	0	1	346	1	346	6.7e-194	680.2
Ca_01509	QIA33436.1|GT2	100.0	372	0	0	1	372	1	372	5.1e-224	780.4
Ca_01510	QIA33435.1|GT2	100.0	355	0	0	1	355	1	355	3.0e-205	718.0
Ca_01511	QIA33434.1|GT2	100.0	828	0	0	1	828	1	828	0.0e+00	1692.9
Ca_01634	CAD7245033.1|GT58	62.0	489	166	5	12	484	1043	1527	3.4e-159	565.5
Ca_01652	QIA34238.1|CE4	100.0	468	0	0	1	468	1	468	8.6e-261	902.9
Ca_01694	QIA34203.1|GH4	100.0	442	0	0	1	442	1	442	4.3e-262	907.1
Ca_01775	QIA34016.1|GT35	100.0	755	0	0	1	755	1	755	0.0e+00	1505.0
Ca_01776	QIA34781.1|GH77	100.0	501	0	0	1	501	1	501	1.6e-308	1061.6
Ca_01804	CCO12112.2|GH13_31	62.4	434	156	4	1	429	1	432	6.5e-146	521.2
Ca_01857	CAE6204650.1|GH28	51.0	598	286	4	19	610	747	1343	8.6e-168	594.3
Ca_01869	CAD7252417.1|GH13	40.5	603	336	10	130	716	345	940	8.4e-109	398.7
Ca_01871	AGL63871.2|GT2	47.2	489	232	5	427	911	528	994	4.7e-109	399.8
Ca_01890	UBS35473.1|GT28	98.4	433	7	0	1	433	1	433	4.1e-249	864.0
Ca_01931	QIA33395.1|GT2	100.0	322	0	0	1	322	1	322	6.3e-186	653.7
Ca_01976	CAG7883609.1|GT1	49.6	907	415	13	5	907	171	1039	1.6e-226	790.0
Ca_01993	AGL64353.2|CBM50|GH25	45.6	568	304	5	5	569	1	566	1.5e-142	510.4
Ca_02025	QIA32853.1|CE7	100.0	308	0	0	1	308	18	325	6.6e-185	650.2
Ca_02039	QIA32839.1|GH23	100.0	193	0	0	1	193	1	193	4.9e-109	397.5
Ca_02088	QIA33416.1|GH25	83.5	976	2	1	136	952	1	976	0.0e+00	1308.5
Ca_02094	QIA34732.1|GT8	100.0	325	0	0	1	325	1	325	3.3e-195	684.5
Ca_02095	QIA33409.1|GT2	100.0	308	0	0	1	308	1	308	4.4e-181	637.5
Ca_02097	QIA33407.1|GT2	100.0	230	0	0	1	230	2	231	3.6e-127	458.0
Ca_02098	QIA33405.1|GT2	100.0	264	0	0	1	264	1	264	4.1e-151	537.7
Ca_02100	QIA33403.1|GT4	100.0	758	0	0	1	758	1	758	0.0e+00	1572.8
Ca_02129	QIA33938.1|GH35	100.0	598	0	0	1	598	1	598	0.0e+00	1274.2
Ca_02137	QIA33930.1|CE9	100.0	389	0	0	1	389	1	389	5.4e-232	807.0
Ca_02158	QIA34816.1|GH1	100.0	472	0	0	1	472	2	473	6.8e-290	999.6
