CGC1	TC	CP000140.1	Pd_00031	29531	30991	+	2.A.66.2.2
CGC1	null	CP000140.1	Pd_00032	30993	31712	+	null
CGC1	CAZyme	CP000140.1	Pd_00033	31709	32803	+	GT4|GT4_e450
CGC1	CAZyme	CP000140.1	Pd_00034	32800	33960	+	GT4|GT4_e2430
CGC2	CAZyme	CP000140.1	Pd_00050	48324	50039	-	GH20_e110|GH20
CGC2	TC	CP000140.1	Pd_00051	50122	51786	+	4.C.1.1.7
CGC3	CAZyme	CP000140.1	Pd_00057	57301	58722	-	CE20_e40|CE20
CGC3	null	CP000140.1	Pd_00058	58804	60003	-	null
CGC3	TC	CP000140.1	Pd_00059	59996	61387	-	2.A.2.3.6
CGC3	CAZyme	CP000140.1	Pd_00060	61406	62578	-	GH130_e6|GH130
CGC3	CAZyme	CP000140.1	Pd_00061	62679	63785	-	GH26|GH26_e61
CGC4	TC	CP000140.1	Pd_00088	91210	92988	-	8.A.46.1.3
CGC4	TC	CP000140.1	Pd_00089	93001	96234	-	1.B.14.6.17
CGC4	TF	CP000140.1	Pd_00090	96599	97477	-	HTH_AraC+HTH_AraC
CGC4	CAZyme	CP000140.1	Pd_00091	97496	99694	-	GH36_e24|GH36
CGC5	TC	CP000140.1	Pd_00180	184154	184720	-	2.A.107.1.2
CGC5	STP	CP000140.1	Pd_00181	184722	185243	-	Nitroreductase+Nitroreductase
CGC5	CAZyme	CP000140.1	Pd_00182	185240	186190	-	GT2
CGC5	null	CP000140.1	Pd_00183	186212	186742	-	null
CGC5	null	CP000140.1	Pd_00185	187131	187253	+	null
CGC5	TC	CP000140.1	Pd_00186	187288	188334	-	9.B.245.1.1
CGC6	TC	CP000140.1	Pd_00214	210426	212159	-	9.B.174.1.3
CGC6	null	CP000140.1	Pd_00215	212173	212607	-	null
CGC6	null	CP000140.1	Pd_00216	212688	214739	-	null
CGC6	CAZyme	CP000140.1	Pd_00217	215194	217128	+	GH133_e1|GH133
CGC6	CAZyme	CP000140.1	Pd_00218	217143	218411	+	GT4|GT4_e602
CGC6	CAZyme	CP000140.1	Pd_00219	218447	219739	+	GH57|GH57_e10
CGC6	null	CP000140.1	Pd_00220	219879	221255	-	null
CGC6	CAZyme	CP000140.1	Pd_00221	221267	222091	-	GT5_e28|GT5
CGC6	null	CP000140.1	Pd_00222	222192	223031	+	null
CGC6	null	CP000140.1	Pd_00223	223045	223395	+	null
CGC6	TC	CP000140.1	Pd_00224	223494	224816	+	2.A.66.1.45
CGC6	TF	CP000140.1	Pd_00225	224915	225343	+	FUR
CGC6	TC	CP000140.1	Pd_00226	225433	227343	+	3.A.3.6.10
CGC6	TC	CP000140.1	Pd_00227	227445	228782	+	3.A.5.1.1
CGC7	CAZyme	CP000140.1	Pd_00239	240227	243565	-	GH2_e30|GH2
CGC7	null	CP000140.1	Pd_00240	243670	244224	-	null
CGC7	TC	CP000140.1	Pd_00241	244743	247832	+	1.B.14.6.17
CGC7	null	CP000140.1	Pd_00242	247863	249470	+	null
CGC7	TC	CP000140.1	Pd_00243	249597	250562	+	4.C.3.1.9
CGC7	TC	CP000140.1	Pd_00244	250601	252550	+	3.A.1.211.25
CGC7	CAZyme	CP000140.1	Pd_00245	253097	254302	+	CE9_e7|CE9
CGC7	CAZyme	CP000140.1	Pd_00246	254315	255481	+	CE9_e7|CE9
CGC8	TC	CP000140.1	Pd_00250	259671	262985	+	1.B.14.6.17
CGC8	TC	CP000140.1	Pd_00251	263019	264533	+	8.A.46.1.3
CGC8	null	CP000140.1	Pd_00252	264697	266082	+	null
CGC8	CAZyme	CP000140.1	Pd_00253	266150	268720	+	GH38|GH38_e23
CGC9	TC	CP000140.1	Pd_00315	334495	335619	+	9.B.146.1.4
CGC9	TC	CP000140.1	Pd_00316	335898	337301	+	2.A.66.2.16
CGC9	CAZyme	CP000140.1	Pd_00317	337475	338380	+	GT2
CGC10	TC	CP000140.1	Pd_00371	404209	405123	+	3.A.30.1.1
CGC10	TF	CP000140.1	Pd_00372	405137	405454	+	none
CGC10	TC	CP000140.1	Pd_00374	405770	407125	-	2.A.66.1.33
CGC10	TC	CP000140.1	Pd_00375	407151	408521	-	9.B.126.2.2
CGC10	null	CP000140.1	Pd_00376	409312	410835	+	null
CGC10	STP	CP000140.1	Pd_00377	410975	411835	+	Sigma70_r2+Sigma70_r3+Sigma70_r4
CGC10	CAZyme	CP000140.1	Pd_00378	411944	413416	+	GH125|GH125_e1
CGC10	null	CP000140.1	Pd_00379	413534	415111	+	null
CGC10	null	CP000140.1	Pd_00385	421162	422082	+	null
CGC10	CAZyme	CP000140.1	Pd_00386	422289	424601	+	GH3_e1|GH3
CGC11	CAZyme	CP000140.1	Pd_00454	503046	504194	+	GT4_e3175|GT4
CGC11	null	CP000140.1	Pd_00455	504211	505476	+	null
CGC11	null	CP000140.1	Pd_00456	505519	506394	+	null
CGC11	TC	CP000140.1	Pd_00457	506387	507871	+	2.A.66.2.16
CGC12	TC	CP000140.1	Pd_00546	623396	625054	-	4.C.1.1.4
CGC12	CAZyme	CP000140.1	Pd_00547	625195	625995	+	GT51_e158|GT51
CGC13	CAZyme	CP000140.1	Pd_00554	635555	637549	+	GH97|GH97_e1
CGC13	TC	CP000140.1	Pd_00555	637649	638671	+	9.B.33.1.7
CGC14	CAZyme	CP000140.1	Pd_00582	662943	663680	+	CE4|CE4_e274
CGC14	null	CP000140.1	Pd_00583	663684	664700	+	null
CGC14	null	CP000140.1	Pd_00584	664753	664983	+	null
CGC14	TC	CP000140.1	Pd_00585	664983	665732	+	1.A.115.1.5
CGC15	CAZyme	CP000140.1	Pd_00590	669042	670163	+	GT0|GT4_e3948
CGC15	TC	CP000140.1	Pd_00591	670229	671320	+	9.B.18.2.1
CGC15	null	CP000140.1	Pd_00592	671332	672180	+	null
CGC15	null	CP000140.1	Pd_00593	672207	673313	+	null
CGC15	CAZyme	CP000140.1	Pd_00594	673322	674527	+	GT4|GT4_e887
CGC16	TC	CP000140.1	Pd_00652	750225	751541	+	2.A.1.25.6
CGC16	CAZyme	CP000140.1	Pd_00653	751564	752562	+	GH130_e13|GH130
CGC16	null	CP000140.1	Pd_00654	752682	753023	+	null
CGC16	null	CP000140.1	Pd_00655	753316	755034	+	null
CGC16	TC	CP000140.1	Pd_00656	755052	757538	+	9.B.238.3.1
CGC17	CAZyme	CP000140.1	Pd_00690	797784	799415	+	GH13_e95|GH13_14
CGC17	null	CP000140.1	Pd_00691	799507	800778	-	null
CGC17	null	CP000140.1	Pd_00692	800876	801337	-	null
CGC17	TC	CP000140.1	Pd_00693	801438	803753	+	9.B.238.3.1
CGC18	CAZyme	CP000140.1	Pd_00956	1057298	1059064	-	GT83_e8|GT83
CGC18	null	CP000140.1	Pd_00957	1059163	1060719	-	null
CGC18	null	CP000140.1	Pd_00958	1060858	1061070	-	null
CGC18	TC	CP000140.1	Pd_00959	1061231	1062718	-	2.A.3.7.3
CGC19	TC	CP000140.1	Pd_00964	1067603	1068811	+	2.A.37.2.6
CGC19	TC	CP000140.1	Pd_00965	1068925	1070286	+	2.A.33.1.1
CGC19	null	CP000140.1	Pd_00966	1070399	1070650	-	null
CGC19	CAZyme	CP000140.1	Pd_00967	1070748	1072514	-	GH13_31|GH13_e122
CGC19	CAZyme	CP000140.1	Pd_00968	1072620	1074068	+	GH13_e25|GH13_5
CGC19	CAZyme	CP000140.1	Pd_00969	1074077	1076623	-	GT51_e13|GT51
CGC20	TC	CP000140.1	Pd_00981	1091610	1092563	+	3.A.5.1.1
CGC20	null	CP000140.1	Pd_00982	1092560	1093858	+	null
CGC20	null	CP000140.1	Pd_00983	1093879	1094226	+	null
CGC20	CAZyme	CP000140.1	Pd_00984	1094219	1095310	+	CBM50_e801|CBM50
CGC21	CAZyme	CP000140.1	Pd_01023	1143481	1146591	-	GH2_e30|GH2
CGC21	TC	CP000140.1	Pd_01024	1146604	1147761	-	2.A.1.80.5
CGC22	TC	CP000140.1	Pd_01070	1190206	1191087	+	9.B.168.1.3
CGC22	CAZyme	CP000140.1	Pd_01071	1191156	1192541	-	GH23|GH23_e44
CGC22	null	CP000140.1	Pd_01072	1192554	1193966	-	null
CGC22	TC	CP000140.1	Pd_01073	1194573	1197293	+	4.A.2.1.17
CGC22	TC	CP000140.1	Pd_01074	1197674	1198768	+	9.B.34.1.7
CGC23	TC	CP000140.1	Pd_01094	1218224	1219309	+	2.A.6.1.11
CGC23	TC	CP000140.1	Pd_01095	1219319	1222444	+	2.A.6.1.17
CGC23	TF	CP000140.1	Pd_01096	1222675	1223352	+	Trans_reg_C
CGC23	STP	CP000140.1	Pd_01097	1223349	1224524	+	HisKA+HATPase_c
CGC23	CAZyme	CP000140.1	Pd_01098	1224475	1226433	-	GT51_e178|GT51
CGC24	TC	CP000140.1	Pd_01196	1331071	1332969	-	9.B.238.3.1
CGC24	null	CP000140.1	Pd_01197	1333108	1336575	-	null
CGC24	null	CP000140.1	Pd_01198	1336588	1337844	-	null
CGC24	CAZyme	CP000140.1	Pd_01199	1337990	1339390	-	GH109_e1|GH109
CGC24	null	CP000140.1	Pd_01200	1339491	1340999	-	null
CGC24	TC	CP000140.1	Pd_01201	1341024	1342715	-	8.A.46.1.5
CGC24	TC	CP000140.1	Pd_01202	1342730	1346032	-	1.B.14.6.17
CGC24	STP	CP000140.1	Pd_01203	1346110	1347084	-	FecR
CGC24	STP	CP000140.1	Pd_01204	1347214	1347807	-	Sigma70_r2+Sigma70_r4_2
CGC24	TC	CP000140.1	Pd_01205	1348101	1349366	-	1.I.1.1.3
CGC24	TC	CP000140.1	Pd_01206	1349475	1351310	+	2.A.16.2.2
CGC25	TC	CP000140.1	Pd_01314	1473127	1474815	+	3.A.1.120.8
CGC25	null	CP000140.1	Pd_01315	1474842	1475495	+	null
CGC25	STP	CP000140.1	Pd_01316	1475627	1476907	+	Aminotran_1_2
CGC25	CAZyme	CP000140.1	Pd_01317	1477037	1479388	+	GH20_e12|GH20
CGC25	null	CP000140.1	Pd_01318	1479585	1481120	-	null
CGC25	CAZyme	CP000140.1	Pd_01319	1481201	1483690	-	GH51|GH51_e27
CGC25	STP	CP000140.1	Pd_01320	1483870	1484235	+	Response_reg
CGC25	TC	CP000140.1	Pd_01321	1484235	1485410	+	9.B.18.1.2
CGC26	CAZyme	CP000140.1	Pd_01325	1489841	1491067	+	GT2
CGC26	CAZyme	CP000140.1	Pd_01326	1491102	1492181	+	GT4|GT4_e2150
CGC26	null	CP000140.1	Pd_01327	1492178	1492804	+	null
CGC26	CAZyme	CP000140.1	Pd_01328	1492811	1493848	-	GT0|GT94_e11
CGC26	TC	CP000140.1	Pd_01329	1493974	1495419	+	2.A.66.2.23
CGC26	CAZyme	CP000140.1	Pd_01330	1495416	1496543	+	GT4_e1235|GT4
CGC26	CAZyme	CP000140.1	Pd_01331	1496552	1497304	+	GT32_e95|GT32
CGC26	CAZyme	CP000140.1	Pd_01332	1497310	1498158	+	GT2
CGC27	CAZyme	CP000140.1	Pd_01340	1503750	1504217	+	GH73_e36|GH73
CGC27	null	CP000140.1	Pd_01341	1504219	1504560	+	null
CGC27	CAZyme	CP000140.1	Pd_01342	1504627	1505811	+	GT2
CGC27	CAZyme	CP000140.1	Pd_01343	1505804	1506727	+	GT2
CGC27	CAZyme	CP000140.1	Pd_01344	1506702	1507889	+	GT2
CGC27	TC	CP000140.1	Pd_01345	1508002	1509126	+	9.B.259.2.3
CGC28	CAZyme	CP000140.1	Pd_01364	1529677	1531893	-	CBM67|GH78|CBM67_e26|GH78_e30
CGC28	CAZyme	CP000140.1	Pd_01365	1532038	1534620	-	CBM67_e3|CBM67|GH78|GH78_e28
CGC28	CAZyme	CP000140.1	Pd_01366	1534656	1536407	-	GH78|GH78_e14
CGC28	null	CP000140.1	Pd_01367	1536411	1537211	-	null
CGC28	TC	CP000140.1	Pd_01368	1537223	1538251	-	2.A.7.6.2
CGC29	TC	CP000140.1	Pd_01378	1548986	1550305	-	2.A.8.1.2
CGC29	TC	CP000140.1	Pd_01379	1550369	1551460	-	3.A.1.105.15
CGC29	TC	CP000140.1	Pd_01380	1551464	1552549	-	3.A.1.105.20
CGC29	TC	CP000140.1	Pd_01381	1552553	1553287	-	3.A.1.105.15
CGC29	TC	CP000140.1	Pd_01382	1553556	1554461	-	3.A.1.105.20
CGC29	TC	CP000140.1	Pd_01383	1554454	1555344	-	3.A.1.105.20
CGC29	null	CP000140.1	Pd_01384	1555372	1556658	-	null
CGC29	STP	CP000140.1	Pd_01385	1556696	1557325	-	TetR_N
CGC29	CAZyme	CP000140.1	Pd_01386	1557536	1558540	-	GH43_e147|GH43_34
CGC29	null	CP000140.1	Pd_01387	1558580	1559764	-	null
CGC29	null	CP000140.1	Pd_01388	1559819	1560955	-	null
CGC29	TC	CP000140.1	Pd_01389	1560963	1562081	-	9.B.169.4.6
CGC29	null	CP000140.1	Pd_01390	1562197	1563366	-	null
CGC29	CAZyme	CP000140.1	Pd_01391	1563597	1564349	-	GT2
CGC30	CAZyme	CP000140.1	Pd_01474	1650534	1653356	+	GH2|GH2_e145
CGC30	TC	CP000140.1	Pd_01475	1653432	1655675	-	3.A.1.2.1
CGC31	CAZyme	CP000140.1	Pd_01487	1663481	1664647	-	GT2
CGC31	null	CP000140.1	Pd_01488	1664673	1665299	-	null
CGC31	TC	CP000140.1	Pd_01489	1665785	1667782	+	2.A.67.4.2
CGC32	TC	CP000140.1	Pd_01519	1708404	1709618	+	2.A.66.2.10
CGC32	null	CP000140.1	Pd_01520	1709833	1711455	-	null
CGC32	null	CP000140.1	Pd_01521	1712318	1713574	+	null
CGC32	CAZyme	CP000140.1	Pd_01522	1713519	1714775	+	GT4|GT4_e2249
CGC32	CAZyme	CP000140.1	Pd_01523	1714772	1715851	+	GT4_e2991|GT4
CGC32	null	CP000140.1	Pd_01524	1715896	1716759	-	null
CGC32	null	CP000140.1	Pd_01525	1716766	1718376	-	null
CGC32	TC	CP000140.1	Pd_01526	1718387	1719262	-	1.B.18.3.3
CGC33	CAZyme	CP000140.1	Pd_01567	1768049	1768546	+	GH73_e30|GH73
CGC33	null	CP000140.1	Pd_01568	1769001	1769372	-	null
CGC33	null	CP000140.1	Pd_01569	1769514	1771292	-	null
CGC33	TC	CP000140.1	Pd_01570	1771332	1774622	-	1.B.14.6.17
CGC33	CAZyme	CP000140.1	Pd_01571	1775003	1777309	-	GH35|GH35_e43
CGC34	CAZyme	CP000140.1	Pd_01622	1830432	1831967	+	GH51_e19|GH51
CGC34	null	CP000140.1	Pd_01623	1832050	1832952	+	null
CGC34	null	CP000140.1	Pd_01624	1833155	1834180	-	null
CGC34	TC	CP000140.1	Pd_01625	1834198	1835361	-	8.A.5.1.6
CGC35	CAZyme	CP000140.1	Pd_01635	1846860	1848050	-	GT4|GT4_e2546
CGC35	null	CP000140.1	Pd_01636	1848047	1849195	-	null
CGC35	null	CP000140.1	Pd_01637	1849237	1850442	-	null
CGC35	CAZyme	CP000140.1	Pd_01638	1850504	1852114	-	PL12|PL12_e38|PL0
CGC35	null	CP000140.1	Pd_01639	1852072	1854189	-	null
CGC35	CAZyme	CP000140.1	Pd_01640	1854186	1855232	-	GT0|GT4_e3358
CGC35	CAZyme	CP000140.1	Pd_01641	1855606	1856682	-	GT4|GT4_e3200
CGC35	null	CP000140.1	Pd_01642	1856679	1857860	-	null
CGC35	CAZyme	CP000140.1	Pd_01643	1857907	1858845	-	GT2
CGC35	TC	CP000140.1	Pd_01644	1858946	1860493	-	2.A.66.1.40
CGC36	TC	CP000140.1	Pd_01676	1891468	1892115	-	2.A.115.2.14
CGC36	TC	CP000140.1	Pd_01677	1892261	1894801	+	9.B.238.3.2
CGC36	CAZyme	CP000140.1	Pd_01678	1894837	1897113	-	GH92_e30|GH92
CGC36	CAZyme	CP000140.1	Pd_01679	1897232	1899502	-	GH92|GH92_e0
CGC36	CAZyme	CP000140.1	Pd_01680	1899512	1901866	-	GH92_e18|GH92
CGC36	TC	CP000140.1	Pd_01681	1902225	1905389	+	1.B.14.6.1
CGC36	null	CP000140.1	Pd_01682	1905418	1906998	+	null
CGC36	TC	CP000140.1	Pd_01683	1907691	1909283	-	8.A.46.1.6
CGC36	TC	CP000140.1	Pd_01684	1909309	1912485	-	1.B.14.6.1
CGC36	CAZyme	CP000140.1	Pd_01685	1913216	1916104	-	GH38|GH38_e22
CGC36	TC	CP000140.1	Pd_01686	1916106	1917248	-	2.A.1.7.16
CGC36	CAZyme	CP000140.1	Pd_01687	1917238	1919604	-	GH92_e38|GH92
CGC37	TC	CP000140.1	Pd_01705	1940713	1941393	+	2.A.88.8.4
CGC37	null	CP000140.1	Pd_01706	1941419	1942033	-	null
CGC37	TC	CP000140.1	Pd_01707	1942035	1943372	-	3.A.1.11.8
CGC37	TC	CP000140.1	Pd_01708	1943379	1944167	-	3.A.1.11.7
CGC37	TC	CP000140.1	Pd_01709	1944167	1944964	-	3.A.1.11.7
CGC37	TC	CP000140.1	Pd_01710	1944977	1946365	-	3.A.1.11.8
CGC37	CAZyme	CP000140.1	Pd_01711	1946556	1949999	-	CBM67|CBM67_e28|GH78|GH78_e85
CGC37	null	CP000140.1	Pd_01712	1950094	1951494	-	null
CGC37	CAZyme	CP000140.1	Pd_01713	1951645	1952577	-	GT2
CGC38	TC	CP000140.1	Pd_01733	1974167	1975744	-	3.B.1.1.6
CGC38	null	CP000140.1	Pd_01734	1975851	1976771	-	null
CGC38	null	CP000140.1	Pd_01735	1976783	1977718	-	null
CGC38	CAZyme	CP000140.1	Pd_01736	1977853	1978944	+	GH76|GH76_e17
CGC39	TC	CP000140.1	Pd_01747	1991327	1994734	+	1.B.14.6.17
CGC39	TC	CP000140.1	Pd_01748	1994762	1996408	+	8.A.46.3.2
CGC39	CAZyme	CP000140.1	Pd_01749	1996532	1998355	+	GH123_e3|GH123
CGC39	null	CP000140.1	Pd_01750	1998409	2000181	+	null
CGC39	TF	CP000140.1	Pd_01751	2000196	2000774	-	GerE
CGC39	TC	CP000140.1	Pd_01752	2000963	2003056	+	3.A.7.7.1
CGC40	CAZyme	CP000140.1	Pd_01793	2039964	2041982	-	CBM48_e32|GH13_8|GH13_e20|CBM48
CGC40	TC	CP000140.1	Pd_01794	2042081	2044369	+	2.A.37.4.2
CGC41	TC	CP000140.1	Pd_01812	2065700	2067484	-	2.A.49.6.2
CGC41	TC	CP000140.1	Pd_01813	2067486	2068886	-	9.B.18.1.3
CGC41	null	CP000140.1	Pd_01814	2068889	2069416	-	null
CGC41	null	CP000140.1	Pd_01815	2069673	2071397	+	null
CGC41	TC	CP000140.1	Pd_01816	2071518	2073323	+	2.A.16.2.2
CGC41	null	CP000140.1	Pd_01817	2073421	2074332	-	null
CGC41	null	CP000140.1	Pd_01818	2074373	2075230	-	null
CGC41	TC	CP000140.1	Pd_01819	2075475	2077205	-	2.A.81.1.2
CGC41	null	CP000140.1	Pd_01820	2077260	2078069	+	null
CGC41	null	CP000140.1	Pd_01821	2078082	2078471	+	null
CGC41	CAZyme	CP000140.1	Pd_01822	2078465	2079598	-	GH43_e74|GH43_33
CGC42	CAZyme	CP000140.1	Pd_01827	2083953	2086259	-	GH92|GH92_e0
CGC42	null	CP000140.1	Pd_01828	2086378	2087250	+	null
CGC42	TC	CP000140.1	Pd_01829	2087319	2088146	-	2.A.64.1.3
CGC43	TC	CP000140.1	Pd_01852	2119673	2120995	-	2.A.66.1.28
CGC43	null	CP000140.1	Pd_01853	2121122	2122102	+	null
CGC43	TC	CP000140.1	Pd_01854	2122245	2123855	+	2.A.49.5.5
CGC43	TC	CP000140.1	Pd_01855	2123937	2125220	-	1.B.70.1.8
CGC43	null	CP000140.1	Pd_01856	2125364	2125750	+	null
CGC43	TC	CP000140.1	Pd_01857	2125989	2129735	+	2.A.6.1.8
CGC43	null	CP000140.1	Pd_01858	2129755	2131221	+	null
CGC43	TC	CP000140.1	Pd_01859	2131226	2132851	+	2.A.6.1.8
CGC43	CAZyme	CP000140.1	Pd_01860	2133013	2134458	-	GH30_e41|GH30_3
CGC44	TC	CP000140.1	Pd_01882	2157592	2158671	+	3.D.7.1.5
CGC44	null	CP000140.1	Pd_01883	2158678	2159727	+	null
CGC44	TC	CP000140.1	Pd_01884	2159747	2160844	+	3.D.7.2.3
CGC44	TC	CP000140.1	Pd_01885	2160860	2162581	+	3.D.7.2.3
CGC44	null	CP000140.1	Pd_01886	2162596	2163333	+	null
CGC44	null	CP000140.1	Pd_01887	2163330	2163809	+	null
CGC44	TC	CP000140.1	Pd_01888	2163775	2164512	-	1.A.8.2.9
CGC44	null	CP000140.1	Pd_01889	2164569	2166068	-	null
CGC44	null	CP000140.1	Pd_01890	2166101	2167666	-	null
CGC44	CAZyme	CP000140.1	Pd_01891	2167897	2170242	-	GT51_e160|GT51
CGC44	TC	CP000140.1	Pd_01892	2170329	2171384	-	2.A.98.1.3
CGC45	TC	CP000140.1	Pd_01908	2187744	2189657	-	9.B.18.2.1
CGC45	TC	CP000140.1	Pd_01909	2189715	2190305	-	9.B.18.1.2
CGC45	STP	CP000140.1	Pd_01910	2190321	2191550	-	Aminotran_1_2
CGC45	CAZyme	CP000140.1	Pd_01911	2191582	2192409	-	GT2
CGC45	null	CP000140.1	Pd_01912	2192443	2193351	-	null
CGC45	null	CP000140.1	Pd_01913	2193354	2194724	-	null
CGC45	CAZyme	CP000140.1	Pd_01914	2194745	2195857	-	GT4|GT4_e3367
CGC45	null	CP000140.1	Pd_01915	2195864	2197144	-	null
CGC45	CAZyme	CP000140.1	Pd_01916	2197141	2198070	-	GT2
CGC46	TC	CP000140.1	Pd_02008	2293088	2293984	-	2.A.7.3.57
CGC46	null	CP000140.1	Pd_02009	2293988	2294746	-	null
CGC46	TC	CP000140.1	Pd_02010	2294877	2296475	+	2.A.81.1.2
CGC46	CAZyme	CP000140.1	Pd_02011	2296503	2298470	+	GH51_e47|GH51
CGC46	null	CP000140.1	Pd_02012	2298492	2298854	+	null
CGC46	null	CP000140.1	Pd_02013	2298947	2301091	+	null
CGC46	TC	CP000140.1	Pd_02014	2301062	2302429	-	2.A.1.3.17
CGC47	CAZyme	CP000140.1	Pd_02049	2338971	2341475	-	GH2_e137|GH2
CGC47	TC	CP000140.1	Pd_02050	2341563	2342873	+	2.A.13.1.3
CGC48	TC	CP000140.1	Pd_02094	2385483	2386160	+	3.A.1.140.6
CGC48	null	CP000140.1	Pd_02095	2386227	2387543	+	null
CGC48	null	CP000140.1	Pd_02096	2387606	2388763	+	null
CGC48	CAZyme	CP000140.1	Pd_02097	2388881	2390044	+	GT2
CGC48	null	CP000140.1	Pd_02098	2390041	2390535	-	null
CGC48	TC	CP000140.1	Pd_02099	2390617	2391861	-	3.A.1.125.1
CGC49	CAZyme	CP000140.1	Pd_02258	2563621	2565162	+	GH43_e300|CBM91|CBM91_e43|GH43_8
CGC49	null	CP000140.1	Pd_02259	2565162	2566808	+	null
CGC49	null	CP000140.1	Pd_02260	2566776	2566979	-	null
CGC49	TC	CP000140.1	Pd_02261	2566948	2568303	-	2.A.66.1.33
CGC49	CAZyme	CP000140.1	Pd_02262	2568529	2570805	-	GH92_e18|GH92
CGC50	CAZyme	CP000140.1	Pd_02290	2599657	2600646	-	GT2
CGC50	null	CP000140.1	Pd_02291	2600643	2601653	-	null
CGC50	CAZyme	CP000140.1	Pd_02292	2601672	2602628	-	GT2
CGC50	CAZyme	CP000140.1	Pd_02293	2602686	2603663	-	GT2
CGC50	null	CP000140.1	Pd_02294	2603675	2604922	-	null
CGC50	CAZyme	CP000140.1	Pd_02295	2604988	2606238	-	GT4_e1039|GT4
CGC50	null	CP000140.1	Pd_02296	2606247	2606972	-	null
CGC50	TC	CP000140.1	Pd_02297	2607134	2608594	-	2.A.66.2.23
CGC51	CAZyme	CP000140.1	Pd_02364	2675861	2676979	+	CBM0|CBM9|CBM9_e3
CGC51	null	CP000140.1	Pd_02365	2677007	2678410	+	null
CGC51	CAZyme	CP000140.1	Pd_02366	2678545	2679705	-	GT30_e38|GT30
CGC51	null	CP000140.1	Pd_02367	2679783	2681300	-	null
CGC51	TC	CP000140.1	Pd_02368	2681396	2683435	+	9.B.28.5.3
CGC52	TC	CP000140.1	Pd_02409	2741204	2742691	+	1.B.73.2.1
CGC52	null	CP000140.1	Pd_02410	2742701	2743438	-	null
CGC52	null	CP000140.1	Pd_02411	2743576	2743746	+	null
CGC52	CAZyme	CP000140.1	Pd_02412	2743851	2746610	-	GH92_e44|GH92
CGC52	TC	CP000140.1	Pd_02413	2746694	2748325	-	1.B.38.1.10
CGC52	TC	CP000140.1	Pd_02414	2748346	2751789	-	1.B.14.6.17
CGC53	CAZyme	CP000140.1	Pd_02418	2754730	2757729	-	GH3_e57|GH3
CGC53	TC	CP000140.1	Pd_02419	2757844	2760480	+	1.B.14.6.12
CGC54	TC	CP000140.1	Pd_02477	2805297	2807477	-	2.A.16.2.2
CGC54	STP	CP000140.1	Pd_02478	2807510	2808742	-	AAA
CGC54	TC	CP000140.1	Pd_02479	2808764	2809426	-	3.A.26.1.1
CGC54	null	CP000140.1	Pd_02480	2809616	2810968	-	null
CGC54	null	CP000140.1	Pd_02481	2811112	2811999	+	null
CGC54	TC	CP000140.1	Pd_02482	2811994	2812746	-	3.A.1.152.1
CGC54	CAZyme	CP000140.1	Pd_02483	2812831	2813946	-	GH43_24|GH43_e236
CGC54	TC	CP000140.1	Pd_02484	2814143	2814868	+	3.A.1.27.1
CGC54	TC	CP000140.1	Pd_02485	2814871	2815641	+	3.A.1.27.5
CGC55	TC	CP000140.1	Pd_02493	2820823	2821701	-	3.A.1.140.2
CGC55	null	CP000140.1	Pd_02494	2821951	2827296	-	null
CGC55	null	CP000140.1	Pd_02495	2827317	2831285	-	null
CGC55	TC	CP000140.1	Pd_02496	2832844	2835942	+	1.B.14.6.1
CGC55	TC	CP000140.1	Pd_02497	2835964	2837550	+	8.A.46.1.3
CGC55	CAZyme	CP000140.1	Pd_02498	2837590	2839218	+	GH78|GH78_e0
CGC56	TC	CP000140.1	Pd_02502	2843146	2844333	+	3.A.1.7.5
CGC56	TC	CP000140.1	Pd_02503	2844342	2845229	+	3.A.1.7.2
CGC56	TC	CP000140.1	Pd_02504	2845245	2845997	+	3.A.1.7.1
CGC56	null	CP000140.1	Pd_02505	2846029	2846703	+	null
CGC56	null	CP000140.1	Pd_02506	2846744	2847958	+	null
CGC56	CAZyme	CP000140.1	Pd_02507	2848042	2850471	-	GH95_e19|GH95
CGC56	TC	CP000140.1	Pd_02508	2850554	2852401	-	3.A.1.106.20
CGC56	null	CP000140.1	Pd_02509	2852558	2853400	+	null
CGC56	null	CP000140.1	Pd_02510	2853406	2854482	+	null
CGC56	CAZyme	CP000140.1	Pd_02511	2854540	2856315	+	GH123_e16|GH123
CGC56	CAZyme	CP000140.1	Pd_02512	2856492	2858843	+	GH3_e165|GH3
CGC57	CAZyme	CP000140.1	Pd_02550	2895395	2898211	+	CBM51_e12|CBM51
CGC57	null	CP000140.1	Pd_02551	2898269	2898652	-	null
CGC57	CAZyme	CP000140.1	Pd_02552	2898774	2899952	-	GH172|GH172_e20
CGC57	CAZyme	CP000140.1	Pd_02553	2899986	2901401	-	GH140_e2|GH140
CGC57	CAZyme	CP000140.1	Pd_02554	2901419	2902759	-	GH28_e92|GH28
CGC57	null	CP000140.1	Pd_02555	2902871	2904460	-	null
CGC57	TC	CP000140.1	Pd_02556	2904473	2907757	-	1.B.14.6.17
CGC58	CAZyme	CP000140.1	Pd_02574	2931464	2932570	-	GT28_e43|GT28
CGC58	TC	CP000140.1	Pd_02575	2932567	2933874	-	2.A.103.1.3
CGC58	null	CP000140.1	Pd_02576	2933886	2935211	-	null
CGC58	TC	CP000140.1	Pd_02577	2935227	2936486	-	9.B.146.1.6
CGC58	TC	CP000140.1	Pd_02578	2936500	2937960	-	2.A.128.2.3
CGC59	TC	CP000140.1	Pd_02606	2970217	2973279	-	1.B.14.6.1
CGC59	null	CP000140.1	Pd_02607	2973653	2974504	+	null
CGC59	CAZyme	CP000140.1	Pd_02608	2974800	2977121	+	GH20_e12|GH20
CGC59	null	CP000140.1	Pd_02609	2977196	2979679	+	null
CGC59	TC	CP000140.1	Pd_02610	2980225	2983341	+	1.B.14.6.17
CGC59	TC	CP000140.1	Pd_02611	2983369	2984964	+	8.A.46.3.2
CGC59	null	CP000140.1	Pd_02612	2985144	2988833	+	null
CGC59	null	CP000140.1	Pd_02613	2989102	2989752	+	null
CGC59	TC	CP000140.1	Pd_02614	2989928	2993089	+	1.B.14.6.15
CGC60	TC	CP000140.1	Pd_02640	3026902	3027918	-	9.B.33.1.1
CGC60	CAZyme	CP000140.1	Pd_02641	3028028	3029584	-	GH23|CBM50_e207|GH23_e209|CBM50|CBM50_e21
CGC61	TC	CP000140.1	Pd_02770	3187695	3189620	+	3.B.1.1.6
CGC61	TC	CP000140.1	Pd_02771	3189620	3190855	+	3.B.1.1.1
CGC61	null	CP000140.1	Pd_02772	3191072	3192925	+	null
CGC61	null	CP000140.1	Pd_02773	3192989	3194197	+	null
CGC61	CAZyme	CP000140.1	Pd_02774	3194263	3195456	+	CE1_e22|CBM48_e68|CE1|CE0
CGC61	TF	CP000140.1	Pd_02775	3195522	3196217	-	LytTR
CGC61	TC	CP000140.1	Pd_02776	3196214	3197242	-	9.B.33.1.7
CGC62	TC	CP000140.1	Pd_02783	3202728	3204011	-	9.B.214.3.2
CGC62	null	CP000140.1	Pd_02784	3204017	3204562	-	null
CGC62	CAZyme	CP000140.1	Pd_02785	3204721	3205971	-	CBM50_e27|CBM50
CGC62	TC	CP000140.1	Pd_02786	3206182	3208278	-	3.A.11.1.5
CGC63	CAZyme	CP000140.1	Pd_02818	3246678	3248936	+	GH92|GH92_e0
CGC63	null	CP000140.1	Pd_02819	3249031	3249351	+	null
CGC63	null	CP000140.1	Pd_02820	3249360	3250043	+	null
CGC63	CAZyme	CP000140.1	Pd_02826	3255899	3257959	+	GH29|CBM32_e126|GH29_e30
CGC63	TC	CP000140.1	Pd_02827	3258046	3260874	-	9.B.238.3.1
CGC63	null	CP000140.1	Pd_02828	3261097	3262071	-	null
CGC63	TC	CP000140.1	Pd_02829	3262089	3263729	-	8.A.117.1.2
CGC63	CAZyme	CP000140.1	Pd_02830	3263775	3265613	-	GH13_e102|GH13|GH13_20
CGC63	null	CP000140.1	Pd_02831	3265682	3267067	-	null
CGC63	TC	CP000140.1	Pd_02832	3267080	3270148	-	1.B.14.6.17
CGC63	CAZyme	CP000140.1	Pd_02833	3270167	3272008	-	GH13_e102|GH13|GH13_20
CGC63	CAZyme	CP000140.1	Pd_02834	3272017	3273360	-	GH109_e1|GH109
CGC64	TC	CP000140.1	Pd_02858	3305871	3307520	+	4.C.1.1.6
CGC64	TF	CP000140.1	Pd_02859	3307607	3308425	+	HTH_AraC+HTH_AraC
CGC64	TC	CP000140.1	Pd_02860	3308538	3309221	+	1.A.115.1.5
CGC64	TC	CP000140.1	Pd_02861	3309502	3310920	+	8.A.151.1.1
CGC64	CAZyme	CP000140.1	Pd_02862	3311023	3312150	+	GT4_e1167|GT4|GT94
CGC64	TC	CP000140.1	Pd_02863	3312194	3314698	-	9.B.144.1.4
CGC64	CAZyme	CP000140.1	Pd_02864	3314722	3315483	-	GT2
CGC64	null	CP000140.1	Pd_02865	3315480	3316940	-	null
CGC64	CAZyme	CP000140.1	Pd_02866	3316942	3318213	-	GT4_e1535|GT4
CGC64	CAZyme	CP000140.1	Pd_02867	3318289	3319359	-	GT4_e1579|GT4
CGC65	CAZyme	CP000140.1	Pd_02871	3322033	3323028	-	GT10|GT10_e29
CGC65	null	CP000140.1	Pd_02872	3323096	3324157	-	null
CGC65	CAZyme	CP000140.1	Pd_02873	3324220	3325068	-	GT2
CGC65	TC	CP000140.1	Pd_02874	3325065	3326510	-	2.A.66.2.7
CGC65	CAZyme	CP000140.1	Pd_02875	3326849	3327874	-	GH109|GH109_e5
CGC66	CAZyme	CP000140.1	Pd_02896	3355809	3356525	+	GT2
CGC66	null	CP000140.1	Pd_02897	3356535	3357332	+	null
CGC66	null	CP000140.1	Pd_02898	3357319	3357954	+	null
CGC66	CAZyme	CP000140.1	Pd_02899	3358011	3359144	+	GT4_e2089|GT4
CGC66	CAZyme	CP000140.1	Pd_02900	3359168	3360232	+	GT4_e859|GT4
CGC66	null	CP000140.1	Pd_02901	3360246	3361109	-	null
CGC66	null	CP000140.1	Pd_02902	3361116	3361850	-	null
CGC66	CAZyme	CP000140.1	Pd_02903	3361834	3362889	-	GT9|GT9_e65
CGC66	null	CP000140.1	Pd_02904	3362889	3363494	-	null
CGC66	TF	CP000140.1	Pd_02905	3363579	3364262	-	Trans_reg_C
CGC66	TC	CP000140.1	Pd_02906	3364259	3364693	-	9.B.259.2.2
CGC66	TC	CP000140.1	Pd_02907	3364803	3367016	+	1.C.105.2.12
CGC66	TC	CP000140.1	Pd_02908	3367088	3368287	+	2.A.1.46.5
CGC67	TC	CP000140.1	Pd_02917	3378193	3378978	-	9.B.105.5.2
CGC67	CAZyme	CP000140.1	Pd_02918	3378968	3380806	-	GH110|GH110_e12
CGC67	TC	CP000140.1	Pd_02919	3381058	3382326	-	2.A.21.9.1
CGC68	TC	CP000140.1	Pd_02963	3429930	3431183	+	2.A.1.7.18
CGC68	CAZyme	CP000140.1	Pd_02964	3431236	3433218	+	GH97_e27|GH97
CGC68	null	CP000140.1	Pd_02965	3433399	3434115	+	null
CGC68	TC	CP000140.1	Pd_02966	3434112	3434768	+	3.A.1.125.1
CGC69	TC	CP000140.1	Pd_03030	3520672	3523947	+	1.B.14.6.17
CGC69	TC	CP000140.1	Pd_03031	3523976	3525547	+	8.A.46.1.4
CGC69	CAZyme	CP000140.1	Pd_03032	3525685	3527310	+	GH33|GH33_e121
CGC69	CAZyme	CP000140.1	Pd_03033	3527320	3529338	+	GH20_e112|GH20
CGC69	CAZyme	CP000140.1	Pd_03034	3529360	3531435	+	CE20|CE20_e16
CGC70	CAZyme	CP000140.1	Pd_03109	3615940	3619563	+	GH2_e130|CBM32_e87|GH2
CGC70	null	CP000140.1	Pd_03110	3619642	3620319	-	null
CGC70	TC	CP000140.1	Pd_03111	3620326	3621432	-	9.B.169.4.2
CGC71	CAZyme	CP000140.1	Pd_03149	3661736	3662566	+	GH16_3|GH16_e128
CGC71	STP	CP000140.1	Pd_03150	3662658	3665516	+	Y_Y_Y
CGC71	null	CP000140.1	Pd_03151	3665690	3665839	+	null
CGC71	TC	CP000140.1	Pd_03152	3665851	3668904	+	1.B.14.6.17
CGC71	TC	CP000140.1	Pd_03153	3668926	3670425	+	8.A.46.1.6
CGC71	CAZyme	CP000140.1	Pd_03154	3670544	3672709	+	GH144|GH144_e1
CGC71	CAZyme	CP000140.1	Pd_03155	3672712	3675006	+	GH43_e55|CBM32_e176|CBM32|GH43_28
CGC71	CAZyme	CP000140.1	Pd_03156	3675028	3676410	+	GH144|GH144_e1
CGC71	CAZyme	CP000140.1	Pd_03157	3676423	3678678	+	GH3_e1|GH3
CGC71	CAZyme	CP000140.1	Pd_03158	3678693	3680969	+	GH3_e1|GH3
CGC71	CAZyme	CP000140.1	Pd_03159	3680988	3682781	+	CBM32_e188|CBM32|GH43_28|GH43_e302
CGC72	TC	CP000140.1	Pd_03167	3690191	3693448	+	9.B.142.9.16
CGC72	CAZyme	CP000140.1	Pd_03168	3693455	3694066	+	CE4|CE4_e140
CGC72	null	CP000140.1	Pd_03169	3694066	3694983	+	null
CGC72	null	CP000140.1	Pd_03170	3694990	3696279	+	null
CGC72	TC	CP000140.1	Pd_03171	3696438	3697322	+	3.A.1.15.11
CGC72	TC	CP000140.1	Pd_03172	3697306	3698067	+	3.A.1.15.15
CGC73	TC	CP000140.1	Pd_03208	3745431	3748871	+	1.B.14.6.17
CGC73	TC	CP000140.1	Pd_03209	3748890	3750554	+	8.A.46.3.4
CGC73	null	CP000140.1	Pd_03210	3750818	3752518	+	null
CGC73	null	CP000140.1	Pd_03211	3752508	3753941	+	null
CGC73	CAZyme	CP000140.1	Pd_03212	3753949	3755781	+	GH2_e74|GH2
CGC73	CAZyme	CP000140.1	Pd_03213	3756196	3758052	-	GH2_e112|GH2
CGC73	null	CP000140.1	Pd_03214	3758189	3758281	-	null
CGC73	null	CP000140.1	Pd_03215	3758330	3759475	+	null
CGC73	TC	CP000140.1	Pd_03216	3759607	3760818	+	9.B.169.1.11
CGC73	TF	CP000140.1	Pd_03217	3761145	3761735	+	GerE
CGC73	STP	CP000140.1	Pd_03218	3761816	3762739	+	FecR
CGC73	TC	CP000140.1	Pd_03219	3762966	3766349	+	1.B.14.6.1
CGC73	TC	CP000140.1	Pd_03220	3766363	3768189	+	1.B.38.1.10
CGC73	CAZyme	CP000140.1	Pd_03221	3768254	3770959	+	GH116|GH116_e3
CGC73	CAZyme	CP000140.1	Pd_03222	3771695	3773662	+	GH97_e27|GH97
CGC74	CAZyme	CP000140.1	Pd_03232	3788832	3791516	+	GH78_e6|CBM67_e28|GH78
CGC74	CAZyme	CP000140.1	Pd_03233	3791644	3793809	+	GH92_e26|GH92
CGC74	CAZyme	CP000140.1	Pd_03234	3793834	3794994	+	GH130_e20|GH130
CGC74	null	CP000140.1	Pd_03235	3795014	3796408	+	null
CGC74	CAZyme	CP000140.1	Pd_03236	3796405	3798744	+	GH92|GH92_e20
CGC74	CAZyme	CP000140.1	Pd_03237	3798762	3801035	+	GH92_e18|GH92
CGC74	CAZyme	CP000140.1	Pd_03238	3801121	3801942	+	CE1_e22|CE1
CGC74	STP	CP000140.1	Pd_03239	3802573	3803808	+	EPSP_synthase
CGC74	null	CP000140.1	Pd_03240	3803844	3804263	+	null
CGC74	TC	CP000140.1	Pd_03241	3804281	3805084	+	3.A.1.15.21
CGC74	TC	CP000140.1	Pd_03242	3805092	3808652	+	2.A.130.1.1
CGC74	null	CP000140.1	Pd_03243	3808665	3809522	-	null
CGC74	null	CP000140.1	Pd_03244	3809594	3810607	-	null
CGC74	CAZyme	CP000140.1	Pd_03245	3810664	3811839	-	CE9_e7|CE9
CGC74	null	CP000140.1	Pd_03246	3811851	3813233	-	null
CGC74	TC	CP000140.1	Pd_03247	3813310	3814995	-	2.A.58.2.2
CGC75	CAZyme	CP000140.1	Pd_03261	3829212	3830465	+	GT4_e1775|GT4
CGC75	TC	CP000140.1	Pd_03262	3830462	3832657	+	3.A.1.112.10
CGC76	CAZyme	CP000140.1	Pd_03274	3844487	3846115	-	GH63_e19|GH63
CGC76	null	CP000140.1	Pd_03275	3846319	3847467	-	null
CGC76	CAZyme	CP000140.1	Pd_03276	3847489	3850362	-	GH92|GH92_e0
CGC76	null	CP000140.1	Pd_03277	3850522	3852153	-	null
CGC76	TC	CP000140.1	Pd_03278	3852195	3855443	-	1.B.14.6.17
CGC77	TC	CP000140.1	Pd_03300	3877571	3878338	-	9.B.116.3.3
CGC77	TC	CP000140.1	Pd_03301	3878650	3881715	+	9.B.238.3.2
CGC77	CAZyme	CP000140.1	Pd_03302	3881921	3883153	-	GT1|GT1_e173
CGC77	null	CP000140.1	Pd_03303	3883187	3884398	-	null
CGC77	null	CP000140.1	Pd_03304	3884674	3884784	+	null
CGC77	TC	CP000140.1	Pd_03305	3884821	3885576	-	3.D.10.1.5
CGC77	TC	CP000140.1	Pd_03306	3885607	3887550	-	3.D.10.1.5
CGC78	TC	CP000140.1	Pd_03393	3982909	3984345	+	2.A.1.1.106
CGC78	null	CP000140.1	Pd_03394	3984347	3985606	+	null
CGC78	CAZyme	CP000140.1	Pd_03395	3985762	3987981	+	GH2_e64|GH0|GH2
CGC78	TC	CP000140.1	Pd_03396	3988134	3991331	+	1.B.14.6.17
CGC79	TC	CP000140.1	Pd_03430	4028288	4031323	-	2.A.6.2.33
CGC79	TC	CP000140.1	Pd_03431	4031335	4032438	-	2.A.6.2.28
CGC79	null	CP000140.1	Pd_03432	4032758	4035622	-	null
CGC79	TC	CP000140.1	Pd_03433	4035639	4037138	+	2.A.36.6.11
CGC79	null	CP000140.1	Pd_03434	4037151	4037270	+	null
CGC79	CAZyme	CP000140.1	Pd_03435	4037225	4039276	-	GH127|GH127_e5|CBM66
CGC79	CAZyme	CP000140.1	Pd_03436	4039301	4041154	-	GH127_e1|GH127
CGC79	CAZyme	CP000140.1	Pd_03437	4041242	4042789	-	GH142|GH142_e5
CGC79	TC	CP000140.1	Pd_03438	4042853	4044466	-	1.B.38.1.10
CGC79	TC	CP000140.1	Pd_03439	4044480	4047809	-	1.B.14.6.1
CGC80	CAZyme	CP000140.1	Pd_03476	4091892	4093700	+	GH32|GH32_e16
CGC80	STP	CP000140.1	Pd_03477	4093719	4094591	+	PfkB
CGC80	TC	CP000140.1	Pd_03478	4094595	4095761	+	2.A.1.7.17
CGC81	TC	CP000140.1	Pd_03483	4099445	4102477	+	1.B.14.6.13
CGC81	TC	CP000140.1	Pd_03484	4102494	4104149	+	8.A.46.2.1
CGC81	CAZyme	CP000140.1	Pd_03485	4104263	4106896	+	GH2_e68|GH2
CGC82	CAZyme	CP000140.1	Pd_03491	4112996	4115311	-	GH92|GH92_e0
CGC82	TC	CP000140.1	Pd_03492	4115514	4117109	-	8.A.46.1.1
CGC82	null	CP000140.1	Pd_03493	4117139	4117426	-	null
CGC82	TC	CP000140.1	Pd_03494	4117423	4120200	-	1.B.14.6.1
CGC83	TC	CP000140.1	Pd_03649	4329238	4329993	+	9.B.29.2.12
CGC83	null	CP000140.1	Pd_03650	4329986	4331338	+	null
CGC83	STP	CP000140.1	Pd_03651	4331450	4332286	+	Glyoxalase
CGC83	CAZyme	CP000140.1	Pd_03652	4332389	4334236	-	GH13_e102|GH13|GH13_20
CGC83	CAZyme	CP000140.1	Pd_03653	4334434	4337577	+	GH31|GH31_e29
CGC84	TC	CP000140.1	Pd_03745	4441527	4442291	+	1.A.115.1.5
CGC84	null	CP000140.1	Pd_03746	4442334	4443299	+	null
CGC84	null	CP000140.1	Pd_03747	4443238	4444260	+	null
CGC84	CAZyme	CP000140.1	Pd_03748	4444257	4445108	+	CE4|CE4_e119
CGC84	TC	CP000140.1	Pd_03749	4445171	4445761	+	9.B.18.1.2
CGC85	TC	CP000140.1	Pd_03765	4460165	4461274	-	3.A.1.132.3
CGC85	null	CP000140.1	Pd_03766	4461302	4462060	-	null
CGC85	CAZyme	CP000140.1	Pd_03767	4462206	4464104	+	GT2
CGC85	STP	CP000140.1	Pd_03771	4464613	4465590	+	PfkB
CGC85	TC	CP000140.1	Pd_03772	4465639	4467345	+	9.B.174.1.3
CGC86	TC	CP000140.1	Pd_03822	4522275	4522643	-	9.B.55.1.2
CGC86	STP	CP000140.1	Pd_03823	4522647	4523963	-	Peptidase_M23
CGC86	TC	CP000140.1	Pd_03824	4524084	4525460	+	2.A.66.1.28
CGC86	null	CP000140.1	Pd_03825	4525544	4525969	+	null
CGC86	null	CP000140.1	Pd_03826	4525969	4526418	+	null
CGC86	TC	CP000140.1	Pd_03827	4526468	4528525	-	1.B.14.1.4
CGC86	CAZyme	CP000140.1	Pd_03828	4528532	4529725	-	GH171|GH171_e3
CGC87	CAZyme	CP000140.1	Pd_03891	4591421	4592575	+	GT1|GT1_e137
CGC87	STP	CP000140.1	Pd_03892	4592679	4593959	-	Aminotran_1_2
CGC87	TC	CP000140.1	Pd_03893	4594030	4595358	-	2.A.66.1.28
CGC87	null	CP000140.1	Pd_03894	4595436	4596320	+	null
CGC87	null	CP000140.1	Pd_03895	4596428	4598620	-	null
CGC87	TC	CP000140.1	Pd_03896	4598766	4600970	-	3.A.10.1.10
CGC87	null	CP000140.1	Pd_03897	4600986	4601093	+	null
CGC87	null	CP000140.1	Pd_03898	4601137	4601973	+	null
CGC87	CAZyme	CP000140.1	Pd_03899	4602024	4603736	+	GH13_38|GH13_e113
CGC87	TC	CP000140.1	Pd_03900	4603975	4604619	-	9.B.27.2.3
CGC88	CAZyme	CP000140.1	Pd_03972	4680676	4682058	-	GH109|GH0
CGC88	TC	CP000140.1	Pd_03973	4682079	4683656	-	2.A.130.1.2
CGC89	TC	CP000140.1	Pd_04056	4756671	4758758	-	2.A.36.7.10
CGC89	CAZyme	CP000140.1	Pd_04057	4758927	4760714	-	GH15|GH15_e39
CGC89	CAZyme	CP000140.1	Pd_04058	4760744	4762981	-	GT20_e1|GT20
CGC90	TC	CP000140.1	Pd_04075	4779359	4781107	-	8.A.21.2.7
CGC90	null	CP000140.1	Pd_04076	4781138	4782088	-	null
CGC90	CAZyme	CP000140.1	Pd_04077	4782085	4783545	-	GT2
