CGC1	TC	ATFI01000001.1	BcWH2_00098	105281	107104	-	8.A.46.3.4
CGC1	TC	ATFI01000001.1	BcWH2_00099	107117	110638	-	1.B.14.6.1
CGC1	null	ATFI01000001.1	BcWH2_00100	111363	112211	+	null
CGC1	null	ATFI01000001.1	BcWH2_00101	112650	112775	+	null
CGC1	TC	ATFI01000001.1	BcWH2_00102	112894	116043	+	1.B.14.6.2
CGC1	TC	ATFI01000001.1	BcWH2_00103	116057	117709	+	8.A.46.2.2
CGC1	null	ATFI01000001.1	BcWH2_00104	117790	118833	+	null
CGC1	null	ATFI01000001.1	BcWH2_00105	118917	120023	-	null
CGC1	CAZyme	ATFI01000001.1	BcWH2_00106	120204	121370	+	GH171|GH171_e3
CGC1	TC	ATFI01000001.1	BcWH2_00107	121405	122853	+	2.A.21.3.7
CGC1	null	ATFI01000001.1	BcWH2_00108	122876	125980	+	null
CGC1	null	ATFI01000001.1	BcWH2_00109	125995	127854	+	null
CGC1	CAZyme	ATFI01000001.1	BcWH2_00110	127887	129350	+	GT2
CGC1	null	ATFI01000001.1	BcWH2_00111	129496	130428	+	null
CGC1	null	ATFI01000001.1	BcWH2_00112	130435	131799	+	null
CGC1	TC	ATFI01000001.1	BcWH2_00113	131819	133693	+	2.A.1.25.6
CGC1	CAZyme	ATFI01000001.1	BcWH2_00114	133745	134977	+	GH171|GH171_e0
CGC1	null	ATFI01000001.1	BcWH2_00115	135206	138199	+	null
CGC1	TC	ATFI01000001.1	BcWH2_00116	138226	139413	+	9.B.169.4.2
CGC2	TC	ATFI01000001.1	BcWH2_00138	167771	170809	+	1.B.14.6.17
CGC2	TC	ATFI01000001.1	BcWH2_00139	170843	172363	+	1.B.38.1.10
CGC2	CAZyme	ATFI01000001.1	BcWH2_00140	172576	174930	+	GH3_e1|GH3
CGC2	CAZyme	ATFI01000001.1	BcWH2_00141	174965	176290	+	GH144|GH144_e1
CGC2	CAZyme	ATFI01000001.1	BcWH2_00142	176421	178622	-	GH29|GH29_e53
CGC2	CAZyme	ATFI01000001.1	BcWH2_00143	178628	181069	-	GH95|GH95_e1
CGC2	null	ATFI01000001.1	BcWH2_00144	181077	181478	-	null
CGC2	CAZyme	ATFI01000001.1	BcWH2_00145	181501	185064	-	GH106_e12|GH106
CGC2	CAZyme	ATFI01000001.1	BcWH2_00146	185270	186730	-	GH28_e19|GH28
CGC2	TC	ATFI01000001.1	BcWH2_00147	186811	188607	-	8.A.46.1.6
CGC2	TC	ATFI01000001.1	BcWH2_00148	188621	191611	-	1.B.14.6.1
CGC2	TF	ATFI01000001.1	BcWH2_00149	192108	192971	+	HTH_AraC+HTH_AraC
CGC2	CAZyme	ATFI01000001.1	BcWH2_00150	193143	195293	-	GH31|GH31_e68
CGC2	CAZyme	ATFI01000001.1	BcWH2_00151	195316	196833	-	GH29_e47|GH29
CGC2	CAZyme	ATFI01000001.1	BcWH2_00152	196857	199643	-	CBM67|GH78|CBM67_e27|GH78_e43
CGC2	CAZyme	ATFI01000001.1	BcWH2_00153	199655	201952	-	GH78|CBM67|CBM67_e26|GH78_e30
CGC2	CAZyme	ATFI01000001.1	BcWH2_00154	201949	203463	-	GH29_e47|GH29
CGC3	TC	ATFI01000001.1	BcWH2_00158	206631	209699	+	1.B.14.6.17
CGC3	TC	ATFI01000001.1	BcWH2_00159	209728	211194	+	1.B.38.1.10
CGC3	CAZyme	ATFI01000001.1	BcWH2_00160	211302	213623	+	GH3_e1|GH3
CGC3	null	ATFI01000001.1	BcWH2_00161	213650	214510	+	null
CGC3	CAZyme	ATFI01000001.1	BcWH2_00162	214519	215841	+	GH144|GH144_e1
CGC3	STP	ATFI01000001.1	BcWH2_00163	216029	218857	+	Reg_prop+Y_Y_Y+Sigma70_r4_2
CGC3	CAZyme	ATFI01000001.1	BcWH2_00164	218983	220203	+	CE15_e21|CE15
CGC4	CAZyme	ATFI01000001.1	BcWH2_00179	242303	243778	+	GH28_e10|GH28
CGC4	CAZyme	ATFI01000001.1	BcWH2_00180	243820	246291	+	GH95|GH95_e1
CGC4	CAZyme	ATFI01000001.1	BcWH2_00181	246779	249370	-	GH3_e0|GH3
CGC4	null	ATFI01000001.1	BcWH2_00182	249494	251518	-	null
CGC4	TC	ATFI01000001.1	BcWH2_00183	251542	254865	-	1.B.14.6.17
CGC4	null	ATFI01000001.1	BcWH2_00184	254898	255179	+	null
CGC4	TF	ATFI01000001.1	BcWH2_00185	255142	259458	+	HTH_AraC
CGC4	CAZyme	ATFI01000001.1	BcWH2_00186	259452	261470	-	CBM91|GH43_10|CBM91_e53|CBM6|CBM6_e10|GH43_e41
CGC4	TC	ATFI01000001.1	BcWH2_00187	261651	263501	-	4.C.1.1.14
CGC5	CAZyme	ATFI01000001.1	BcWH2_00192	270665	272242	+	GH28|GH28_e96
CGC5	null	ATFI01000001.1	BcWH2_00193	272257	273120	+	null
CGC5	CAZyme	ATFI01000001.1	BcWH2_00194	273120	274508	+	GH28|GH28_e44
CGC5	null	ATFI01000001.1	BcWH2_00195	274536	277289	+	null
CGC5	TC	ATFI01000001.1	BcWH2_00196	277313	280456	+	1.B.14.6.1
CGC5	TC	ATFI01000001.1	BcWH2_00197	280470	282203	+	8.A.46.1.1
CGC5	null	ATFI01000001.1	BcWH2_00198	282224	283456	+	null
CGC5	CAZyme	ATFI01000001.1	BcWH2_00199	283559	286138	+	CBM48_e31|CBM48|GH13_e156|GH13
CGC6	TC	ATFI01000001.1	BcWH2_00211	298968	302138	-	1.B.14.6.1
CGC6	CAZyme	ATFI01000001.1	BcWH2_00212	302151	304010	-	GH13_e235|GH13
CGC6	null	ATFI01000001.1	BcWH2_00213	304027	305373	-	null
CGC6	null	ATFI01000001.1	BcWH2_00214	305376	306905	-	null
CGC6	CAZyme	ATFI01000001.1	BcWH2_00215	306923	309022	-	GH13|GH13_e210
CGC6	null	ATFI01000001.1	BcWH2_00216	309223	310824	-	null
CGC6	CAZyme	ATFI01000001.1	BcWH2_00217	311115	313535	-	GH16_3|GH0|GH16_e147
CGC6	CAZyme	ATFI01000001.1	BcWH2_00218	313540	315411	-	GH29|CBM32_e126|CBM32|GH29_e30
CGC6	CAZyme	ATFI01000001.1	BcWH2_00219	315437	318517	-	GH2_e30|GH2
CGC6	CAZyme	ATFI01000001.1	BcWH2_00220	318530	320845	-	GH20|GH20_e135
CGC6	null	ATFI01000001.1	BcWH2_00221	320872	322455	-	null
CGC6	null	ATFI01000001.1	BcWH2_00222	322575	324392	-	null
CGC6	TC	ATFI01000001.1	BcWH2_00223	324412	327624	-	1.B.14.6.1
CGC6	TF	ATFI01000001.1	BcWH2_00224	327945	331796	+	HTH_AraC
CGC6	CAZyme	ATFI01000001.1	BcWH2_00225	331876	332808	-	GH159|GH159_e6
CGC6	null	ATFI01000001.1	BcWH2_00226	332835	334007	-	null
CGC6	CAZyme	ATFI01000001.1	BcWH2_00227	334010	336343	-	GH146|GH146_e0
CGC6	CAZyme	ATFI01000001.1	BcWH2_00228	336355	338355	-	GH50|GH50_e5
CGC6	CAZyme	ATFI01000001.1	BcWH2_00229	338390	339454	-	GH159|GH159_e1
CGC6	CAZyme	ATFI01000001.1	BcWH2_00230	339468	341402	-	CE20_e20|CE20
CGC6	null	ATFI01000001.1	BcWH2_00231	341691	343355	-	null
CGC6	TC	ATFI01000001.1	BcWH2_00232	343378	346113	-	1.B.14.6.17
CGC6	null	ATFI01000001.1	BcWH2_00233	346183	348003	-	null
CGC6	TC	ATFI01000001.1	BcWH2_00234	348017	351136	-	1.B.14.6.17
CGC6	TF	ATFI01000001.1	BcWH2_00235	351434	355528	+	HTH_AraC
CGC6	null	ATFI01000001.1	BcWH2_00236	355531	357057	-	null
CGC6	CAZyme	ATFI01000001.1	BcWH2_00237	357093	359774	-	GH2_e50|GH2
CGC7	TC	ATFI01000001.1	BcWH2_00247	373152	374603	+	2.A.128.2.3
CGC7	TC	ATFI01000001.1	BcWH2_00248	374680	375948	+	9.B.146.1.6
CGC7	null	ATFI01000001.1	BcWH2_00249	376081	377415	+	null
CGC7	TC	ATFI01000001.1	BcWH2_00250	377538	378815	+	2.A.103.1.3
CGC7	CAZyme	ATFI01000001.1	BcWH2_00251	378863	380032	+	GT28_e43|GT28
CGC8	TC	ATFI01000001.1	BcWH2_00271	402999	406139	+	1.B.14.6.17
CGC8	TC	ATFI01000001.1	BcWH2_00272	406168	407814	+	1.B.38.1.10
CGC8	TC	ATFI01000001.1	BcWH2_00273	407917	408195	+	2.A.124.1.2
CGC8	TC	ATFI01000001.1	BcWH2_00274	408192	408797	+	2.A.124.1.2
CGC8	CAZyme	ATFI01000001.1	BcWH2_00275	408905	412057	+	GH2_e30|GH2
CGC8	CAZyme	ATFI01000001.1	BcWH2_00276	412112	414040	+	GH63_e18|GH63
CGC8	TC	ATFI01000001.1	BcWH2_00277	414121	416325	-	3.A.10.1.10
CGC9	CAZyme	ATFI01000001.1	BcWH2_00304	446549	448693	-	GH97|GH97_e22
CGC9	CAZyme	ATFI01000001.1	BcWH2_00305	449037	450362	-	GH13_e188|GH13
CGC9	CAZyme	ATFI01000001.1	BcWH2_00306	450364	451707	-	GH13_e188|GH13
CGC9	null	ATFI01000001.1	BcWH2_00307	451871	453550	-	null
CGC9	null	ATFI01000001.1	BcWH2_00308	453569	455365	-	null
CGC9	TC	ATFI01000001.1	BcWH2_00309	455500	458478	-	1.B.14.6.1
CGC10	TC	ATFI01000001.1	BcWH2_00325	476789	478195	+	1.C.39.13.8
CGC10	null	ATFI01000001.1	BcWH2_00326	478946	479908	+	null
CGC10	CAZyme	ATFI01000001.1	BcWH2_00327	480142	481275	+	GT4|GT4_e375
CGC10	CAZyme	ATFI01000001.1	BcWH2_00328	481272	482411	+	GT4|GT4_e3070
CGC10	CAZyme	ATFI01000001.1	BcWH2_00329	482405	483220	+	GT2
CGC10	CAZyme	ATFI01000001.1	BcWH2_00330	483230	484357	-	GT4_e1826|GT4
CGC10	CAZyme	ATFI01000001.1	BcWH2_00331	484367	485473	-	GT4_e1826|GT4
CGC10	CAZyme	ATFI01000001.1	BcWH2_00332	485470	486438	-	GT2
CGC10	null	ATFI01000001.1	BcWH2_00333	486479	487564	-	null
CGC10	CAZyme	ATFI01000001.1	BcWH2_00334	487595	488581	-	GT2
CGC10	CAZyme	ATFI01000001.1	BcWH2_00335	488613	489611	-	GT2
CGC10	CAZyme	ATFI01000001.1	BcWH2_00336	489620	490420	-	GT2
CGC11	TC	ATFI01000001.1	BcWH2_00371	528029	530233	+	3.A.1.112.10
CGC11	null	ATFI01000001.1	BcWH2_00372	530242	531561	+	null
CGC11	TC	ATFI01000001.1	BcWH2_00373	531601	534318	+	1.C.105.2.12
CGC11	null	ATFI01000001.1	BcWH2_00374	534417	535961	-	null
CGC11	CAZyme	ATFI01000001.1	BcWH2_00375	536094	537308	-	GH88|GH88_e11
CGC11	null	ATFI01000001.1	BcWH2_00376	537464	537868	+	null
CGC11	null	ATFI01000001.1	BcWH2_00377	537874	538755	-	null
CGC11	TC	ATFI01000001.1	BcWH2_00378	538700	540622	-	1.B.93.3.1
CGC11	TC	ATFI01000001.1	BcWH2_00379	541222	542394	+	8.A.1.6.3
CGC11	TC	ATFI01000001.1	BcWH2_00380	542485	545697	+	2.A.6.2.22
CGC11	TC	ATFI01000001.1	BcWH2_00381	545725	547113	+	2.A.6.2.5
CGC12	TC	ATFI01000001.1	BcWH2_00388	556996	560136	+	1.B.14.6.1
CGC12	TC	ATFI01000001.1	BcWH2_00389	560154	561758	+	8.A.46.1.3
CGC12	CAZyme	ATFI01000001.1	BcWH2_00390	561888	564791	+	PL8_e21|PL8_2
CGC12	TC	ATFI01000001.1	BcWH2_00391	564960	568043	+	1.B.14.6.17
CGC12	TC	ATFI01000001.1	BcWH2_00392	568069	569583	+	8.A.46.1.3
CGC12	CAZyme	ATFI01000001.1	BcWH2_00393	569766	572231	-	PL30_e0|PL30
CGC12	CAZyme	ATFI01000001.1	BcWH2_00394	572674	573801	+	GH117_e14|GH117
CGC12	null	ATFI01000001.1	BcWH2_00395	573836	574777	+	null
CGC12	null	ATFI01000001.1	BcWH2_00396	574787	576154	-	null
CGC12	CAZyme	ATFI01000001.1	BcWH2_00397	576183	579269	-	PL8_e13|PL8_2
CGC13	CAZyme	ATFI01000001.1	BcWH2_00406	589432	590982	+	GH30_e41|GH30_3
CGC13	null	ATFI01000001.1	BcWH2_00407	591033	592430	+	null
CGC13	TC	ATFI01000001.1	BcWH2_00408	592473	595679	+	1.B.14.6.17
CGC13	null	ATFI01000001.1	BcWH2_00409	595700	597676	+	null
CGC13	CAZyme	ATFI01000001.1	BcWH2_00410	597815	600481	+	CBM57|CBM57_e12|GH2_e35|GH2
CGC13	CAZyme	ATFI01000001.1	BcWH2_00411	600500	602833	+	GH88|GH88_e11|PL38_e14|PL38
CGC14	TC	ATFI01000001.1	BcWH2_00423	619474	620043	-	9.B.171.1.2
CGC14	null	ATFI01000001.1	BcWH2_00424	620325	620459	+	null
CGC14	null	ATFI01000001.1	BcWH2_00425	620738	621172	+	null
CGC14	CAZyme	ATFI01000001.1	BcWH2_00426	621491	623713	-	GH3_e10|GH3
CGC14	CAZyme	ATFI01000001.1	BcWH2_00427	623942	625189	-	GH5_e100|GH5_46
CGC14	CAZyme	ATFI01000001.1	BcWH2_00428	625208	626683	-	GH30_e41|GH30_3
CGC15	TC	ATFI01000001.1	BcWH2_00501	713700	715694	-	9.B.34.1.7
CGC15	CAZyme	ATFI01000001.1	BcWH2_00502	715967	717925	-	CE20_e20|CE20
CGC15	null	ATFI01000001.1	BcWH2_00503	717940	718029	-	null
CGC15	TC	ATFI01000001.1	BcWH2_00504	718134	719366	+	9.B.156.3.1
CGC16	CAZyme	ATFI01000001.1	BcWH2_00508	722020	722997	-	GH43_3|GH43_e310
CGC16	CAZyme	ATFI01000001.1	BcWH2_00509	723012	724043	-	GH43_3|GH43_e310
CGC16	null	ATFI01000001.1	BcWH2_00510	724052	725872	-	null
CGC16	TC	ATFI01000001.1	BcWH2_00511	725907	729029	-	1.B.14.6.17
CGC16	null	ATFI01000001.1	BcWH2_00512	729357	732110	-	null
CGC16	CAZyme	ATFI01000001.1	BcWH2_00513	732410	734956	-	GH31|GH31_e65
CGC16	CAZyme	ATFI01000001.1	BcWH2_00514	735226	738198	-	GH115|GH115_e6
CGC16	CAZyme	ATFI01000001.1	BcWH2_00515	738224	739330	-	GH105_e43|GH105
CGC16	CAZyme	ATFI01000001.1	BcWH2_00516	739395	740564	-	GH130_e20|GH130
CGC16	null	ATFI01000001.1	BcWH2_00517	740581	742443	-	null
CGC16	CAZyme	ATFI01000001.1	BcWH2_00518	742453	745173	-	GH2_e51|GH2
CGC16	CAZyme	ATFI01000001.1	BcWH2_00519	745225	746328	-	GH105_e43|GH105
CGC16	TF	ATFI01000001.1	BcWH2_00520	746865	750890	-	HTH_AraC+HTH_AraC
CGC16	CAZyme	ATFI01000001.1	BcWH2_00521	751078	752040	-	GH43_e199|GH43_31
CGC16	null	ATFI01000001.1	BcWH2_00522	752092	753642	-	null
CGC16	TC	ATFI01000001.1	BcWH2_00523	753737	755557	-	1.B.38.1.10
CGC16	TC	ATFI01000001.1	BcWH2_00524	755569	758898	-	1.B.14.6.17
CGC17	TC	ATFI01000001.1	BcWH2_00564	807490	810753	+	1.B.14.6.17
CGC17	TC	ATFI01000001.1	BcWH2_00565	810802	812808	+	8.A.46.3.4
CGC17	null	ATFI01000001.1	BcWH2_00566	812862	814484	+	null
CGC17	CAZyme	ATFI01000001.1	BcWH2_00567	814489	817593	+	GH2_e30|GH2
CGC17	null	ATFI01000001.1	BcWH2_00568	817613	818671	+	null
CGC17	CAZyme	ATFI01000001.1	BcWH2_00569	819171	820370	+	GH76|GH76_e42
CGC17	CAZyme	ATFI01000001.1	BcWH2_00570	820400	821866	+	GH125|GH125_e1
CGC17	CAZyme	ATFI01000001.1	BcWH2_00571	821881	823002	+	GH105_e43|GH105
CGC17	CAZyme	ATFI01000001.1	BcWH2_00572	823024	824970	+	GH97|GH97_e5
CGC17	CAZyme	ATFI01000001.1	BcWH2_00573	824986	827136	+	GH67|GH67_e0
CGC17	null	ATFI01000001.1	BcWH2_00574	827147	829075	+	null
CGC17	TC	ATFI01000001.1	BcWH2_00575	829145	832255	+	1.B.14.6.17
CGC18	TC	ATFI01000001.1	BcWH2_00588	855749	858826	+	1.B.14.6.17
CGC18	null	ATFI01000001.1	BcWH2_00589	858847	860853	+	null
CGC18	null	ATFI01000001.1	BcWH2_00590	860877	861713	+	null
CGC18	CAZyme	ATFI01000001.1	BcWH2_00591	861852	863330	+	GH30_2|GH30_e11
CGC18	TF	ATFI01000001.1	BcWH2_00592	863693	867730	-	Mga+HTH_AraC
CGC18	null	ATFI01000001.1	BcWH2_00593	867932	869446	+	null
CGC18	TC	ATFI01000001.1	BcWH2_00594	869466	872504	+	1.B.14.6.17
CGC18	TC	ATFI01000001.1	BcWH2_00595	872517	874175	+	1.B.38.1.10
CGC18	CAZyme	ATFI01000001.1	BcWH2_00596	874283	875890	+	GH30_e67|GH30_4
CGC18	CAZyme	ATFI01000001.1	BcWH2_00597	875900	878335	+	GH2_e16|GH2
CGC18	CAZyme	ATFI01000001.1	BcWH2_00598	878358	879926	+	GH30_e42|GH30_4
CGC19	TC	ATFI01000001.1	BcWH2_00603	885783	888746	-	1.B.14.6.17
CGC19	CAZyme	ATFI01000001.1	BcWH2_00604	888789	891179	-	GH95_e13|GH95
CGC20	TC	ATFI01000001.1	BcWH2_00612	900163	901104	-	9.B.391.1.3
CGC20	CAZyme	ATFI01000001.1	BcWH2_00613	901058	903010	-	CBM62|CBM62_e1
CGC21	CAZyme	ATFI01000001.1	BcWH2_00626	916617	917618	+	GH43_3|GH43_e310
CGC21	CAZyme	ATFI01000001.1	BcWH2_00627	917631	919940	+	GH3_e86|GH3
CGC21	TC	ATFI01000001.1	BcWH2_00628	920084	923272	+	1.B.14.6.17
CGC21	TC	ATFI01000001.1	BcWH2_00629	923285	924997	+	8.A.46.1.3
CGC21	CAZyme	ATFI01000001.1	BcWH2_00630	925103	927418	+	GH139_e0|GH139
CGC22	CAZyme	ATFI01000001.1	BcWH2_00663	967209	968591	+	GH105_e7|GH105
CGC22	null	ATFI01000001.1	BcWH2_00664	968621	968809	+	null
CGC22	CAZyme	ATFI01000001.1	BcWH2_00665	968973	971303	+	GH95|GH95_e1
CGC22	null	ATFI01000001.1	BcWH2_00666	971484	971705	+	null
CGC22	null	ATFI01000001.1	BcWH2_00667	971726	974563	+	null
CGC22	TC	ATFI01000001.1	BcWH2_00668	974679	975581	+	2.A.115.1.2
CGC23	CAZyme	ATFI01000001.1	BcWH2_00706	1030757	1032841	-	GH43_35|GH43_e68
CGC23	CAZyme	ATFI01000001.1	BcWH2_00707	1033313	1035832	+	GH51|GH51_e27
CGC23	CAZyme	ATFI01000001.1	BcWH2_00708	1035897	1037738	+	GH43_10|CBM91_e51|CBM91|GH43|GH43_e118
CGC23	CAZyme	ATFI01000001.1	BcWH2_00709	1038179	1040596	+	GH146|GH146_e13
CGC23	CAZyme	ATFI01000001.1	BcWH2_00710	1040942	1042834	+	GH97|GH97_e16
CGC23	CAZyme	ATFI01000001.1	BcWH2_00711	1042840	1045935	+	GH2_e1|GH2
CGC23	CAZyme	ATFI01000001.1	BcWH2_00712	1046066	1048510	+	GH31|GH31_e94
CGC23	CAZyme	ATFI01000001.1	BcWH2_00713	1048550	1050175	+	GH43_10|CBM91_e4|CBM91|GH43_e82
CGC23	CAZyme	ATFI01000001.1	BcWH2_00714	1050189	1052129	+	GH97|GH97_e18
CGC23	CAZyme	ATFI01000001.1	BcWH2_00715	1052148	1053509	+	GH43_e59|GH43_29|CBM6|CBM6_e0
CGC23	CAZyme	ATFI01000001.1	BcWH2_00716	1053525	1056146	+	GH31_e92|GH31
CGC23	CAZyme	ATFI01000001.1	BcWH2_00717	1056196	1058217	+	GH27_e45|CBM51_e35|GH27|CBM51
CGC23	CAZyme	ATFI01000001.1	BcWH2_00718	1058258	1059328	+	GH43_e90|GH43_29
CGC23	CAZyme	ATFI01000001.1	BcWH2_00719	1059359	1062043	+	GH27_e28|CBM6_e0|GH43_e59|CBM6|GH27|GH43_29
CGC23	null	ATFI01000001.1	BcWH2_00720	1062238	1062816	+	null
CGC23	TC	ATFI01000001.1	BcWH2_00721	1063089	1064660	-	3.D.10.1.4
CGC24	CAZyme	ATFI01000001.1	BcWH2_00776	1135859	1137190	-	CBM6_e71|GH43_e229|CBM6|GH43_2
CGC24	CAZyme	ATFI01000001.1	BcWH2_00777	1137452	1140058	-	GH3_e0|GH3
CGC24	CAZyme	ATFI01000001.1	BcWH2_00778	1140107	1141165	-	GH43_e193|GH43_17
CGC24	CAZyme	ATFI01000001.1	BcWH2_00779	1141330	1143807	-	GH9_e1|GH9
CGC24	null	ATFI01000001.1	BcWH2_00780	1144136	1145872	-	null
CGC24	TC	ATFI01000001.1	BcWH2_00781	1145896	1149027	-	1.B.14.6.17
CGC24	CAZyme	ATFI01000001.1	BcWH2_00782	1149287	1150738	-	CBM13|GH43_7|GH43_e167|CBM13_e223
CGC24	null	ATFI01000001.1	BcWH2_00783	1150741	1151439	-	null
CGC24	CAZyme	ATFI01000001.1	BcWH2_00784	1151468	1152625	-	CE1_e22|CBM48_e68|CBM48|CE1
CGC25	CAZyme	ATFI01000001.1	BcWH2_00806	1175869	1176483	-	CE4|CE4_e140
CGC25	TC	ATFI01000001.1	BcWH2_00807	1176614	1178116	-	9.B.142.9.16
CGC25	TC	ATFI01000001.1	BcWH2_00808	1178104	1179960	-	9.B.142.9.16
CGC25	TC	ATFI01000001.1	BcWH2_00809	1180136	1180918	-	3.A.1.15.15
CGC25	TC	ATFI01000001.1	BcWH2_00810	1180942	1181874	-	3.A.1.15.1
CGC26	TC	ATFI01000001.1	BcWH2_00836	1216737	1217840	+	3.A.11.1.3
CGC26	CAZyme	ATFI01000001.1	BcWH2_00837	1217976	1220045	+	GH42_e15|GH42
CGC26	null	ATFI01000001.1	BcWH2_00838	1220078	1220176	+	null
CGC26	TF	ATFI01000001.1	BcWH2_00839	1220173	1224114	+	HTH_AraC+HTH_AraC
CGC26	CAZyme	ATFI01000001.1	BcWH2_00840	1224282	1227104	+	CBM13|CBM13_e332
CGC26	CAZyme	ATFI01000001.1	BcWH2_00841	1227286	1229685	+	GH2_e31|GH2
CGC26	TC	ATFI01000001.1	BcWH2_00842	1229897	1233064	+	1.B.14.6.1
CGC26	null	ATFI01000001.1	BcWH2_00843	1233118	1235106	+	null
CGC26	CAZyme	ATFI01000001.1	BcWH2_00844	1235130	1236473	+	CBM32_e183|CBM32
CGC26	CAZyme	ATFI01000001.1	BcWH2_00845	1236585	1238153	+	GH30_e42|GH30_4
CGC26	CAZyme	ATFI01000001.1	BcWH2_00846	1238323	1240836	+	GH51|GH51_e27
CGC26	STP	ATFI01000001.1	BcWH2_00847	1241438	1241998	+	Sigma70_r2+Sigma70_r4_2
CGC26	STP	ATFI01000001.1	BcWH2_00848	1242073	1243020	+	FecR
CGC26	TC	ATFI01000001.1	BcWH2_00849	1243171	1246611	+	1.B.14.6.17
CGC26	TC	ATFI01000001.1	BcWH2_00850	1246625	1248568	+	8.A.46.1.6
CGC26	CAZyme	ATFI01000001.1	BcWH2_00851	1248587	1252234	+	CBM67|CBM67_e28|GH78|GH78_e85
CGC26	null	ATFI01000001.1	BcWH2_00852	1252296	1252466	-	null
CGC26	TC	ATFI01000001.1	BcWH2_00853	1252587	1253933	-	2.A.1.4.6
CGC27	TC	ATFI01000001.1	BcWH2_00867	1272157	1274508	+	9.B.238.3.2
CGC27	TF	ATFI01000001.1	BcWH2_00868	1274758	1278498	+	HTH_AraC+HTH_AraC
CGC27	CAZyme	ATFI01000001.1	BcWH2_00869	1278715	1281021	+	GH3_e86|GH3
CGC27	CAZyme	ATFI01000001.1	BcWH2_00870	1281111	1283528	+	GH3_e98|GH3
CGC27	TC	ATFI01000001.1	BcWH2_00871	1283681	1286701	+	1.B.14.6.17
CGC27	null	ATFI01000001.1	BcWH2_00872	1286760	1288307	+	null
CGC27	CAZyme	ATFI01000001.1	BcWH2_00873	1288314	1289723	+	GH50|GH50_e13
CGC27	CAZyme	ATFI01000001.1	BcWH2_00874	1289819	1292068	+	GH3_e1|GH3
CGC27	TC	ATFI01000001.1	BcWH2_00875	1292162	1292917	-	3.D.10.1.5
CGC27	TC	ATFI01000001.1	BcWH2_00876	1293044	1295023	-	3.D.10.1.5
CGC27	TC	ATFI01000001.1	BcWH2_00877	1295061	1295759	-	3.D.10.1.2
CGC27	TF	ATFI01000001.1	BcWH2_00878	1295949	1296860	-	none
CGC27	null	ATFI01000001.1	BcWH2_00879	1296912	1297568	+	null
CGC27	TC	ATFI01000001.1	BcWH2_00880	1297677	1299344	-	9.B.174.1.1
CGC28	TC	ATFI01000001.1	BcWH2_00885	1304073	1305032	-	2.A.19.5.2
CGC28	TC	ATFI01000001.1	BcWH2_00886	1305096	1306955	+	1.A.23.1.4
CGC28	null	ATFI01000001.1	BcWH2_00887	1307192	1308532	-	null
CGC28	null	ATFI01000001.1	BcWH2_00888	1308624	1309553	-	null
CGC28	TC	ATFI01000001.1	BcWH2_00889	1309586	1312402	-	1.B.14.12.2
CGC28	CAZyme	ATFI01000001.1	BcWH2_00890	1312763	1314307	-	GH29|GH29_e53
CGC28	null	ATFI01000001.1	BcWH2_00891	1314394	1314777	-	null
CGC28	CAZyme	ATFI01000001.1	BcWH2_00892	1315053	1317413	-	GH141_e24|CBM32|GH141
CGC28	CAZyme	ATFI01000001.1	BcWH2_00893	1317495	1319135	-	GH29_e82|GH29
CGC28	null	ATFI01000001.1	BcWH2_00894	1319474	1320604	-	null
CGC28	CAZyme	ATFI01000001.1	BcWH2_00895	1320876	1322135	-	GH8|GH8_e12
CGC28	CAZyme	ATFI01000001.1	BcWH2_00896	1322175	1324766	-	GH3_e0|GH3
CGC29	TC	ATFI01000001.1	BcWH2_00903	1332409	1333986	+	2.A.21.3.19
CGC29	CAZyme	ATFI01000001.1	BcWH2_00904	1334016	1335047	+	GH130_e18|GH130
CGC29	TC	ATFI01000001.1	BcWH2_00905	1335295	1338402	+	1.B.14.6.1
CGC29	null	ATFI01000001.1	BcWH2_00906	1338417	1339925	+	null
CGC29	null	ATFI01000001.1	BcWH2_00907	1339940	1340902	+	null
CGC29	CAZyme	ATFI01000001.1	BcWH2_00908	1340911	1342368	+	GH173|GH173_e1
CGC29	CAZyme	ATFI01000001.1	BcWH2_00909	1342396	1343877	+	GH173|GH173_e2
CGC29	CAZyme	ATFI01000001.1	BcWH2_00910	1343888	1345060	+	GH26|GH26_e35
CGC29	CAZyme	ATFI01000001.1	BcWH2_00911	1345380	1347977	-	GH2_e80|GH2
CGC29	CAZyme	ATFI01000001.1	BcWH2_00912	1347987	1350239	-	GH3_e1|GH3
CGC29	TC	ATFI01000001.1	BcWH2_00913	1350814	1352028	-	3.B.1.1.4
CGC30	TC	ATFI01000001.1	BcWH2_00925	1364344	1365777	+	2.A.1.7.5
CGC30	CAZyme	ATFI01000001.1	BcWH2_00926	1365806	1366990	+	GH172|GH172_e6
CGC30	TC	ATFI01000001.1	BcWH2_00927	1367229	1370408	+	1.B.14.6.1
CGC31	CAZyme	ATFI01000001.1	BcWH2_00944	1392114	1393574	-	GH28|GH28_e26
CGC31	CAZyme	ATFI01000001.1	BcWH2_00945	1393577	1395790	-	GH92|GH92_e0
CGC31	CAZyme	ATFI01000001.1	BcWH2_00946	1395796	1397865	-	GH92_e11|GH92
CGC31	null	ATFI01000001.1	BcWH2_00947	1397942	1399492	-	null
CGC31	TC	ATFI01000001.1	BcWH2_00948	1399517	1402864	-	1.B.14.6.1
CGC32	TC	ATFI01000001.1	BcWH2_00954	1406010	1406876	-	8.A.11.1.2
CGC32	null	ATFI01000001.1	BcWH2_00955	1406897	1407493	-	null
CGC32	null	ATFI01000001.1	BcWH2_00956	1407685	1408386	+	null
CGC32	CAZyme	ATFI01000001.1	BcWH2_00957	1408556	1409302	-	GT2
CGC32	CAZyme	ATFI01000001.1	BcWH2_00958	1409295	1410560	-	GT4_e1535|GT4
CGC32	CAZyme	ATFI01000001.1	BcWH2_00959	1410557	1411882	-	GT4_e1535|GT4
CGC33	CAZyme	ATFI01000001.1	BcWH2_00963	1414975	1415838	+	GT2
CGC33	null	ATFI01000001.1	BcWH2_00964	1415872	1416372	+	null
CGC33	null	ATFI01000001.1	BcWH2_00965	1416354	1416464	-	null
CGC33	CAZyme	ATFI01000001.1	BcWH2_00966	1416477	1417490	-	GT2
CGC33	TC	ATFI01000001.1	BcWH2_00967	1417490	1418938	-	2.A.66.2.7
CGC33	null	ATFI01000001.1	BcWH2_00968	1419100	1420785	-	null
CGC33	null	ATFI01000001.1	BcWH2_00969	1420804	1422843	-	null
CGC33	TC	ATFI01000001.1	BcWH2_00970	1422976	1424031	-	1.C.39.13.3
CGC34	CAZyme	ATFI01000001.1	BcWH2_00992	1451406	1453535	+	GH89|GH89_e7
CGC34	TC	ATFI01000001.1	BcWH2_00993	1453583	1454689	+	9.B.169.4.2
CGC34	CAZyme	ATFI01000001.1	BcWH2_00994	1454692	1457022	+	GH92|GH92_e23
CGC34	CAZyme	ATFI01000001.1	BcWH2_00995	1457180	1458589	+	GH28|GH28_e30
CGC35	CAZyme	ATFI01000001.1	BcWH2_00999	1463487	1465760	-	GH92|GH92_e14
CGC35	TC	ATFI01000001.1	BcWH2_01000	1465957	1467594	-	8.A.46.1.1
CGC35	TC	ATFI01000001.1	BcWH2_01001	1467618	1470638	-	1.B.14.6.1
CGC36	TC	ATFI01000001.1	BcWH2_01010	1481341	1482414	-	9.B.238.3.2
CGC36	null	ATFI01000001.1	BcWH2_01011	1482555	1482887	+	null
CGC36	TC	ATFI01000001.1	BcWH2_01012	1482884	1484116	+	3.A.1.125.1
CGC36	CAZyme	ATFI01000001.1	BcWH2_01013	1484379	1487882	+	GH106_e18|GH106
CGC36	TF	ATFI01000001.1	BcWH2_01014	1487968	1492017	-	HTH_AraC
CGC36	TC	ATFI01000001.1	BcWH2_01015	1492552	1495626	+	1.B.14.6.17
CGC36	TC	ATFI01000001.1	BcWH2_01016	1495647	1497371	+	8.A.46.1.6
CGC36	CAZyme	ATFI01000001.1	BcWH2_01017	1497478	1500111	+	PL8_3|PL8_e34|PL8
CGC36	CAZyme	ATFI01000001.1	BcWH2_01018	1500127	1501533	+	GH79|GH79_e25
CGC36	CAZyme	ATFI01000001.1	BcWH2_01019	1501536	1503611	+	PL8_3|PL8_e34|PL8
CGC36	CAZyme	ATFI01000001.1	BcWH2_01020	1503623	1506322	+	GH2_e51|GH2
CGC36	CAZyme	ATFI01000001.1	BcWH2_01021	1506319	1508916	+	GH2_e80|GH2
CGC36	CAZyme	ATFI01000001.1	BcWH2_01022	1508939	1510129	+	GH88|GH88_e11
CGC36	CAZyme	ATFI01000001.1	BcWH2_01023	1510143	1511606	+	GH28|GH28_e96
CGC36	CAZyme	ATFI01000001.1	BcWH2_01024	1511611	1516377	+	GH78_e31|CBM67|PL8_3|CBM67_e3|GH78|PL8_e34
CGC36	TF	ATFI01000001.1	BcWH2_01025	1516494	1517252	+	LytTR
CGC36	TC	ATFI01000001.1	BcWH2_01026	1517266	1518270	+	9.B.304.1.4
CGC36	TC	ATFI01000001.1	BcWH2_01027	1518404	1519306	+	9.B.155.2.4
CGC36	null	ATFI01000001.1	BcWH2_01028	1519789	1520325	+	null
CGC36	null	ATFI01000001.1	BcWH2_01029	1520831	1522231	+	null
CGC36	CAZyme	ATFI01000001.1	BcWH2_01030	1522338	1525124	-	GH2_e125|GH2
CGC36	CAZyme	ATFI01000001.1	BcWH2_01031	1525134	1527044	-	PL17_e5|PL17
CGC36	CAZyme	ATFI01000001.1	BcWH2_01032	1527047	1528816	-	GH105_e29|GH105
CGC36	null	ATFI01000001.1	BcWH2_01033	1528916	1529053	-	null
CGC36	CAZyme	ATFI01000001.1	BcWH2_01034	1529050	1531800	-	GH2_e97|GH2
CGC36	CAZyme	ATFI01000001.1	BcWH2_01035	1531830	1533452	-	GH30_4|GH30_e25
CGC36	TC	ATFI01000001.1	BcWH2_01036	1533487	1535106	-	8.A.46.1.5
CGC36	TC	ATFI01000001.1	BcWH2_01037	1535120	1538152	-	1.B.14.6.17
CGC36	null	ATFI01000001.1	BcWH2_01038	1538163	1539458	-	null
CGC36	STP	ATFI01000001.1	BcWH2_01039	1539604	1542927	-	TPR_1+TPR_2+TPR_2
CGC36	TC	ATFI01000001.1	BcWH2_01040	1543026	1544411	-	2.A.1.1.3
CGC36	TF	ATFI01000001.1	BcWH2_01041	1544595	1545473	+	Pox_VLTF3+HTH_AraC+HTH_AraC
CGC36	TC	ATFI01000001.1	BcWH2_01042	1545564	1548077	-	9.B.144.1.4
CGC36	TC	ATFI01000001.1	BcWH2_01043	1548160	1549578	-	8.A.151.1.1
CGC36	TC	ATFI01000001.1	BcWH2_01044	1549700	1550923	+	9.B.34.1.7
CGC36	TC	ATFI01000001.1	BcWH2_01045	1551009	1552655	-	4.C.1.1.6
CGC36	TF	ATFI01000001.1	BcWH2_01046	1552761	1553336	-	HTH_3
CGC36	CAZyme	ATFI01000001.1	BcWH2_01047	1553748	1555043	-	CE7|CE7_e10
CGC36	null	ATFI01000001.1	BcWH2_01048	1555067	1555975	-	null
CGC36	CAZyme	ATFI01000001.1	BcWH2_01049	1556061	1558541	-	GH95|GH95_e1
CGC36	CAZyme	ATFI01000001.1	BcWH2_01050	1558556	1560808	-	GH97_e8|GH97
CGC36	CAZyme	ATFI01000001.1	BcWH2_01051	1560828	1562975	-	GH31|GH31_e68
CGC37	TC	ATFI01000001.1	BcWH2_01102	1635300	1637057	+	9.B.174.1.3
CGC37	TF	ATFI01000001.1	BcWH2_01103	1637205	1640042	+	GerE
CGC37	CAZyme	ATFI01000001.1	BcWH2_01104	1640213	1642504	+	GH3_e1|GH3
CGC37	TC	ATFI01000001.1	BcWH2_01105	1642737	1645712	+	1.B.14.6.17
CGC37	TC	ATFI01000001.1	BcWH2_01106	1645745	1647262	+	1.B.38.1.10
CGC37	null	ATFI01000001.1	BcWH2_01107	1647274	1648113	+	null
CGC37	CAZyme	ATFI01000001.1	BcWH2_01108	1648137	1649777	+	GH144|GH144_e5
CGC37	CAZyme	ATFI01000001.1	BcWH2_01109	1649793	1651103	+	GH144|GH144_e5
CGC37	null	ATFI01000001.1	BcWH2_01110	1651119	1651973	+	null
CGC37	null	ATFI01000001.1	BcWH2_01111	1651978	1653546	+	null
CGC37	CAZyme	ATFI01000001.1	BcWH2_01112	1653563	1655287	+	CBM32_e188|CBM32|GH43_28|GH43_e302
CGC38	TC	ATFI01000001.1	BcWH2_01192	1772742	1775069	+	9.B.238.3.2
CGC38	null	ATFI01000001.1	BcWH2_01193	1775176	1776435	+	null
CGC38	TC	ATFI01000001.1	BcWH2_01194	1776439	1777536	+	2.A.6.1.5
CGC38	TC	ATFI01000001.1	BcWH2_01195	1777554	1780679	+	2.A.6.1.17
CGC38	TF	ATFI01000001.1	BcWH2_01196	1780716	1781393	+	Trans_reg_C
CGC38	STP	ATFI01000001.1	BcWH2_01197	1781407	1782738	+	HisKA+HATPase_c
CGC38	CAZyme	ATFI01000001.1	BcWH2_01198	1782822	1785329	+	GH33|CE17|CE17_e0
CGC38	TC	ATFI01000001.1	BcWH2_01199	1785546	1788731	+	1.B.14.6.17
CGC38	TC	ATFI01000001.1	BcWH2_01200	1788753	1790435	+	8.A.46.1.3
CGC39	TC	ATFI01000001.1	BcWH2_01259	1871404	1873464	-	9.B.28.5.3
CGC39	null	ATFI01000001.1	BcWH2_01260	1873562	1875079	+	null
CGC39	CAZyme	ATFI01000001.1	BcWH2_01261	1875090	1876310	+	GT30_e38|GT30
CGC40	TC	ATFI01000001.1	BcWH2_01330	1932582	1934069	+	2.A.50.2.3
CGC40	CAZyme	ATFI01000001.1	BcWH2_01331	1934103	1936433	-	GH20_e12|GH20
CGC40	CAZyme	ATFI01000001.1	BcWH2_01332	1936535	1938085	-	GH20|GH20_e86
CGC40	null	ATFI01000001.1	BcWH2_01333	1938098	1938865	-	null
CGC40	CAZyme	ATFI01000001.1	BcWH2_01334	1938862	1940058	-	CE9|CE9_e78
CGC40	TC	ATFI01000001.1	BcWH2_01335	1940034	1941365	-	2.A.1.7.9
CGC40	TC	ATFI01000001.1	BcWH2_01336	1941372	1942493	-	9.B.169.4.2
CGC40	CAZyme	ATFI01000001.1	BcWH2_01337	1942736	1943773	-	GH18_e419|GH18
CGC40	null	ATFI01000001.1	BcWH2_01338	1943790	1944143	-	null
CGC40	TC	ATFI01000001.1	BcWH2_01339	1944174	1945763	-	8.A.46.2.2
CGC40	TC	ATFI01000001.1	BcWH2_01340	1945777	1948932	-	1.B.14.6.2
CGC40	TF	ATFI01000001.1	BcWH2_01341	1948987	1950183	-	HTH_AraC+HTH_AraC
CGC40	TF	ATFI01000001.1	BcWH2_01342	1950311	1951147	-	HTH_AraC
CGC40	TC	ATFI01000001.1	BcWH2_01343	1951320	1952477	+	2.A.6.2.47
CGC40	TC	ATFI01000001.1	BcWH2_01344	1952481	1955675	+	2.A.6.2.22
CGC40	TC	ATFI01000001.1	BcWH2_01345	1955789	1957153	+	2.A.6.2.20
CGC40	null	ATFI01000001.1	BcWH2_01346	1957262	1958188	-	null
CGC40	TC	ATFI01000001.1	BcWH2_01347	1958313	1959647	+	2.A.66.1.37
CGC41	TC	ATFI01000001.1	BcWH2_01351	1964009	1967365	+	1.B.14.6.1
CGC41	null	ATFI01000001.1	BcWH2_01352	1967390	1969333	+	null
CGC41	CAZyme	ATFI01000001.1	BcWH2_01353	1969479	1971704	+	GH36_e36|GH36
CGC1	TC	ATFI01000003.1	BcWH2_01478	10371	10979	+	9.B.18.1.4
CGC1	null	ATFI01000003.1	BcWH2_01479	10980	11600	+	null
CGC1	CAZyme	ATFI01000003.1	BcWH2_01480	11545	12339	+	GT2
CGC2	CAZyme	ATFI01000003.1	BcWH2_01519	55268	56014	+	CE4_e17|CE4
CGC2	null	ATFI01000003.1	BcWH2_01520	56034	57314	+	null
CGC2	CAZyme	ATFI01000003.1	BcWH2_01521	57318	58307	+	GT2
CGC2	null	ATFI01000003.1	BcWH2_01522	58562	59080	+	null
CGC2	TC	ATFI01000003.1	BcWH2_01523	59085	59675	+	9.B.18.1.2
CGC3	CAZyme	ATFI01000003.1	BcWH2_01557	89187	90395	+	GT2
CGC3	null	ATFI01000003.1	BcWH2_01558	90398	90931	+	null
CGC3	null	ATFI01000003.1	BcWH2_01559	90928	91521	-	null
CGC3	TC	ATFI01000003.1	BcWH2_01560	91666	94773	+	1.B.14.6.13
CGC3	TC	ATFI01000003.1	BcWH2_01561	94773	96374	+	8.A.46.2.1
CGC4	TC	ATFI01000003.1	BcWH2_01579	114305	115432	+	9.B.34.1.7
CGC4	null	ATFI01000003.1	BcWH2_01580	115498	118395	-	null
CGC4	TC	ATFI01000003.1	BcWH2_01581	118418	119338	-	2.C.1.4.3
CGC4	TC	ATFI01000003.1	BcWH2_01582	119368	120075	-	2.C.1.4.3
CGC4	null	ATFI01000003.1	BcWH2_01583	120082	123333	-	null
CGC4	CAZyme	ATFI01000003.1	BcWH2_01584	123594	125801	-	GH36_e36|GH36
CGC5	CAZyme	ATFI01000003.1	BcWH2_01619	158833	159822	+	GT2
CGC5	null	ATFI01000003.1	BcWH2_01620	159841	161004	+	null
CGC5	null	ATFI01000003.1	BcWH2_01621	161009	161959	+	null
CGC5	CAZyme	ATFI01000003.1	BcWH2_01622	161981	162700	+	GT32_e86|GT32
CGC5	CAZyme	ATFI01000003.1	BcWH2_01623	163216	164007	+	GT2
CGC5	TC	ATFI01000003.1	BcWH2_01624	164025	164615	+	9.B.18.1.2
CGC6	CAZyme	ATFI01000003.1	BcWH2_01630	167945	171160	-	GH2_e30|GH2
CGC6	null	ATFI01000003.1	BcWH2_01631	171172	172044	-	null
CGC6	TC	ATFI01000003.1	BcWH2_01632	172055	174046	-	2.A.67.4.3
CGC6	null	ATFI01000003.1	BcWH2_01633	174182	174556	-	null
CGC6	null	ATFI01000003.1	BcWH2_01634	174670	175380	-	null
CGC6	TC	ATFI01000003.1	BcWH2_01635	176457	177173	+	2.A.78.1.1
CGC6	TC	ATFI01000003.1	BcWH2_01636	177170	177487	+	2.A.78.1.1
CGC6	TF	ATFI01000003.1	BcWH2_01637	177642	178493	+	HTH_AraC
CGC6	TC	ATFI01000003.1	BcWH2_01638	178580	179170	+	9.B.365.2.1
CGC6	STP	ATFI01000003.1	BcWH2_01639	179175	180530	+	Pyr_redox_2
CGC6	TC	ATFI01000003.1	BcWH2_01640	180575	181801	+	3.A.1.13.2
CGC6	TC	ATFI01000003.1	BcWH2_01641	181798	182835	+	3.A.1.13.2
CGC6	TC	ATFI01000003.1	BcWH2_01642	182860	183873	+	3.A.1.13.2
CGC6	TC	ATFI01000003.1	BcWH2_01643	183870	185231	+	2.A.66.1.13
CGC7	CAZyme	ATFI01000003.1	BcWH2_01816	354500	355024	+	GT4_e395|GT4
CGC7	CAZyme	ATFI01000003.1	BcWH2_01817	355114	356055	+	GT2
CGC7	CAZyme	ATFI01000003.1	BcWH2_01818	356040	356942	+	GT2
CGC7	CAZyme	ATFI01000003.1	BcWH2_01819	356929	358029	+	GT4|GT4_e943
CGC7	null	ATFI01000003.1	BcWH2_01820	358026	359114	+	null
CGC7	CAZyme	ATFI01000003.1	BcWH2_01821	359111	360079	+	GT2
CGC7	CAZyme	ATFI01000003.1	BcWH2_01822	360152	361279	+	GT4_e2685|GT4
CGC7	null	ATFI01000003.1	BcWH2_01823	361287	362630	+	null
CGC7	TC	ATFI01000003.1	BcWH2_01824	362751	363620	+	3.A.1.4.14
CGC7	TC	ATFI01000003.1	BcWH2_01825	363620	364495	+	3.A.1.4.14
CGC7	TC	ATFI01000003.1	BcWH2_01826	364495	365280	+	3.A.1.4.10
CGC7	TC	ATFI01000003.1	BcWH2_01827	365277	365987	+	3.A.1.4.6
CGC1	TC	ATFI01000004.1	BcWH2_01948	96053	99319	-	1.B.14.6.1
CGC1	null	ATFI01000004.1	BcWH2_01949	99371	100078	-	null
CGC1	TF	ATFI01000004.1	BcWH2_01950	100634	105049	+	HTH_AraC+HTH_AraC
CGC1	CAZyme	ATFI01000004.1	BcWH2_01951	105078	107672	-	GH3_e0|GH3
CGC1	null	ATFI01000004.1	BcWH2_01952	107878	109524	-	null
CGC1	TC	ATFI01000004.1	BcWH2_01953	109552	111627	-	8.A.46.1.3
CGC1	TC	ATFI01000004.1	BcWH2_01954	111640	114894	-	1.B.14.6.1
CGC1	CAZyme	ATFI01000004.1	BcWH2_01955	115156	116457	-	CE8_e83|CE8
CGC1	CAZyme	ATFI01000004.1	BcWH2_01956	116487	118025	-	PL1_e60|PL1_2
CGC2	CAZyme	ATFI01000004.1	BcWH2_01983	151834	153438	+	GH28_e64|GH28
CGC2	CAZyme	ATFI01000004.1	BcWH2_01984	153460	157329	+	CBM67|GH33_e82|GH78_e2|GH33|GH78|CBM67_e27
CGC2	null	ATFI01000004.1	BcWH2_01985	157423	158643	+	null
CGC2	CAZyme	ATFI01000004.1	BcWH2_01986	158710	160392	+	GH43_10|CBM91|CBM91_e10|GH43_e0
CGC2	null	ATFI01000004.1	BcWH2_01987	160678	161409	+	null
CGC2	CAZyme	ATFI01000004.1	BcWH2_01988	161575	164055	+	GH95|GH95_e1
CGC2	TC	ATFI01000004.1	BcWH2_01989	164338	167562	+	1.B.14.6.17
CGC2	TC	ATFI01000004.1	BcWH2_01990	167584	169404	+	8.A.46.1.3
CGC2	null	ATFI01000004.1	BcWH2_01991	169425	170996	+	null
CGC2	null	ATFI01000004.1	BcWH2_01992	171221	172495	+	null
CGC2	CAZyme	ATFI01000004.1	BcWH2_01993	172520	173929	+	GH140_e1|GH140
CGC2	TF	ATFI01000004.1	BcWH2_01994	174157	178629	-	HTH_AraC
CGC2	TF	ATFI01000004.1	BcWH2_01995	178715	183136	+	HTH_AraC+HTH_AraC
CGC2	CAZyme	ATFI01000004.1	BcWH2_01996	183338	184501	-	PL10_1|CE19|CE19_e3
CGC2	null	ATFI01000004.1	BcWH2_01997	184503	186632	-	null
CGC2	TC	ATFI01000004.1	BcWH2_01998	186664	190005	-	1.B.14.6.1
CGC2	CAZyme	ATFI01000004.1	BcWH2_01999	190271	191587	-	CE7|CE7_e20
CGC2	CAZyme	ATFI01000004.1	BcWH2_02000	191633	193399	-	CE12|CE12_e30|CE8_e86|CE8
CGC2	STP	ATFI01000004.1	BcWH2_02001	193547	193894	+	AraC_binding
CGC2	CAZyme	ATFI01000004.1	BcWH2_02002	194009	194977	-	CE8_e86|CE8
CGC2	CAZyme	ATFI01000004.1	BcWH2_02003	194982	196202	-	GH105_e41|GH105
CGC2	TC	ATFI01000004.1	BcWH2_02004	196504	198021	+	2.A.1.14.25
CGC2	null	ATFI01000004.1	BcWH2_02005	198298	198390	+	null
CGC2	null	ATFI01000004.1	BcWH2_02006	198435	201827	-	null
CGC2	TC	ATFI01000004.1	BcWH2_02007	201827	202648	-	2.A.64.1.3
CGC3	TC	ATFI01000004.1	BcWH2_02016	211988	213439	+	2.A.38.1.3
CGC3	null	ATFI01000004.1	BcWH2_02017	213566	213919	+	null
CGC3	TC	ATFI01000004.1	BcWH2_02018	214035	214388	+	3.D.1.8.1
CGC3	TC	ATFI01000004.1	BcWH2_02019	214376	214969	+	3.D.1.6.1
CGC3	TC	ATFI01000004.1	BcWH2_02020	215000	216592	+	3.D.1.5.1
CGC3	TC	ATFI01000004.1	BcWH2_02021	216710	217786	+	3.D.1.5.1
CGC3	STP	ATFI01000004.1	BcWH2_02022	217790	218290	+	Fer4+Fer4
CGC3	null	ATFI01000004.1	BcWH2_02023	218322	218834	+	null
CGC3	TC	ATFI01000004.1	BcWH2_02024	218847	219155	+	3.D.1.8.1
CGC3	TC	ATFI01000004.1	BcWH2_02025	219197	221086	+	3.D.1.8.2
CGC3	TC	ATFI01000004.1	BcWH2_02026	221136	222617	+	3.D.1.5.1
CGC3	TC	ATFI01000004.1	BcWH2_02027	222663	224105	+	3.D.1.8.2
CGC3	TC	ATFI01000004.1	BcWH2_02028	224193	226979	-	9.B.238.3.1
CGC3	TC	ATFI01000004.1	BcWH2_02029	227242	229926	+	1.B.14.12.3
CGC3	null	ATFI01000004.1	BcWH2_02030	229994	232363	+	null
CGC3	TC	ATFI01000004.1	BcWH2_02031	232513	233766	-	1.A.23.4.5
CGC3	null	ATFI01000004.1	BcWH2_02032	233804	234805	-	null
CGC3	null	ATFI01000004.1	BcWH2_02033	234834	235655	-	null
CGC3	TC	ATFI01000004.1	BcWH2_02034	235724	237808	-	9.B.238.3.1
CGC3	null	ATFI01000004.1	BcWH2_02035	237964	238407	-	null
CGC3	null	ATFI01000004.1	BcWH2_02036	238423	240111	-	null
CGC3	TC	ATFI01000004.1	BcWH2_02037	240108	241001	-	9.B.391.1.3
CGC3	CAZyme	ATFI01000004.1	BcWH2_02038	241008	242921	-	CBM62|CBM62_e0
CGC4	TC	ATFI01000004.1	BcWH2_02076	289535	291067	-	3.A.23.6.1
CGC4	TC	ATFI01000004.1	BcWH2_02077	291100	292737	-	3.A.23.6.1
CGC4	null	ATFI01000004.1	BcWH2_02078	292762	293640	-	null
CGC4	null	ATFI01000004.1	BcWH2_02079	293657	294193	-	null
CGC4	CAZyme	ATFI01000004.1	BcWH2_02080	294212	294535	-	GH108|GH108_e40
CGC5	CAZyme	ATFI01000004.1	BcWH2_02088	298603	299418	-	GT2
CGC5	null	ATFI01000004.1	BcWH2_02089	299434	300504	-	null
CGC5	CAZyme	ATFI01000004.1	BcWH2_02090	300609	301616	-	GT2
CGC5	CAZyme	ATFI01000004.1	BcWH2_02091	301621	302601	-	GT4|GT4_e2502
CGC5	null	ATFI01000004.1	BcWH2_02092	302603	303700	-	null
CGC5	CAZyme	ATFI01000004.1	BcWH2_02093	303730	304758	-	GT4_e3667|GT4
CGC5	null	ATFI01000004.1	BcWH2_02094	304792	305904	-	null
CGC5	null	ATFI01000004.1	BcWH2_02095	305953	307491	-	null
CGC5	TC	ATFI01000004.1	BcWH2_02096	307789	308424	-	9.B.18.1.3
CGC6	TC	ATFI01000004.1	BcWH2_02111	321686	323782	+	3.A.29.1.1
CGC6	TC	ATFI01000004.1	BcWH2_02112	323805	324647	+	9.B.273.1.2
CGC6	null	ATFI01000004.1	BcWH2_02113	324701	325462	-	null
CGC6	CAZyme	ATFI01000004.1	BcWH2_02114	325633	326787	-	GT19|GT19_e2
CGC7	CAZyme	ATFI01000004.1	BcWH2_02124	335439	336746	+	GH23|CBM50_e207|GH23_e209|CBM50
CGC7	TC	ATFI01000004.1	BcWH2_02125	336759	339074	+	3.A.23.6.1
CGC8	CAZyme	ATFI01000004.1	BcWH2_02144	353151	354341	+	GT2
CGC8	TC	ATFI01000004.1	BcWH2_02145	354338	358195	+	2.A.6.8.3
CGC9	CAZyme	ATFI01000004.1	BcWH2_02213	431709	432746	+	GT113_e14|GT113
CGC9	null	ATFI01000004.1	BcWH2_02214	432739	433419	-	null
CGC9	TC	ATFI01000004.1	BcWH2_02215	433573	434889	+	2.A.66.1.4
CGC10	TC	ATFI01000004.1	BcWH2_02219	437733	438815	+	2.A.6.2.28
CGC10	TC	ATFI01000004.1	BcWH2_02220	438828	441860	+	2.A.6.2.33
CGC10	null	ATFI01000004.1	BcWH2_02221	441857	443182	+	null
CGC10	CAZyme	ATFI01000004.1	BcWH2_02222	443256	444353	+	PL10_1|PL10_e13
CGC10	TF	ATFI01000004.1	BcWH2_02223	444458	445597	-	HTH_AraC
CGC10	STP	ATFI01000004.1	BcWH2_02224	445864	446598	+	STAS
CGC10	TC	ATFI01000004.1	BcWH2_02225	446607	447548	+	3.A.1.17.14
CGC11	CAZyme	ATFI01000004.1	BcWH2_02371	605654	607258	-	GH20_e46|GH20
CGC11	CAZyme	ATFI01000004.1	BcWH2_02372	607348	610152	-	GH105_e39|GH105
CGC11	TC	ATFI01000004.1	BcWH2_02373	610294	612276	-	8.A.46.1.6
CGC11	TC	ATFI01000004.1	BcWH2_02374	612290	615595	-	1.B.14.6.17
CGC11	TF	ATFI01000004.1	BcWH2_02375	615830	616348	+	HTH_AraC+HTH_AraC
CGC11	CAZyme	ATFI01000004.1	BcWH2_02376	616409	617935	-	GH136|GH136_e46
CGC11	TF	ATFI01000004.1	BcWH2_02377	618076	622101	-	HTH_AraC
CGC11	null	ATFI01000004.1	BcWH2_02378	622656	622874	+	null
CGC11	TC	ATFI01000004.1	BcWH2_02379	622942	625665	-	9.B.238.3.1
CGC12	CAZyme	ATFI01000004.1	BcWH2_02387	634622	636019	+	CE20_e7|CE20
CGC12	CAZyme	ATFI01000004.1	BcWH2_02388	636050	637453	+	CE20_e10|CE20
CGC12	null	ATFI01000004.1	BcWH2_02389	638019	638381	-	null
CGC12	CAZyme	ATFI01000004.1	BcWH2_02390	638679	640511	-	GH110_e9|GH110
CGC12	TC	ATFI01000004.1	BcWH2_02391	640548	642032	-	2.A.127.1.7
CGC12	null	ATFI01000004.1	BcWH2_02392	642037	643653	-	null
CGC12	CAZyme	ATFI01000004.1	BcWH2_02393	643675	645504	-	GH110|GH110_e5
CGC12	null	ATFI01000004.1	BcWH2_02394	645507	647105	-	null
CGC12	CAZyme	ATFI01000004.1	BcWH2_02395	647128	648840	-	GH110_e17|GH110
CGC12	null	ATFI01000004.1	BcWH2_02396	648881	650449	-	null
CGC12	null	ATFI01000004.1	BcWH2_02397	650463	652256	-	null
CGC12	TC	ATFI01000004.1	BcWH2_02398	652283	655531	-	1.B.14.6.17
CGC12	TF	ATFI01000004.1	BcWH2_02399	655815	659858	+	HTH_AraC+HTH_AraC
CGC12	CAZyme	ATFI01000004.1	BcWH2_02400	659980	662340	-	GH3_e98|GH3
CGC12	CAZyme	ATFI01000004.1	BcWH2_02401	662350	664593	-	GH92|GH92_e0
CGC12	CAZyme	ATFI01000004.1	BcWH2_02402	664637	666034	-	CE20_e7|CE20
CGC12	null	ATFI01000004.1	BcWH2_02403	666038	667330	-	null
CGC12	CAZyme	ATFI01000004.1	BcWH2_02404	667646	669121	+	CE20|CE20_e34
CGC12	null	ATFI01000004.1	BcWH2_02405	669334	672177	-	null
CGC12	CAZyme	ATFI01000004.1	BcWH2_02406	672351	675749	-	GH2_e42|GH2
CGC12	CAZyme	ATFI01000004.1	BcWH2_02407	675785	678379	-	GH3_e0|GH3
CGC13	TC	ATFI01000004.1	BcWH2_02411	681505	684525	-	1.B.14.6.1
CGC13	null	ATFI01000004.1	BcWH2_02412	684529	685905	-	null
CGC13	CAZyme	ATFI01000004.1	BcWH2_02413	686143	689832	-	GH2_e5|GH2
CGC13	STP	ATFI01000004.1	BcWH2_02414	689975	692545	-	BTAD
CGC13	CAZyme	ATFI01000004.1	BcWH2_02415	692969	696196	-	GH2_e119|GH2
CGC14	CAZyme	ATFI01000004.1	BcWH2_02419	697936	699573	+	CE12|CE12_e36
CGC14	TF	ATFI01000004.1	BcWH2_02420	699722	700273	+	GerE
CGC14	STP	ATFI01000004.1	BcWH2_02421	700592	701563	+	FecR
CGC14	TC	ATFI01000004.1	BcWH2_02422	701765	704392	+	1.B.14.6.5
CGC15	CAZyme	ATFI01000004.1	BcWH2_02438	720707	722149	-	GH51_e23|GH51
CGC15	CAZyme	ATFI01000004.1	BcWH2_02439	722157	723566	-	GH136|GH136_e44
CGC15	CAZyme	ATFI01000004.1	BcWH2_02440	723601	725136	-	GH136|GH136_e46
CGC15	CAZyme	ATFI01000004.1	BcWH2_02441	725216	727960	-	GH35|GH35_e25
CGC15	CAZyme	ATFI01000004.1	BcWH2_02442	727979	731419	-	GH43_24|GH2_e31|GH43_e269|GH2
CGC15	CAZyme	ATFI01000004.1	BcWH2_02443	731451	733808	-	GH2_e31|GH2_e16|GH2
CGC15	TC	ATFI01000004.1	BcWH2_02444	733934	735487	-	1.B.38.1.10
CGC15	TC	ATFI01000004.1	BcWH2_02445	735506	738583	-	1.B.14.6.17
CGC16	TC	ATFI01000004.1	BcWH2_02494	809573	811867	-	9.B.238.3.1
CGC16	TC	ATFI01000004.1	BcWH2_02495	811864	813204	-	2.A.66.1.2
CGC16	null	ATFI01000004.1	BcWH2_02496	813201	814436	-	null
CGC16	TC	ATFI01000004.1	BcWH2_02497	814630	815469	-	3.D.1.8.1
CGC16	TF	ATFI01000004.1	BcWH2_02498	815561	816919	+	HTH_8
CGC16	null	ATFI01000004.1	BcWH2_02499	816992	818263	-	null
CGC16	CAZyme	ATFI01000004.1	BcWH2_02500	818856	820091	-	GT4_e2975|GT4
CGC16	null	ATFI01000004.1	BcWH2_02501	820081	820779	-	null
CGC16	null	ATFI01000004.1	BcWH2_02502	820776	822074	-	null
CGC16	TC	ATFI01000004.1	BcWH2_02503	822074	824284	-	3.A.1.112.10
CGC17	TC	ATFI01000004.1	BcWH2_02521	841671	842558	+	3.A.1.149.2
CGC17	null	ATFI01000004.1	BcWH2_02522	842587	843255	+	null
CGC17	null	ATFI01000004.1	BcWH2_02523	843288	844319	+	null
CGC17	CAZyme	ATFI01000004.1	BcWH2_02524	844419	846041	-	CBM91|GH43_12|CBM91_e28|GH43_e259
CGC17	TF	ATFI01000004.1	BcWH2_02525	846053	850021	-	HTH_11+HTH_AraC
CGC17	CAZyme	ATFI01000004.1	BcWH2_02526	850059	851888	-	GH127_e1|GH127
CGC17	CAZyme	ATFI01000004.1	BcWH2_02527	851902	854547	-	GH3_e0|GH3
CGC17	CAZyme	ATFI01000004.1	BcWH2_02528	854583	856124	-	GH28|GH28_e60
CGC17	CAZyme	ATFI01000004.1	BcWH2_02529	856139	857623	-	GH28_e10|GH28
CGC17	CAZyme	ATFI01000004.1	BcWH2_02530	857639	860374	-	GH106_e0|GH106
CGC17	CAZyme	ATFI01000004.1	BcWH2_02531	860413	863142	-	GH106_e0|GH106
CGC17	null	ATFI01000004.1	BcWH2_02532	863223	864722	-	null
CGC17	TC	ATFI01000004.1	BcWH2_02533	864751	867864	-	1.B.14.6.2
CGC17	null	ATFI01000004.1	BcWH2_02534	867906	869819	-	null
CGC17	CAZyme	ATFI01000004.1	BcWH2_02535	870064	872118	-	GH127|GH127_e5|CBM66
CGC17	null	ATFI01000004.1	BcWH2_02536	872408	873079	-	null
CGC17	TC	ATFI01000004.1	BcWH2_02537	873088	873834	-	1.A.115.1.5
CGC1	CAZyme	ATFI01000005.1	BcWH2_02554	5258	8620	+	CBM91_e36|CBM91|GH43_9|GH43_34|GH43_e159|GH43_19|GH43_e186|GH43_e194
CGC1	CAZyme	ATFI01000005.1	BcWH2_02555	8640	11093	+	GH51_e47|GH51
CGC1	CAZyme	ATFI01000005.1	BcWH2_02556	11177	14251	+	GH2_e30|GH2
CGC1	CAZyme	ATFI01000005.1	BcWH2_02557	14344	15729	+	GH28_e57|GH28
CGC1	null	ATFI01000005.1	BcWH2_02558	15823	17265	+	null
CGC1	null	ATFI01000005.1	BcWH2_02559	17453	19066	+	null
CGC1	CAZyme	ATFI01000005.1	BcWH2_02560	19079	21442	+	GH28_e6|GH28
CGC1	null	ATFI01000005.1	BcWH2_02561	21464	23125	-	null
CGC1	CAZyme	ATFI01000005.1	BcWH2_02562	23125	25056	-	GH97|GH97_e24
CGC1	CAZyme	ATFI01000005.1	BcWH2_02563	25079	26578	-	GH28_e91|GH28
CGC1	CAZyme	ATFI01000005.1	BcWH2_02564	26724	29921	+	GH2_e1|GH2
CGC1	null	ATFI01000005.1	BcWH2_02565	30110	30208	-	null
CGC1	null	ATFI01000005.1	BcWH2_02566	30382	32196	-	null
CGC1	TC	ATFI01000005.1	BcWH2_02567	32210	35278	-	1.B.14.6.17
CGC1	TF	ATFI01000005.1	BcWH2_02568	35406	35951	-	GerE
CGC1	CAZyme	ATFI01000005.1	BcWH2_02569	35975	37195	-	GH88|GH88_e24
CGC2	CAZyme	ATFI01000005.1	BcWH2_02573	44739	46664	+	GH146|GH146_e0
CGC2	null	ATFI01000005.1	BcWH2_02574	46667	47758	+	null
CGC2	CAZyme	ATFI01000005.1	BcWH2_02575	47820	49763	+	GH97|GH97_e24
CGC2	CAZyme	ATFI01000005.1	BcWH2_02576	49910	51559	+	GH43_10|CBM91|CBM91_e10|GH43_e0
CGC2	CAZyme	ATFI01000005.1	BcWH2_02577	51573	52796	+	GH88|GH88_e24
CGC2	TC	ATFI01000005.1	BcWH2_02578	52815	55139	-	9.B.238.3.2
CGC3	CAZyme	ATFI01000005.1	BcWH2_02767	250890	251876	+	GH109|GH109_e5
CGC3	null	ATFI01000005.1	BcWH2_02768	251953	252378	-	null
CGC3	TC	ATFI01000005.1	BcWH2_02769	252432	254702	-	2.A.37.1.5
CGC4	CAZyme	ATFI01000005.1	BcWH2_02779	266147	267100	+	GT2
CGC4	null	ATFI01000005.1	BcWH2_02780	267104	267607	+	null
CGC4	null	ATFI01000005.1	BcWH2_02781	267567	268337	+	null
CGC4	TC	ATFI01000005.1	BcWH2_02782	268341	268922	+	2.A.107.1.2
CGC4	TC	ATFI01000005.1	BcWH2_02783	268932	269954	+	5.B.14.1.1
CGC4	TC	ATFI01000005.1	BcWH2_02784	270189	270557	-	2.A.7.34.3
CGC5	TC	ATFI01000005.1	BcWH2_02817	305066	306667	-	9.B.238.3.1
CGC5	TC	ATFI01000005.1	BcWH2_02818	306903	308336	-	1.I.1.1.3
CGC5	STP	ATFI01000005.1	BcWH2_02819	308452	309381	+	Glyoxalase
CGC5	TC	ATFI01000005.1	BcWH2_02820	309526	310980	+	9.B.238.3.1
CGC5	null	ATFI01000005.1	BcWH2_02821	311021	312646	+	null
CGC5	CAZyme	ATFI01000005.1	BcWH2_02822	312861	314159	+	GH28|GH28_e117
CGC1	CAZyme	ATFI01000006.1	BcWH2_02862	49620	51770	+	CE1_e22|GH10|CBM48|CBM48_e44|GH10_e109|CE1
CGC1	TF	ATFI01000006.1	BcWH2_02863	51950	55960	+	HTH_AraC+HTH_AraC
CGC1	null	ATFI01000006.1	BcWH2_02864	56000	57421	-	null
CGC1	CAZyme	ATFI01000006.1	BcWH2_02865	57456	58697	-	GH154_e2|GH154
CGC1	TC	ATFI01000006.1	BcWH2_02866	59000	62191	+	1.B.14.6.17
CGC1	TC	ATFI01000006.1	BcWH2_02867	62203	63945	+	8.A.46.1.3
CGC1	null	ATFI01000006.1	BcWH2_02868	63970	65427	+	null
CGC1	CAZyme	ATFI01000006.1	BcWH2_02869	65571	67511	+	GH2_e30|GH2
CGC1	CAZyme	ATFI01000006.1	BcWH2_02870	67515	69704	+	GH2_e30|GH2
CGC1	null	ATFI01000006.1	BcWH2_02871	69773	69913	-	null
CGC1	null	ATFI01000006.1	BcWH2_02872	70198	71277	+	null
CGC1	TC	ATFI01000006.1	BcWH2_02873	71294	72664	+	2.A.7.3.49
CGC2	TC	ATFI01000006.1	BcWH2_02925	123784	124500	+	1.A.30.2.9
CGC2	null	ATFI01000006.1	BcWH2_02926	124537	124950	+	null
CGC2	null	ATFI01000006.1	BcWH2_02927	125001	125828	+	null
CGC2	TC	ATFI01000006.1	BcWH2_02928	125843	126391	+	8.A.145.1.5
CGC2	null	ATFI01000006.1	BcWH2_02929	126415	127086	+	null
CGC2	TC	ATFI01000006.1	BcWH2_02930	127074	129170	+	3.A.11.1.5
CGC2	CAZyme	ATFI01000006.1	BcWH2_02931	129372	130241	+	CBM50_e27|CBM50
CGC2	null	ATFI01000006.1	BcWH2_02932	130326	130889	+	null
CGC2	TC	ATFI01000006.1	BcWH2_02933	130918	132219	+	9.B.214.3.2
CGC3	TC	ATFI01000006.1	BcWH2_02980	190300	193365	+	2.A.6.3.14
CGC3	null	ATFI01000006.1	BcWH2_02981	193370	194848	+	null
CGC3	TC	ATFI01000006.1	BcWH2_02982	194868	198062	+	2.A.6.2.47
CGC3	null	ATFI01000006.1	BcWH2_02983	198631	200049	-	null
CGC3	CAZyme	ATFI01000006.1	BcWH2_02984	200066	202672	-	PL15_e0|PL15_2
CGC3	TC	ATFI01000006.1	BcWH2_02985	202682	203965	-	2.A.1.7.18
CGC4	CAZyme	ATFI01000006.1	BcWH2_02989	208203	210200	-	PL12_e18|PL12_2
CGC4	CAZyme	ATFI01000006.1	BcWH2_02990	210217	211506	-	GH88|GH88_e11
CGC4	null	ATFI01000006.1	BcWH2_02991	211594	213276	-	null
CGC4	TC	ATFI01000006.1	BcWH2_02992	213287	216484	-	1.B.14.6.1
CGC4	null	ATFI01000006.1	BcWH2_02993	216817	217983	-	null
CGC4	TF	ATFI01000006.1	BcWH2_02994	217987	222021	-	HTH_AraC
CGC4	CAZyme	ATFI01000006.1	BcWH2_02995	222059	223957	-	PL37_e0|PL37
CGC4	null	ATFI01000006.1	BcWH2_02996	224205	226166	+	null
CGC4	CAZyme	ATFI01000006.1	BcWH2_02997	226267	227436	+	PL13|PL13_e0
CGC5	CAZyme	ATFI01000006.1	BcWH2_03024	263491	265506	-	GH154_e20|GH154
CGC5	TF	ATFI01000006.1	BcWH2_03025	265870	270081	+	HTH_AraC
CGC5	null	ATFI01000006.1	BcWH2_03026	270415	270981	+	null
CGC5	TC	ATFI01000006.1	BcWH2_03027	271039	274194	+	1.B.14.6.1
CGC5	null	ATFI01000006.1	BcWH2_03028	274244	276169	+	null
CGC5	TC	ATFI01000006.1	BcWH2_03029	276205	279225	+	1.B.14.6.17
CGC5	null	ATFI01000006.1	BcWH2_03030	279256	280923	+	null
CGC5	CAZyme	ATFI01000006.1	BcWH2_03031	280957	281856	+	CBM32_e83|CBM32
CGC5	CAZyme	ATFI01000006.1	BcWH2_03032	281876	283348	+	GH16_3|GH16_e45
CGC5	CAZyme	ATFI01000006.1	BcWH2_03033	283441	285327	+	GH43_24|GH16_e36|GH16_3|GH43_e236
CGC5	TF	ATFI01000006.1	BcWH2_03034	286099	290262	+	HTH_AraC
CGC5	TC	ATFI01000006.1	BcWH2_03035	290455	293715	+	1.B.14.6.17
CGC5	TC	ATFI01000006.1	BcWH2_03036	293729	295744	+	8.A.46.3.4
CGC5	CAZyme	ATFI01000006.1	BcWH2_03037	295837	296964	+	GH43_24|GH43_e236
CGC5	CAZyme	ATFI01000006.1	BcWH2_03038	297098	298342	+	GH154_e2|GH154
CGC5	CAZyme	ATFI01000006.1	BcWH2_03039	298356	299657	+	PL42_e0|PL42
CGC5	CAZyme	ATFI01000006.1	BcWH2_03040	299848	300972	+	GH105_e39|GH105
CGC5	CAZyme	ATFI01000006.1	BcWH2_03041	301165	303096	+	GH43_19|GH43_34|GH43_e159
CGC5	CAZyme	ATFI01000006.1	BcWH2_03042	303137	306064	+	GH43_19|GH97|GH97_e18|GH43_e186
CGC5	CAZyme	ATFI01000006.1	BcWH2_03043	306081	308606	+	GH51_e47|GH51
CGC5	CAZyme	ATFI01000006.1	BcWH2_03044	308616	310547	+	GH51_e47|GH51
CGC5	CAZyme	ATFI01000006.1	BcWH2_03045	310682	313777	+	GH2_e30|GH2
CGC5	CAZyme	ATFI01000006.1	BcWH2_03046	313853	314836	+	GH43_e238|GH43_17
CGC5	TF	ATFI01000006.1	BcWH2_03047	315033	315914	-	HTH_AraC
CGC5	TC	ATFI01000006.1	BcWH2_03048	316117	317139	+	2.A.6.2.39
CGC5	TC	ATFI01000006.1	BcWH2_03049	317201	320308	+	2.A.6.2.37
CGC6	TC	ATFI01000006.1	BcWH2_03054	327026	330346	+	1.B.14.6.1
CGC6	TC	ATFI01000006.1	BcWH2_03055	330360	332384	+	8.A.46.3.4
CGC6	CAZyme	ATFI01000006.1	BcWH2_03056	332458	333858	+	GH28|GH28_e133
CGC6	CAZyme	ATFI01000006.1	BcWH2_03057	333873	335267	+	GH43_24|GH43_e205
CGC6	CAZyme	ATFI01000006.1	BcWH2_03058	335319	337403	+	PL27_e0|PL27
CGC6	CAZyme	ATFI01000006.1	BcWH2_03059	337503	338351	+	CE12|CE12_e30
CGC6	CAZyme	ATFI01000006.1	BcWH2_03060	338394	340721	+	GH115_e4|GH115
CGC6	CAZyme	ATFI01000006.1	BcWH2_03061	340822	344142	-	GH43_e269|CBM32_e42|GH35_e43|GH43_24|CBM32|GH35
CGC7	TC	ATFI01000006.1	BcWH2_03074	354340	356013	-	4.C.1.1.4
CGC7	null	ATFI01000006.1	BcWH2_03075	356100	357419	+	null
CGC7	null	ATFI01000006.1	BcWH2_03076	357437	358339	+	null
CGC7	CAZyme	ATFI01000006.1	BcWH2_03077	358377	359348	+	GT2
CGC7	null	ATFI01000006.1	BcWH2_03078	359393	359914	+	null
CGC7	null	ATFI01000006.1	BcWH2_03079	360856	361296	-	null
CGC7	CAZyme	ATFI01000006.1	BcWH2_03080	361431	364130	-	CBM20_e2|GH77|GH77_e22|CBM20
CGC8	CAZyme	ATFI01000006.1	BcWH2_03087	372836	373789	-	GT2
CGC8	null	ATFI01000006.1	BcWH2_03088	373840	374226	-	null
CGC8	CAZyme	ATFI01000006.1	BcWH2_03089	374307	376025	+	GT83|GT83_e52
CGC8	STP	ATFI01000006.1	BcWH2_03090	376026	376562	+	HD
CGC8	TC	ATFI01000006.1	BcWH2_03091	376534	379425	+	1.B.42.1.8
CGC1	CAZyme	ATFI01000007.1	BcWH2_03377	251847	252767	+	GT2
CGC1	CAZyme	ATFI01000007.1	BcWH2_03378	252737	253663	+	GT2
CGC1	CAZyme	ATFI01000007.1	BcWH2_03379	253660	254706	+	GT4_e3529|GT4
CGC1	CAZyme	ATFI01000007.1	BcWH2_03380	254703	255905	+	GT4_e1632|GT4
CGC1	CAZyme	ATFI01000007.1	BcWH2_03381	255940	257037	+	GT4|GT4_e689
CGC1	TC	ATFI01000007.1	BcWH2_03382	257094	257714	+	9.B.18.1.1
CGC1	TC	ATFI01000007.1	BcWH2_03383	257719	259155	+	1.B.73.2.2
CGC2	CAZyme	ATFI01000007.1	BcWH2_03469	373482	374897	-	CBM50_e801|CBM50
CGC2	null	ATFI01000007.1	BcWH2_03470	374929	375201	-	null
CGC2	null	ATFI01000007.1	BcWH2_03471	375279	376577	-	null
CGC2	TC	ATFI01000007.1	BcWH2_03472	376574	377533	-	3.A.5.1.1
CGC3	TC	ATFI01000007.1	BcWH2_03486	392760	394214	+	2.A.36.6.11
CGC3	TC	ATFI01000007.1	BcWH2_03487	394786	396450	+	4.C.1.1.4
CGC3	CAZyme	ATFI01000007.1	BcWH2_03488	396631	397980	-	GH65|GH65_e10
CGC4	CAZyme	ATFI01000007.1	BcWH2_03497	403065	405218	-	GH97|GH97_e22
CGC4	CAZyme	ATFI01000007.1	BcWH2_03498	405242	407740	-	GH31|GH31_e40
CGC4	CAZyme	ATFI01000007.1	BcWH2_03499	407761	409551	-	GH66|GH66_e1
CGC4	null	ATFI01000007.1	BcWH2_03500	409629	411125	-	null
CGC4	TC	ATFI01000007.1	BcWH2_03501	411148	412638	-	8.A.46.1.5
CGC4	TC	ATFI01000007.1	BcWH2_03502	412650	415649	-	1.B.14.6.17
CGC5	CAZyme	ATFI01000007.1	BcWH2_03612	547657	550221	-	GT35|GT35_e7
CGC5	CAZyme	ATFI01000007.1	BcWH2_03613	550260	551921	-	GT3|GT3_e2
CGC5	TC	ATFI01000007.1	BcWH2_03614	552238	552702	-	3.A.2.2.2
CGC5	TC	ATFI01000007.1	BcWH2_03615	552746	554551	-	3.A.2.2.2
CGC5	TC	ATFI01000007.1	BcWH2_03616	554548	555153	-	3.A.2.3.3
CGC5	TC	ATFI01000007.1	BcWH2_03617	555179	556507	-	3.A.2.3.3
CGC5	TC	ATFI01000007.1	BcWH2_03618	556627	558381	-	3.A.2.3.3
CGC1	TC	ATFI01000008.1	BcWH2_03634	17964	19223	+	2.A.1.7.11
CGC1	CAZyme	ATFI01000008.1	BcWH2_03635	19235	20956	+	GH18_e118|GH18
CGC1	CAZyme	ATFI01000008.1	BcWH2_03636	21118	22200	-	GT4|GT4_e116
CGC1	CAZyme	ATFI01000008.1	BcWH2_03637	22219	23307	-	GT4_e3319|GT4
CGC1	null	ATFI01000008.1	BcWH2_03638	23304	23993	-	null
CGC1	CAZyme	ATFI01000008.1	BcWH2_03639	24040	25317	-	GT4_e2008|GT4
CGC2	CAZyme	ATFI01000008.1	BcWH2_03720	112072	114582	-	GH9_e30|CE4|GH9|CE4_e56|CE0
CGC2	TC	ATFI01000008.1	BcWH2_03721	114897	115850	+	1.P.1.1.1
CGC2	null	ATFI01000008.1	BcWH2_03722	115865	116152	+	null
CGC2	null	ATFI01000008.1	BcWH2_03723	116227	117933	-	null
CGC2	TC	ATFI01000008.1	BcWH2_03724	117937	118956	-	3.D.12.1.1
CGC2	TC	ATFI01000008.1	BcWH2_03725	119039	119932	-	3.D.12.1.1
CGC2	null	ATFI01000008.1	BcWH2_03726	120238	121041	+	null
CGC2	TC	ATFI01000008.1	BcWH2_03727	121038	121709	+	9.B.20.4.1
CGC2	null	ATFI01000008.1	BcWH2_03728	121706	122452	+	null
CGC2	null	ATFI01000008.1	BcWH2_03729	122490	124391	+	null
CGC2	TC	ATFI01000008.1	BcWH2_03730	124494	125708	+	9.B.33.1.4
CGC3	CAZyme	ATFI01000008.1	BcWH2_03734	129054	130655	-	GH32|GH32_e129
CGC3	null	ATFI01000008.1	BcWH2_03735	130665	132068	-	null
CGC3	TC	ATFI01000008.1	BcWH2_03736	132091	133824	-	1.B.38.1.10
CGC3	TC	ATFI01000008.1	BcWH2_03737	133843	136950	-	1.B.14.6.17
CGC3	CAZyme	ATFI01000008.1	BcWH2_03738	137241	139043	+	GH32|GH32_e16
CGC3	null	ATFI01000008.1	BcWH2_03739	139160	140032	-	null
CGC3	TC	ATFI01000008.1	BcWH2_03740	140238	141398	+	2.A.1.7.17
CGC3	STP	ATFI01000008.1	BcWH2_03741	141445	142353	+	PfkB
CGC3	TC	ATFI01000008.1	BcWH2_03742	142401	143831	-	1.C.39.13.1
CGC3	STP	ATFI01000008.1	BcWH2_03743	143957	145564	-	TPR_2
CGC3	null	ATFI01000008.1	BcWH2_03744	145836	148121	+	null
CGC3	CAZyme	ATFI01000008.1	BcWH2_03745	148163	150352	+	GH36_e24|GH36
CGC4	TC	ATFI01000008.1	BcWH2_03769	185815	187650	+	3.B.1.1.6
CGC4	TC	ATFI01000008.1	BcWH2_03770	187657	188892	+	3.B.1.1.1
CGC4	null	ATFI01000008.1	BcWH2_03771	189032	190303	-	null
CGC4	TC	ATFI01000008.1	BcWH2_03772	190354	193386	-	2.A.6.2.37
CGC4	null	ATFI01000008.1	BcWH2_03773	193666	194718	-	null
CGC4	CAZyme	ATFI01000008.1	BcWH2_03774	194823	197135	-	GH65_e0|GH65
CGC4	TC	ATFI01000008.1	BcWH2_03775	197364	198740	-	2.A.2.6.3
CGC5	TC	ATFI01000008.1	BcWH2_03780	205978	208092	-	9.B.238.3.2
CGC5	null	ATFI01000008.1	BcWH2_03781	208112	208297	+	null
CGC5	CAZyme	ATFI01000008.1	BcWH2_03782	208349	210916	+	GH147|GH147_e0
CGC5	CAZyme	ATFI01000008.1	BcWH2_03783	210964	212148	+	GH53|GH53_e22
CGC5	CAZyme	ATFI01000008.1	BcWH2_03784	212174	214651	+	GH2_e137|GH2
CGC5	TC	ATFI01000008.1	BcWH2_03785	215523	218618	+	1.B.14.6.1
CGC5	TC	ATFI01000008.1	BcWH2_03786	218640	220265	+	8.A.46.1.1
CGC5	null	ATFI01000008.1	BcWH2_03787	220288	221472	+	null
CGC5	TC	ATFI01000008.1	BcWH2_03788	221500	222915	+	1.B.38.4.2
CGC5	CAZyme	ATFI01000008.1	BcWH2_03789	223157	225985	+	GH13_10|CBM48_e31|CBM48|GH13_e156
CGC5	CAZyme	ATFI01000008.1	BcWH2_03790	226021	228378	+	GH133_e3|GH133
CGC6	TC	ATFI01000008.1	BcWH2_03803	239721	240917	-	2.A.1.46.5
CGC6	null	ATFI01000008.1	BcWH2_03804	241018	242037	-	null
CGC6	null	ATFI01000008.1	BcWH2_03805	242266	242496	-	null
CGC6	TC	ATFI01000008.1	BcWH2_03806	242763	243449	+	2.C.1.4.3
CGC6	null	ATFI01000008.1	BcWH2_03808	244324	244659	+	null
CGC6	null	ATFI01000008.1	BcWH2_03809	244656	245225	+	null
CGC6	CAZyme	ATFI01000008.1	BcWH2_03810	245299	247296	+	GH13_e95|GH13_14|CBM48_e14
CGC7	CAZyme	ATFI01000008.1	BcWH2_03861	298105	299499	+	PL6_e3|PL6_1
CGC7	CAZyme	ATFI01000008.1	BcWH2_03862	299503	302346	+	GH28_e131|GH28|GH28_e124
CGC7	null	ATFI01000008.1	BcWH2_03863	302349	303923	+	null
CGC7	null	ATFI01000008.1	BcWH2_03864	304041	306221	+	null
CGC7	CAZyme	ATFI01000008.1	BcWH2_03865	306242	307615	+	GH28|GH28_e94
CGC7	CAZyme	ATFI01000008.1	BcWH2_03866	307621	309519	+	GH97_e34|GH97
CGC7	CAZyme	ATFI01000008.1	BcWH2_03867	309548	311494	+	GH97_e8|GH97
CGC7	CAZyme	ATFI01000008.1	BcWH2_03868	311525	313672	+	GH31|GH31_e68
CGC7	CAZyme	ATFI01000008.1	BcWH2_03869	313680	315848	+	GH36_e24|GH36
CGC7	null	ATFI01000008.1	BcWH2_03870	315862	317904	+	null
CGC7	TC	ATFI01000008.1	BcWH2_03871	318165	321656	+	9.B.238.3.2
CGC8	TC	ATFI01000008.1	BcWH2_03883	334920	337325	+	9.B.14.3.1
CGC8	null	ATFI01000008.1	BcWH2_03884	337906	338688	+	null
CGC8	CAZyme	ATFI01000008.1	BcWH2_03885	338805	339944	+	GH105_e43|GH105
CGC8	TF	ATFI01000008.1	BcWH2_03886	339985	344073	+	HTH_AraC
CGC8	CAZyme	ATFI01000008.1	BcWH2_03887	344223	345446	+	GH88|GH88_e11
CGC8	CAZyme	ATFI01000008.1	BcWH2_03888	345493	347907	+	GH2|GH2_e78
CGC8	CAZyme	ATFI01000008.1	BcWH2_03889	347927	349078	+	PL38|PL38_e19
CGC8	CAZyme	ATFI01000008.1	BcWH2_03890	349091	350398	+	GH105_e48|GH105
CGC8	CAZyme	ATFI01000008.1	BcWH2_03891	350405	352576	+	PL8_3|PL8_e17|PL8
CGC8	CAZyme	ATFI01000008.1	BcWH2_03892	352685	354955	+	CBM32|GH95|GH95_e4
CGC8	CAZyme	ATFI01000008.1	BcWH2_03893	354970	356526	+	GH88|PL29
CGC8	TC	ATFI01000008.1	BcWH2_03894	356834	360004	+	1.B.14.6.1
CGC8	TC	ATFI01000008.1	BcWH2_03895	360020	361573	+	8.A.46.1.4
CGC8	null	ATFI01000008.1	BcWH2_03896	361601	362287	+	null
CGC8	null	ATFI01000008.1	BcWH2_03897	362306	363397	+	null
CGC8	TC	ATFI01000008.1	BcWH2_03898	363466	364131	+	1.B.14.6.1
CGC9	CAZyme	ATFI01000008.1	BcWH2_03904	372099	373970	-	CBM32|PL29
CGC9	CAZyme	ATFI01000008.1	BcWH2_03905	374711	377170	-	PL29_e7|PL29
CGC9	TC	ATFI01000008.1	BcWH2_03906	377358	379136	-	8.A.46.1.3
CGC9	TC	ATFI01000008.1	BcWH2_03907	379161	382307	-	1.B.14.6.17
CGC10	TC	ATFI01000008.1	BcWH2_03911	385112	386695	-	8.A.46.1.4
CGC10	TC	ATFI01000008.1	BcWH2_03912	386709	389858	-	1.B.14.6.17
CGC10	null	ATFI01000008.1	BcWH2_03913	390076	391308	-	null
CGC10	CAZyme	ATFI01000008.1	BcWH2_03914	391504	394125	+	GH2|GH2_e127
CGC10	CAZyme	ATFI01000008.1	BcWH2_03915	394130	395338	+	CE7|CE7_e23
CGC10	null	ATFI01000008.1	BcWH2_03916	395727	396206	-	null
CGC10	TC	ATFI01000008.1	BcWH2_03917	396247	397566	-	1.A.112.2.3
CGC10	CAZyme	ATFI01000008.1	BcWH2_03918	397638	398456	+	CE1_e22|CE1
CGC11	TC	ATFI01000008.1	BcWH2_03943	428380	428925	+	9.B.29.3.6
CGC11	null	ATFI01000008.1	BcWH2_03944	428937	429389	+	null
CGC11	STP	ATFI01000008.1	BcWH2_03945	429413	432163	+	B12-binding_2+B12-binding
CGC11	CAZyme	ATFI01000008.1	BcWH2_03946	432194	433585	-	GH23|GH23_e996
CGC11	null	ATFI01000008.1	BcWH2_03947	433614	434219	-	null
CGC11	null	ATFI01000008.1	BcWH2_03948	434320	434619	+	null
CGC11	TC	ATFI01000008.1	BcWH2_03949	434642	436699	+	5.A.1.1.1
CGC12	TC	ATFI01000008.1	BcWH2_03953	439497	443015	+	1.B.14.6.1
CGC12	TC	ATFI01000008.1	BcWH2_03954	443033	445033	+	8.A.46.1.3
CGC12	null	ATFI01000008.1	BcWH2_03955	445044	446768	+	null
CGC12	CAZyme	ATFI01000008.1	BcWH2_03956	446814	448208	+	PL1_e17|PL1_2
CGC12	CAZyme	ATFI01000008.1	BcWH2_03957	448205	449503	+	GH105_e28|GH105
CGC13	TC	ATFI01000008.1	BcWH2_03969	459748	463053	+	1.B.14.6.17
CGC13	TC	ATFI01000008.1	BcWH2_03970	463092	464915	+	8.A.46.1.3
CGC13	CAZyme	ATFI01000008.1	BcWH2_03971	464927	467416	+	CE6|CE6_e7|CE20
CGC14	CAZyme	ATFI01000008.1	BcWH2_04049	552622	553380	-	GT2
CGC14	TC	ATFI01000008.1	BcWH2_04050	553470	556865	+	3.A.11.1.5
CGC14	null	ATFI01000008.1	BcWH2_04051	556877	557521	-	null
CGC14	null	ATFI01000008.1	BcWH2_04052	557536	559353	-	null
CGC14	TC	ATFI01000008.1	BcWH2_04053	559587	560768	+	9.B.238.3.1
CGC15	CAZyme	ATFI01000008.1	BcWH2_04075	591262	592083	+	GH25_e217|GH25
CGC15	null	ATFI01000008.1	BcWH2_04076	592124	593161	-	null
CGC15	TC	ATFI01000008.1	BcWH2_04077	593183	594571	-	2.A.50.2.3
CGC16	CAZyme	ATFI01000008.1	BcWH2_04096	611961	612929	+	GT2
CGC16	null	ATFI01000008.1	BcWH2_04097	612917	614077	+	null
CGC16	null	ATFI01000008.1	BcWH2_04098	614132	615406	+	null
CGC16	CAZyme	ATFI01000008.1	BcWH2_04099	615495	616568	+	GT0|GT4_e3899
CGC16	null	ATFI01000008.1	BcWH2_04100	616561	617190	+	null
CGC16	CAZyme	ATFI01000008.1	BcWH2_04101	617138	617971	+	GT2
CGC16	null	ATFI01000008.1	BcWH2_04102	617971	619053	+	null
CGC16	null	ATFI01000008.1	BcWH2_04103	619069	620082	+	null
CGC16	TC	ATFI01000008.1	BcWH2_04104	620110	621060	+	9.B.146.1.2
CGC17	CAZyme	ATFI01000008.1	BcWH2_04116	630864	632504	-	GH30_e5|GH30_8
CGC17	CAZyme	ATFI01000008.1	BcWH2_04117	632516	634729	-	GH10_e62|GH10
CGC17	null	ATFI01000008.1	BcWH2_04118	634764	635798	-	null
CGC17	null	ATFI01000008.1	BcWH2_04119	635835	637592	-	null
CGC17	TC	ATFI01000008.1	BcWH2_04120	637620	640445	-	1.B.14.6.17
CGC17	null	ATFI01000008.1	BcWH2_04121	640478	642328	-	null
CGC17	TC	ATFI01000008.1	BcWH2_04122	642372	645512	-	1.B.14.6.17
CGC17	CAZyme	ATFI01000008.1	BcWH2_04123	645881	648460	+	GH115|GH115_e0
CGC18	TC	ATFI01000008.1	BcWH2_04146	678019	679713	-	2.A.21.3.19
CGC18	null	ATFI01000008.1	BcWH2_04147	679739	680878	-	null
CGC18	CAZyme	ATFI01000008.1	BcWH2_04148	681047	682942	-	GH43_4|GH43_e183
CGC18	null	ATFI01000008.1	BcWH2_04149	683024	684817	-	null
CGC18	null	ATFI01000008.1	BcWH2_04150	684847	686598	-	null
CGC18	TC	ATFI01000008.1	BcWH2_04151	686638	689832	-	1.B.14.6.17
CGC18	TF	ATFI01000008.1	BcWH2_04152	690228	694550	-	HTH_AraC
CGC18	CAZyme	ATFI01000008.1	BcWH2_04153	694671	696158	+	GH43_4|GH43_e326
CGC18	CAZyme	ATFI01000008.1	BcWH2_04154	696209	698167	+	GH51_e47|GH51
CGC18	null	ATFI01000008.1	BcWH2_04155	698173	698376	+	null
CGC18	null	ATFI01000008.1	BcWH2_04156	698504	699658	-	null
CGC18	TC	ATFI01000008.1	BcWH2_04157	699713	701056	-	2.A.1.7.2
CGC19	CAZyme	ATFI01000008.1	BcWH2_04165	705892	708030	-	PL8_e42|PL8_3
CGC19	CAZyme	ATFI01000008.1	BcWH2_04166	708063	709172	-	GH105_e29|GH105
CGC19	TF	ATFI01000008.1	BcWH2_04167	709658	713602	+	HTH_AraC
CGC19	TC	ATFI01000008.1	BcWH2_04168	714060	717203	+	1.B.14.6.16
CGC19	null	ATFI01000008.1	BcWH2_04169	717225	719090	+	null
CGC19	TC	ATFI01000008.1	BcWH2_04170	719121	721895	+	1.B.14.6.17
CGC19	null	ATFI01000008.1	BcWH2_04171	721910	723589	+	null
CGC19	CAZyme	ATFI01000008.1	BcWH2_04172	723715	724938	+	GH88|GH88_e11
CGC19	CAZyme	ATFI01000008.1	BcWH2_04173	725029	727707	+	GH2_e50|GH2
CGC19	CAZyme	ATFI01000008.1	BcWH2_04174	727787	731155	+	GH2_e30|GH2
CGC19	CAZyme	ATFI01000008.1	BcWH2_04175	731168	732775	+	GH109|GH109_e5
CGC19	null	ATFI01000008.1	BcWH2_04176	732973	733791	+	null
CGC19	TC	ATFI01000008.1	BcWH2_04177	733813	735366	+	2.A.47.4.5
CGC1	CAZyme	ATFI01000009.1	BcWH2_04284	14856	15836	+	GH23|GH23_e63
CGC1	TC	ATFI01000009.1	BcWH2_04285	16493	17161	+	9.B.20.1.4
CGC2	TC	ATFI01000009.1	BcWH2_04323	48164	48526	-	9.B.55.1.2
CGC2	CAZyme	ATFI01000009.1	BcWH2_04324	48581	50509	-	PL33_1|PL33_e0
CGC3	TC	ATFI01000009.1	BcWH2_04338	65165	68179	+	1.B.14.6.17
CGC3	TC	ATFI01000009.1	BcWH2_04339	68207	69937	+	8.A.46.1.1
CGC3	null	ATFI01000009.1	BcWH2_04340	70161	71033	+	null
CGC3	CAZyme	ATFI01000009.1	BcWH2_04341	71052	72443	+	GH27_e31|GH27
CGC3	CAZyme	ATFI01000009.1	BcWH2_04342	72444	72866	+	CBM35|CBM35_e51
CGC3	CAZyme	ATFI01000009.1	BcWH2_04343	72863	74890	+	GH97|GH97_e7
CGC3	TC	ATFI01000009.1	BcWH2_04344	74844	76193	-	2.A.66.1.33
CGC4	TC	ATFI01000009.1	BcWH2_04405	155009	157420	+	2.A.130.1.1
CGC4	STP	ATFI01000009.1	BcWH2_04406	157565	157975	+	Glyoxalase
CGC4	TC	ATFI01000009.1	BcWH2_04407	158090	159643	+	3.B.1.1.2
CGC4	null	ATFI01000009.1	BcWH2_04408	159676	160605	+	null
CGC4	null	ATFI01000009.1	BcWH2_04409	160628	161056	+	null
CGC4	TC	ATFI01000009.1	BcWH2_04410	161058	162218	+	3.B.1.1.2
CGC4	STP	ATFI01000009.1	BcWH2_04411	162403	163770	+	TPR_1
CGC4	CAZyme	ATFI01000009.1	BcWH2_04412	163882	165732	+	GH13_e102|GH13
CGC5	TC	ATFI01000009.1	BcWH2_04460	213965	215488	-	4.C.1.1.4
CGC5	null	ATFI01000009.1	BcWH2_04461	215485	216597	-	null
CGC5	null	ATFI01000009.1	BcWH2_04462	216607	217254	-	null
CGC5	CAZyme	ATFI01000009.1	BcWH2_04463	217257	218513	-	GT4|GT4_e987
CGC6	CAZyme	ATFI01000009.1	BcWH2_04475	228697	230853	-	GH97|GH97_e22
CGC6	TC	ATFI01000009.1	BcWH2_04476	231079	231474	+	1.A.43.1.13
CGC6	null	ATFI01000009.1	BcWH2_04477	231550	232830	+	null
CGC6	CAZyme	ATFI01000009.1	BcWH2_04478	232926	235178	-	GH3_e1|GH3
CGC6	null	ATFI01000009.1	BcWH2_04479	235222	236562	-	null
CGC6	CAZyme	ATFI01000009.1	BcWH2_04480	236585	237943	-	GH16_e240|GH16_3
CGC6	null	ATFI01000009.1	BcWH2_04481	238063	239532	-	null
CGC6	TC	ATFI01000009.1	BcWH2_04482	239564	241135	-	1.B.38.1.7
CGC6	TC	ATFI01000009.1	BcWH2_04483	241155	244409	-	1.B.14.6.17
CGC6	TC	ATFI01000009.1	BcWH2_04484	244720	247041	-	1.B.14.6.9
CGC6	null	ATFI01000009.1	BcWH2_04485	247244	249433	+	null
CGC6	TF	ATFI01000009.1	BcWH2_04486	249783	250469	+	none
CGC6	CAZyme	ATFI01000009.1	BcWH2_04487	250558	253002	+	GH20_e12|GH20
CGC7	CAZyme	ATFI01000009.1	BcWH2_04499	264310	267129	-	GH2|GH2_e145
CGC7	TC	ATFI01000009.1	BcWH2_04500	267545	268801	+	2.A.1.10.2
CGC8	TC	ATFI01000009.1	BcWH2_04504	271737	272381	+	3.A.1.207.7
CGC8	null	ATFI01000009.1	BcWH2_04505	272394	273599	+	null
CGC8	CAZyme	ATFI01000009.1	BcWH2_04506	273714	275603	+	GT51_e93|GT51
CGC8	TF	ATFI01000009.1	BcWH2_04507	275762	279865	-	HTH_AraC+HTH_AraC
CGC8	TC	ATFI01000009.1	BcWH2_04508	280473	283625	+	1.B.14.6.1
CGC8	TC	ATFI01000009.1	BcWH2_04509	283649	285337	+	8.A.46.1.5
CGC8	null	ATFI01000009.1	BcWH2_04510	285353	286756	+	null
CGC8	CAZyme	ATFI01000009.1	BcWH2_04511	286789	289107	+	GH10_e28|CBM22_e4|CBM22|GH10
CGC8	CAZyme	ATFI01000009.1	BcWH2_04512	289377	291089	+	GH35_e44|GH35
CGC8	CAZyme	ATFI01000009.1	BcWH2_04513	291127	292797	+	CE20_e6|CE20
CGC8	TC	ATFI01000009.1	BcWH2_04514	292871	294367	+	2.A.2.3.4
CGC8	CAZyme	ATFI01000009.1	BcWH2_04515	294480	297263	+	CBM91|GH10|CBM91_e46|GH10_e83|GH43_12|GH43_e124
CGC8	CAZyme	ATFI01000009.1	BcWH2_04516	297437	298414	+	GH43_1|GH43_e53
CGC8	null	ATFI01000009.1	BcWH2_04517	298439	299419	+	null
CGC8	CAZyme	ATFI01000009.1	BcWH2_04518	299441	301468	+	GH67|GH67_e0
CGC8	TC	ATFI01000009.1	BcWH2_04519	301831	304926	+	1.B.14.6.17
CGC8	null	ATFI01000009.1	BcWH2_04520	304939	306633	+	null
CGC8	CAZyme	ATFI01000009.1	BcWH2_04521	307251	308333	+	GH26|GH26_e104
CGC8	TC	ATFI01000009.1	BcWH2_04522	308370	309656	+	2.A.1.1.55
CGC8	CAZyme	ATFI01000009.1	BcWH2_04523	309661	311253	+	GH43_11|CBM91_e24|CBM91|GH43_e285
CGC8	CAZyme	ATFI01000009.1	BcWH2_04524	311272	312330	+	GH26|GH26_e104
CGC9	TC	ATFI01000009.1	BcWH2_04538	339319	342453	-	1.B.14.6.1
CGC9	CAZyme	ATFI01000009.1	BcWH2_04539	343916	345841	-	CE20_e6|CE20
CGC9	CAZyme	ATFI01000009.1	BcWH2_04540	345872	348379	-	GH115|GH115_e0
CGC9	CAZyme	ATFI01000009.1	BcWH2_04541	348687	351146	-	GH31|GH31_e94
CGC10	CAZyme	ATFI01000009.1	BcWH2_04552	364448	366742	-	GH92_e13|GH92
CGC10	CAZyme	ATFI01000009.1	BcWH2_04553	366769	367740	-	GH130_e13|GH130
CGC10	TC	ATFI01000009.1	BcWH2_04554	367770	369077	-	2.A.1.25.6
CGC10	CAZyme	ATFI01000009.1	BcWH2_04555	369091	371367	-	GH92|GH92_e0
CGC11	CAZyme	ATFI01000009.1	BcWH2_04568	385186	387459	-	GH92|GH92_e0
CGC11	CAZyme	ATFI01000009.1	BcWH2_04569	387485	389494	-	GH97|GH97_e10
CGC11	CAZyme	ATFI01000009.1	BcWH2_04570	389606	391549	-	GH18_e406|GH18
CGC11	null	ATFI01000009.1	BcWH2_04571	391580	392746	-	null
CGC11	null	ATFI01000009.1	BcWH2_04572	392755	393753	-	null
CGC11	TC	ATFI01000009.1	BcWH2_04573	393775	395391	-	8.A.46.2.2
CGC11	TC	ATFI01000009.1	BcWH2_04574	395396	398758	-	1.B.14.6.13
CGC11	CAZyme	ATFI01000009.1	BcWH2_04575	398949	401228	-	GH92_e18|GH92
CGC11	STP	ATFI01000009.1	BcWH2_04576	401267	402277	-	FecR
CGC11	TF	ATFI01000009.1	BcWH2_04577	402309	402869	-	GerE
CGC11	CAZyme	ATFI01000009.1	BcWH2_04578	402910	405144	-	GH92|GH92_e0
CGC12	CAZyme	ATFI01000009.1	BcWH2_04586	414323	415147	+	GT5_e28|GT5
CGC12	null	ATFI01000009.1	BcWH2_04587	415168	416691	+	null
CGC12	CAZyme	ATFI01000009.1	BcWH2_04588	416787	418208	-	GH57|GH57_e10
CGC12	CAZyme	ATFI01000009.1	BcWH2_04589	418227	419498	-	GT4|GT4_e602
CGC12	CAZyme	ATFI01000009.1	BcWH2_04590	419513	421453	-	GH133_e1|GH133
CGC12	null	ATFI01000009.1	BcWH2_04591	421458	421610	+	null
CGC12	TC	ATFI01000009.1	BcWH2_04592	421645	422346	+	9.B.104.3.2
CGC12	TC	ATFI01000009.1	BcWH2_04593	422341	422967	-	2.A.124.1.4
CGC13	CAZyme	ATFI01000009.1	BcWH2_04598	425101	426378	-	CE12|CE12_e37
CGC13	CAZyme	ATFI01000009.1	BcWH2_04599	426789	427916	-	GH105_e17|GH105
CGC13	CAZyme	ATFI01000009.1	BcWH2_04600	428129	430264	+	GH42_e27|GH42
CGC13	null	ATFI01000009.1	BcWH2_04601	430420	432036	-	null
CGC13	null	ATFI01000009.1	BcWH2_04602	432049	433203	-	null
CGC13	TC	ATFI01000009.1	BcWH2_04603	433210	435942	-	1.B.14.6.12
CGC13	null	ATFI01000009.1	BcWH2_04604	435945	436634	-	null
CGC13	TC	ATFI01000009.1	BcWH2_04605	437033	440164	+	1.B.14.6.1
CGC13	TC	ATFI01000009.1	BcWH2_04606	440191	442275	+	8.A.46.1.3
CGC13	CAZyme	ATFI01000009.1	BcWH2_04607	442404	445379	+	GH2|GH2_e41
CGC13	CAZyme	ATFI01000009.1	BcWH2_04608	445473	447473	+	PL11_1|PL11_e0
CGC13	CAZyme	ATFI01000009.1	BcWH2_04609	447502	448908	+	GH105_e7|GH105
CGC13	null	ATFI01000009.1	BcWH2_04610	448931	449245	+	null
CGC13	TF	ATFI01000009.1	BcWH2_04611	449321	453637	+	HTH_AraC+HTH_AraC
CGC13	CAZyme	ATFI01000009.1	BcWH2_04612	453813	456659	-	CBM6_e101|CBM6
CGC13	CAZyme	ATFI01000009.1	BcWH2_04613	456716	459364	-	GH31_e92|GH31
CGC13	CAZyme	ATFI01000009.1	BcWH2_04614	459387	460772	-	GH28|GH28_e80
CGC14	TC	ATFI01000009.1	BcWH2_04618	467441	469492	-	8.A.46.1.3
CGC14	TC	ATFI01000009.1	BcWH2_04619	469510	472740	-	1.B.14.6.1
CGC14	CAZyme	ATFI01000009.1	BcWH2_04620	473002	475488	-	GH95|GH95_e1
CGC14	CAZyme	ATFI01000009.1	BcWH2_04621	475831	478191	+	GH3_e151|GH3
CGC14	null	ATFI01000009.1	BcWH2_04622	478320	480344	-	null
CGC14	TC	ATFI01000009.1	BcWH2_04623	480369	483707	-	1.B.14.6.1
CGC14	null	ATFI01000009.1	BcWH2_04624	484008	485561	-	null
CGC14	TC	ATFI01000009.1	BcWH2_04625	485956	486393	-	1.A.22.1.1
CGC14	TC	ATFI01000009.1	BcWH2_04626	486533	487543	+	3.A.23.6.1
CGC14	null	ATFI01000009.1	BcWH2_04627	487727	489784	+	null
CGC14	null	ATFI01000009.1	BcWH2_04628	489790	490302	+	null
CGC14	TC	ATFI01000009.1	BcWH2_04629	490307	490768	+	3.A.11.1.4
CGC14	TC	ATFI01000009.1	BcWH2_04630	490854	492596	+	9.B.174.1.3
CGC1	TC	ATFI01000010.1	BcWH2_04647	3172	4617	-	2.A.66.2.23
CGC1	CAZyme	ATFI01000010.1	BcWH2_04648	4648	5850	-	CE1_e22|CE1|CE0
CGC2	CAZyme	ATFI01000010.1	BcWH2_04703	82488	84755	-	CBM67|GH78|CBM67_e27|GH78_e43
CGC2	CAZyme	ATFI01000010.1	BcWH2_04704	84784	88107	-	GH142_e0|GH143_e0|GH143|GH142
CGC2	CAZyme	ATFI01000010.1	BcWH2_04705	88129	89058	-	GH43_e173|GH43_18
CGC2	null	ATFI01000010.1	BcWH2_04706	89241	89915	-	null
CGC2	CAZyme	ATFI01000010.1	BcWH2_04707	89915	91642	-	PL1_e77|PL1_2
CGC2	null	ATFI01000010.1	BcWH2_04708	91823	93904	-	null
CGC2	TC	ATFI01000010.1	BcWH2_04709	93934	97338	-	1.B.14.6.1
CGC3	CAZyme	ATFI01000010.1	BcWH2_04714	100741	103836	-	PL29_e8|PL29
CGC3	CAZyme	ATFI01000010.1	BcWH2_04715	103884	105566	-	PL1_e77|PL1_2
CGC3	TF	ATFI01000010.1	BcWH2_04716	105625	110013	-	HTH_AraC
CGC3	CAZyme	ATFI01000010.1	BcWH2_04717	110132	112765	-	GH2_e50|GH2
CGC3	CAZyme	ATFI01000010.1	BcWH2_04718	112785	115001	-	GH139_e0|GH139
CGC3	CAZyme	ATFI01000010.1	BcWH2_04719	115125	116558	-	CE20_e10|CE20
CGC3	CAZyme	ATFI01000010.1	BcWH2_04720	117132	120419	-	GH106_e44|GH106
CGC3	TC	ATFI01000010.1	BcWH2_04721	120788	123208	+	9.B.238.3.1
CGC3	TC	ATFI01000010.1	BcWH2_04722	123260	124462	+	2.A.1.35.1
CGC4	CAZyme	ATFI01000010.1	BcWH2_04746	149528	152278	+	PL40|PL40_e1
CGC4	TF	ATFI01000010.1	BcWH2_04747	152458	155247	+	HTH_AraC
CGC4	TF	ATFI01000010.1	BcWH2_04748	155554	156069	+	GerE
CGC4	TC	ATFI01000010.1	BcWH2_04749	156116	159322	+	1.B.14.6.17
CGC4	TC	ATFI01000010.1	BcWH2_04750	159335	161050	+	8.A.46.3.4
CGC5	TC	ATFI01000010.1	BcWH2_04757	168919	172242	+	1.B.14.6.17
CGC5	TC	ATFI01000010.1	BcWH2_04758	172268	174298	+	8.A.46.3.4
CGC5	null	ATFI01000010.1	BcWH2_04759	174329	174706	+	null
CGC5	CAZyme	ATFI01000010.1	BcWH2_04760	174751	176229	+	GH28_e12|GH28
CGC1	TC	ATFI01000011.1	BcWH2_04775	9682	10452	-	3.A.1.27.4
CGC1	TC	ATFI01000011.1	BcWH2_04776	10449	11192	-	3.A.1.27.1
CGC1	TC	ATFI01000011.1	BcWH2_04777	11316	12071	+	3.A.1.152.1
CGC1	null	ATFI01000011.1	BcWH2_04778	12192	12440	-	null
CGC1	null	ATFI01000011.1	BcWH2_04779	12894	14249	+	null
CGC1	TC	ATFI01000011.1	BcWH2_04780	14389	15051	+	3.A.26.1.1
CGC1	STP	ATFI01000011.1	BcWH2_04781	15054	16301	+	AAA
CGC1	TC	ATFI01000011.1	BcWH2_04782	16471	18654	+	2.A.16.2.2
CGC1	null	ATFI01000011.1	BcWH2_04783	18759	21314	+	null
CGC1	CAZyme	ATFI01000011.1	BcWH2_04784	21572	24271	+	GH116|GH116_e3
CGC1	TC	ATFI01000011.1	BcWH2_04785	24411	27554	+	1.B.14.6.17
CGC1	CAZyme	ATFI01000012.1	BcWH2_04893	82369	83562	+	GT2
CGC1	TC	ATFI01000012.1	BcWH2_04894	83603	86269	+	9.B.238.3.1
CGC1	TC	ATFI01000012.1	BcWH2_04895	86289	88064	-	3.B.1.1.6
CGC2	TC	ATFI01000012.1	BcWH2_04899	92487	93119	-	1.A.62.2.1
CGC2	null	ATFI01000012.1	BcWH2_04900	93178	94344	+	null
CGC2	CAZyme	ATFI01000012.1	BcWH2_04901	94367	95227	-	GT2
CGC2	TC	ATFI01000012.1	BcWH2_04902	95265	97958	+	1.B.14.6.14
CGC3	TC	ATFI01000012.1	BcWH2_04928	123142	124470	+	2.A.66.1.25
CGC3	TC	ATFI01000012.1	BcWH2_04929	124566	125240	+	9.B.186.1.3
CGC3	CAZyme	ATFI01000012.1	BcWH2_04930	125352	126086	+	GT51_e158|GT51
CGC3	null	ATFI01000012.1	BcWH2_04931	126121	127362	+	null
CGC3	null	ATFI01000012.1	BcWH2_04932	127442	128587	-	null
CGC3	TC	ATFI01000012.1	BcWH2_04933	128711	130267	-	3.D.4.3.2
CGC3	null	ATFI01000012.1	BcWH2_04934	130336	130563	-	null
CGC3	null	ATFI01000012.1	BcWH2_04935	130755	132182	+	null
CGC3	TC	ATFI01000012.1	BcWH2_04936	132279	133499	+	3.A.1.122.18
CGC3	TC	ATFI01000012.1	BcWH2_04937	133578	134324	+	3.A.1.122.20
CGC3	TC	ATFI01000012.1	BcWH2_04938	134337	135557	+	3.A.1.122.18
CGC4	TC	ATFI01000012.1	BcWH2_04964	163853	166174	-	1.B.14.3.7
CGC4	null	ATFI01000012.1	BcWH2_04965	166512	166841	-	null
CGC4	null	ATFI01000012.1	BcWH2_04966	166897	168642	-	null
CGC4	TC	ATFI01000012.1	BcWH2_04967	168652	170586	-	9.B.34.1.7
CGC4	TC	ATFI01000012.1	BcWH2_04968	170793	171749	-	9.B.146.1.2
CGC4	null	ATFI01000012.1	BcWH2_04969	171771	172805	-	null
CGC4	CAZyme	ATFI01000012.1	BcWH2_04970	172802	173530	-	GT26|GT26_e5
CGC4	CAZyme	ATFI01000012.1	BcWH2_04971	173629	174723	-	GT4_e2535|GT4
CGC5	TC	ATFI01000012.1	BcWH2_04997	198688	200304	-	9.B.325.1.1
CGC5	TC	ATFI01000012.1	BcWH2_04998	200614	201246	+	3.A.8.1.1
CGC5	TC	ATFI01000012.1	BcWH2_04999	201257	202438	+	3.A.30.1.1
CGC5	null	ATFI01000012.1	BcWH2_05000	202768	205395	+	null
CGC5	TC	ATFI01000012.1	BcWH2_05001	205524	208790	+	1.B.14.6.17
CGC5	null	ATFI01000012.1	BcWH2_05002	208811	210139	+	null
CGC5	CAZyme	ATFI01000012.1	BcWH2_05003	210228	212222	-	GH27_e45|CBM51_e35|GH27|CBM51
CGC1	TC	ATFI01000013.1	BcWH2_05055	19757	22807	-	1.B.14.6.17
CGC1	CAZyme	ATFI01000013.1	BcWH2_05056	22868	25330	-	GH127|GH127_e2
CGC1	null	ATFI01000013.1	BcWH2_05057	25401	25553	+	null
CGC1	CAZyme	ATFI01000013.1	BcWH2_05058	26220	28946	+	GH97|GH97_e1
CGC1	CAZyme	ATFI01000013.1	BcWH2_05059	29014	31416	+	CBM32_e8|CBM32|GH43_34|GH43_e270
CGC1	CAZyme	ATFI01000013.1	BcWH2_05060	31439	33844	+	GH127|GH127_e4
CGC1	CAZyme	ATFI01000013.1	BcWH2_05061	33858	36110	+	GH43_29|CE1
CGC1	TF	ATFI01000013.1	BcWH2_05062	36269	39157	+	HTH_AraC+HTH_AraC
CGC1	TC	ATFI01000013.1	BcWH2_05063	39366	42368	+	1.B.14.6.1
CGC1	TC	ATFI01000013.1	BcWH2_05064	42388	44007	+	8.A.46.1.3
CGC1	null	ATFI01000013.1	BcWH2_05065	44025	46802	+	null
CGC1	CAZyme	ATFI01000013.1	BcWH2_05066	46848	48842	+	GH146|GH127|GH146_e1
CGC1	TC	ATFI01000013.1	BcWH2_05067	48911	50350	-	9.B.34.1.7
CGC1	null	ATFI01000013.1	BcWH2_05068	50372	51496	-	null
CGC1	null	ATFI01000013.1	BcWH2_05069	51614	52363	-	null
CGC1	TC	ATFI01000013.1	BcWH2_05070	52492	53067	-	3.A.3.7.2
CGC1	TC	ATFI01000013.1	BcWH2_05071	53080	55131	-	3.A.3.7.2
CGC1	TC	ATFI01000013.1	BcWH2_05072	55162	56868	-	3.A.3.7.2
CGC2	TC	ATFI01000013.1	BcWH2_05078	63566	64945	-	2.A.2.3.5
CGC2	CAZyme	ATFI01000013.1	BcWH2_05079	65020	66198	-	GH130_e6|GH130
CGC2	CAZyme	ATFI01000013.1	BcWH2_05080	66214	67341	-	GH26|GH26_e61
CGC2	CAZyme	ATFI01000013.1	BcWH2_05081	67501	69177	-	GH26_e66|GH26
CGC2	null	ATFI01000013.1	BcWH2_05082	69197	71623	-	null
CGC2	null	ATFI01000013.1	BcWH2_05083	71644	72987	-	null
CGC2	TC	ATFI01000013.1	BcWH2_05084	73008	74738	-	8.A.46.1.5
CGC2	TC	ATFI01000013.1	BcWH2_05085	74758	77961	-	1.B.14.6.17
CGC2	CAZyme	ATFI01000013.1	BcWH2_05086	78125	79105	-	GH5_e79|GH5_2
CGC2	CAZyme	ATFI01000013.1	BcWH2_05087	79110	80396	-	GH5_7|GH5_e6
CGC2	CAZyme	ATFI01000013.1	BcWH2_05088	80423	81706	-	CE7|CE7_e15
CGC2	TF	ATFI01000013.1	BcWH2_05089	81778	82665	-	HTH_AraC+HTH_AraC
CGC2	CAZyme	ATFI01000013.1	BcWH2_05090	82845	85124	-	GH3_e86|GH3
CGC2	TC	ATFI01000013.1	BcWH2_05091	85466	86467	+	8.A.5.1.6
CGC2	null	ATFI01000013.1	BcWH2_05092	87065	87697	+	null
CGC2	null	ATFI01000013.1	BcWH2_05093	87768	88397	+	null
CGC2	CAZyme	ATFI01000013.1	BcWH2_05094	88602	91742	-	GH3_e57|GH3
CGC2	CAZyme	ATFI01000013.1	BcWH2_05095	91873	94875	-	GH3_e57|GH3
CGC3	TC	ATFI01000013.1	BcWH2_05130	137277	139655	-	1.B.14.3.6
CGC3	CAZyme	ATFI01000013.1	BcWH2_05131	139905	141281	-	PL1_e38|PL1_2
CGC3	null	ATFI01000013.1	BcWH2_05132	141287	141427	+	null
CGC3	TC	ATFI01000013.1	BcWH2_05133	141421	143418	-	8.A.46.1.3
CGC3	TC	ATFI01000013.1	BcWH2_05134	143433	146639	-	1.B.14.6.1
CGC3	null	ATFI01000013.1	BcWH2_05135	146972	148369	-	null
CGC3	CAZyme	ATFI01000013.1	BcWH2_05136	148431	149852	-	GH28_e139|GH28
CGC3	TF	ATFI01000013.1	BcWH2_05137	150087	151007	-	HTH_AraC+HTH_AraC
CGC3	CAZyme	ATFI01000013.1	BcWH2_05138	151141	152439	-	GH105_e28|GH105
CGC3	null	ATFI01000013.1	BcWH2_05139	152464	153273	-	null
CGC3	TC	ATFI01000013.1	BcWH2_05140	153375	154406	-	2.A.7.6.2
CGC3	null	ATFI01000013.1	BcWH2_05141	154506	155759	-	null
CGC3	null	ATFI01000013.1	BcWH2_05142	155826	157283	-	null
CGC3	CAZyme	ATFI01000013.1	BcWH2_05143	157403	158926	-	GH28_e64|GH28
CGC3	CAZyme	ATFI01000013.1	BcWH2_05144	158964	160793	-	PL11_e1|PL11
CGC3	CAZyme	ATFI01000013.1	BcWH2_05145	160943	163771	-	GH106_e0|GH106
CGC3	CAZyme	ATFI01000013.1	BcWH2_05146	163780	166311	-	CE20_e4|CE20|GH105|GH105_e22
CGC4	TC	ATFI01000013.1	BcWH2_05167	188862	192098	+	1.B.14.6.17
CGC4	TC	ATFI01000013.1	BcWH2_05168	192120	194108	+	8.A.46.3.4
CGC4	null	ATFI01000013.1	BcWH2_05169	194131	195294	+	null
CGC4	TF	ATFI01000013.1	BcWH2_05170	195473	199534	+	HTH_AraC
CGC4	CAZyme	ATFI01000013.1	BcWH2_05171	199556	201031	+	GH29_e8|GH29
CGC4	CAZyme	ATFI01000013.1	BcWH2_05172	201055	202164	+	GH105_e29|GH105
CGC4	CAZyme	ATFI01000013.1	BcWH2_05173	202182	204296	+	GH2_e108|GH2
CGC4	CAZyme	ATFI01000013.1	BcWH2_05174	204353	205906	+	GH109|GH109_e5
CGC4	null	ATFI01000013.1	BcWH2_05175	205979	206428	-	null
CGC4	null	ATFI01000013.1	BcWH2_05176	206434	207078	-	null
CGC4	CAZyme	ATFI01000013.1	BcWH2_05177	207185	208864	-	GH20_e12|GH20
CGC1	TC	ATFI01000014.1	BcWH2_05203	22379	23329	-	9.B.146.1.2
CGC1	null	ATFI01000014.1	BcWH2_05204	23427	24323	-	null
CGC1	CAZyme	ATFI01000014.1	BcWH2_05205	24351	25562	-	GT4_e1875|GT4
CGC1	null	ATFI01000014.1	BcWH2_05206	25571	26713	-	null
CGC1	null	ATFI01000014.1	BcWH2_05207	26710	27870	-	null
CGC1	TC	ATFI01000014.1	BcWH2_05208	27905	28918	-	9.B.18.2.1
CGC1	CAZyme	ATFI01000014.1	BcWH2_05209	28918	29736	-	GT2
CGC1	null	ATFI01000014.1	BcWH2_05210	29742	30956	-	null
CGC1	CAZyme	ATFI01000014.1	BcWH2_05211	30959	31807	-	GT2
CGC1	null	ATFI01000014.1	BcWH2_05212	31804	32376	-	null
CGC1	CAZyme	ATFI01000014.1	BcWH2_05213	32431	33387	-	GT2
CGC1	CAZyme	ATFI01000015.1	BcWH2_05221	2686	5010	-	GH3_e1|GH3
CGC1	CAZyme	ATFI01000015.1	BcWH2_05222	5013	7523	-	GH3_e208|GH3
CGC1	null	ATFI01000015.1	BcWH2_05223	7741	9417	-	null
CGC1	TC	ATFI01000015.1	BcWH2_05224	9438	12518	-	1.B.14.6.17
CGC1	null	ATFI01000015.1	BcWH2_05225	12562	12657	+	null
CGC1	CAZyme	ATFI01000015.1	BcWH2_05226	12609	14552	-	GH157
CGC1	TF	ATFI01000015.1	BcWH2_05227	14748	18740	+	HTH_AraC
CGC1	TC	ATFI01000015.1	BcWH2_05228	18820	20184	-	2.A.6.2.23
CGC1	null	ATFI01000015.1	BcWH2_05229	20181	20303	-	null
CGC1	TC	ATFI01000015.1	BcWH2_05230	20316	23462	-	2.A.6.2.22
CGC1	TC	ATFI01000015.1	BcWH2_05231	23511	24707	-	2.A.6.2.25
CGC1	TC	ATFI01000017.1	BcWH2_05294	37483	38211	+	1.A.115.1.5
CGC1	null	ATFI01000017.1	BcWH2_05295	38221	38802	+	null
CGC1	TC	ATFI01000017.1	BcWH2_05296	38819	41374	+	1.B.14.6.10
CGC1	null	ATFI01000017.1	BcWH2_05297	41470	42897	-	null
CGC1	TC	ATFI01000017.1	BcWH2_05298	42929	46072	-	1.B.14.6.2
CGC1	STP	ATFI01000017.1	BcWH2_05299	46185	47141	-	FecR
CGC1	TF	ATFI01000017.1	BcWH2_05300	47162	47722	-	GerE
CGC1	CAZyme	ATFI01000017.1	BcWH2_05301	47871	48797	-	CBM50_e698|GH73_e88|CBM50|GH73
CGC1	null	ATFI01000017.1	BcWH2_05302	48896	49375	+	null
CGC1	TC	ATFI01000017.1	BcWH2_05303	49388	51517	-	9.B.238.3.2
CGC1	TC	ATFI01000017.1	BcWH2_05304	51981	53585	+	3.A.1.120.6
CGC1	null	ATFI01000017.1	BcWH2_05305	53820	54242	+	null
CGC1	TC	ATFI01000017.1	BcWH2_05306	54299	56692	+	1.B.14.6.5
CGC1	null	ATFI01000017.1	BcWH2_05307	56760	57833	+	null
CGC1	TC	ATFI01000017.1	BcWH2_05308	57830	58882	+	9.B.304.1.4
CGC1	TC	ATFI01000018.1	BcWH2_05428	97427	99430	-	1.B.6.1.14
CGC1	null	ATFI01000018.1	BcWH2_05429	99437	99550	-	null
CGC1	TC	ATFI01000018.1	BcWH2_05430	99492	101705	-	3.A.7.7.1
CGC1	CAZyme	ATFI01000018.1	BcWH2_05431	101836	105201	-	CBM32|CBM32_e150
CGC1	STP	ATFI01000018.1	BcWH2_05432	105396	107543	-	B12-binding
CGC1	null	ATFI01000018.1	BcWH2_05433	107545	109404	-	null
CGC1	TC	ATFI01000018.1	BcWH2_05434	109753	111414	+	2.A.81.1.2
CGC1	TC	ATFI01000018.1	BcWH2_05435	111499	112125	-	2.A.115.2.14
CGC1	TC	ATFI01000018.1	BcWH2_05436	112209	113561	-	2.A.66.1.32
CGC1	null	ATFI01000018.1	BcWH2_05437	114413	116317	+	null
CGC1	TC	ATFI01000018.1	BcWH2_05438	116478	119684	+	1.B.14.6.17
CGC1	TC	ATFI01000018.1	BcWH2_05439	119697	121220	+	1.B.38.1.10
CGC2	CAZyme	ATFI01000018.1	BcWH2_05443	131961	133160	+	GH105_e43|GH105
CGC2	null	ATFI01000018.1	BcWH2_05444	133201	135765	+	null
CGC2	null	ATFI01000018.1	BcWH2_05445	135779	137074	+	null
CGC2	CAZyme	ATFI01000018.1	BcWH2_05446	137086	139158	+	GH42_e1|GH42
CGC2	CAZyme	ATFI01000018.1	BcWH2_05447	139168	141543	+	GH3_e98|GH3
CGC2	CAZyme	ATFI01000018.1	BcWH2_05448	141557	142708	+	GH105_e31|GH105
CGC2	TC	ATFI01000018.1	BcWH2_05449	143091	144821	+	9.B.111.1.5
CGC1	TC	ATFI01000019.1	BcWH2_05460	2103	2999	-	9.B.391.1.3
CGC1	CAZyme	ATFI01000019.1	BcWH2_05461	2990	4909	-	CBM62|CBM62_e14
