Gene ID	CAZy ID	% Identical	Length	Mismatches	Gap Open	Gene Start	Gene End	CAZy Start	CAZy End	E Value	Bit Score
BcWH2_00026	ALJ59398.1|GH30_2	100.0	470	0	0	1	470	1	470	3.4e-289	997.3
BcWH2_00027	ALJ59399.1|GH43_2	100.0	328	0	0	1	328	1	328	2.5e-206	721.5
BcWH2_00028	ALJ59400.1|GH3	100.0	854	0	0	1	854	1	854	0.0e+00	1732.6
BcWH2_00029	ALJ59401.1|GH92	100.0	754	0	0	1	754	1	754	0.0e+00	1573.9
BcWH2_00030	ALJ59402.1|GH43_2	100.0	320	0	0	1	320	1	320	1.8e-185	652.1
BcWH2_00044	ALJ59416.1|GH95	100.0	685	0	0	1	685	1	685	0.0e+00	1424.8
BcWH2_00056	ALJ59428.1|GT2	100.0	329	0	0	1	329	1	329	3.0e-191	671.4
BcWH2_00106	ALJ59478.1|GH171	100.0	388	0	0	1	388	1	388	3.7e-233	810.8
BcWH2_00110	ALJ59482.1|GT2	100.0	487	0	0	1	487	1	487	2.7e-289	997.7
BcWH2_00112	BCS84357.1|GT2	61.4	453	159	2	2	454	817	1253	9.5e-156	553.9
BcWH2_00114	ALJ59486.1|GH171	100.0	410	0	0	1	410	1	410	2.7e-242	841.3
BcWH2_00140	ALJ59511.1|GH3	100.0	784	0	0	1	784	1	784	0.0e+00	1558.5
BcWH2_00141	ALJ59512.1|GH144	100.0	441	0	0	1	441	1	441	2.4e-276	954.5
BcWH2_00142	ALJ59513.1|GH29	100.0	733	0	0	1	733	1	733	0.0e+00	1531.9
BcWH2_00143	ALJ59514.1|GH95	100.0	813	0	0	1	813	1	813	0.0e+00	1671.4
BcWH2_00145	ALJ59516.1|GH106	100.0	1187	0	0	1	1187	1	1187	0.0e+00	2502.6
BcWH2_00146	QUT89440.1|GH28	100.0	486	0	0	1	486	1	486	2.4e-242	841.6
BcWH2_00150	ALJ59521.1|GH31	100.0	716	0	0	1	716	1	716	0.0e+00	1507.7
BcWH2_00151	ALJ59522.1|GH29	100.0	505	0	0	1	505	1	505	3.7e-302	1040.4
BcWH2_00152	ALJ59523.1|GH78	100.0	928	0	0	1	928	1	928	0.0e+00	1920.2
BcWH2_00153	ALJ59524.1|CBM67|GH78	100.0	765	0	0	1	765	1	765	0.0e+00	1607.4
BcWH2_00154	ALJ59525.1|GH29	100.0	504	0	0	1	504	1	504	2.8e-305	1050.8
BcWH2_00160	ALJ59531.1|GH3	100.0	773	0	0	1	773	1	773	0.0e+00	1541.2
BcWH2_00162	ALJ59533.1|GH144	100.0	440	0	0	1	440	1	440	6.8e-276	953.0
BcWH2_00164	ALJ59535.1|CE15	100.0	406	0	0	1	406	1	406	3.3e-240	834.3
BcWH2_00179	QUT89414.1|GH28	100.0	491	0	0	1	491	1	491	1.6e-289	998.4
BcWH2_00180	ALJ59551.1|GH95	100.0	823	0	0	1	823	1	823	0.0e+00	1713.4
BcWH2_00181	ALJ59552.1|GH3	100.0	863	0	0	1	863	1	863	0.0e+00	1770.7
BcWH2_00186	ALJ59557.1|CBM6|GH43_10	100.0	672	0	0	1	672	1	672	0.0e+00	1423.3
BcWH2_00192	ALJ59563.1|GH28	100.0	525	0	0	1	525	1	525	2.4e-291	1004.6
BcWH2_00194	ALJ59565.1|GH28	100.0	462	0	0	1	462	1	462	2.2e-277	958.0
BcWH2_00199	ALJ59570.1|CBM48|GH13	100.0	859	0	0	1	859	1	859	0.0e+00	1777.7
BcWH2_00212	QUT89381.1|GH13	99.8	619	1	0	1	619	1	619	0.0e+00	1295.8
BcWH2_00215	ALJ59586.1|GH13	100.0	699	0	0	1	699	1	699	0.0e+00	1421.8
BcWH2_00217	ALJ59588.1|GH0	100.0	806	0	0	1	806	1	806	0.0e+00	1715.7
BcWH2_00218	ALJ59589.1|GH29	100.0	623	0	0	1	623	1	623	0.0e+00	1294.3
BcWH2_00219	ALJ59590.1|GH2	100.0	1026	0	0	1	1026	1	1026	0.0e+00	2157.9
BcWH2_00220	ALJ59591.1|GH20	100.0	771	0	0	1	771	1	771	0.0e+00	1584.7
BcWH2_00225	ALJ59596.1|GH159|3.2.1.146	100.0	310	0	0	1	310	1	310	7.6e-197	689.9
BcWH2_00227	ALJ59598.1|GH146	100.0	777	0	0	1	777	1	777	0.0e+00	1624.4
BcWH2_00228	ALJ59599.1|GH50	100.0	666	0	0	1	666	1	666	0.0e+00	1418.3
BcWH2_00229	ALJ59600.1|GH159	100.0	354	0	0	1	354	1	354	5.8e-209	730.3
BcWH2_00230	ALJ59601.1|CE20	100.0	644	0	0	1	644	1	644	0.0e+00	1338.9
BcWH2_00237	ALJ59608.1|GH2	100.0	893	0	0	1	893	1	893	0.0e+00	1856.6
BcWH2_00251	ALJ59622.1|GT28	100.0	389	0	0	1	389	1	389	7.0e-216	753.4
BcWH2_00275	ALJ59645.1|GH2	100.0	1050	0	0	1	1050	1	1050	0.0e+00	2230.3
BcWH2_00276	ALJ59646.1|GH63	100.0	642	0	0	1	642	1	642	0.0e+00	1363.6
BcWH2_00290	AGL64345.2|GT2	48.6	580	293	2	457	1032	277	855	2.8e-150	537.0
BcWH2_00293	ALJ59663.1|GH3	100.0	777	0	0	1	777	1	777	0.0e+00	1577.8
BcWH2_00294	UPQ80649.1|CE0	57.0	395	163	3	1	393	1	390	8.0e-127	457.6
BcWH2_00304	ALJ59674.1|GH97	100.0	714	0	0	1	714	1	714	0.0e+00	1494.9
BcWH2_00305	ALJ59675.1|GH13	100.0	441	0	0	1	441	1	441	7.6e-267	922.9
BcWH2_00306	ALJ59676.1|GH13	100.0	447	0	0	1	447	1	447	5.2e-255	883.6
BcWH2_00327	UBD70599.1|GT4	97.1	376	11	0	1	376	1	376	2.0e-215	751.9
BcWH2_00328	ALJ59698.1|GT4	100.0	379	0	0	1	379	1	379	1.4e-216	755.7
BcWH2_00329	ALJ59699.1|GT2	100.0	271	0	0	1	271	1	271	5.9e-153	543.9
BcWH2_00330	ALJ59700.1|GT4	100.0	375	0	0	1	375	1	375	6.1e-217	756.9
BcWH2_00331	ALJ59701.1|GT4	100.0	368	0	0	1	368	1	368	5.3e-213	743.8
BcWH2_00332	ALJ59702.1|GT2	100.0	322	0	0	1	322	1	322	2.1e-189	665.2
BcWH2_00333	QUT58954.1|GH0	49.7	364	171	4	5	358	4	365	2.3e-104	382.9
BcWH2_00334	ALJ59704.1|GT2	100.0	328	0	0	1	328	1	328	1.6e-192	675.6
BcWH2_00335	ALJ59705.1|GT2	100.0	332	0	0	1	332	1	332	9.3e-193	676.4
BcWH2_00336	ALJ59706.1|GT2	100.0	266	0	0	1	266	1	266	1.1e-151	539.7
BcWH2_00341	ALJ59711.1|GT9	100.0	343	0	0	1	343	1	343	6.2e-200	700.3
BcWH2_00375	ALJ59745.1|GH88	100.0	404	0	0	1	404	1	404	3.7e-236	820.8
BcWH2_00390	ALJ59760.1|PL8_2	100.0	967	0	0	1	967	1	967	0.0e+00	1998.4
BcWH2_00393	ALJ59763.1|PL30|4.2.2.1	100.0	821	0	0	1	821	1	821	0.0e+00	1663.3
BcWH2_00394	QUT89204.1|GH117	100.0	375	0	0	1	375	1	375	4.5e-228	793.9
BcWH2_00397	ALJ59767.1|PL8_2	100.0	1028	0	0	1	1028	1	1028	0.0e+00	2130.5
BcWH2_00406	ALJ59776.1|GH30_3	100.0	516	0	0	1	516	1	516	1.4e-309	1065.1
BcWH2_00410	ALJ59780.1|CBM57|GH2	100.0	888	0	0	1	888	1	888	0.0e+00	1855.9
BcWH2_00411	ALJ59781.1|GH88|PL38	100.0	777	0	0	1	777	1	777	0.0e+00	1585.1
BcWH2_00413	ACU62277.1|GH35	58.2	385	161	0	5	389	4	388	1.1e-131	473.8
BcWH2_00426	ALJ59796.1|GH3	100.0	740	0	0	1	740	1	740	0.0e+00	1496.1
BcWH2_00427	ALJ59797.1|GH5_46	100.0	415	0	0	1	415	1	415	2.4e-254	881.3
BcWH2_00428	ALJ59798.1|GH30_3	100.0	491	0	0	1	491	1	491	3.9e-296	1020.4
BcWH2_00448	ALJ59818.1|CBM62	100.0	647	0	0	1	647	1	647	0.0e+00	1379.0
BcWH2_00449	ALJ59819.1|GH51	100.0	426	0	0	1	426	1	426	2.4e-254	881.3
BcWH2_00502	ALJ59872.1|CE20	100.0	652	0	0	1	652	1	652	0.0e+00	1362.1
BcWH2_00508	ALJ59878.1|GH43_3	100.0	325	0	0	1	325	1	325	5.0e-199	697.2
BcWH2_00509	QUT89096.1|GH43_3	100.0	343	0	0	1	343	1	343	7.6e-206	719.9
BcWH2_00513	ALJ59883.1|GH31	100.0	848	0	0	1	848	1	848	0.0e+00	1792.3
BcWH2_00514	ALJ59884.1|GH115	100.0	990	0	0	1	990	1	990	0.0e+00	2036.2
BcWH2_00515	ALJ59885.1|GH105	100.0	368	0	0	1	368	1	368	1.5e-223	778.9
BcWH2_00516	ALJ59886.1|GH130	100.0	389	0	0	1	389	1	389	3.7e-233	810.8
BcWH2_00517	QKX62786.1|GH2	59.7	531	210	3	21	548	9	538	8.1e-182	641.0
BcWH2_00518	ALJ59888.1|GH2	100.0	906	0	0	1	906	1	906	0.0e+00	1876.3
BcWH2_00519	QUT89086.1|GH105	100.0	367	0	0	1	367	1	367	3.0e-224	781.2
BcWH2_00521	QUT89084.1|GH43_31	100.0	320	0	0	1	320	1	320	1.1e-195	686.0
BcWH2_00531	ALJ59901.1|GH2	100.0	605	0	0	1	605	1	605	0.0e+00	1286.9
BcWH2_00567	ALJ59937.1|GH2	100.0	1034	0	0	1	1034	1	1034	0.0e+00	2186.8
BcWH2_00569	ALJ59939.1|GH76	100.0	399	0	0	1	399	1	399	3.3e-237	824.3
BcWH2_00570	ALJ59940.1|GH125	100.0	488	0	0	1	488	1	488	1.0e-296	1022.3
BcWH2_00571	ALJ59941.1|GH105	100.0	373	0	0	1	373	1	373	4.1e-229	797.3
BcWH2_00572	ALJ59942.1|GH97	100.0	648	0	0	1	648	1	648	0.0e+00	1337.8
BcWH2_00573	QUT89043.1|GH67	100.0	716	0	0	1	716	1	716	0.0e+00	1521.1
BcWH2_00582	ALJ59952.1|GH38	100.0	1202	0	0	1	1202	1	1202	0.0e+00	2454.9
BcWH2_00591	ALJ59961.1|GH30_2	100.0	492	0	0	1	492	1	492	6.6e-304	1046.2
BcWH2_00596	ALJ59966.1|GH30_4	100.0	535	0	0	1	535	1	535	8.0e-303	1042.7
BcWH2_00597	ALJ59967.1|GH2	100.0	811	0	0	1	811	1	811	0.0e+00	1720.7
BcWH2_00598	ALJ59968.1|GH30_4	100.0	522	0	0	1	522	1	522	0.0e+00	1105.5
BcWH2_00604	ALJ59974.1|GH95	100.0	796	0	0	1	796	1	796	0.0e+00	1597.4
BcWH2_00613	ALJ59982.1|CBM62	100.0	650	0	0	1	650	1	650	0.0e+00	1394.8
BcWH2_00626	ALJ59995.1|GH43_3	100.0	333	0	0	1	333	1	333	6.2e-205	716.8
BcWH2_00627	ALJ59996.1|GH3	100.0	769	0	0	1	769	1	769	0.0e+00	1559.7
BcWH2_00628	AST56160.1|GH35	29.8	897	521	26	236	1062	714	1571	4.9e-110	403.3
BcWH2_00630	ALJ59999.1|GH139	100.0	771	0	0	1	771	1	771	0.0e+00	1642.1
BcWH2_00663	ALJ60032.1|GH105	100.0	460	0	0	1	460	1	460	2.5e-276	954.5
BcWH2_00665	ALJ60034.1|GH95	100.0	776	0	0	1	776	1	776	0.0e+00	1612.4
BcWH2_00667	CUS04921.2|GT4	34.7	993	446	16	3	943	17	859	1.0e-159	568.2
BcWH2_00695	ALJ60064.1|GH43_10|GH5_21	100.0	1205	0	0	1	1205	1	1205	0.0e+00	2537.7
BcWH2_00706	ALJ60075.1|GH43_35	100.0	694	0	0	1	694	1	694	0.0e+00	1449.5
BcWH2_00707	ALJ60076.1|GH51	100.0	839	0	0	1	839	1	839	0.0e+00	1733.8
BcWH2_00708	ALJ60077.1|GH43	100.0	613	0	0	1	613	1	613	0.0e+00	1258.4
BcWH2_00709	ALJ60078.1|GH146	100.0	805	0	0	1	805	1	805	0.0e+00	1681.8
BcWH2_00710	ALJ60079.1|GH97	100.0	630	0	0	1	630	1	630	0.0e+00	1324.3
BcWH2_00711	ALJ60080.1|GH2	100.0	1031	0	0	1	1031	1	1031	0.0e+00	2174.1
BcWH2_00712	ALJ60081.1|GH31	100.0	814	0	0	1	814	1	814	0.0e+00	1707.6
BcWH2_00713	ALJ60082.1|GH43_10	100.0	541	0	0	1	541	1	541	0.0e+00	1132.9
BcWH2_00714	QUT88908.1|GH97	100.0	646	0	0	1	646	1	646	0.0e+00	1338.6
BcWH2_00715	ALJ60084.1|CBM6|GH43_29	100.0	453	0	0	1	453	1	453	1.3e-277	958.7
BcWH2_00716	ALJ60085.1|GH31	100.0	873	0	0	1	873	1	873	0.0e+00	1808.1
BcWH2_00717	ALJ60086.1|CBM51|GH27	100.0	673	0	0	1	673	1	673	0.0e+00	1413.7
BcWH2_00718	ALJ60087.1|GH43_29	100.0	356	0	0	1	356	1	356	9.3e-215	749.6
BcWH2_00719	ALJ60088.1|CBM6|GH27|GH43_29	100.0	894	0	0	1	894	1	894	0.0e+00	1926.8
BcWH2_00744	ALJ60114.1|GH89	100.0	755	0	0	1	755	1	755	0.0e+00	1576.6
BcWH2_00776	ALJ60146.1|CBM6|GH43_2	100.0	443	0	0	1	443	1	443	1.0e-271	939.1
BcWH2_00777	ALJ60147.1|GH3	100.0	868	0	0	1	868	1	868	0.0e+00	1785.0
BcWH2_00778	ALJ60148.1|GH43_17	100.0	352	0	0	1	352	1	352	6.4e-216	753.4
BcWH2_00782	ALJ60152.1|CBM13|GH43_7	100.0	483	0	0	1	483	1	483	9.4e-295	1015.8
BcWH2_00784	ALJ60154.1|CBM48|CE0	100.0	385	0	0	1	385	1	385	1.8e-232	808.5
BcWH2_00806	QUT88822.1|CE4	100.0	204	0	0	1	204	1	204	1.2e-121	439.5
BcWH2_00837	ALJ60205.1|GH42	100.0	689	0	0	1	689	1	689	0.0e+00	1453.0
BcWH2_00840	ALJ60208.1|CBM13	100.0	940	0	0	1	940	1	940	0.0e+00	1915.2
BcWH2_00841	ALJ60209.1|GH2	100.0	799	0	0	1	799	1	799	0.0e+00	1670.2
BcWH2_00844	QUT88787.1|CBM32	99.6	447	2	0	1	447	1	447	5.5e-257	890.2
BcWH2_00845	ALJ60213.1|GH30_4	100.0	522	0	0	1	522	1	522	0.0e+00	1104.4
BcWH2_00846	ALJ60214.1|GH51	100.0	837	0	0	1	837	1	837	0.0e+00	1726.5
BcWH2_00851	ALJ60219.1|GH78	100.0	1215	0	0	1	1215	1	1215	0.0e+00	2506.9
BcWH2_00869	ALJ60237.1|GH3	100.0	768	0	0	1	768	1	768	0.0e+00	1555.8
BcWH2_00870	ALJ60238.1|GH3	100.0	805	0	0	1	805	1	805	0.0e+00	1630.9
BcWH2_00873	ALJ60241.1|GH50	100.0	469	0	0	1	469	1	469	1.3e-288	995.3
BcWH2_00874	ALJ60242.1|GH3	100.0	749	0	0	1	749	1	749	0.0e+00	1496.1
BcWH2_00890	ALJ60258.1|GH29	100.0	514	0	0	1	514	1	514	0.0e+00	1086.2
BcWH2_00892	AWW32784.1|CBM32	41.5	762	430	10	10	760	17	773	2.8e-163	579.7
BcWH2_00893	ALJ60261.1|GH29	100.0	546	0	0	1	546	1	546	0.0e+00	1159.8
BcWH2_00894	AXV50356.1|GH43_3	57.3	361	146	3	24	376	331	691	2.2e-118	429.5
BcWH2_00895	ALJ60263.1|GH8	100.0	419	0	0	1	419	1	419	2.5e-259	897.9
BcWH2_00896	ALJ60264.1|GH3	100.0	863	0	0	1	863	1	863	0.0e+00	1767.7
BcWH2_00904	QUT88735.1|GH130	100.0	343	0	0	1	343	1	343	3.9e-210	734.2
BcWH2_00908	ALJ60276.1|GH173	100.0	485	0	0	1	485	1	485	1.0e-293	1012.3
BcWH2_00909	ALJ60277.1|GH173	100.0	493	0	0	1	493	1	493	2.3e-304	1047.7
BcWH2_00910	ALJ60278.1|GH26	100.0	390	0	0	1	390	1	390	5.0e-238	827.0
BcWH2_00911	ALJ60279.1|GH2	100.0	865	0	0	1	865	1	865	0.0e+00	1805.8
BcWH2_00912	ALJ60280.1|GH3	100.0	750	0	0	1	750	1	750	0.0e+00	1508.4
BcWH2_00926	ALJ60294.1|GH172	100.0	394	0	0	1	394	1	394	3.3e-245	850.9
BcWH2_00933	ASV45029.1|GH23	26.1	1979	1055	52	5	1894	1560	3220	3.7e-148	530.8
BcWH2_00944	ALJ60312.1|GH28	100.0	486	0	0	1	486	1	486	1.1e-269	932.6
BcWH2_00945	ALJ60313.1|GH92	100.0	737	0	0	1	737	1	737	0.0e+00	1560.4
BcWH2_00946	ALJ60314.1|GH92	100.0	689	0	0	1	689	1	689	0.0e+00	1437.6
BcWH2_00957	ALJ60324.1|GT2	100.0	248	0	0	1	248	1	248	2.5e-142	508.4
BcWH2_00958	ALJ60325.1|GT4	100.0	421	0	0	1	421	1	421	5.0e-252	873.6
BcWH2_00959	ALJ60326.1|GT4	100.0	441	0	0	1	441	1	441	4.6e-256	887.1
BcWH2_00963	ALJ60330.1|GT2	100.0	287	0	0	1	287	1	287	1.2e-167	592.8
BcWH2_00966	ALJ60333.1|GT2	100.0	337	0	0	1	337	1	337	5.4e-196	687.2
BcWH2_00992	ALJ60359.1|GH89	99.9	709	1	0	1	709	10	718	0.0e+00	1483.8
BcWH2_00994	ALJ60361.1|GH92	100.0	776	0	0	1	776	1	776	0.0e+00	1642.9
BcWH2_00995	ALJ60362.1|GH28	100.0	469	0	0	1	469	1	469	3.4e-257	891.0
BcWH2_00999	ALJ60366.1|GH92	100.0	757	0	0	1	757	1	757	0.0e+00	1593.6
BcWH2_01013	ALJ60380.1|GH106	100.0	1167	0	0	1	1167	1	1167	0.0e+00	2451.4
BcWH2_01017	ALJ60384.1|PL8	100.0	877	0	0	1	877	1	877	0.0e+00	1769.6
BcWH2_01018	ALJ60385.1|GH79	100.0	468	0	0	1	468	1	468	2.3e-274	948.0
BcWH2_01019	ALJ60386.1|PL8	100.0	691	0	0	1	691	1	691	0.0e+00	1423.3
BcWH2_01020	ALJ60387.1|GH2	100.0	899	0	0	1	899	1	899	0.0e+00	1851.3
BcWH2_01021	ALJ60388.1|GH2	100.0	865	0	0	1	865	1	865	0.0e+00	1807.3
BcWH2_01022	ALJ60389.1|GH88	100.0	396	0	0	1	396	1	396	2.5e-237	824.7
BcWH2_01023	ALJ60390.1|GH28	100.0	487	0	0	1	487	1	487	1.6e-257	892.1
BcWH2_01024	ALJ60391.1|GH78|PL8	100.0	1588	0	0	1	1588	1	1588	0.0e+00	3324.6
BcWH2_01030	ALJ60397.1|GH2	100.0	928	0	0	1	928	1	928	0.0e+00	1932.9
BcWH2_01031	ALJ60398.1|PL17	100.0	636	0	0	1	636	1	636	0.0e+00	1332.8
BcWH2_01032	ALJ60399.1|GH105	100.0	589	0	0	1	589	1	589	0.0e+00	1235.7
BcWH2_01034	QUT88593.1|GH2	100.0	916	0	0	1	916	1	916	0.0e+00	1936.8
BcWH2_01035	ALJ60402.1|GH30_4	100.0	540	0	0	1	540	1	540	0.0e+00	1117.8
BcWH2_01047	ALJ60414.1|CE7	100.0	431	0	0	1	431	1	431	6.1e-261	903.3
BcWH2_01049	ALJ60416.1|GH95	100.0	826	0	0	1	826	1	826	0.0e+00	1711.8
BcWH2_01050	ALJ60417.1|GH97	100.0	750	0	0	1	750	1	750	0.0e+00	1545.8
BcWH2_01051	ALJ60418.1|GH31	100.0	715	0	0	1	715	1	715	0.0e+00	1499.6
BcWH2_01104	ALJ60468.1|GH3	100.0	763	0	0	1	763	1	763	0.0e+00	1511.9
BcWH2_01108	ALJ60472.1|GH144	100.0	546	0	0	1	546	1	546	0.0e+00	1133.6
BcWH2_01109	ALJ60473.1|GH144	100.0	436	0	0	1	436	1	436	3.6e-269	930.6
BcWH2_01112	ALJ60476.1|GH43_28	100.0	574	0	0	1	574	1	574	0.0e+00	1232.6
BcWH2_01127	ALJ60491.1|GH29	100.0	470	0	0	1	470	1	470	1.1e-282	975.7
BcWH2_01130	ALJ60494.1|GH3	100.0	732	0	0	1	732	1	732	0.0e+00	1479.2
BcWH2_01134	ALJ60498.1|GH0	100.0	776	0	0	1	776	1	776	0.0e+00	1619.0
BcWH2_01147	QBQ55251.1|CBM50	33.1	891	538	17	12	884	40	890	1.0e-105	388.7
BcWH2_01169	CAD7252417.1|GH13	56.1	583	247	5	129	706	341	919	7.4e-171	604.7
BcWH2_01180	ALJ60544.1|GH78	100.0	889	0	0	1	889	1	889	0.0e+00	1875.9
BcWH2_01181	ALJ60545.1|CE20	100.0	640	0	0	1	640	1	640	0.0e+00	1344.7
BcWH2_01182	ALJ60546.1|GH16	100.0	436	0	0	1	436	1	436	1.2e-272	942.2
BcWH2_01183	ALJ60547.1|GH39	100.0	613	0	0	1	613	1	613	0.0e+00	1229.5
BcWH2_01184	ALJ60548.1|GH3	100.0	773	0	0	1	773	1	773	0.0e+00	1531.2
BcWH2_01185	ALJ60549.1|GH2	100.0	1054	0	0	1	1054	1	1054	0.0e+00	2206.4
BcWH2_01186	ALJ60551.1|GH92	100.0	733	0	0	1	733	1	733	0.0e+00	1551.2
BcWH2_01187	ALJ60552.1|GH92	100.0	752	0	0	1	752	1	752	0.0e+00	1563.5
BcWH2_01198	AEE54090.1|GH33	40.5	634	329	12	234	835	399	1016	5.9e-127	459.1
BcWH2_01199	AST56160.1|GH35	30.6	880	537	26	234	1061	714	1571	1.4e-104	385.2
BcWH2_01211	ALJ60576.1|GH5_4	100.0	512	0	0	1	512	1	512	4.9e-302	1040.0
BcWH2_01212	ALJ60577.1|GH5_4	100.0	596	0	0	1	596	1	596	0.0e+00	1203.7
BcWH2_01214	ALJ60579.1|GH31	100.0	960	0	0	1	960	1	960	0.0e+00	2003.8
BcWH2_01215	ALJ60580.1|GH2	100.0	862	0	0	1	862	1	862	0.0e+00	1812.3
BcWH2_01216	ALJ60581.1|GH3	100.0	737	0	0	1	737	1	737	0.0e+00	1510.0
BcWH2_01238	ALJ60603.1|GH95	100.0	824	0	0	1	824	1	824	0.0e+00	1719.9
BcWH2_01261	ALJ60626.1|GT30	100.0	406	0	0	1	406	1	406	1.1e-240	835.9
BcWH2_01279	CCO12868.2|GH1	44.0	1435	513	15	11	1402	5	1191	0.0e+00	1100.5
BcWH2_01283	CAD7226128.1|GH38	34.4	729	423	12	4	697	1339	2047	1.5e-112	411.0
BcWH2_01331	ALJ60692.1|GH20	100.0	776	0	0	1	776	1	776	0.0e+00	1577.4
BcWH2_01332	ALJ60693.1|GH20	100.0	516	0	0	1	516	1	516	3.3e-306	1053.9
BcWH2_01334	ALJ60695.1|CE9	100.0	398	0	0	1	398	1	398	2.9e-233	811.2
BcWH2_01337	ALJ60698.1|GH18	100.0	345	0	0	1	345	1	345	8.2e-208	726.5
BcWH2_01353	ALJ60714.1|GH36	100.0	741	0	0	1	741	1	741	0.0e+00	1530.0
BcWH2_01379	CAE6110940.1|CE8	41.5	566	292	11	19	576	253	787	5.2e-114	415.6
BcWH2_01480	ALJ57797.1|GT2	100.0	264	0	0	1	264	1	264	3.1e-151	538.1
BcWH2_01493	CAE6204650.1|GH28	50.8	600	285	4	2	592	745	1343	2.8e-176	622.5
BcWH2_01515	ALJ57762.1|GT113	100.0	327	0	0	1	327	1	327	2.3e-188	661.8
BcWH2_01517	QUT91152.1|GT0	100.0	289	0	0	1	289	1	289	7.9e-172	606.7
BcWH2_01521	QUT91156.1|GT2	100.0	329	0	0	1	329	1	329	4.7e-181	637.5
BcWH2_01535	CAG7883609.1|GT1	56.5	901	359	7	3	901	170	1039	1.9e-280	969.1
BcWH2_01557	ALJ57726.1|GT2	100.0	402	0	0	1	402	1	402	7.0e-235	816.6
BcWH2_01578	ABM98857.2|GT4	61.4	306	117	1	2	307	7	311	5.8e-112	407.9
BcWH2_01584	ALJ57700.1|GH36	100.0	735	0	0	1	735	1	735	0.0e+00	1531.2
BcWH2_01594	ALJ57690.1|CBM50	100.0	592	0	0	1	592	1	592	0.0e+00	1177.5
BcWH2_01619	ALJ57665.1|GT2	100.0	329	0	0	1	329	1	329	2.5e-190	668.3
BcWH2_01620	UHM92040.1|GT0	57.9	380	148	3	5	384	2	369	3.8e-121	438.7
BcWH2_01622	ALJ57662.1|GT32	100.0	239	0	0	1	239	1	239	2.8e-146	521.5
BcWH2_01623	ALJ57661.1|GT2	100.0	263	0	0	1	263	1	263	7.7e-150	533.5
BcWH2_01630	ALJ57654.1|GH2	100.0	1071	0	0	1	1071	1	1071	0.0e+00	2250.3
BcWH2_01685	CAG7903126.1|GH28	43.5	467	240	8	10	468	66	516	1.7e-105	387.1
BcWH2_01814	ALJ57470.1|GT4	100.0	444	0	0	1	444	1	444	1.4e-260	902.1
BcWH2_01815	ALJ57469.1|GT4	100.0	190	0	0	1	190	1	190	1.9e-110	402.1
BcWH2_01817	ALJ57467.1|GT2	100.0	313	0	0	1	313	1	313	9.7e-184	646.4
BcWH2_01818	ALJ57466.1|GT2	100.0	300	0	0	1	300	1	300	1.5e-178	629.0
BcWH2_01819	ALJ57465.1|GT4	100.0	366	0	0	1	366	1	366	3.5e-217	757.7
BcWH2_01821	ALJ57463.1|GT2	100.0	322	0	0	1	322	1	322	1.1e-187	659.4
BcWH2_01822	ALJ57462.1|GT4	100.0	375	0	0	1	375	1	375	1.6e-217	758.8
BcWH2_01845	AXF51455.1|GH23	29.6	1312	765	32	778	1994	2205	3453	1.3e-132	479.2
BcWH2_01869	ALJ61395.1|GH109	100.0	422	0	0	1	422	1	422	7.8e-261	902.9
BcWH2_01906	QLQ36737.1|CBM2	49.1	422	207	6	27	443	192	610	3.8e-117	425.6
BcWH2_01929	ALJ61336.1|CE11	100.0	461	0	0	1	461	1	461	4.2e-268	927.2
BcWH2_01951	ALJ61314.1|GH3	100.0	864	0	0	1	864	1	864	0.0e+00	1764.2
BcWH2_01955	ALJ61310.1|CE8	100.0	433	0	0	1	433	1	433	2.2e-263	911.4
BcWH2_01956	ALJ61309.1|PL1_2	100.0	512	0	0	1	512	5	516	2.4e-309	1064.3
BcWH2_01971	ALJ61294.1|CBM62	100.0	647	0	0	1	647	1	647	0.0e+00	1368.6
BcWH2_01983	QUT93134.1|GH28	100.0	534	0	0	1	534	1	534	0.0e+00	1094.3
BcWH2_01984	ALJ61281.1|GH33|GH78	100.0	1289	0	0	1	1289	1	1289	0.0e+00	2714.5
BcWH2_01986	ALJ61279.1|GH43_10	100.0	560	0	0	1	560	1	560	0.0e+00	1205.3
BcWH2_01988	ALJ61277.1|GH95	100.0	826	0	0	1	826	1	826	0.0e+00	1722.2
BcWH2_01993	ALJ61272.1|GH140	100.0	469	0	0	1	469	1	469	1.0e-293	1012.3
BcWH2_01996	ADY37157.1|PL10_1	54.0	365	165	2	16	378	362	725	3.7e-124	448.7
BcWH2_01999	QUT93205.1|CE7	100.0	438	0	0	1	438	1	438	9.8e-267	922.5
BcWH2_02000	ALJ61265.1|CE12|CE8	100.0	588	0	0	1	588	1	588	0.0e+00	1216.1
BcWH2_02002	ALJ61263.1|CE8	100.0	322	0	0	1	322	1	322	2.9e-175	618.2
BcWH2_02003	QUT93209.1|GH105	100.0	406	0	0	1	406	1	406	1.5e-245	852.0
BcWH2_02038	ALJ61228.1|CBM62	100.0	637	0	0	1	637	1	637	0.0e+00	1343.9
BcWH2_02088	ALJ61179.1|GT2	100.0	271	0	0	1	271	1	271	9.1e-154	546.6
BcWH2_02090	ALJ61177.1|GT2	100.0	335	0	0	1	335	1	335	3.1e-188	661.4
BcWH2_02091	ALJ61176.1|GT4	100.0	326	0	0	1	326	1	326	1.8e-188	662.1
BcWH2_02092	QXM11003.1|GT0	51.8	365	161	4	5	360	2	360	4.9e-110	401.7
BcWH2_02093	ALJ61174.1|GT4	100.0	342	0	0	1	342	1	342	4.6e-195	684.1
BcWH2_02114	ALJ61154.1|GT19	100.0	384	0	0	1	384	1	384	3.8e-222	774.2
BcWH2_02124	ALJ61144.1|CBM50|GH23	100.0	435	0	0	1	435	1	435	4.1e-257	890.6
BcWH2_02140	ALJ61128.1|CE4	100.0	222	0	0	1	222	1	222	3.7e-121	438.0
BcWH2_02144	ALJ61124.1|GT2	100.0	396	0	0	1	396	1	396	3.1e-227	791.2
BcWH2_02196	AWZ17133.1|GH13_30	33.6	1280	685	27	4	1242	406	1561	7.2e-185	652.1
BcWH2_02213	ALJ61055.1|GT113	100.0	345	0	0	1	345	1	345	1.7e-197	692.2
BcWH2_02222	ALJ61046.1|PL10_1	100.0	365	0	0	1	365	1	365	9.8e-220	766.1
BcWH2_02371	ALJ60896.1|GH20	100.0	534	0	0	1	534	1	534	0.0e+00	1105.1
BcWH2_02372	ALJ60895.1|GH105	100.0	934	0	0	1	934	1	934	0.0e+00	2006.5
BcWH2_02376	ALJ60891.1|GH136	100.0	508	0	0	1	508	1	508	2.2e-302	1041.2
BcWH2_02387	ALJ60880.1|CE20	100.0	465	0	0	1	465	1	465	1.6e-275	951.8
BcWH2_02388	ALJ60879.1|CE20	100.0	467	0	0	1	467	1	467	2.7e-283	977.6
BcWH2_02390	ALJ60877.1|GH110	100.0	610	0	0	1	610	1	610	0.0e+00	1203.7
BcWH2_02393	ALJ60874.1|GH110	100.0	609	0	0	1	609	1	609	0.0e+00	1251.9
BcWH2_02395	ALJ60872.1|GH110	100.0	570	0	0	1	570	1	570	0.0e+00	1161.4
BcWH2_02400	ALJ60867.1|GH3	100.0	786	0	0	1	786	1	786	0.0e+00	1605.5
BcWH2_02401	ALJ60866.1|GH92	100.0	747	0	0	1	747	7	753	0.0e+00	1555.0
BcWH2_02402	ALJ60865.1|CE20	100.0	465	0	0	1	465	1	465	1.6e-278	961.8
BcWH2_02403	QIU96999.1|GH43_2	47.6	410	197	6	11	419	8	400	1.6e-107	393.7
BcWH2_02404	ALJ60863.1|CE20	100.0	491	0	0	1	491	1	491	4.3e-295	1016.9
BcWH2_02405	QHW29527.1|CBM0	55.1	998	369	22	8	945	1050	2028	2.2e-295	1018.8
BcWH2_02406	ALJ60861.1|GH2|3.2.1.37	100.0	1132	0	0	1	1132	1	1132	0.0e+00	2341.2
BcWH2_02407	ALJ60860.1|GH3	100.0	864	0	0	1	864	1	864	0.0e+00	1783.5
BcWH2_02413	ALJ60854.1|GH2	100.0	1229	0	0	1	1229	1	1229	0.0e+00	2542.3
BcWH2_02415	ALJ60852.1|GH2	100.0	1075	0	0	1	1075	1	1075	0.0e+00	2240.3
BcWH2_02419	ALJ60848.1|CE12	100.0	545	0	0	1	545	1	545	0.0e+00	1127.5
BcWH2_02438	ALJ60829.1|GH51	100.0	480	0	0	1	480	1	480	2.2e-291	1004.6
BcWH2_02439	QUT88190.1|GH136	100.0	469	0	0	1	469	1	469	1.8e-282	974.9
BcWH2_02440	ALJ60827.1|GH136	100.0	511	0	0	1	511	1	511	0.0e+00	1077.4
BcWH2_02441	ALJ60826.1|GH35	100.0	914	0	0	1	914	1	914	0.0e+00	1909.0
BcWH2_02442	ALJ60825.1|GH2|GH43_24	100.0	1146	0	0	1	1146	1	1146	0.0e+00	2398.2
BcWH2_02443	ALJ60824.1|GH2	100.0	785	0	0	1	785	1	785	0.0e+00	1618.2
BcWH2_02449	ALJ60818.1|GH3	100.0	733	0	0	1	733	1	733	0.0e+00	1468.8
BcWH2_02450	ALJ60817.1|CE20	100.0	479	0	0	1	479	1	479	4.1e-290	1000.3
BcWH2_02451	ALJ60816.1|GH28	100.0	510	0	0	1	510	1	510	1.8e-296	1021.5
BcWH2_02484	ALJ60783.1|GH43_18|3.2.1.55	100.0	326	0	0	1	326	1	326	2.3e-196	688.3
BcWH2_02500	ALJ60767.1|GT4	100.0	411	0	0	1	411	1	411	7.9e-234	813.1
BcWH2_02524	ALJ60743.1|GH43_12	100.0	540	0	0	1	540	1	540	0.0e+00	1136.3
BcWH2_02526	ALJ60741.1|GH127	100.0	609	0	0	1	609	1	609	0.0e+00	1283.1
BcWH2_02527	ALJ60740.1|GH3	100.0	881	0	0	1	881	1	881	0.0e+00	1798.1
BcWH2_02528	ALJ60739.1|GH28	100.0	513	0	0	1	513	1	513	1.7e-294	1015.0
BcWH2_02529	QUT88278.1|GH28	100.0	494	0	0	1	494	1	494	3.9e-288	993.8
BcWH2_02530	ALJ60737.1|GH106	100.0	911	0	0	1	911	1	911	0.0e+00	1900.9
BcWH2_02531	ALJ60736.1|GH106	100.0	909	0	0	1	909	1	909	0.0e+00	1860.1
BcWH2_02535	QDW25584.1|CBM66	39.9	687	361	17	5	681	6	650	7.7e-133	478.4
BcWH2_02554	ALJ62053.1|GH43_19|GH43_34|GH43_9	100.0	1120	0	0	1	1120	1	1120	0.0e+00	2355.1
BcWH2_02555	ALJ62052.1|GH51	100.0	817	0	0	1	817	1	817	0.0e+00	1680.2
BcWH2_02556	ALJ62051.1|GH2	100.0	1024	0	0	1	1024	1	1024	0.0e+00	2165.2
BcWH2_02557	ALJ62050.1|GH28	100.0	461	0	0	1	461	1	461	1.2e-275	952.2
BcWH2_02560	ALJ62047.1|GH28	100.0	787	0	0	1	787	1	787	0.0e+00	1476.5
BcWH2_02562	ALJ62045.1|GH97	100.0	643	0	0	1	643	1	643	0.0e+00	1340.1
BcWH2_02563	ALJ62044.1|GH28	100.0	499	0	0	1	499	5	503	2.8e-302	1040.8
BcWH2_02564	ALJ62043.1|GH2	100.0	1065	0	0	1	1065	1	1065	0.0e+00	2217.6
BcWH2_02569	ALJ62038.1|GH88	100.0	406	0	0	1	406	1	406	6.4e-244	846.7
BcWH2_02571	QUT56879.1|GH92	49.9	377	177	6	1	375	9	375	2.7e-109	399.8
BcWH2_02573	ALJ62034.1|GH146	100.0	641	0	0	1	641	1	641	0.0e+00	1342.4
BcWH2_02575	ALJ62032.1|GH97	100.0	647	0	0	1	647	1	647	0.0e+00	1362.4
BcWH2_02576	ALJ62031.1|GH43_10	100.0	549	0	0	1	549	1	549	0.0e+00	1185.2
BcWH2_02577	QUT92219.1|GH88	100.0	407	0	0	1	407	1	407	2.1e-247	858.2
BcWH2_02755	AXG45674.1|GH6	40.5	694	398	6	159	849	180	861	6.3e-132	475.7
BcWH2_02779	ALJ61832.1|GT2	100.0	317	0	0	1	317	1	317	2.9e-183	644.8
BcWH2_02822	ALJ61789.1|GH28	100.0	432	0	0	1	432	1	432	4.4e-259	897.1
BcWH2_02836	ALJ59111.1|GH28	100.0	475	0	0	1	475	1	475	2.1e-286	988.0
BcWH2_02862	ALJ59085.1|CBM48|CE0|GH10	100.0	716	0	0	1	716	1	716	0.0e+00	1496.9
BcWH2_02865	ALJ59082.1|GH154	100.0	413	0	0	1	413	1	413	6.3e-247	856.7
BcWH2_02869	UBD72179.1|GH2	96.1	644	25	0	3	646	1	644	0.0e+00	1278.1
BcWH2_02870	ALJ59077.1|GH2	100.0	729	0	0	1	729	1	729	0.0e+00	1532.7
BcWH2_02883	ALJ59064.1|GH20	100.0	504	0	0	1	504	1	504	3.3e-306	1053.9
BcWH2_02905	ALJ59042.1|GT4	100.0	388	0	0	1	388	1	388	3.2e-229	797.7
BcWH2_02906	QUT58954.1|GH0	53.7	382	147	8	2	378	5	361	4.6e-119	431.8
BcWH2_02907	ALJ59040.1|GT4	100.0	380	0	0	1	380	1	380	3.2e-221	771.2
BcWH2_02931	ALJ59016.1|CBM50	100.0	289	0	0	1	289	1	289	6.1e-164	580.5
BcWH2_02942	QDV66019.1|GH29	42.7	496	244	10	35	519	30	496	3.7e-103	379.4
BcWH2_02950	AGL63717.2|GT4	38.4	620	319	11	180	742	124	737	2.8e-112	410.2
BcWH2_02952	AST56160.1|GH35	30.0	878	531	27	237	1050	714	1571	6.1e-105	386.3
BcWH2_02956	ALJ58991.1|GH2	100.0	877	0	0	1	877	1	877	0.0e+00	1806.6
BcWH2_02972	ALJ58974.1|CBM62	100.0	647	0	0	1	647	1	647	0.0e+00	1369.8
BcWH2_02984	ALJ58962.1|PL15_2|4.2.2.7|4.2.2.8	100.0	868	0	0	1	868	1	868	0.0e+00	1803.1
BcWH2_02989	ALJ58957.1|PL12_2	100.0	665	0	0	1	665	1	665	0.0e+00	1397.9
BcWH2_02990	ALJ58956.1|GH88	100.0	429	0	0	1	429	1	429	1.2e-256	889.0
BcWH2_02995	ALJ58951.1|PL37	100.0	632	0	0	1	632	1	632	0.0e+00	1312.4
BcWH2_02997	ALJ58949.1|PL13	100.0	389	0	0	1	389	1	389	1.8e-232	808.5
BcWH2_03024	ALJ58922.1|GH154	100.0	671	0	0	1	671	1	671	0.0e+00	1407.5
BcWH2_03031	QUT89968.1|CBM32	99.0	299	3	0	1	299	1	299	6.5e-169	597.0
BcWH2_03032	ALJ58914.1|GH16_3	100.0	490	0	0	1	490	1	490	1.5e-295	1018.5
BcWH2_03033	ALJ58913.1|GH16_3|GH43_24	100.0	628	0	0	1	628	1	628	0.0e+00	1368.6
BcWH2_03037	ALJ58909.1|GH43_24	100.0	375	0	0	1	375	1	375	1.6e-233	812.0
BcWH2_03038	ALJ58908.1|GH154	100.0	414	0	0	1	414	1	414	1.6e-250	868.6
BcWH2_03039	ALJ58907.1|PL42	100.0	433	0	0	1	433	1	433	3.1e-265	917.5
BcWH2_03040	ALJ58906.1|GH105	100.0	374	0	0	1	374	1	374	3.3e-231	804.3
BcWH2_03041	ALJ58905.1|GH43_19|GH43_34|3.2.1.55	100.0	643	0	0	1	643	1	643	0.0e+00	1364.4
BcWH2_03042	ALJ58904.1|GH43_19|GH97	100.0	975	0	0	1	975	1	975	0.0e+00	2059.3
BcWH2_03043	ALJ58903.1|GH51	100.0	841	0	0	1	841	1	841	0.0e+00	1733.8
BcWH2_03044	ALJ58902.1|GH51	100.0	643	0	0	1	643	1	643	0.0e+00	1336.6
BcWH2_03045	ALJ58901.1|GH2	100.0	1031	0	0	1	1031	1	1031	0.0e+00	2187.5
BcWH2_03046	ALJ58900.1|GH43_17	100.0	327	0	0	1	327	1	327	6.3e-202	706.8
BcWH2_03056	ALJ58890.1|GH28	100.0	466	0	0	1	466	1	466	4.4e-281	970.3
BcWH2_03057	ALJ58889.1|GH43_24	100.0	464	0	0	1	464	1	464	3.7e-288	993.8
BcWH2_03058	ALJ58888.1|PL27	100.0	694	0	0	1	694	1	694	0.0e+00	1455.7
BcWH2_03059	ALJ58887.1|CE12	100.0	282	0	0	1	282	1	282	1.3e-163	579.3
BcWH2_03060	ALJ58886.1|GH115	100.0	775	0	0	1	775	1	775	0.0e+00	1590.9
BcWH2_03061	ALJ58885.1|CBM32|GH35|GH43_24	100.0	1106	0	0	1	1106	1	1106	0.0e+00	2348.5
BcWH2_03077	ALJ58869.1|GT2	100.0	323	0	0	1	323	1	323	1.4e-185	652.5
BcWH2_03080	ALJ58866.1|CBM20|GH77	100.0	899	0	0	1	899	1	899	0.0e+00	1917.1
BcWH2_03087	ALJ58859.1|GT2	100.0	317	0	0	1	317	1	317	1.1e-182	642.9
BcWH2_03170	CAD7245033.1|GT58	62.6	506	150	7	5	503	1054	1527	5.6e-165	584.7
BcWH2_03197	AMJ20543.1|GH13_11	50.2	426	192	3	1	423	1	409	1.4e-113	413.7
BcWH2_03203	ALJ57330.1|GT51	100.0	773	0	0	1	773	1	773	0.0e+00	1580.1
BcWH2_03277	ALJ62732.1|GH13_8	100.0	669	0	0	1	669	1	669	0.0e+00	1429.5
BcWH2_03281	ALJ62728.1|GH13_38|3.2.1.20	100.0	565	0	0	1	565	1	565	0.0e+00	1199.5
BcWH2_03377	ALJ62633.1|GT2	100.0	306	0	0	1	306	1	306	4.7e-183	644.0
BcWH2_03378	ALJ62632.1|GT2	100.0	308	0	0	1	308	1	308	6.2e-175	617.1
BcWH2_03379	ALJ62631.1|GT4	100.0	348	0	0	1	348	1	348	9.7e-201	703.0
BcWH2_03380	ALJ62630.1|GT4	100.0	400	0	0	1	400	1	400	1.4e-232	808.9
BcWH2_03381	ALJ62629.1|GT4	100.0	365	0	0	1	365	1	365	3.7e-211	737.6
BcWH2_03385	AVI59029.1|GT2	47.6	437	221	4	1	436	1	430	1.3e-109	400.6
BcWH2_03428	ALR08738.2|GT83	43.4	588	317	7	3	580	2	583	5.9e-142	508.4
BcWH2_03440	ACT97502.1|GH78	93.4	227	15	0	826	1052	321	547	9.2e-109	399.1
BcWH2_03456	AGL63717.2|GT4	50.0	644	300	8	194	835	107	730	5.8e-167	592.0
BcWH2_03469	UBD68436.1|CBM50	85.1	471	32	1	1	471	1	433	4.6e-153	545.0
BcWH2_03482	ALJ62531.1|GT1	100.0	371	0	0	1	371	1	371	1.1e-221	772.7
BcWH2_03488	ALJ62525.1|GH65	100.0	449	0	0	1	449	1	449	5.2e-271	936.8
BcWH2_03494	QUT91743.1|GH65	97.6	211	5	0	1	211	1	211	6.6e-115	417.2
BcWH2_03497	ALJ62516.1|GH97	100.0	717	0	0	1	717	1	717	0.0e+00	1496.9
BcWH2_03498	ALJ62515.1|GH31	100.0	832	0	0	1	832	1	832	0.0e+00	1766.5
BcWH2_03499	ALJ62514.1|GH66	100.0	596	0	0	1	596	1	596	0.0e+00	1189.5
BcWH2_03516	ALJ62497.1|GH43_12	100.0	520	0	0	1	520	1	520	0.0e+00	1108.2
BcWH2_03576	ALJ62437.1|GT0	100.0	402	0	0	1	402	1	402	1.2e-226	789.3
BcWH2_03577	ALJ62436.1|GT4	100.0	373	0	0	1	373	1	373	1.4e-216	755.7
BcWH2_03578	CUA18573.1|GT4	56.3	366	159	1	1	366	1	365	1.2e-122	443.7
BcWH2_03579	ALJ62434.1|GT2	100.0	309	0	0	1	309	1	309	5.3e-182	640.6
BcWH2_03580	ALJ62433.1|GT2	100.0	290	0	0	1	290	1	290	1.4e-165	585.9
BcWH2_03592	ALJ62422.1|GT32	100.0	256	0	0	1	256	1	256	2.5e-145	518.5
BcWH2_03593	QUT91842.1|GT2	100.0	389	0	0	1	389	1	389	4.4e-218	760.8
BcWH2_03612	ALJ62402.1|GT35	100.0	854	0	0	1	854	1	854	0.0e+00	1774.6
BcWH2_03613	QUT91862.1|GT3	100.0	553	0	0	1	553	1	553	0.0e+00	1149.8
BcWH2_03635	ALJ58703.1|GH18	100.0	573	0	0	1	573	1	573	0.0e+00	1177.9
BcWH2_03636	ALJ58702.1|GT4	100.0	360	0	0	1	360	1	360	4.2e-215	750.7
BcWH2_03637	ALJ58701.1|GT4	100.0	362	0	0	1	362	1	362	2.8e-203	711.4
BcWH2_03639	ALJ58699.1|GT4	100.0	425	0	0	1	425	1	425	1.2e-256	889.0
BcWH2_03645	ALJ58693.1|GT2	100.0	279	0	0	1	279	1	279	1.3e-163	579.3
BcWH2_03647	ALJ58691.1|GT2	100.0	639	0	0	1	639	1	639	0.0e+00	1296.2
BcWH2_03717	QYO62262.1|GH13	63.3	343	124	1	1	343	1	341	4.9e-114	415.6
BcWH2_03720	ALJ58617.1|CE0|GH9	100.0	836	0	0	1	836	1	836	0.0e+00	1759.6
BcWH2_03734	ALJ58603.1|GH32	100.0	533	0	0	1	533	1	533	0.0e+00	1102.4
BcWH2_03737	AST56160.1|GH35	31.9	882	511	24	220	1035	714	1571	3.9e-120	436.8
BcWH2_03738	ALJ58599.1|GH32	100.0	600	0	0	1	600	1	600	0.0e+00	1244.2
BcWH2_03745	ALJ58592.1|GH36	100.0	729	0	0	1	729	1	729	0.0e+00	1514.6
BcWH2_03749	AMJ18631.1|GT2	47.6	1180	577	15	9	1170	3	1159	8.5e-305	1050.4
BcWH2_03766	AHC21644.2|GH1	50.3	515	250	3	6	518	11	521	2.9e-140	502.7
BcWH2_03774	ALJ58563.1|GH65	100.0	770	0	0	1	770	1	770	0.0e+00	1603.2
BcWH2_03782	ALJ58555.1|GH147	100.0	855	0	0	1	855	1	855	0.0e+00	1763.4
BcWH2_03783	ALJ58554.1|GH53	100.0	394	0	0	1	394	1	394	1.3e-238	828.9
BcWH2_03784	ALJ58553.1|GH2	100.0	825	0	0	1	825	1	825	0.0e+00	1666.4
BcWH2_03789	ALJ58548.1|CBM48|GH13	100.0	942	0	0	1	942	1	942	0.0e+00	1914.0
BcWH2_03790	ALJ58547.1|GH133	100.0	785	0	0	1	785	1	785	0.0e+00	1606.3
BcWH2_03810	ALJ58528.1|GH13_14	100.0	665	0	0	1	665	1	665	0.0e+00	1367.8
BcWH2_03861	ALJ58476.1|PL6_1	100.0	464	0	0	1	464	1	464	1.8e-282	974.9
BcWH2_03862	ALJ58475.1|GH28	100.0	947	0	0	1	947	1	947	0.0e+00	1931.4
BcWH2_03865	QUT90415.1|GH28	100.0	457	0	0	1	457	1	457	6.7e-266	919.8
BcWH2_03866	ALJ58471.1|GH97	100.0	632	0	0	1	632	1	632	0.0e+00	1313.5
BcWH2_03867	ALJ58470.1|GH97	100.0	648	0	0	1	648	1	648	0.0e+00	1346.6
BcWH2_03868	ALJ58469.1|GH31	100.0	715	0	0	1	715	1	715	0.0e+00	1495.7
BcWH2_03869	ALJ58468.1|GH36	100.0	722	0	0	1	722	1	722	0.0e+00	1497.3
BcWH2_03870	AOE10346.1|CBM0	36.9	891	316	7	7	680	14	875	1.7e-161	573.5
BcWH2_03881	UBD69437.1|CBM51	98.4	1330	21	0	1	1330	1	1330	0.0e+00	2689.4
BcWH2_03885	ALJ58453.1|GH105	100.0	379	0	0	1	379	1	379	2.2e-230	801.6
BcWH2_03887	ALJ58451.1|GH88	100.0	407	0	0	1	407	1	407	8.9e-246	852.8
BcWH2_03888	ALJ58450.1|GH2	100.0	804	0	0	1	804	1	804	0.0e+00	1673.7
BcWH2_03889	ALJ58449.1|PL38	100.0	383	0	0	1	383	1	383	1.1e-234	815.8
BcWH2_03890	ALJ58448.1|GH105	100.0	435	0	0	1	435	1	435	8.9e-260	899.4
BcWH2_03891	ALJ58447.1|PL8	100.0	723	0	0	1	723	1	723	0.0e+00	1477.6
BcWH2_03892	QGQ94403.1|CBM32	32.8	759	429	16	15	751	39	738	2.9e-109	400.2
BcWH2_03893	QMV68341.1|GH88	53.7	479	221	1	31	509	422	899	1.8e-150	536.6
BcWH2_03904	AFN75555.1|CBM32	40.8	546	294	13	6	542	8	533	7.8e-108	395.2
BcWH2_03914	ALJ58424.1|GH2	100.0	873	0	0	1	873	1	873	0.0e+00	1828.1
BcWH2_03934	ALJ58404.1|PL1_2	100.0	581	0	0	1	581	1	581	0.0e+00	1193.3
BcWH2_03945	CUS04494.2|GH39	56.3	911	381	7	12	915	18	918	4.0e-286	988.0
BcWH2_03946	ALJ58392.1|GH23	100.0	463	0	0	1	463	1	463	2.5e-268	927.9
BcWH2_03956	ALJ58382.1|PL1_2	100.0	464	0	0	1	464	1	464	1.5e-276	955.3
BcWH2_03957	ALJ58381.1|GH105	100.0	432	0	0	1	432	1	432	1.0e-263	912.5
BcWH2_03971	ALJ58367.1|CE6	100.0	829	0	0	1	829	1	829	0.0e+00	1688.7
BcWH2_04049	ALJ58289.1|GT2	100.0	252	0	0	1	252	1	252	1.9e-145	518.8
BcWH2_04069	ALJ58269.1|GT51	100.0	781	0	0	1	781	1	781	0.0e+00	1598.2
BcWH2_04070	ACM64804.2|GT51	26.9	1683	1062	44	232	1870	202	1759	5.7e-154	550.1
BcWH2_04074	CAG7868751.1|GT106	50.3	545	262	2	4	547	30	566	8.0e-157	557.8
BcWH2_04075	ALJ58263.1|GH25	100.0	273	0	0	1	273	1	273	1.5e-164	582.4
BcWH2_04096	ALJ58242.1|GT2	100.0	322	0	0	1	322	1	322	3.2e-182	641.3
BcWH2_04099	ALJ58239.1|GT0	100.0	357	0	0	1	357	1	357	2.8e-211	738.0
BcWH2_04101	ALJ58237.1|GT2	100.0	277	0	0	1	277	1	277	5.3e-157	557.4
BcWH2_04116	ALJ58222.1|GH30_8	100.0	546	0	0	1	546	1	546	0.0e+00	1135.9
BcWH2_04117	ALJ58221.1|GH10	100.0	737	0	0	1	737	1	737	0.0e+00	1503.0
BcWH2_04123	ALJ58215.1|GH115	100.0	859	0	0	1	859	1	859	0.0e+00	1771.9
BcWH2_04137	QUT90781.1|GH28	100.0	467	0	0	1	467	1	467	4.7e-283	976.9
BcWH2_04140	ALJ58197.1|GH51	100.0	514	0	0	1	514	1	514	2.6e-311	1070.8
BcWH2_04141	ALJ58196.1|GH146	100.0	782	0	0	1	782	1	782	0.0e+00	1605.5
BcWH2_04147	AXV50356.1|GH43_3	60.9	361	134	2	26	379	331	691	9.8e-130	467.2
BcWH2_04148	ALJ58189.1|GH43_4	100.0	631	0	0	1	631	1	631	0.0e+00	1338.2
BcWH2_04153	ALJ58184.1|GH43_4	100.0	495	0	0	1	495	1	495	6.9e-309	1062.8
BcWH2_04154	ALJ58183.1|GH51	100.0	652	0	0	1	652	1	652	0.0e+00	1368.2
BcWH2_04165	ALJ58172.1|PL8_3	100.0	712	0	0	1	712	1	712	0.0e+00	1470.7
BcWH2_04166	ALJ58171.1|GH105	100.0	369	0	0	1	369	1	369	3.6e-222	774.2
BcWH2_04172	ALJ58165.1|GH88	100.0	407	0	0	1	407	1	407	7.8e-250	866.3
BcWH2_04173	ALJ58164.1|GH2	100.0	892	0	0	1	892	1	892	0.0e+00	1855.5
BcWH2_04174	ALJ58163.1|GH2	100.0	1122	0	0	1	1122	1	1122	0.0e+00	2335.1
BcWH2_04175	ALJ58162.1|GH109	100.0	535	0	0	1	535	1	535	0.0e+00	1111.3
BcWH2_04200	CAN65674.1|GH28	43.0	546	281	7	73	614	111	630	2.1e-124	450.3
BcWH2_04284	ALJ61767.1|GH23	100.0	326	0	0	1	326	1	326	9.5e-190	666.4
BcWH2_04324	ALJ61728.1|PL33_1|4.2.2.1	100.0	642	0	0	1	642	1	642	0.0e+00	1340.5
BcWH2_04341	ALJ61711.1|GH27	100.0	463	0	0	1	463	1	463	1.8e-287	991.5
BcWH2_04343	ALJ61709.1|GH97	100.0	675	0	0	1	675	1	675	0.0e+00	1417.5
BcWH2_04348	ALJ47133.1|GH97	58.1	530	217	3	3	531	4	529	9.4e-182	640.6
BcWH2_04349	ALJ61703.1|CE0|PL10_1	100.0	707	0	0	1	707	1	707	0.0e+00	1489.2
BcWH2_04352	ALJ61700.1|CE0	100.0	509	0	0	1	509	1	509	1.0e-307	1058.9
BcWH2_04353	ALJ61699.1|GH2	100.0	1007	0	0	1	1007	1	1007	0.0e+00	2107.0
BcWH2_04355	ALJ61698.1|GH3	100.0	942	0	0	1	942	1	942	0.0e+00	1903.6
BcWH2_04389	CAG7911095.1|GH5_11	40.1	906	484	19	13	875	589	1478	8.7e-190	667.9
BcWH2_04407	QCW79542.1|GH101	54.0	457	210	0	60	516	612	1068	6.8e-142	508.1
BcWH2_04412	ALJ61640.1|GH13	100.0	616	0	0	1	616	1	616	0.0e+00	1290.8
BcWH2_04463	ALJ61588.1|GT4	100.0	418	0	0	1	418	1	418	2.8e-247	857.8
BcWH2_04469	ALJ61582.1|GT4	100.0	399	0	0	1	399	1	399	1.2e-234	815.8
BcWH2_04470	CAI32746.2|GT4	51.5	439	168	5	7	445	1	394	4.5e-118	428.7
BcWH2_04475	ALJ61576.1|GH97	100.0	718	0	0	1	718	1	718	0.0e+00	1453.3
BcWH2_04477	CCO12112.2|GH13_31	70.4	419	123	1	3	420	4	422	3.0e-167	592.0
BcWH2_04478	ALJ61573.1|GH3	100.0	750	0	0	1	750	1	750	0.0e+00	1478.0
BcWH2_04480	ALJ61571.1|GH16_3	100.0	452	0	0	1	452	1	452	1.7e-266	921.8
BcWH2_04487	ALJ61564.1|GH20	100.0	814	0	0	1	814	1	814	0.0e+00	1676.4
BcWH2_04499	ALJ61552.1|GH2|3.2.1.-	100.0	939	0	0	1	939	1	939	0.0e+00	1968.7
BcWH2_04506	ALJ61545.1|GT51	100.0	629	0	0	1	629	1	629	0.0e+00	1232.2
BcWH2_04511	ALJ61540.1|CBM22|GH10	100.0	772	0	0	1	772	1	772	0.0e+00	1592.8
BcWH2_04512	ALJ61539.1|GH35	100.0	570	0	0	1	570	1	570	0.0e+00	1176.4
BcWH2_04513	ALJ61538.1|CE20	100.0	556	0	0	1	556	1	556	0.0e+00	1161.4
BcWH2_04515	ALJ61536.1|GH10|GH43_12	100.0	927	0	0	1	927	1	927	0.0e+00	1951.0
BcWH2_04516	ALJ61535.1|GH43_1	100.0	325	0	0	1	325	1	325	8.2e-202	706.4
BcWH2_04518	ALJ61533.1|GH67	100.0	675	0	0	1	675	1	675	0.0e+00	1428.3
BcWH2_04521	ALJ61530.1|GH26	100.0	360	0	0	1	360	1	360	1.4e-223	778.9
BcWH2_04523	ALJ61528.1|GH43_11	100.0	530	0	0	1	530	1	530	0.0e+00	1147.1
BcWH2_04524	ALJ61527.1|GH26	100.0	352	0	0	1	352	1	352	3.3e-212	741.1
BcWH2_04528	ALJ61523.1|GH8	100.0	417	0	0	1	417	1	417	5.7e-256	886.7
BcWH2_04529	ALJ61522.1|CE6|GH95	100.0	1074	0	0	1	1074	1	1074	0.0e+00	2211.0
BcWH2_04531	ALJ61520.1|GH5_21	100.0	655	0	0	1	655	1	655	0.0e+00	1355.1
BcWH2_04532	ALJ61519.1|GH10	100.0	371	0	0	1	371	1	371	2.4e-221	771.5
BcWH2_04533	ALJ61518.1|GH10	100.0	721	0	0	1	721	1	721	0.0e+00	1478.4
BcWH2_04539	ALJ61512.1|CE20	100.0	641	0	0	1	641	1	641	0.0e+00	1325.5
BcWH2_04540	ALJ61511.1|GH115	100.0	835	0	0	1	835	1	835	0.0e+00	1737.2
BcWH2_04541	ALJ61510.1|GH31	100.0	819	0	0	1	819	1	819	0.0e+00	1708.0
BcWH2_04552	ALJ61499.1|GH92	100.0	764	0	0	1	764	1	764	0.0e+00	1594.3
BcWH2_04553	QUT92931.1|GH130	100.0	323	0	0	1	323	1	323	6.9e-201	703.4
BcWH2_04555	QUT92933.1|GH92	100.0	758	0	0	1	758	1	758	0.0e+00	1587.0
BcWH2_04568	ALJ61482.1|GH92	100.0	757	0	0	1	757	1	757	0.0e+00	1592.8
BcWH2_04569	ALJ61481.1|GH97	100.0	669	0	0	1	669	1	669	0.0e+00	1416.7
BcWH2_04570	ALJ61480.1|GH18	100.0	647	0	0	1	647	1	647	0.0e+00	1321.2
BcWH2_04575	ALJ61475.1|GH92	100.0	759	0	0	1	759	1	759	0.0e+00	1606.3
BcWH2_04578	ALJ61472.1|GH92	100.0	744	0	0	1	744	1	744	0.0e+00	1557.0
BcWH2_04586	ALJ61464.1|GT5	100.0	274	0	0	1	274	1	274	8.0e-158	560.1
BcWH2_04588	ALJ61462.1|GH57	100.0	418	0	0	1	418	1	418	3.0e-245	851.3
BcWH2_04589	QUT92965.1|GT4	100.0	423	0	0	1	423	1	423	8.3e-255	882.9
BcWH2_04590	ALJ61460.1|GH133	100.0	646	0	0	1	646	1	646	0.0e+00	1342.4
BcWH2_04598	ALJ61452.1|CE12	100.0	425	0	0	1	425	1	425	7.1e-254	879.8
BcWH2_04599	ALJ61451.1|GH105	100.0	375	0	0	1	375	1	375	1.0e-235	819.3
BcWH2_04600	ALJ61450.1|GH42	100.0	711	0	0	1	711	1	711	0.0e+00	1509.2
BcWH2_04607	ALJ61443.1|GH2|3.2.1.31	100.0	991	0	0	1	991	1	991	0.0e+00	2058.5
BcWH2_04608	ALJ61442.1|PL11_1	100.0	666	0	0	1	666	1	666	0.0e+00	1389.8
BcWH2_04609	ALJ61441.1|GH105	100.0	468	0	0	1	468	1	468	2.2e-280	968.0
BcWH2_04612	ALJ61438.1|CBM6	100.0	948	0	0	1	948	1	948	0.0e+00	1951.4
BcWH2_04613	ALJ61437.1|GH31	100.0	882	0	0	1	882	1	882	0.0e+00	1810.0
BcWH2_04614	ALJ61436.1|GH28	100.0	461	0	0	1	461	1	461	3.4e-278	960.7
BcWH2_04620	ALJ61430.1|GH95	100.0	828	0	0	1	828	1	828	0.0e+00	1729.5
BcWH2_04621	ALJ61429.1|GH3	100.0	786	0	0	1	786	1	786	0.0e+00	1595.5
BcWH2_04648	ALJ62172.1|CE0	100.0	400	0	0	1	400	1	400	5.7e-237	823.5
BcWH2_04663	QCW79542.1|GH101	55.4	457	198	1	59	509	612	1068	5.0e-145	518.5
BcWH2_04669	ALJ62150.1|GH2	100.0	949	0	0	1	949	1	949	0.0e+00	1985.7
BcWH2_04670	ALJ62149.1|GH2	100.0	1082	0	0	1	1082	1	1082	0.0e+00	2273.0
BcWH2_04671	ALJ62148.1|CBM57|GH137|GH2	100.0	1421	0	0	1	1421	1	1421	0.0e+00	2999.9
BcWH2_04672	ALJ62147.1|GH138	100.0	899	0	0	1	899	1	899	0.0e+00	1851.6
BcWH2_04673	ALJ62146.1|GH78	100.0	735	0	0	1	735	1	735	0.0e+00	1542.3
BcWH2_04674	ALJ62145.1|GH141	100.0	609	0	0	1	609	1	609	0.0e+00	1298.1
BcWH2_04675	ALJ62144.1|GH127	100.0	698	0	0	1	698	1	698	0.0e+00	1461.4
BcWH2_04676	ALJ62143.1|GH95	100.0	822	0	0	1	822	1	822	0.0e+00	1712.6
BcWH2_04677	ALJ62142.1|GH105	100.0	398	0	0	1	398	1	398	3.8e-241	837.4
BcWH2_04678	QUT92129.1|GH140	100.0	489	0	0	1	489	1	489	3.3e-303	1043.9
BcWH2_04679	ALJ62140.1|GH33|GH78	100.0	1288	0	0	1	1288	1	1288	0.0e+00	2716.4
BcWH2_04680	ALJ62139.1|CE19	100.0	653	0	0	1	653	1	653	0.0e+00	1306.2
BcWH2_04681	ALJ62138.1|GH28	100.0	452	0	0	1	452	1	452	4.6e-251	870.5
BcWH2_04682	ALJ62137.1|GH78	100.0	197	0	0	1	197	1	197	1.8e-114	415.6
BcWH2_04703	ALJ62117.1|GH78	100.0	755	0	0	1	755	1	755	0.0e+00	1573.1
BcWH2_04704	ALJ62116.1|GH142|GH143	100.0	1107	0	0	1	1107	1	1107	0.0e+00	2349.3
BcWH2_04705	ALJ62115.1|GH43_18|3.2.1.55	100.0	309	0	0	1	309	1	309	2.5e-184	648.3
BcWH2_04707	QUT92137.1|PL1_2	100.0	575	0	0	1	575	1	575	0.0e+00	1206.8
BcWH2_04715	ALJ62105.1|PL1_2	100.0	560	0	0	1	560	1	560	0.0e+00	1144.0
BcWH2_04717	ALJ62103.1|GH2	100.0	877	0	0	1	877	1	877	0.0e+00	1807.3
BcWH2_04718	QUT92147.1|GH139	99.3	738	5	0	1	738	1	738	0.0e+00	1550.0
BcWH2_04719	ALJ62101.1|CE20	100.0	477	0	0	1	477	1	477	1.7e-288	995.0
BcWH2_04720	ALJ62100.1|GH106	100.0	1095	0	0	1	1095	1	1095	0.0e+00	2286.5
BcWH2_04746	ALJ62074.1|PL40	100.0	916	0	0	1	916	1	916	0.0e+00	1882.1
BcWH2_04760	ALJ62060.1|GH28	100.0	492	0	0	1	492	1	492	1.2e-292	1008.8
BcWH2_04784	ALJ59152.1|GH116	100.0	899	0	0	1	899	1	899	0.0e+00	1852.4
BcWH2_04789	ALJ59147.1|GH92	100.0	742	0	0	1	742	1	742	0.0e+00	1579.7
BcWH2_04804	ALJ59132.1|CBM67|GH78	100.0	733	0	0	1	733	1	733	0.0e+00	1555.0
BcWH2_04893	ALJ57889.1|GT2	100.0	397	0	0	1	397	1	397	2.5e-224	781.6
BcWH2_04894	AAO76290.1|GT2	52.6	913	404	4	1	886	425	1335	7.6e-274	947.2
BcWH2_04901	ALJ57897.1|GT2	100.0	286	0	0	1	286	1	286	4.9e-166	587.4
BcWH2_04930	ALJ57924.1|GT51	100.0	244	0	0	1	244	1	244	1.1e-131	473.0
BcWH2_04946	CBA03971.1|GT30	57.7	383	157	1	10	392	2	379	7.0e-120	434.9
BcWH2_04951	EAR02039.1|GH117	56.1	485	208	3	36	516	28	511	2.6e-165	585.9
BcWH2_04970	ALJ57961.1|GT26	100.0	242	0	0	1	242	1	242	1.3e-138	496.1
BcWH2_04971	ALJ57962.1|GT4	100.0	364	0	0	1	364	1	364	8.9e-213	743.0
BcWH2_04972	QQN33861.1|GT0	57.5	381	152	4	3	383	2	372	5.8e-122	441.4
BcWH2_05003	ALJ57993.1|CBM51|GH27	100.0	664	0	0	1	664	1	664	0.0e+00	1408.7
BcWH2_05007	ALJ57997.1|GH2	100.0	925	0	0	1	925	1	925	0.0e+00	1875.5
BcWH2_05012	ALJ58002.1|CE2	100.0	367	0	0	1	367	1	367	2.2e-219	765.0
BcWH2_05056	ALJ59245.1|GH127	100.0	820	0	0	1	820	1	820	0.0e+00	1711.4
BcWH2_05058	ALJ59247.1|GH97	100.0	908	0	0	1	908	1	908	0.0e+00	1885.5
BcWH2_05059	ALJ59248.1|GH43_34	100.0	800	0	0	1	800	1	800	0.0e+00	1696.0
BcWH2_05060	ALJ59249.1|GH127	100.0	801	0	0	1	801	1	801	0.0e+00	1669.8
BcWH2_05061	AJY87077.1|GH43_29	45.6	691	350	8	71	745	270	950	4.0e-175	619.0
BcWH2_05066	QUT68947.1|GH127	74.3	669	165	4	1	664	1	667	4.6e-311	1070.5
BcWH2_05079	ALJ59268.1|GH130	100.0	392	0	0	1	392	1	392	9.5e-237	822.8
BcWH2_05080	ALJ59269.1|GH26	100.0	375	0	0	1	375	1	375	1.5e-226	788.9
BcWH2_05081	ALJ59270.1|GH26	100.0	558	0	0	1	558	1	558	0.0e+00	1152.9
BcWH2_05086	ALJ59275.1|GH5_2	100.0	326	0	0	1	326	1	326	1.0e-196	689.5
BcWH2_05087	ALJ59276.1|GH5_7	100.0	428	0	0	1	428	1	428	7.4e-259	896.3
BcWH2_05088	ALJ59277.1|CE7	100.0	427	0	0	1	427	1	427	3.8e-263	910.6
BcWH2_05090	ALJ59279.1|GH3	100.0	759	0	0	1	759	1	759	0.0e+00	1545.0
BcWH2_05091	ARA85284.1|CE12	58.7	329	132	3	6	332	45	371	3.2e-108	395.6
BcWH2_05094	ALJ59284.1|GH3	100.0	1046	0	0	1	1046	1	1046	0.0e+00	2088.9
BcWH2_05095	ALJ59285.1|GH3	100.0	1000	0	0	1	1000	1	1000	0.0e+00	1994.5
BcWH2_05100	ALJ59290.1|GH10|GH43_12	100.0	919	0	0	1	919	1	919	0.0e+00	1921.7
BcWH2_05101	ALJ59291.1|GH43_10	100.0	519	0	0	1	519	1	519	0.0e+00	1093.6
BcWH2_05103	ALJ59293.1|GT2	100.0	305	0	0	1	305	1	305	2.7e-178	628.2
BcWH2_05120	ADE82894.1|GH105|GH28	51.9	727	300	11	23	715	885	1595	3.2e-214	748.8
BcWH2_05121	ALJ59309.1|GH2	100.0	976	0	0	1	976	1	976	0.0e+00	2061.2
BcWH2_05131	ALJ59319.1|PL1_2	100.0	458	0	0	1	458	1	458	6.4e-277	956.4
BcWH2_05136	ALJ59324.1|GH28	100.0	473	0	0	1	473	1	473	8.7e-285	982.6
BcWH2_05138	ALJ59326.1|GH105	100.0	432	0	0	1	432	1	432	5.2e-260	900.2
BcWH2_05143	ALJ59331.1|GH28	100.0	507	0	0	1	507	1	507	2.5e-306	1054.3
BcWH2_05144	ALJ59332.1|PL11	100.0	609	0	0	1	609	1	609	0.0e+00	1276.9
BcWH2_05145	ALJ59333.1|GH106	100.0	942	0	0	1	942	1	942	0.0e+00	1950.6
BcWH2_05146	ALJ59334.1|GH105	100.0	843	0	0	1	843	1	843	0.0e+00	1719.9
BcWH2_05152	ALJ59340.1|GH43_28	100.0	574	0	0	1	574	1	574	0.0e+00	1191.4
BcWH2_05153	ALJ59341.1|CBM6|GH43_16	100.0	470	0	0	1	470	1	470	3.5e-294	1013.8
BcWH2_05154	ALJ59342.1|CBM6|GH43_29	100.0	456	0	0	1	456	1	456	8.1e-280	966.1
BcWH2_05155	ALJ59343.1|GH43_10	100.0	446	0	0	1	446	1	446	1.5e-278	961.8
BcWH2_05156	QUT89599.1|GH43_10	99.6	247	1	0	1	247	451	697	5.4e-145	517.3
BcWH2_05171	ALJ59359.1|GH29	100.0	491	0	0	1	491	1	491	1.0e-304	1048.9
BcWH2_05172	ALJ59360.1|GH105	100.0	369	0	0	1	369	1	369	3.4e-220	767.7
BcWH2_05173	ALJ59361.1|GH2	100.0	704	0	0	1	704	1	704	0.0e+00	1483.0
BcWH2_05174	ALJ59362.1|GH109	100.0	517	0	0	1	517	1	517	0.0e+00	1082.8
BcWH2_05177	ALJ59365.1|GH20	100.0	559	0	0	1	559	1	559	0.0e+00	1164.8
BcWH2_05199	CCO12112.2|GH13_31	70.9	419	121	1	3	420	4	422	1.3e-170	603.2
BcWH2_05205	ALJ62189.1|GT4	100.0	403	0	0	1	403	1	403	1.4e-235	818.9
BcWH2_05206	AOP03843.1|GT0	65.5	383	126	1	3	379	20	402	5.4e-144	514.6
BcWH2_05208	VEJ19452.1|GT4	67.1	334	106	2	3	335	371	701	2.6e-126	455.7
BcWH2_05209	ALJ62185.1|GT2	100.0	272	0	0	1	272	1	272	1.3e-152	542.7
BcWH2_05211	ALJ62183.1|GT2	100.0	282	0	0	1	282	1	282	7.2e-154	547.0
BcWH2_05213	ALJ62181.1|GT2	100.0	318	0	0	1	318	1	318	3.3e-187	657.9
BcWH2_05221	ALJ59172.1|GH3	100.0	774	0	0	1	774	1	774	0.0e+00	1557.0
BcWH2_05222	ALJ59173.1|GH3	100.0	836	0	0	1	836	1	836	0.0e+00	1723.0
BcWH2_05226	ALJ59177.1|GH157|3.2.1.39	100.0	647	0	0	1	647	1	647	0.0e+00	1314.3
BcWH2_05248	ALJ58717.1|GH29	100.0	436	0	0	1	436	1	436	3.8e-271	937.2
BcWH2_05267	QOF98253.1|GT2	59.5	425	162	3	324	748	6	420	3.4e-150	536.2
BcWH2_05272	ALJ62387.1|GT2	100.0	390	0	0	1	390	1	390	1.2e-223	779.2
BcWH2_05301	ALJ62358.1|CBM50|GH73	100.0	308	0	0	1	308	1	308	1.5e-160	569.3
BcWH2_05314	CAD7235639.1|GT2	44.4	541	293	5	10	548	135	669	1.9e-132	476.9
BcWH2_05415	UQC84824.1|GT2	59.3	344	139	1	4	346	1785	2128	5.1e-117	424.9
BcWH2_05431	QUT90069.1|CBM32	99.7	1121	3	0	1	1121	1	1121	0.0e+00	2112.0
BcWH2_05443	ALJ58829.1|GH105	100.0	399	0	0	1	399	1	399	3.1e-243	844.3
BcWH2_05446	ALJ58832.1|GH42	100.0	690	0	0	1	690	1	690	0.0e+00	1427.9
BcWH2_05447	ALJ58833.1|GH3	100.0	791	0	0	1	791	1	791	0.0e+00	1621.3
BcWH2_05448	ALJ58834.1|GH105	100.0	383	0	0	1	383	1	383	1.5e-234	815.5
BcWH2_05461	ALJ59199.1|CBM62	100.0	639	0	0	1	639	1	639	0.0e+00	1317.4
