HMM Profile	Profile Length	Gene ID	Gene Length	E Value	Profile Start	Profile End	Gene Start	Gene End	Coverage
GH30_2.hmm	417	BcWH2_00026	470	1.6e-179	2	416	48	466	0.992805755396
GH43_2.hmm	273	BcWH2_00027	328	8e-126	1	273	49	320	0.996336996337
GH3.hmm	216	BcWH2_00028	854	1.1e-69	4	215	62	303	0.976851851852
GH92.hmm	491	BcWH2_00029	754	2.2e-164	2	491	214	736	0.995926680244
GH43_2.hmm	273	BcWH2_00030	320	8.8e-123	1	273	39	309	0.996336996337
GH95.hmm	722	BcWH2_00044	685	6.4e-258	3	648	19	680	0.893351800554
GT2.hmm	170	BcWH2_00056	329	6.5e-28	1	148	4	144	0.864705882353
GH171.hmm	355	BcWH2_00106	388	6.6e-113	1	355	43	386	0.997183098592
GT2.hmm	170	BcWH2_00110	487	1.7e-22	1	124	247	372	0.723529411765
GH171.hmm	355	BcWH2_00114	410	1.2e-127	1	355	44	409	0.997183098592
GH3.hmm	216	BcWH2_00140	784	2e-68	3	216	99	324	0.986111111111
GH144.hmm	404	BcWH2_00141	441	1.3e-190	2	403	29	441	0.992574257426
GH29.hmm	346	BcWH2_00142	733	6.3e-115	16	346	27	385	0.953757225434
GH95.hmm	722	BcWH2_00143	813	1.2e-264	5	718	30	795	0.987534626039
GH106.hmm	824	BcWH2_00145	1187	3.9e-84	3	693	39	756	0.837378640777
GH28.hmm	325	BcWH2_00146	486	2.1e-60	6	307	49	405	0.926153846154
GH31.hmm	427	BcWH2_00150	716	4.1e-84	3	427	203	631	0.992974238876
GH29.hmm	346	BcWH2_00151	505	1.3e-98	10	346	10	392	0.971098265896
CBM67.hmm	176	BcWH2_00152	928	5.8e-36	12	172	173	346	0.909090909091
GH78.hmm	504	BcWH2_00152	928	2.6e-147	1	504	367	881	0.998015873016
CBM67.hmm	176	BcWH2_00153	765	1.6e-32	1	176	23	204	0.994318181818
GH78.hmm	504	BcWH2_00153	765	4.9e-86	18	498	244	705	0.952380952381
GH29.hmm	346	BcWH2_00154	504	1.1e-98	24	346	20	389	0.93063583815
GH3.hmm	216	BcWH2_00160	773	1.9e-72	3	216	99	324	0.986111111111
GH144.hmm	404	BcWH2_00162	440	2.5e-188	3	403	29	440	0.990099009901
CE15.hmm	269	BcWH2_00164	406	7.2e-85	1	268	57	380	0.992565055762
GH28.hmm	325	BcWH2_00179	491	9.5e-98	8	315	48	430	0.944615384615
GH95.hmm	722	BcWH2_00180	823	3.1e-290	4	716	24	760	0.986149584488
GH3.hmm	216	BcWH2_00181	863	4e-71	3	215	56	301	0.981481481481
GH43_10.hmm	271	BcWH2_00186	672	1.5e-98	1	271	50	316	0.9963099631
CBM91.hmm	200	BcWH2_00186	672	1.5e-23	4	197	347	535	0.965
GH28.hmm	325	BcWH2_00192	525	1.5e-56	7	309	51	379	0.929230769231
GH28.hmm	325	BcWH2_00194	462	2e-76	6	306	71	423	0.923076923077
GH13.hmm	299	BcWH2_00199	859	1.1e-40	11	289	332	639	0.929765886288
GH13.hmm	299	BcWH2_00212	619	1.3e-61	12	291	162	479	0.933110367893
GH13.hmm	299	BcWH2_00215	699	1.5e-53	13	297	249	585	0.94983277592
GH16_3.hmm	230	BcWH2_00217	806	1.3e-25	34	230	572	790	0.852173913043
GH29.hmm	346	BcWH2_00218	623	4.7e-82	33	339	44	371	0.884393063584
CBM32.hmm	124	BcWH2_00218	623	1.9e-17	16	107	503	603	0.733870967742
GH2.hmm	752	BcWH2_00219	1026	3.6e-216	21	749	61	909	0.968085106383
GH20.hmm	337	BcWH2_00220	771	2.4e-111	8	336	154	512	0.973293768546
GH159.hmm	219	BcWH2_00225	310	8.7e-88	1	218	36	256	0.990867579909
GH146.hmm	503	BcWH2_00227	777	1.8e-203	2	503	41	549	0.996023856859
GH50.hmm	653	BcWH2_00228	666	3.8e-123	9	652	63	661	0.984686064319
GH159.hmm	219	BcWH2_00229	354	3.7e-87	1	218	40	257	0.990867579909
CE20.hmm	249	BcWH2_00230	644	3.5e-39	3	117	110	225	0.457831325301
CE20.hmm	249	BcWH2_00230	644	6.5e-41	122	244	414	528	0.489959839357
GH2.hmm	752	BcWH2_00237	893	8.6e-93	26	527	42	658	0.666223404255
GT28.hmm	157	BcWH2_00251	389	7.7e-47	1	156	202	373	0.987261146497
GH2.hmm	752	BcWH2_00275	1050	8.6e-222	24	751	67	914	0.966755319149
GH63.hmm	570	BcWH2_00276	642	1.1e-114	255	568	202	640	0.549122807018
GH3.hmm	216	BcWH2_00293	777	3.2e-63	5	216	118	346	0.976851851852
CE1.hmm	227	BcWH2_00294	393	5.6e-58	1	221	153	389	0.969162995595
GH97.hmm	631	BcWH2_00304	714	1.3e-238	3	630	9	699	0.993660855784
GH13.hmm	299	BcWH2_00305	441	3.3e-49	5	291	44	330	0.95652173913
GH13.hmm	299	BcWH2_00306	447	8.5e-48	13	290	56	333	0.926421404682
GT4.hmm	160	BcWH2_00328	379	1.4e-22	9	157	192	336	0.925
GT2.hmm	170	BcWH2_00329	271	8.9e-18	1	88	7	93	0.511764705882
GT4.hmm	160	BcWH2_00330	375	5e-30	5	154	201	347	0.93125
GT4.hmm	160	BcWH2_00331	368	6.9e-26	10	157	199	343	0.91875
GT2.hmm	170	BcWH2_00332	322	3.4e-28	2	116	6	118	0.670588235294
GT2.hmm	170	BcWH2_00334	328	3.1e-38	1	132	8	137	0.770588235294
GT2.hmm	170	BcWH2_00335	332	1.3e-39	1	168	11	175	0.982352941176
GT2.hmm	170	BcWH2_00336	266	6.4e-23	1	119	4	121	0.694117647059
GT9.hmm	225	BcWH2_00341	343	3.1e-33	3	217	72	319	0.951111111111
GH88.hmm	329	BcWH2_00375	404	1.6e-130	6	328	70	393	0.978723404255
PL8_2.hmm	247	BcWH2_00390	967	9.9e-97	1	246	575	822	0.991902834008
PL30.hmm	712	BcWH2_00393	821	0	1	712	72	783	0.998595505618
GH117.hmm	211	BcWH2_00394	375	3.3e-22	42	147	112	229	0.497630331754
GH117.hmm	211	BcWH2_00394	375	1.1e-20	56	210	205	354	0.729857819905
PL8_2.hmm	247	BcWH2_00397	1028	3.3e-84	1	247	618	866	0.995951417004
GH30_3.hmm	417	BcWH2_00406	516	6.6e-144	4	417	76	515	0.990407673861
GH2.hmm	752	BcWH2_00410	888	3.8e-115	26	488	29	612	0.614361702128
CBM57.hmm	147	BcWH2_00410	888	6.4e-25	2	147	723	882	0.986394557823
PL38.hmm	279	BcWH2_00411	777	6.3e-110	1	276	64	340	0.985663082437
GH88.hmm	329	BcWH2_00411	777	3.2e-131	6	328	451	771	0.978723404255
GH3.hmm	216	BcWH2_00426	740	1.2e-69	4	214	62	280	0.972222222222
GH5_46.hmm	257	BcWH2_00427	415	5.3e-103	4	257	92	346	0.984435797665
GH30_3.hmm	417	BcWH2_00428	491	5e-151	5	417	65	489	0.988009592326
CBM62.hmm	131	BcWH2_00448	647	1.3e-21	64	131	444	511	0.511450381679
CBM62.hmm	131	BcWH2_00448	647	9e-16	2	62	519	579	0.458015267176
CE20.hmm	249	BcWH2_00502	652	2.1e-46	3	119	102	224	0.465863453815
CE20.hmm	249	BcWH2_00502	652	1.1e-52	119	248	408	536	0.518072289157
GH43_3.hmm	299	BcWH2_00508	325	2e-116	1	299	26	309	0.996655518395
GH43_3.hmm	299	BcWH2_00509	343	1.3e-101	1	299	34	326	0.996655518395
GH31.hmm	427	BcWH2_00513	848	1.1e-121	1	427	201	623	0.997658079625
GH115.hmm	697	BcWH2_00514	990	1.4e-220	2	586	34	672	0.83787661406
GH105.hmm	332	BcWH2_00515	368	1.5e-73	13	330	58	365	0.954819277108
GH130.hmm	296	BcWH2_00516	389	8.2e-84	13	292	70	386	0.942567567568
GH2.hmm	752	BcWH2_00518	906	3.5e-87	30	533	44	739	0.668882978723
GH105.hmm	332	BcWH2_00519	367	2.4e-75	13	330	57	364	0.954819277108
GH43_31.hmm	268	BcWH2_00521	320	9.2e-107	2	268	40	298	0.992537313433
GH109.hmm	399	BcWH2_00529	430	3.4e-34	4	161	42	190	0.393483709273
GH2.hmm	752	BcWH2_00531	605	4.4e-104	23	413	50	508	0.518617021277
GH2.hmm	752	BcWH2_00567	1034	6.2e-221	15	751	48	904	0.978723404255
GH76.hmm	358	BcWH2_00569	399	3.8e-71	30	330	71	376	0.837988826816
GH125.hmm	402	BcWH2_00570	488	3.6e-185	2	402	75	473	0.995024875622
GH105.hmm	332	BcWH2_00571	373	1.3e-72	11	328	59	368	0.954819277108
GH97.hmm	631	BcWH2_00572	648	1.1e-204	9	628	20	645	0.980982567353
GH67.hmm	669	BcWH2_00573	716	6.4e-282	1	667	22	690	0.995515695067
GH38.hmm	269	BcWH2_00582	1202	2.8e-52	1	222	30	251	0.82156133829
GH30_2.hmm	417	BcWH2_00591	492	2.2e-175	3	416	55	489	0.990407673861
GH30_4.hmm	484	BcWH2_00596	535	1.8e-179	3	484	42	531	0.993801652893
GH2.hmm	752	BcWH2_00597	811	1e-119	28	465	29	575	0.581117021277
GH30_4.hmm	484	BcWH2_00598	522	1.5e-199	2	484	24	519	0.995867768595
GH95.hmm	722	BcWH2_00604	796	3.5e-166	11	719	34	779	0.980609418283
CBM62.hmm	131	BcWH2_00613	650	7.7e-22	64	131	447	514	0.511450381679
CBM62.hmm	131	BcWH2_00613	650	7.7e-16	2	62	522	582	0.458015267176
GH43_3.hmm	299	BcWH2_00626	333	5.7e-107	1	299	30	311	0.996655518395
GH3.hmm	216	BcWH2_00627	769	6.9e-77	2	215	121	349	0.986111111111
GH139.hmm	777	BcWH2_00630	771	0	7	775	7	764	0.988416988417
GH105.hmm	332	BcWH2_00663	460	4.5e-89	12	331	101	430	0.960843373494
GH95.hmm	722	BcWH2_00665	776	9.9e-238	7	718	25	762	0.984764542936
GH5_21.hmm	259	BcWH2_00695	1205	1.4e-121	1	258	49	324	0.992277992278
GH43_10.hmm	271	BcWH2_00695	1205	9.6e-96	1	271	424	678	0.9963099631
CBM91.hmm	200	BcWH2_00695	1205	5.1e-27	4	196	706	903	0.96
GH43_35.hmm	294	BcWH2_00706	694	2e-115	1	294	42	379	0.996598639456
GH51.hmm	630	BcWH2_00707	839	1.8e-104	111	629	237	838	0.822222222222
GH43_10.hmm	271	BcWH2_00708	613	6.8e-73	1	271	43	329	0.9963099631
CBM91.hmm	200	BcWH2_00708	613	1.1e-32	8	195	413	604	0.935
GH146.hmm	503	BcWH2_00709	805	2.7e-196	1	502	33	545	0.996023856859
GH97.hmm	631	BcWH2_00710	630	2.4e-171	4	630	13	629	0.992076069731
GH2.hmm	752	BcWH2_00711	1031	1.6e-217	20	751	44	914	0.972074468085
GH31.hmm	427	BcWH2_00712	814	1.4e-140	1	427	217	713	0.997658079625
GH43_10.hmm	271	BcWH2_00713	541	2.6e-99	1	271	30	298	0.9963099631
CBM91.hmm	200	BcWH2_00713	541	3.5e-35	5	198	327	532	0.965
GH97.hmm	631	BcWH2_00714	646	3.2e-169	4	628	10	644	0.988906497623
GH43_29.hmm	278	BcWH2_00715	453	1.2e-122	1	278	24	306	0.996402877698
CBM6.hmm	138	BcWH2_00715	453	3.1e-24	16	138	327	453	0.884057971014
GH31.hmm	427	BcWH2_00716	873	3.4e-139	4	427	335	762	0.990632318501
CBM51.hmm	134	BcWH2_00717	673	1.7e-42	1	134	25	159	0.992537313433
GH27.hmm	229	BcWH2_00717	673	2.8e-77	4	228	381	645	0.978165938865
GH43_29.hmm	278	BcWH2_00718	356	2.2e-108	1	278	31	314	0.996402877698
GH27.hmm	229	BcWH2_00719	894	1.9e-60	11	229	196	435	0.951965065502
GH43_29.hmm	278	BcWH2_00719	894	5.9e-112	1	278	466	750	0.996402877698
CBM6.hmm	138	BcWH2_00719	894	2.1e-33	18	136	774	892	0.855072463768
GH89.hmm	663	BcWH2_00744	755	7.4e-201	2	661	63	723	0.993966817496
GH43_2.hmm	273	BcWH2_00776	443	3.5e-118	1	273	31	300	0.996336996337
CBM6.hmm	138	BcWH2_00776	443	1.8e-23	45	136	352	442	0.659420289855
GH3.hmm	216	BcWH2_00777	868	3.3e-68	3	215	56	300	0.981481481481
GH43_17.hmm	266	BcWH2_00778	352	3.4e-93	1	263	50	320	0.984962406015
GH9.hmm	418	BcWH2_00779	825	1.8e-30	27	416	379	816	0.930622009569
GH43_7.hmm	274	BcWH2_00782	483	1.4e-153	1	274	30	300	0.996350364964
GH43_7.hmm	274	BcWH2_00782	483	7.6e-19	31	150	358	451	0.434306569343
CE1.hmm	227	BcWH2_00784	385	2.2e-56	3	221	150	379	0.960352422907
CE4.hmm	130	BcWH2_00806	204	1.9e-25	5	109	22	122	0.8
GH42.hmm	371	BcWH2_00837	689	2.8e-119	2	370	37	401	0.991913746631
GH2.hmm	752	BcWH2_00841	799	1.8e-113	24	477	13	578	0.602393617021
CBM32.hmm	124	BcWH2_00844	447	4.9e-16	4	123	314	442	0.959677419355
GH30_4.hmm	484	BcWH2_00845	522	1.7e-194	2	484	24	519	0.995867768595
GH51.hmm	630	BcWH2_00846	837	2.1e-102	112	629	235	836	0.820634920635
CBM67.hmm	176	BcWH2_00851	1215	3.7e-30	12	172	385	561	0.909090909091
GH78.hmm	504	BcWH2_00851	1215	5.5e-166	2	504	602	1148	0.996031746032
GH3.hmm	216	BcWH2_00869	768	2.9e-76	2	215	119	347	0.986111111111
GH3.hmm	216	BcWH2_00870	805	7.7e-64	3	213	140	362	0.972222222222
GH50.hmm	653	BcWH2_00873	469	1.5e-79	291	653	113	460	0.554364471669
GH3.hmm	216	BcWH2_00874	749	6.2e-65	2	215	107	329	0.986111111111
GH29.hmm	346	BcWH2_00890	514	4.3e-116	21	346	32	384	0.939306358382
GH141.hmm	527	BcWH2_00892	786	1.1e-59	3	523	27	543	0.986717267552
GH29.hmm	346	BcWH2_00893	546	2e-103	5	346	15	431	0.985549132948
GH8.hmm	320	BcWH2_00895	419	4.3e-82	22	319	81	407	0.928125
GH3.hmm	216	BcWH2_00896	863	3.2e-70	3	215	59	304	0.981481481481
GH130.hmm	296	BcWH2_00904	343	4e-106	1	295	3	335	0.993243243243
GH173.hmm	255	BcWH2_00908	485	5.8e-82	23	255	90	337	0.909803921569
GH173.hmm	255	BcWH2_00909	493	2.8e-78	1	255	77	345	0.996078431373
GH26.hmm	303	BcWH2_00910	390	5.3e-59	1	282	40	344	0.927392739274
GH2.hmm	752	BcWH2_00911	865	4.2e-110	29	608	30	818	0.769946808511
GH3.hmm	216	BcWH2_00912	750	1.5e-72	3	216	93	315	0.986111111111
GH172.hmm	236	BcWH2_00926	394	2e-75	3	236	93	345	0.987288135593
GH28.hmm	325	BcWH2_00944	486	1.3e-59	9	315	49	392	0.941538461538
GH92.hmm	491	BcWH2_00945	737	2.4e-183	5	491	237	732	0.989816700611
GH92.hmm	491	BcWH2_00946	689	2.2e-119	5	491	211	672	0.989816700611
GT2.hmm	170	BcWH2_00957	248	1.6e-26	1	126	10	133	0.735294117647
GT4.hmm	160	BcWH2_00958	421	7.9e-25	17	153	250	384	0.85
GT4.hmm	160	BcWH2_00959	441	7.2e-24	7	151	255	400	0.9
GH89.hmm	663	BcWH2_00992	709	3.1e-257	2	663	48	706	0.996983408748
GH92.hmm	491	BcWH2_00994	776	3.7e-184	2	491	264	759	0.995926680244
GH28.hmm	325	BcWH2_00995	469	6.8e-71	4	309	51	403	0.938461538462
GH92.hmm	491	BcWH2_00999	757	2.2e-162	2	491	241	742	0.995926680244
GH106.hmm	824	BcWH2_01013	1167	2.4e-139	98	654	195	739	0.674757281553
PL8_3.hmm	249	BcWH2_01017	877	4.2e-77	2	248	508	751	0.987951807229
GH79.hmm	455	BcWH2_01018	468	2.3e-50	3	359	49	380	0.782417582418
PL8_3.hmm	249	BcWH2_01019	691	1.6e-77	2	248	334	576	0.987951807229
GH2.hmm	752	BcWH2_01020	899	2.2e-85	43	551	65	750	0.675531914894
GH2.hmm	752	BcWH2_01021	865	5e-113	25	595	25	801	0.757978723404
GH88.hmm	329	BcWH2_01022	396	6.1e-126	2	329	65	389	0.993920972644
GH28.hmm	325	BcWH2_01023	487	9.2e-70	6	312	49	390	0.941538461538
PL8_3.hmm	249	BcWH2_01024	1588	1.5e-80	2	248	343	586	0.987951807229
CBM67.hmm	176	BcWH2_01024	1588	1.4e-34	1	169	817	1006	0.954545454545
GH78.hmm	504	BcWH2_01024	1588	1.2e-122	2	504	1031	1538	0.996031746032
GH2.hmm	752	BcWH2_01030	928	2.2e-73	30	554	27	705	0.696808510638
PL17.hmm	139	BcWH2_01031	636	9.4e-26	2	137	399	513	0.971223021583
GH105.hmm	332	BcWH2_01032	589	7e-82	8	331	272	584	0.972891566265
GH2.hmm	752	BcWH2_01034	916	2.5e-75	20	542	18	687	0.69414893617
GH30_4.hmm	484	BcWH2_01035	540	2e-203	2	484	38	536	0.995867768595
CE7.hmm	313	BcWH2_01047	431	2.5e-80	11	307	125	419	0.945686900958
GH95.hmm	722	BcWH2_01049	826	2.4e-299	7	714	32	761	0.979224376731
GH97.hmm	631	BcWH2_01050	750	2e-184	12	629	36	654	0.977812995246
GH31.hmm	427	BcWH2_01051	715	3.4e-88	3	427	198	626	0.992974238876
GH3.hmm	216	BcWH2_01104	763	2e-72	3	216	99	320	0.986111111111
GH144.hmm	404	BcWH2_01108	546	3.2e-191	3	403	141	541	0.990099009901
GH144.hmm	404	BcWH2_01109	436	2.2e-198	2	403	28	431	0.992574257426
GH43_28.hmm	262	BcWH2_01112	574	1e-111	1	262	51	314	0.996183206107
CBM32.hmm	124	BcWH2_01112	574	7.6e-20	11	121	354	476	0.887096774194
CE1.hmm	227	BcWH2_01113	255	2.6e-27	5	208	33	236	0.894273127753
GH29.hmm	346	BcWH2_01127	470	6.1e-102	16	346	25	377	0.953757225434
GH127.hmm	524	BcWH2_01129	647	3.7e-37	298	502	299	513	0.389312977099
GH3.hmm	216	BcWH2_01130	732	1.6e-67	4	215	71	290	0.976851851852
CBM67.hmm	176	BcWH2_01180	889	1.8e-40	3	165	131	309	0.920454545455
GH78.hmm	504	BcWH2_01180	889	3.3e-152	2	504	339	847	0.996031746032
CE20.hmm	249	BcWH2_01181	640	3.9e-42	3	116	100	214	0.453815261044
CE20.hmm	249	BcWH2_01181	640	3.4e-50	120	248	392	522	0.5140562249
GH16_7.hmm	226	BcWH2_01182	436	6.5e-43	1	226	174	417	0.995575221239
GH39.hmm	431	BcWH2_01183	613	9.8e-25	137	373	236	472	0.547563805104
GH3.hmm	216	BcWH2_01184	773	4.4e-68	4	216	88	304	0.981481481481
GH2.hmm	752	BcWH2_01185	1186	3.7e-222	25	751	213	1068	0.965425531915
GH92.hmm	491	BcWH2_01186	733	2.2e-175	7	490	238	732	0.983706720978
GH92.hmm	491	BcWH2_01187	752	1.1e-158	5	490	217	734	0.987780040733
CE17.hmm	165	BcWH2_01198	835	6.3e-16	1	164	496	662	0.987878787879
GH5_4.hmm	276	BcWH2_01211	512	7.7e-98	1	275	164	460	0.992753623188
GH5_4.hmm	276	BcWH2_01212	596	3.2e-101	2	275	266	564	0.989130434783
GH31.hmm	427	BcWH2_01214	960	7e-146	1	427	381	848	0.997658079625
GH2.hmm	752	BcWH2_01215	862	3.4e-126	22	569	25	780	0.727393617021
GH3.hmm	216	BcWH2_01216	737	3.8e-64	4	215	63	282	0.976851851852
GH95.hmm	722	BcWH2_01238	824	3.8e-270	5	715	29	788	0.983379501385
GT30.hmm	177	BcWH2_01261	406	9.9e-48	11	176	44	205	0.932203389831
GH20.hmm	337	BcWH2_01331	776	5.7e-130	9	336	158	511	0.970326409496
GH20.hmm	337	BcWH2_01332	516	3.7e-37	10	251	31	260	0.715133531157
CE9.hmm	373	BcWH2_01334	398	4.7e-109	1	373	11	391	0.997319034853
GH18.hmm	296	BcWH2_01337	345	1.6e-55	5	286	32	332	0.949324324324
GH36.hmm	688	BcWH2_01353	741	5.3e-216	3	687	26	709	0.994186046512
GT2.hmm	170	BcWH2_01480	264	7e-30	1	131	6	136	0.764705882353
GT113.hmm	322	BcWH2_01515	327	2.5e-97	4	320	10	324	0.981366459627
CE4.hmm	130	BcWH2_01519	248	1.7e-23	10	124	53	173	0.876923076923
GT2.hmm	170	BcWH2_01521	329	2.1e-28	1	131	3	133	0.764705882353
GT2.hmm	170	BcWH2_01557	402	6.1e-27	1	133	4	153	0.776470588235
CE1.hmm	227	BcWH2_01565	281	2e-22	1	183	36	237	0.801762114537
GH36.hmm	688	BcWH2_01584	735	1e-212	4	687	27	709	0.99273255814
GT2.hmm	170	BcWH2_01619	329	4.9e-27	1	114	4	121	0.664705882353
GT32.hmm	90	BcWH2_01622	239	4.2e-24	3	88	20	96	0.944444444444
GT2.hmm	170	BcWH2_01623	263	1.1e-16	12	126	11	125	0.670588235294
GH2.hmm	752	BcWH2_01630	1071	3.1e-212	24	751	59	925	0.966755319149
GT4.hmm	160	BcWH2_01816	174	4.8e-21	31	157	5	136	0.7875
GT2.hmm	170	BcWH2_01817	313	9.8e-33	1	168	8	178	0.982352941176
GT2.hmm	170	BcWH2_01818	300	1.6e-24	1	166	6	170	0.970588235294
GT4.hmm	160	BcWH2_01819	366	1.8e-33	12	155	186	337	0.89375
GT2.hmm	170	BcWH2_01821	322	3.2e-33	1	151	10	156	0.882352941176
GT4.hmm	160	BcWH2_01822	375	5e-32	9	159	192	342	0.9375
GH109.hmm	399	BcWH2_01869	422	3.4e-166	3	397	17	414	0.987468671679
CE11.hmm	271	BcWH2_01929	461	9.4e-73	1	220	4	224	0.808118081181
GH3.hmm	216	BcWH2_01951	864	9.9e-72	3	215	62	307	0.981481481481
CE8.hmm	288	BcWH2_01955	433	1.5e-69	2	260	28	306	0.895833333333
PL1_2.hmm	183	BcWH2_01956	512	2.2e-79	1	183	96	280	0.994535519126
GH28.hmm	325	BcWH2_01983	534	5.2e-84	8	322	84	500	0.966153846154
CBM67.hmm	176	BcWH2_01984	1289	7.8e-37	5	169	152	329	0.931818181818
GH78.hmm	504	BcWH2_01984	1289	1.7e-158	5	504	357	887	0.990079365079
GH33.hmm	342	BcWH2_01984	1289	3.2e-28	33	325	971	1260	0.853801169591
GH43_10.hmm	271	BcWH2_01986	560	2.9e-109	1	271	40	310	0.9963099631
CBM91.hmm	200	BcWH2_01986	560	3.5e-18	4	196	344	557	0.96
GH95.hmm	722	BcWH2_01988	826	1.8e-289	3	714	23	759	0.984764542936
GH140.hmm	412	BcWH2_01993	469	3.5e-172	1	412	29	455	0.997572815534
CE19.hmm	332	BcWH2_01996	387	9.9e-29	7	289	57	381	0.849397590361
CE7.hmm	313	BcWH2_01999	438	6.9e-90	10	312	129	433	0.964856230032
CE12.hmm	210	BcWH2_02000	588	9.5e-78	1	210	26	270	0.995238095238
CE8.hmm	288	BcWH2_02000	588	2.5e-101	2	274	286	558	0.944444444444
CE8.hmm	288	BcWH2_02002	322	1.2e-102	2	286	31	311	0.986111111111
GH105.hmm	332	BcWH2_02003	406	2.2e-123	6	332	51	395	0.981927710843
GH108.hmm	86	BcWH2_02080	107	5.9e-22	3	86	9	97	0.96511627907
GT2.hmm	170	BcWH2_02088	271	6.5e-23	7	133	13	143	0.741176470588
GT2.hmm	170	BcWH2_02090	335	3e-33	1	106	11	114	0.617647058824
GT4.hmm	160	BcWH2_02093	342	1.4e-23	6	156	183	328	0.9375
GT19.hmm	354	BcWH2_02114	384	2.8e-112	2	351	4	358	0.985875706215
GH23.hmm	135	BcWH2_02124	435	2.1e-24	4	120	137	269	0.859259259259
CE4.hmm	130	BcWH2_02140	222	5.6e-31	3	123	32	155	0.923076923077
GT2.hmm	170	BcWH2_02144	396	1.4e-26	2	145	20	156	0.841176470588
GT90.hmm	250	BcWH2_02207	325	6.1e-20	59	245	149	317	0.744
GT113.hmm	322	BcWH2_02213	345	5e-102	5	321	11	339	0.981366459627
PL10_1.hmm	288	BcWH2_02222	365	8.6e-121	1	286	62	349	0.989583333333
GH20.hmm	337	BcWH2_02371	534	1.8e-111	8	336	147	501	0.973293768546
GH105.hmm	332	BcWH2_02372	934	2.3e-81	7	332	46	371	0.978915662651
GH136.hmm	491	BcWH2_02376	508	3.4e-99	2	421	28	457	0.853360488798
CE20.hmm	249	BcWH2_02387	465	7.3e-83	3	248	103	355	0.983935742972
CE20.hmm	249	BcWH2_02388	467	4.5e-84	3	248	100	351	0.983935742972
GH110.hmm	548	BcWH2_02390	610	9.7e-169	12	548	31	576	0.978102189781
GH110.hmm	548	BcWH2_02393	609	2e-156	4	548	30	584	0.992700729927
GH110.hmm	548	BcWH2_02395	570	1.4e-50	2	544	48	568	0.989051094891
GH3.hmm	216	BcWH2_02400	786	6.3e-65	3	213	134	356	0.972222222222
GH92.hmm	491	BcWH2_02401	747	3.5e-193	3	488	238	746	0.987780040733
CE20.hmm	249	BcWH2_02402	465	1.1e-93	3	249	106	354	0.987951807229
CE20.hmm	249	BcWH2_02404	491	8.3e-87	3	249	114	380	0.987951807229
GH2.hmm	752	BcWH2_02406	1132	3.2e-71	34	413	69	524	0.503989361702
GH3.hmm	216	BcWH2_02407	864	4.3e-67	3	215	57	302	0.981481481481
GH2.hmm	752	BcWH2_02413	1229	8e-82	7	607	222	1033	0.797872340426
GH2.hmm	752	BcWH2_02415	1075	5.3e-83	20	412	46	582	0.521276595745
CE12.hmm	210	BcWH2_02419	545	2.3e-52	2	210	67	286	0.990476190476
CE12.hmm	210	BcWH2_02419	545	1e-64	2	210	318	533	0.990476190476
GH51.hmm	630	BcWH2_02438	480	1.9e-32	136	369	64	325	0.369841269841
GH136.hmm	491	BcWH2_02439	469	2.8e-39	2	427	21	429	0.865580448065
GH136.hmm	491	BcWH2_02440	511	4.4e-85	2	418	27	460	0.847250509165
GH35.hmm	307	BcWH2_02441	914	5.7e-83	2	305	59	401	0.986970684039
GH2.hmm	752	BcWH2_02442	1146	2.3e-118	21	481	25	595	0.61170212766
GH43_24.hmm	246	BcWH2_02442	1146	1.4e-98	2	246	852	1109	0.991869918699
GH2.hmm	752	BcWH2_02443	785	2e-122	24	472	8	530	0.595744680851
GH3.hmm	216	BcWH2_02449	733	6.6e-67	2	215	98	320	0.986111111111
CE20.hmm	249	BcWH2_02450	479	1.7e-86	3	248	104	366	0.983935742972
GH28.hmm	325	BcWH2_02451	510	1.2e-44	10	306	174	486	0.910769230769
GH43_18.hmm	229	BcWH2_02484	326	7.6e-89	2	229	67	301	0.991266375546
GT4.hmm	160	BcWH2_02500	411	3.2e-26	6	134	224	349	0.8
GH43_12.hmm	281	BcWH2_02524	540	2.3e-115	1	279	27	314	0.989323843416
CBM91.hmm	200	BcWH2_02524	540	1.9e-57	4	198	344	539	0.97
GH127.hmm	524	BcWH2_02526	609	2.4e-206	1	524	37	543	0.998091603053
GH3.hmm	216	BcWH2_02527	881	4.8e-71	3	215	64	305	0.981481481481
GH28.hmm	325	BcWH2_02528	513	1.9e-40	10	306	177	489	0.910769230769
GH28.hmm	325	BcWH2_02529	494	8.2e-91	8	310	48	418	0.929230769231
GH106.hmm	824	BcWH2_02530	911	3.8e-234	3	823	29	908	0.995145631068
GH106.hmm	824	BcWH2_02531	909	5e-214	9	823	33	906	0.98786407767
GH127.hmm	524	BcWH2_02535	684	7.6e-30	301	524	322	552	0.425572519084
GH43_9.hmm	272	BcWH2_02554	1120	6.2e-122	2	272	24	288	0.992647058824
CBM91.hmm	200	BcWH2_02554	1120	1.7e-20	5	198	310	485	0.965
GH43_19.hmm	233	BcWH2_02554	1120	3.7e-79	1	233	537	791	0.995708154506
GH43_34.hmm	280	BcWH2_02554	1120	1.4e-94	1	279	822	1111	0.992857142857
GH51.hmm	630	BcWH2_02555	817	1.6e-93	112	432	355	712	0.507936507937
GH2.hmm	752	BcWH2_02556	1024	9.4e-215	14	747	31	893	0.974734042553
GH28.hmm	325	BcWH2_02557	461	1.3e-43	60	308	182	443	0.763076923077
GH28.hmm	325	BcWH2_02560	787	8.9e-65	5	304	47	385	0.92
GH97.hmm	631	BcWH2_02562	643	6.7e-182	4	630	11	625	0.992076069731
GH28.hmm	325	BcWH2_02563	499	3.7e-38	64	305	179	476	0.741538461538
GH2.hmm	752	BcWH2_02564	1065	2.3e-203	17	751	97	947	0.976063829787
GH88.hmm	329	BcWH2_02569	406	9.9e-125	7	329	71	393	0.978723404255
PL39.hmm	735	BcWH2_02572	714	3.6e-23	11	647	19	667	0.865306122449
GH146.hmm	503	BcWH2_02573	641	8.1e-203	1	503	50	555	0.998011928429
GH97.hmm	631	BcWH2_02575	647	1.1e-163	9	630	16	628	0.984152139461
GH43_10.hmm	271	BcWH2_02576	549	2e-111	2	271	38	307	0.992619926199
CBM91.hmm	200	BcWH2_02576	549	2e-21	4	195	341	546	0.955
GH88.hmm	329	BcWH2_02577	407	3.3e-125	3	329	74	397	0.990881458967
GH109.hmm	399	BcWH2_02767	328	3.7e-27	4	196	4	185	0.481203007519
GT2.hmm	170	BcWH2_02779	317	3e-34	1	167	4	166	0.976470588235
GH28.hmm	325	BcWH2_02822	432	6.4e-62	7	311	72	416	0.935384615385
GH28.hmm	325	BcWH2_02836	475	5.3e-80	6	309	94	447	0.932307692308
GH109.hmm	399	BcWH2_02838	370	2.9e-21	2	164	19	170	0.406015037594
GH10.hmm	303	BcWH2_02862	716	8.3e-111	2	300	30	361	0.983498349835
CE1.hmm	227	BcWH2_02862	716	1.6e-51	1	221	501	712	0.969162995595
GH154.hmm	348	BcWH2_02865	413	1.9e-101	1	346	31	387	0.991379310345
GH2.hmm	752	BcWH2_02870	729	5.2e-132	263	749	1	580	0.646276595745
GH20.hmm	337	BcWH2_02883	504	1.9e-111	7	336	115	453	0.976261127596
GT4.hmm	160	BcWH2_02905	388	4.2e-22	10	154	212	354	0.9
GT4.hmm	160	BcWH2_02907	380	1.5e-38	12	151	205	343	0.86875
GH2.hmm	752	BcWH2_02956	877	5.1e-70	32	552	34	719	0.691489361702
PL15_2.hmm	156	BcWH2_02984	868	2e-102	1	156	534	689	0.99358974359
PL12_2.hmm	131	BcWH2_02989	665	4.4e-65	1	131	403	533	0.992366412214
GH88.hmm	329	BcWH2_02990	429	6.3e-119	5	329	101	418	0.984802431611
PL37.hmm	635	BcWH2_02995	632	1.4e-247	10	634	2	631	0.982677165354
PL13.hmm	363	BcWH2_02997	389	1.7e-202	3	362	23	382	0.988980716253
GH154.hmm	348	BcWH2_03024	671	1.2e-92	1	347	52	403	0.994252873563
GH16_3.hmm	230	BcWH2_03032	490	1.5e-50	1	230	229	487	0.995652173913
GH43_24.hmm	246	BcWH2_03033	628	5.8e-102	2	246	44	334	0.991869918699
GH16_3.hmm	230	BcWH2_03033	628	4.4e-63	1	230	375	626	0.995652173913
GH43_24.hmm	246	BcWH2_03037	375	1.9e-103	2	246	56	346	0.991869918699
GH154.hmm	348	BcWH2_03038	414	8.3e-104	1	348	33	396	0.997126436782
PL42.hmm	296	BcWH2_03039	433	1.5e-126	1	296	36	328	0.996621621622
GH105.hmm	332	BcWH2_03040	374	2.4e-82	5	332	44	371	0.984939759036
GH43_19.hmm	233	BcWH2_03041	643	8.8e-92	1	233	81	312	0.995708154506
GH43_34.hmm	280	BcWH2_03041	643	3e-100	1	280	339	635	0.996428571429
GH97.hmm	631	BcWH2_03042	975	1.7e-181	3	627	13	646	0.988906497623
GH43_19.hmm	233	BcWH2_03042	975	1.3e-83	1	233	702	957	0.995708154506
GH51.hmm	630	BcWH2_03043	841	4.1e-96	104	439	375	735	0.531746031746
GH51.hmm	630	BcWH2_03044	643	1.4e-111	109	541	183	642	0.685714285714
GH2.hmm	752	BcWH2_03045	1031	3.7e-221	15	747	48	900	0.973404255319
GH43_17.hmm	266	BcWH2_03046	327	2e-94	1	264	37	302	0.988721804511
GH28.hmm	325	BcWH2_03056	466	2.4e-71	4	314	80	453	0.953846153846
GH43_24.hmm	246	BcWH2_03057	464	1.1e-71	2	245	57	291	0.987804878049
PL27.hmm	610	BcWH2_03058	694	2.1e-270	2	610	64	688	0.996721311475
CE12.hmm	210	BcWH2_03059	282	1.9e-77	1	209	30	251	0.990476190476
GH115.hmm	697	BcWH2_03060	775	1.5e-245	5	697	22	772	0.992826398852
GH43_24.hmm	246	BcWH2_03061	1106	1.4e-103	2	246	55	311	0.991869918699
GH35.hmm	307	BcWH2_03061	1106	3.9e-117	1	305	357	668	0.990228013029
GT2.hmm	170	BcWH2_03077	323	1.5e-19	13	126	2	111	0.664705882353
CBM20.hmm	90	BcWH2_03080	899	8.8e-16	4	78	4	81	0.822222222222
CBM20.hmm	90	BcWH2_03080	899	6e-16	14	86	146	220	0.8
GH77.hmm	494	BcWH2_03080	899	1.1e-157	1	489	247	892	0.987854251012
GT2.hmm	170	BcWH2_03087	317	3.2e-23	2	168	9	177	0.976470588235
GT83.hmm	540	BcWH2_03089	572	3.9e-77	6	481	5	516	0.87962962963
GT51.hmm	177	BcWH2_03203	773	1.2e-57	2	177	57	239	0.988700564972
GH13_8.hmm	293	BcWH2_03277	669	2.3e-148	1	293	219	510	0.996587030717
GH13_38.hmm	375	BcWH2_03281	565	3.3e-187	1	375	33	400	0.997333333333
CE19.hmm	332	BcWH2_03293	555	2e-16	44	188	248	385	0.433734939759
GT2.hmm	170	BcWH2_03378	308	1e-31	1	106	9	112	0.617647058824
GT4.hmm	160	BcWH2_03379	348	4.5e-37	6	153	165	315	0.91875
GT4.hmm	160	BcWH2_03380	400	4.4e-24	6	130	232	348	0.775
GT4.hmm	160	BcWH2_03381	365	1.9e-30	11	155	197	338	0.9
GH65.hmm	372	BcWH2_03488	449	6.7e-99	1	371	78	416	0.994623655914
GH97.hmm	631	BcWH2_03497	717	6.5e-257	5	630	10	698	0.990491283677
GH31.hmm	427	BcWH2_03498	832	7.5e-146	1	427	232	682	0.997658079625
GH66.hmm	556	BcWH2_03499	596	1.4e-192	2	555	50	596	0.994604316547
GH43_12.hmm	281	BcWH2_03516	520	7.5e-121	1	281	25	299	0.996441281139
CBM91.hmm	200	BcWH2_03516	520	7.5e-60	4	198	326	518	0.97
GT2.hmm	230	BcWH2_03576	402	1.7e-26	3	228	62	282	0.978260869565
GT4.hmm	160	BcWH2_03577	373	1.3e-30	7	158	193	344	0.94375
GT2.hmm	170	BcWH2_03579	309	1.2e-34	1	133	9	150	0.776470588235
GT2.hmm	170	BcWH2_03580	290	2.5e-19	1	169	3	175	0.988235294118
GT32.hmm	90	BcWH2_03592	256	9.8e-20	4	86	21	94	0.911111111111
GT2.hmm	230	BcWH2_03593	389	3.8e-24	3	228	46	267	0.978260869565
GT35.hmm	674	BcWH2_03612	854	6.9e-115	208	638	270	717	0.637982195846
GT3.hmm	637	BcWH2_03613	553	6.1e-128	1	347	13	348	0.5431711146
GH18.hmm	296	BcWH2_03635	573	5.8e-69	2	286	33	332	0.959459459459
GT4.hmm	160	BcWH2_03637	362	8.1e-25	8	158	186	335	0.9375
GT4.hmm	160	BcWH2_03639	425	1e-19	11	153	237	382	0.8875
GT2.hmm	170	BcWH2_03645	279	4e-16	3	147	6	151	0.847058823529
GT2.hmm	170	BcWH2_03647	639	7.2e-25	1	158	4	156	0.923529411765
GH9.hmm	418	BcWH2_03667	821	9.4e-36	4	358	341	767	0.846889952153
GH9.hmm	418	BcWH2_03720	836	3.8e-77	2	417	115	588	0.992822966507
CE4.hmm	130	BcWH2_03720	836	4.2e-17	5	125	617	749	0.923076923077
GH32.hmm	293	BcWH2_03734	533	2.8e-41	2	282	53	352	0.955631399317
GH32.hmm	293	BcWH2_03738	600	6.1e-101	1	287	141	434	0.976109215017
GH36.hmm	688	BcWH2_03745	729	1.9e-209	2	687	25	712	0.995639534884
GH65.hmm	372	BcWH2_03774	770	2.9e-134	1	369	322	700	0.989247311828
GH147.hmm	816	BcWH2_03782	855	0	3	816	18	837	0.996323529412
GH53.hmm	342	BcWH2_03783	394	3.5e-103	2	310	47	374	0.900584795322
GH2.hmm	752	BcWH2_03784	825	2.6e-115	27	484	23	607	0.607712765957
GH13_10.hmm	313	BcWH2_03789	942	2.7e-48	1	313	386	713	0.996805111821
GH133.hmm	372	BcWH2_03790	785	7.2e-64	8	371	272	624	0.975806451613
GH13_14.hmm	289	BcWH2_03810	665	3e-118	1	289	199	523	0.996539792388
PL6_1.hmm	347	BcWH2_03861	464	1e-105	13	344	39	378	0.953890489914
GH28.hmm	325	BcWH2_03865	457	1.4e-66	6	309	49	389	0.932307692308
GH97.hmm	631	BcWH2_03866	632	8.6e-147	7	630	18	628	0.987321711569
GH97.hmm	631	BcWH2_03867	648	1.6e-174	5	629	14	646	0.988906497623
GH31.hmm	427	BcWH2_03868	715	3.6e-90	2	427	196	627	0.995316159251
GH36.hmm	688	BcWH2_03869	722	1.4e-182	49	687	63	704	0.927325581395
GH105.hmm	332	BcWH2_03885	379	7.6e-73	12	331	67	377	0.960843373494
GH88.hmm	329	BcWH2_03887	407	6.1e-129	5	328	77	395	0.981762917933
GH2.hmm	752	BcWH2_03888	804	1.7e-96	27	465	16	627	0.582446808511
PL38.hmm	279	BcWH2_03889	383	9.4e-110	7	279	53	323	0.974910394265
GH105.hmm	332	BcWH2_03890	435	3.8e-75	9	331	98	429	0.969879518072
PL8_3.hmm	249	BcWH2_03891	723	6.9e-75	1	249	365	613	0.995983935743
GH95.hmm	722	BcWH2_03892	756	1.1e-58	101	539	92	527	0.606648199446
PL29.hmm	301	BcWH2_03893	518	7.1e-20	3	276	73	342	0.906976744186
PL29.hmm	301	BcWH2_03904	623	4e-20	10	275	83	354	0.880398671096
PL29.hmm	301	BcWH2_03905	819	8e-17	29	254	100	320	0.747508305648
GH2.hmm	752	BcWH2_03914	873	1.5e-120	22	488	23	676	0.619680851064
CE7.hmm	313	BcWH2_03915	402	6.5e-20	48	205	52	212	0.501597444089
CE1.hmm	227	BcWH2_03918	272	3.9e-51	1	218	31	261	0.955947136564
PL1_2.hmm	183	BcWH2_03934	581	7.6e-81	1	183	75	262	0.994535519126
GH23.hmm	135	BcWH2_03946	463	7.8e-23	13	125	303	458	0.82962962963
PL1_2.hmm	183	BcWH2_03956	464	1.5e-54	1	183	88	272	0.994535519126
GH105.hmm	332	BcWH2_03957	432	1.8e-88	8	331	72	414	0.972891566265
CE20.hmm	249	BcWH2_03971	829	2.1e-21	8	248	28	246	0.963855421687
GT2.hmm	170	BcWH2_04049	252	1.3e-30	2	168	10	176	0.976470588235
GT51.hmm	177	BcWH2_04069	781	6.9e-47	19	176	71	227	0.887005649718
GH25.hmm	177	BcWH2_04075	273	2.6e-52	1	177	75	250	0.994350282486
GT2.hmm	170	BcWH2_04096	322	2e-28	1	114	4	115	0.664705882353
GT2.hmm	170	BcWH2_04101	277	8e-27	1	152	27	178	0.888235294118
GH30_8.hmm	342	BcWH2_04116	546	1.2e-117	2	337	136	499	0.979532163743
GH10.hmm	303	BcWH2_04117	737	3.7e-17	95	301	504	733	0.679867986799
GH115.hmm	697	BcWH2_04123	859	5e-274	7	697	43	835	0.989956958393
GH28.hmm	325	BcWH2_04137	467	5.2e-85	5	310	73	449	0.938461538462
GH51.hmm	630	BcWH2_04140	514	4.5e-143	78	542	18	514	0.736507936508
GH146.hmm	503	BcWH2_04141	782	1.1e-222	1	503	33	541	0.998011928429
GH43_4.hmm	310	BcWH2_04148	631	9.3e-89	1	310	160	521	0.996774193548
GH43_4.hmm	310	BcWH2_04153	495	5.6e-98	1	310	53	365	0.996774193548
GH51.hmm	630	BcWH2_04154	652	4.4e-113	104	539	187	647	0.690476190476
PL8_3.hmm	249	BcWH2_04165	712	3e-112	1	249	342	594	0.995983935743
GH105.hmm	332	BcWH2_04166	369	7.7e-82	9	331	48	365	0.969879518072
GH88.hmm	329	BcWH2_04172	407	4.6e-129	2	329	60	402	0.993920972644
GH2.hmm	752	BcWH2_04173	892	7.4e-90	26	482	35	603	0.606382978723
GH2.hmm	752	BcWH2_04174	1122	9.2e-202	19	751	60	961	0.973404255319
GH109.hmm	399	BcWH2_04175	535	9.8e-163	2	398	79	490	0.992481203008
GH23.hmm	135	BcWH2_04284	326	4.5e-23	3	125	98	233	0.903703703704
PL33_1.hmm	155	BcWH2_04324	642	4.4e-62	2	152	431	577	0.967741935484
GH27.hmm	229	BcWH2_04341	463	2.4e-32	7	229	171	421	0.96943231441
CBM35.hmm	119	BcWH2_04342	140	1.2e-23	15	119	28	136	0.873949579832
GH97.hmm	631	BcWH2_04343	675	2.2e-234	4	630	17	661	0.992076069731
PL10_1.hmm	288	BcWH2_04349	707	1.9e-115	1	288	61	352	0.996527777778
CE8.hmm	288	BcWH2_04349	707	3.7e-29	13	240	405	637	0.788194444444
CE8.hmm	288	BcWH2_04352	509	1.8e-43	2	278	205	486	0.958333333333
GH2.hmm	752	BcWH2_04353	1007	1.9e-79	34	412	66	508	0.502659574468
GH3.hmm	216	BcWH2_04355	942	1.1e-64	3	215	150	375	0.981481481481
GH13.hmm	299	BcWH2_04412	616	1.1e-61	12	296	162	486	0.94983277592
GT4.hmm	160	BcWH2_04469	399	5e-29	11	148	225	361	0.85625
GH97.hmm	631	BcWH2_04475	718	1.7e-263	3	630	14	703	0.993660855784
GH3.hmm	216	BcWH2_04478	750	2.1e-72	2	216	92	315	0.990740740741
GH16_3.hmm	230	BcWH2_04480	452	2.1e-68	1	230	216	449	0.995652173913
GH20.hmm	337	BcWH2_04487	814	8.3e-125	8	336	162	528	0.973293768546
GH2.hmm	752	BcWH2_04499	939	1.6e-56	27	465	28	597	0.582446808511
GT51.hmm	177	BcWH2_04506	629	5.1e-43	10	159	421	572	0.841807909605
GH10.hmm	303	BcWH2_04511	772	3.4e-52	96	302	490	742	0.679867986799
GH35.hmm	307	BcWH2_04512	570	1.6e-34	1	196	34	234	0.635179153094
CE20.hmm	249	BcWH2_04513	556	2.3e-40	3	134	117	251	0.526104417671
CE20.hmm	249	BcWH2_04513	556	4.8e-44	123	248	426	551	0.502008032129
GH10.hmm	303	BcWH2_04515	927	4.4e-102	10	302	66	398	0.963696369637
GH43_12.hmm	281	BcWH2_04515	927	1.3e-113	2	280	430	723	0.989323843416
CBM91.hmm	200	BcWH2_04515	927	6.8e-40	13	180	752	925	0.835
GH43_1.hmm	310	BcWH2_04516	325	2.1e-162	2	310	8	318	0.993548387097
GH109.hmm	399	BcWH2_04517	326	2.7e-17	3	160	1	149	0.393483709273
GH67.hmm	669	BcWH2_04518	675	1e-267	64	665	48	639	0.898355754858
GH26.hmm	303	BcWH2_04521	360	1.3e-22	127	278	137	289	0.498349834983
GH43_11.hmm	292	BcWH2_04523	530	1.3e-148	1	292	4	294	0.996575342466
CBM91.hmm	200	BcWH2_04523	530	2.6e-58	4	199	322	529	0.975
GH26.hmm	303	BcWH2_04524	352	3e-20	133	286	136	292	0.50495049505
GH8.hmm	320	BcWH2_04528	417	4.5e-78	12	319	83	408	0.959375
CE6.hmm	99	BcWH2_04529	1074	1.1e-33	2	99	86	196	0.979797979798
GH95.hmm	722	BcWH2_04529	1074	3.6e-296	3	713	279	1010	0.983379501385
CE1.hmm	227	BcWH2_04530	293	1.9e-58	1	225	37	288	0.986784140969
GH5_21.hmm	259	BcWH2_04531	655	6.4e-112	2	259	67	351	0.992277992278
GH10.hmm	303	BcWH2_04532	371	1.9e-105	2	302	31	369	0.990099009901
GH10.hmm	303	BcWH2_04533	721	1.3e-46	96	302	456	716	0.679867986799
CE20.hmm	249	BcWH2_04539	641	8.4e-35	3	126	98	223	0.493975903614
CE20.hmm	249	BcWH2_04539	641	8.7e-46	122	247	405	530	0.502008032129
GH115.hmm	697	BcWH2_04540	835	3.5e-287	2	697	33	811	0.997130559541
GH31.hmm	427	BcWH2_04541	819	1.8e-143	1	427	222	718	0.997658079625
GH92.hmm	491	BcWH2_04552	764	1.1e-171	2	487	263	763	0.987780040733
GH130.hmm	296	BcWH2_04553	323	1e-94	1	296	20	318	0.996621621622
GH92.hmm	491	BcWH2_04555	758	2.2e-196	3	491	248	756	0.993890020367
GH92.hmm	491	BcWH2_04568	757	5.9e-194	3	491	244	752	0.993890020367
GH97.hmm	631	BcWH2_04569	669	1e-233	5	630	15	666	0.990491283677
GH92.hmm	491	BcWH2_04575	759	6.1e-184	2	491	230	737	0.995926680244
GH92.hmm	491	BcWH2_04578	744	2.5e-193	3	491	241	736	0.993890020367
GT5.hmm	472	BcWH2_04586	274	3.1e-47	1	225	6	241	0.474576271186
GH57.hmm	383	BcWH2_04588	473	2.3e-52	12	319	27	332	0.801566579634
GT4.hmm	160	BcWH2_04589	423	1.3e-33	5	155	240	387	0.9375
GH133.hmm	372	BcWH2_04590	646	5.5e-102	7	372	286	636	0.981182795699
CE12.hmm	210	BcWH2_04598	425	1.1e-70	1	209	175	379	0.990476190476
GH105.hmm	332	BcWH2_04599	375	4.9e-93	11	332	59	373	0.96686746988
GH42.hmm	371	BcWH2_04600	711	2e-124	2	370	37	411	0.991913746631
GH2.hmm	752	BcWH2_04607	991	6.9e-65	22	465	20	565	0.589095744681
PL11_1.hmm	583	BcWH2_04608	666	5.4e-268	2	574	52	657	0.981132075472
GH105.hmm	332	BcWH2_04609	468	1.9e-90	11	331	100	433	0.963855421687
CBM6.hmm	138	BcWH2_04612	948	4.9e-25	15	137	823	948	0.884057971014
GH31.hmm	427	BcWH2_04613	882	1.3e-139	9	427	345	768	0.978922716628
GH28.hmm	325	BcWH2_04614	461	1.5e-73	6	309	72	437	0.932307692308
GH95.hmm	722	BcWH2_04620	828	1.7e-289	4	716	30	766	0.986149584488
GH3.hmm	216	BcWH2_04621	786	5.9e-53	3	214	115	328	0.976851851852
CE1.hmm	227	BcWH2_04648	400	4.6e-28	9	216	170	386	0.911894273128
GH2.hmm	752	BcWH2_04669	949	5.2e-129	35	745	40	830	0.94414893617
GH2.hmm	752	BcWH2_04670	1082	3.2e-227	26	750	49	965	0.962765957447
GH137.hmm	340	BcWH2_04671	1421	2.5e-158	2	340	20	368	0.994117647059
GH2.hmm	752	BcWH2_04671	1421	1.4e-80	20	389	370	805	0.490691489362
CBM57.hmm	147	BcWH2_04671	1421	6.6e-44	2	147	1071	1232	0.986394557823
GH138.hmm	907	BcWH2_04672	899	0	1	907	1	899	0.998897464168
GH78.hmm	504	BcWH2_04673	735	6.2e-116	4	485	192	683	0.954365079365
GH141.hmm	527	BcWH2_04674	609	9.2e-231	2	527	12	570	0.996204933586
GH127.hmm	524	BcWH2_04675	698	2.3e-192	1	524	44	607	0.998091603053
GH95.hmm	722	BcWH2_04676	822	6.3e-293	3	714	27	760	0.984764542936
GH105.hmm	332	BcWH2_04677	398	2.6e-122	5	332	49	396	0.984939759036
GH140.hmm	412	BcWH2_04678	489	2.4e-176	1	412	36	462	0.997572815534
CBM67.hmm	176	BcWH2_04679	1288	2.1e-37	3	169	142	326	0.943181818182
GH78.hmm	504	BcWH2_04679	1288	2.5e-164	5	504	354	885	0.990079365079
GH33.hmm	342	BcWH2_04679	1288	8.1e-37	14	326	919	1271	0.912280701754
CE19.hmm	332	BcWH2_04680	653	4.9e-140	2	331	118	449	0.990963855422
GH28.hmm	325	BcWH2_04681	452	8.4e-96	9	309	54	423	0.923076923077
CBM67.hmm	176	BcWH2_04703	755	8.1e-37	13	172	175	344	0.903409090909
GH78.hmm	504	BcWH2_04703	755	1.4e-103	7	338	388	737	0.656746031746
GH143.hmm	556	BcWH2_04704	1107	2.5e-291	3	556	19	568	0.994604316547
GH142.hmm	479	BcWH2_04704	1107	1.3e-230	1	479	631	1099	0.997912317328
GH43_18.hmm	229	BcWH2_04705	309	1.4e-88	2	229	66	292	0.991266375546
PL1_2.hmm	183	BcWH2_04707	575	1.7e-65	1	183	134	324	0.994535519126
PL29.hmm	301	BcWH2_04714	1031	9.6e-22	31	275	98	329	0.810631229236
PL1_2.hmm	183	BcWH2_04715	560	3.4e-65	1	183	134	324	0.994535519126
GH2.hmm	752	BcWH2_04717	877	7.2e-95	26	492	42	620	0.619680851064
GH139.hmm	777	BcWH2_04718	738	0	46	776	1	736	0.939510939511
CE20.hmm	249	BcWH2_04719	477	4.8e-97	3	248	107	367	0.983935742972
GH106.hmm	824	BcWH2_04720	1095	7.5e-115	93	471	360	729	0.458737864078
PL40.hmm	873	BcWH2_04746	916	2.4e-266	5	846	2	908	0.963344788087
GH28.hmm	325	BcWH2_04760	492	2.5e-33	52	306	163	458	0.781538461538
GH116.hmm	363	BcWH2_04784	899	1.5e-37	1	361	438	769	0.99173553719
GH92.hmm	491	BcWH2_04789	742	2.1e-186	2	488	220	722	0.989816700611
CBM67.hmm	176	BcWH2_04804	733	1.3e-34	2	157	30	192	0.880681818182
GH78.hmm	504	BcWH2_04804	733	1.1e-81	23	504	232	717	0.954365079365
CE1.hmm	227	BcWH2_04840	702	2e-18	5	207	453	678	0.88986784141
GT2.hmm	230	BcWH2_04893	397	5.1e-23	1	228	51	268	0.986956521739
GT51.hmm	177	BcWH2_04930	244	5.5e-54	12	177	56	220	0.932203389831
GT26.hmm	171	BcWH2_04970	242	1.7e-31	2	170	49	218	0.982456140351
CBM51.hmm	134	BcWH2_05003	664	6.7e-35	11	134	42	165	0.917910447761
GH27.hmm	229	BcWH2_05003	664	8.7e-72	4	229	377	640	0.982532751092
GH2.hmm	752	BcWH2_05007	925	8.3e-80	49	612	48	864	0.748670212766
CE2.hmm	209	BcWH2_05012	367	2.6e-57	1	209	150	353	0.995215311005
GH127.hmm	524	BcWH2_05056	820	2.8e-212	1	524	48	579	0.998091603053
GH97.hmm	631	BcWH2_05058	908	1.5e-191	11	630	25	662	0.980982567353
GH43_34.hmm	280	BcWH2_05059	800	5e-82	1	280	31	304	0.996428571429
CBM32.hmm	124	BcWH2_05059	800	1.1e-21	7	122	334	451	0.927419354839
GH127.hmm	524	BcWH2_05060	801	3.3e-210	1	524	38	569	0.998091603053
CE1.hmm	227	BcWH2_05061	750	6.5e-16	12	208	508	717	0.863436123348
GH146.hmm	503	BcWH2_05066	664	6.9e-68	43	494	72	540	0.89662027833
GH130.hmm	296	BcWH2_05079	392	1.7e-91	2	295	50	361	0.989864864865
GH26.hmm	303	BcWH2_05080	375	2.9e-64	5	298	39	364	0.96699669967
GH26.hmm	303	BcWH2_05081	558	3.8e-26	1	108	141	247	0.353135313531
GH26.hmm	303	BcWH2_05081	558	6.1e-67	104	302	356	552	0.653465346535
GH5_2.hmm	237	BcWH2_05086	326	2.6e-94	2	236	50	283	0.987341772152
GH5_7.hmm	289	BcWH2_05087	428	1.3e-96	2	289	65	377	0.993079584775
CE7.hmm	313	BcWH2_05088	427	3.7e-84	10	312	123	419	0.964856230032
GH3.hmm	216	BcWH2_05090	759	3.3e-73	3	215	112	338	0.981481481481
GH3.hmm	216	BcWH2_05094	1046	8.4e-56	3	216	115	341	0.986111111111
GH3.hmm	216	BcWH2_05095	1000	3.3e-58	3	216	103	328	0.986111111111
GH43_12.hmm	281	BcWH2_05100	919	5.8e-108	2	281	68	362	0.992882562278
CBM91.hmm	200	BcWH2_05100	919	5.4e-51	6	188	400	584	0.91
GH10.hmm	303	BcWH2_05100	919	2.1e-111	2	302	585	918	0.990099009901
GH43_10.hmm	271	BcWH2_05101	519	3e-104	1	271	27	294	0.9963099631
CBM91.hmm	200	BcWH2_05101	519	9.3e-34	10	196	330	515	0.93
GH2.hmm	752	BcWH2_05121	976	2.2e-120	35	738	39	838	0.934840425532
PL1_2.hmm	183	BcWH2_05131	458	2e-76	2	183	74	257	0.989071038251
GH28.hmm	325	BcWH2_05136	473	3.6e-67	8	309	74	441	0.926153846154
GH105.hmm	332	BcWH2_05138	432	5.5e-91	9	331	70	411	0.969879518072
GH28.hmm	325	BcWH2_05143	507	2.4e-82	8	307	76	473	0.92
PL11.hmm	606	BcWH2_05144	609	3.5e-160	3	571	49	609	0.937293729373
GH106.hmm	824	BcWH2_05145	942	5.4e-289	5	823	24	936	0.992718446602
CE20.hmm	249	BcWH2_05146	843	6.3e-91	3	249	105	367	0.987951807229
GH105.hmm	332	BcWH2_05146	843	3.3e-119	13	331	507	842	0.957831325301
GH43_28.hmm	262	BcWH2_05152	574	1.6e-109	1	262	51	311	0.996183206107
CBM32.hmm	124	BcWH2_05152	574	1e-19	6	107	349	463	0.814516129032
GH43_16.hmm	311	BcWH2_05153	470	1e-96	3	311	29	321	0.990353697749
CBM6.hmm	138	BcWH2_05153	470	1.9e-28	15	137	341	469	0.884057971014
GH43_29.hmm	278	BcWH2_05154	456	2.9e-116	1	278	22	305	0.996402877698
CBM6.hmm	138	BcWH2_05154	456	2.8e-35	12	137	323	451	0.905797101449
GH43_10.hmm	271	BcWH2_05155	446	1.4e-76	1	232	34	252	0.852398523985
GH29.hmm	346	BcWH2_05171	491	2.2e-91	36	346	56	392	0.895953757225
GH105.hmm	332	BcWH2_05172	369	1.9e-85	8	331	48	366	0.972891566265
GH2.hmm	752	BcWH2_05173	704	2e-95	27	491	24	603	0.617021276596
GH109.hmm	399	BcWH2_05174	517	1.3e-158	2	397	61	471	0.989974937343
GH20.hmm	337	BcWH2_05177	559	7.4e-114	9	336	169	518	0.970326409496
GT2.hmm	170	BcWH2_05213	318	1.6e-17	1	114	10	128	0.664705882353
GH3.hmm	216	BcWH2_05221	774	1.5e-66	3	216	99	321	0.986111111111
GH3.hmm	216	BcWH2_05222	836	1.3e-64	5	216	176	404	0.976851851852
GH157.hmm	551	BcWH2_05226	647	0	1	551	22	563	0.998185117967
GH29.hmm	346	BcWH2_05248	436	1.3e-105	22	346	18	351	0.936416184971
GT2.hmm	170	BcWH2_05272	390	3.4e-16	1	166	57	223	0.970588235294
GH73.hmm	128	BcWH2_05301	308	2.3e-37	2	128	39	168	0.984375
CBM32.hmm	124	BcWH2_05431	1121	1.1e-17	13	123	917	1030	0.887096774194
GH105.hmm	332	BcWH2_05443	399	6.4e-71	9	330	63	396	0.96686746988
GH42.hmm	371	BcWH2_05446	690	5.1e-116	2	370	28	403	0.991913746631
GH3.hmm	216	BcWH2_05447	791	6.2e-64	3	213	139	361	0.972222222222
GH105.hmm	332	BcWH2_05448	383	2.1e-79	11	328	47	375	0.954819277108
