CGC1	CAZyme	AAVM02000001.1	Bc_00012	17865	19679	+	GH2_e14|GH2
CGC1	CAZyme	AAVM02000001.1	Bc_00013	19705	20787	+	GH105_e29|GH105
CGC1	TC	AAVM02000001.1	Bc_00014	20817	23921	+	1.B.14.6.17
CGC1	TC	AAVM02000001.1	Bc_00015	23944	25794	+	8.A.46.1.6
CGC1	CAZyme	AAVM02000001.1	Bc_00016	25863	27101	+	GH154_e17|GH154
CGC1	null	AAVM02000001.1	Bc_00017	27184	28158	+	null
CGC1	null	AAVM02000001.1	Bc_00018	28188	29618	+	null
CGC1	CAZyme	AAVM02000001.1	Bc_00019	29636	30844	+	GH88|GH88_e11
CGC1	CAZyme	AAVM02000001.1	Bc_00020	30859	35493	+	GH106_e18|GH43_26|GH106|GH43_e80
CGC1	CAZyme	AAVM02000001.1	Bc_00021	35505	37472	+	GH146|GH146_e3
CGC2	CAZyme	AAVM02000001.1	Bc_00061	100808	102394	-	GH31|GH31_e46
CGC2	TF	AAVM02000001.1	Bc_00062	102414	106544	-	HTH_AraC
CGC2	null	AAVM02000001.1	Bc_00063	106563	107666	-	null
CGC2	TC	AAVM02000001.1	Bc_00064	107697	109490	-	8.A.46.1.3
CGC2	TC	AAVM02000001.1	Bc_00065	109509	112580	-	1.B.14.6.17
CGC2	TC	AAVM02000001.1	Bc_00066	113434	114000	+	8.A.147.1.2
CGC2	STP	AAVM02000001.1	Bc_00067	114089	115639	+	Pyr_redox_2
CGC2	null	AAVM02000001.1	Bc_00068	115747	117573	+	null
CGC2	CAZyme	AAVM02000001.1	Bc_00069	117650	119593	-	GH97|GH97_e5
CGC3	CAZyme	AAVM02000001.1	Bc_00082	136939	138354	+	GH29|GH29_e7
CGC3	null	AAVM02000001.1	Bc_00085	138645	138959	+	null
CGC3	STP	AAVM02000001.1	Bc_00086	138956	139633	+	PfkB
CGC3	TC	AAVM02000001.1	Bc_00087	139679	141367	+	9.B.174.1.3
CGC3	TC	AAVM02000001.1	Bc_00088	141473	142663	-	9.B.238.3.1
CGC3	TC	AAVM02000001.1	Bc_00089	142847	144265	+	8.A.151.1.1
CGC3	TC	AAVM02000001.1	Bc_00090	144293	146893	+	9.B.144.1.4
CGC3	null	AAVM02000001.1	Bc_00091	147238	148569	+	null
CGC3	TC	AAVM02000001.1	Bc_00092	148607	149689	+	8.A.1.1.2
CGC4	TC	AAVM02000001.1	Bc_00104	164930	168193	+	1.B.14.6.17
CGC4	null	AAVM02000001.1	Bc_00105	168204	170129	+	null
CGC4	null	AAVM02000001.1	Bc_00106	170163	171419	+	null
CGC4	CAZyme	AAVM02000001.1	Bc_00107	171436	172614	+	CBM32|CBM32_e75
CGC4	CAZyme	AAVM02000001.1	Bc_00108	172823	174631	+	GH110_e1|GH110
CGC4	CAZyme	AAVM02000001.1	Bc_00109	174656	177151	+	GH95|GH95_e0
CGC4	TC	AAVM02000001.1	Bc_00110	177159	177716	+	2.A.51.1.10
CGC4	TC	AAVM02000001.1	Bc_00111	177713	178237	+	2.A.51.1.6
CGC5	TC	AAVM02000001.1	Bc_00160	235519	236829	-	2.A.13.1.3
CGC5	null	AAVM02000001.1	Bc_00161	237006	238439	+	null
CGC5	STP	AAVM02000001.1	Bc_00162	238668	240038	+	Pyr_redox_2
CGC5	TC	AAVM02000001.1	Bc_00163	241089	241661	+	1.B.44.2.1
CGC5	TC	AAVM02000001.1	Bc_00164	241741	244197	+	3.A.11.1.5
CGC5	CAZyme	AAVM02000001.1	Bc_00165	244254	246050	+	GH123_e16|GH123
CGC5	null	AAVM02000001.1	Bc_00166	246111	246581	+	null
CGC5	TC	AAVM02000001.1	Bc_00167	246556	248628	-	9.B.28.5.3
CGC5	null	AAVM02000001.1	Bc_00168	248723	250240	+	null
CGC5	CAZyme	AAVM02000001.1	Bc_00169	250258	251481	+	GT30_e38|GT30
CGC6	CAZyme	AAVM02000001.1	Bc_00268	342581	344218	-	GH27_e3|GH27|CBM35|CBM35_e26
CGC6	null	AAVM02000001.1	Bc_00271	344669	344842	+	null
CGC6	TC	AAVM02000001.1	Bc_00272	345226	346836	-	2.A.3.7.3
CGC7	CAZyme	AAVM02000001.1	Bc_00323	402971	404932	-	GT51_e93|GT51
CGC7	null	AAVM02000001.1	Bc_00324	405022	405993	-	null
CGC7	null	AAVM02000001.1	Bc_00325	406075	407412	-	null
CGC7	TC	AAVM02000001.1	Bc_00326	407423	408523	-	2.A.6.2.47
CGC7	TC	AAVM02000001.1	Bc_00327	408593	409834	-	3.A.1.122.2
CGC7	TC	AAVM02000001.1	Bc_00328	409839	411098	-	3.A.1.122.20
CGC7	TC	AAVM02000001.1	Bc_00329	411129	411845	-	3.A.1.122.20
CGC8	TC	AAVM02000001.1	Bc_00349	432834	434594	+	3.A.2.3.3
CGC8	TC	AAVM02000001.1	Bc_00350	434625	435950	+	3.A.2.3.3
CGC8	TC	AAVM02000001.1	Bc_00351	435988	436593	+	3.A.2.3.3
CGC8	TC	AAVM02000001.1	Bc_00352	436590	438413	+	3.A.2.2.2
CGC8	TC	AAVM02000001.1	Bc_00353	438452	438913	+	3.A.2.2.2
CGC8	CAZyme	AAVM02000001.1	Bc_00354	439120	440781	+	GT3|GT3_e2
CGC8	CAZyme	AAVM02000001.1	Bc_00355	440817	443381	+	GT35|GT35_e7
CGC9	CAZyme	AAVM02000001.1	Bc_00439	553962	555146	+	GT4|GT4_e1212
CGC9	null	AAVM02000001.1	Bc_00440	555134	555988	+	null
CGC9	null	AAVM02000001.1	Bc_00441	556082	557305	+	null
CGC9	CAZyme	AAVM02000001.1	Bc_00442	557309	558100	+	GT6_e4|GT6
CGC9	CAZyme	AAVM02000001.1	Bc_00443	558115	558984	+	GT11|GT11_e40
CGC9	null	AAVM02000001.1	Bc_00444	558995	559243	+	null
CGC9	CAZyme	AAVM02000001.1	Bc_00445	559675	560487	+	GT2
CGC9	TC	AAVM02000001.1	Bc_00446	560508	561134	+	9.B.18.1.3
CGC9	null	AAVM02000001.1	Bc_00447	561155	561940	+	null
CGC9	TC	AAVM02000001.1	Bc_00448	561951	564371	+	8.A.3.3.4
CGC10	TC	AAVM02000001.1	Bc_00466	581048	582373	+	2.A.1.25.6
CGC10	CAZyme	AAVM02000001.1	Bc_00467	582396	583364	+	GH130_e13|GH130
CGC10	CAZyme	AAVM02000001.1	Bc_00468	583371	585638	+	GH92_e13|GH92
CGC11	TC	AAVM02000001.1	Bc_00518	640845	641804	+	3.A.5.1.1
CGC11	null	AAVM02000001.1	Bc_00519	641801	643111	+	null
CGC11	null	AAVM02000001.1	Bc_00520	643104	643376	+	null
CGC11	CAZyme	AAVM02000001.1	Bc_00521	643389	644696	+	CBM50_e801|CBM50
CGC12	TC	AAVM02000001.1	Bc_00562	691253	694354	-	1.B.14.6.17
CGC12	CAZyme	AAVM02000001.1	Bc_00563	694961	696436	-	GH29|GH29_e70
CGC12	null	AAVM02000001.1	Bc_00564	696559	696834	-	null
CGC12	TC	AAVM02000001.1	Bc_00565	696831	697625	-	3.A.1.139.3
CGC12	TC	AAVM02000001.1	Bc_00566	697663	698283	-	3.A.1.3.25
CGC13	TC	AAVM02000001.1	Bc_00667	812181	812834	-	9.B.18.1.3
CGC13	null	AAVM02000001.1	Bc_00668	813298	813588	-	null
CGC13	CAZyme	AAVM02000001.1	Bc_00669	813593	814414	-	GT2
CGC13	null	AAVM02000001.1	Bc_00670	814443	815324	-	null
CGC13	CAZyme	AAVM02000001.1	Bc_00671	815356	816423	-	GT4_e3680|GT4
CGC13	CAZyme	AAVM02000001.1	Bc_00672	816437	817474	-	GT4_e2625|GT4
CGC13	null	AAVM02000001.1	Bc_00673	817476	818927	-	null
CGC13	CAZyme	AAVM02000001.1	Bc_00674	818936	820108	-	GT4_e2909|GT4
CGC13	CAZyme	AAVM02000001.1	Bc_00675	820110	821177	-	GT2
CGC14	TC	AAVM02000001.1	Bc_00786	929527	930843	+	2.A.21.9.1
CGC14	TF	AAVM02000001.1	Bc_00787	930855	931523	+	none
CGC14	null	AAVM02000001.1	Bc_00788	931643	933274	+	null
CGC14	TC	AAVM02000001.1	Bc_00789	933373	934557	-	2.A.40.1.4
CGC14	TC	AAVM02000001.1	Bc_00790	934724	936190	+	2.A.36.6.11
CGC14	TC	AAVM02000001.1	Bc_00791	936314	937978	+	4.C.1.1.4
CGC14	CAZyme	AAVM02000001.1	Bc_00792	938165	940174	-	GH97|GH97_e10
CGC14	CAZyme	AAVM02000001.1	Bc_00793	940356	941528	-	CE9_e7|CE9
CGC14	CAZyme	AAVM02000001.1	Bc_00794	941550	942716	-	CE9_e7|CE9
CGC14	null	AAVM02000001.1	Bc_00801	943645	944784	-	null
CGC14	null	AAVM02000001.1	Bc_00802	944963	945520	+	null
CGC14	TC	AAVM02000001.1	Bc_00803	945571	948816	-	2.A.6.3.11
CGC14	null	AAVM02000001.1	Bc_00804	948797	950479	-	null
CGC14	TC	AAVM02000001.1	Bc_00805	950497	953583	-	2.A.6.3.6
CGC15	TC	AAVM02000001.1	Bc_00911	1070418	1072082	-	2.A.17.1.2
CGC15	null	AAVM02000001.1	Bc_00912	1072189	1072668	-	null
CGC15	null	AAVM02000001.1	Bc_00913	1072692	1075517	-	null
CGC15	CAZyme	AAVM02000001.1	Bc_00914	1075676	1077436	+	CBM50|CBM50_e831
CGC16	CAZyme	AAVM02000001.1	Bc_00985	1147941	1149068	+	GT0|GT94_e11
CGC16	CAZyme	AAVM02000001.1	Bc_00986	1149121	1150326	+	GT4_e405|GT4
CGC16	TC	AAVM02000001.1	Bc_00987	1150323	1151777	+	2.A.66.2.23
CGC16	null	AAVM02000001.1	Bc_00988	1151817	1152947	+	null
CGC16	CAZyme	AAVM02000001.1	Bc_00989	1152978	1154135	+	GT4_e1235|GT4
CGC16	CAZyme	AAVM02000001.1	Bc_00990	1154138	1154995	+	GT2
CGC16	null	AAVM02000001.1	Bc_00991	1155009	1155788	+	null
CGC16	CAZyme	AAVM02000001.1	Bc_00992	1155940	1157154	+	GT2
CGC16	TC	AAVM02000001.1	Bc_00993	1157217	1159925	+	9.B.238.3.2
CGC16	null	AAVM02000001.1	Bc_00994	1159947	1161047	+	null
CGC16	TC	AAVM02000001.1	Bc_00995	1161157	1164438	-	1.B.14.6.15
CGC16	TC	AAVM02000001.1	Bc_00996	1164678	1166369	-	3.A.1.120.8
CGC16	STP	AAVM02000001.1	Bc_00998	1166787	1167062	+	GyrI-like
CGC16	TC	AAVM02000001.1	Bc_00999	1167107	1168927	-	9.B.238.3.2
CGC16	null	AAVM02000001.1	Bc_01000	1169228	1169383	-	null
CGC16	null	AAVM02000001.1	Bc_01001	1169380	1170612	-	null
CGC16	TC	AAVM02000001.1	Bc_01002	1170703	1172058	+	2.A.66.1.28
CGC16	TC	AAVM02000001.1	Bc_01003	1172207	1172923	+	9.B.186.1.3
CGC16	CAZyme	AAVM02000001.1	Bc_01004	1172901	1173641	+	GT51_e158|GT51
CGC16	STP	AAVM02000001.1	Bc_01005	1173712	1174215	-	Sigma70_r2+Sigma70_r4_2
CGC16	null	AAVM02000001.1	Bc_01006	1174455	1175015	+	null
CGC16	TC	AAVM02000001.1	Bc_01007	1175060	1176022	+	9.B.1.1.6
CGC16	null	AAVM02000001.1	Bc_01008	1176151	1176645	+	null
CGC16	TC	AAVM02000001.1	Bc_01009	1176661	1177302	-	1.A.62.2.1
CGC16	null	AAVM02000001.1	Bc_01010	1177395	1178480	+	null
CGC16	TC	AAVM02000001.1	Bc_01011	1178889	1181465	+	1.B.14.6.14
CGC17	TC	AAVM02000001.1	Bc_01048	1221734	1223353	-	9.B.325.1.1
CGC17	null	AAVM02000001.1	Bc_01049	1223554	1224135	+	null
CGC17	TC	AAVM02000001.1	Bc_01050	1224159	1225334	+	3.A.30.1.1
CGC17	TC	AAVM02000001.1	Bc_01051	1225422	1227053	-	8.A.46.1.1
CGC17	TC	AAVM02000001.1	Bc_01052	1227068	1229818	-	1.B.14.6.1
CGC17	CAZyme	AAVM02000001.1	Bc_01053	1229951	1232023	-	CBM32_e198|GH20_e12|GH20
CGC17	CAZyme	AAVM02000001.1	Bc_01054	1232023	1234347	-	GH20_e12|GH20
CGC17	CAZyme	AAVM02000001.1	Bc_01055	1234387	1236999	-	GH2_e80|GH2
CGC17	CAZyme	AAVM02000001.1	Bc_01056	1237060	1240218	-	CE3|CE20|CE20_e16
CGC17	null	AAVM02000001.1	Bc_01057	1240219	1240884	-	null
CGC17	CAZyme	AAVM02000001.1	Bc_01058	1241011	1243029	-	GH20_e112|GH20
CGC17	CAZyme	AAVM02000001.1	Bc_01059	1243053	1244735	-	GH33|GH33_e121
CGC17	TC	AAVM02000001.1	Bc_01060	1244889	1246475	-	8.A.46.1.4
CGC17	TC	AAVM02000001.1	Bc_01061	1246495	1249821	-	1.B.14.6.17
CGC17	null	AAVM02000001.1	Bc_01062	1251005	1252180	-	null
CGC17	null	AAVM02000001.1	Bc_01063	1252192	1253109	-	null
CGC17	TC	AAVM02000001.1	Bc_01064	1253141	1254382	-	2.A.1.49.6
CGC1	TC	AAVM02000002.1	Bc_01194	12734	14182	+	2.A.66.2.7
CGC1	CAZyme	AAVM02000002.1	Bc_01195	14179	15054	+	GT2
CGC1	CAZyme	AAVM02000002.1	Bc_01196	15041	16093	+	GT0|GT23_e5
CGC1	null	AAVM02000002.1	Bc_01197	16149	17012	+	null
CGC1	null	AAVM02000002.1	Bc_01198	17009	18031	+	null
CGC1	CAZyme	AAVM02000002.1	Bc_01199	18004	19119	+	GT4_e1579|GT4
CGC1	CAZyme	AAVM02000002.1	Bc_01200	19132	20397	+	GT4_e1535|GT4
CGC1	CAZyme	AAVM02000002.1	Bc_01201	20390	21145	+	GT2
CGC2	CAZyme	AAVM02000002.1	Bc_01208	25835	28783	-	PL33_2|GH105_e29|GH105|PL33_e4
CGC2	CAZyme	AAVM02000002.1	Bc_01209	28921	32790	-	GH31|CBM32|CBM32_e89|GH31_e75
CGC2	null	AAVM02000002.1	Bc_01210	32908	33678	-	null
CGC2	CAZyme	AAVM02000002.1	Bc_01211	33681	36404	-	GH2_e97|GH2
CGC2	null	AAVM02000002.1	Bc_01212	36586	37704	-	null
CGC2	CAZyme	AAVM02000002.1	Bc_01213	37745	40147	-	CBM0|CBM32_e96
CGC2	null	AAVM02000002.1	Bc_01214	40292	42319	-	null
CGC2	TC	AAVM02000002.1	Bc_01215	42349	45813	-	1.B.14.6.17
CGC2	CAZyme	AAVM02000002.1	Bc_01216	45923	48031	-	GH2_e108|GH2
CGC2	CAZyme	AAVM02000002.1	Bc_01217	48051	49481	-	GH29_e8|GH29
CGC3	TC	AAVM02000002.1	Bc_01232	62760	64577	-	1.A.23.1.4
CGC3	TC	AAVM02000002.1	Bc_01233	64711	65691	+	2.A.19.5.2
CGC3	null	AAVM02000002.1	Bc_01234	65711	67279	-	null
CGC3	null	AAVM02000002.1	Bc_01235	67515	68432	+	null
CGC3	CAZyme	AAVM02000002.1	Bc_01236	68750	70228	+	GH30_6|GH30_e38
CGC3	CAZyme	AAVM02000002.1	Bc_01237	70263	71462	+	GH130_e6|GH130
CGC3	TC	AAVM02000002.1	Bc_01238	71685	74924	+	1.B.14.6.1
CGC3	TC	AAVM02000002.1	Bc_01239	74944	76731	+	8.A.46.3.4
CGC3	TC	AAVM02000002.1	Bc_01240	77214	79091	+	2.A.21.3.8
CGC4	TC	AAVM02000002.1	Bc_01287	132191	133033	+	9.B.330.4.1
CGC4	null	AAVM02000002.1	Bc_01288	133174	135792	-	null
CGC4	CAZyme	AAVM02000002.1	Bc_01289	136115	138214	-	GH2_e108|GH2
CGC4	CAZyme	AAVM02000002.1	Bc_01290	138245	139363	-	GH105_e29|GH105
CGC4	TC	AAVM02000002.1	Bc_01291	139592	141448	-	8.A.46.1.6
CGC4	TC	AAVM02000002.1	Bc_01292	141462	144824	-	1.B.14.6.17
CGC5	TC	AAVM02000002.1	Bc_01297	151317	152234	+	2.A.115.1.2
CGC5	null	AAVM02000002.1	Bc_01298	152299	152880	+	null
CGC5	TC	AAVM02000002.1	Bc_01299	152912	153748	+	1.A.30.1.3
CGC5	CAZyme	AAVM02000002.1	Bc_01300	153891	155126	-	GH154_e2|GH154
CGC5	CAZyme	AAVM02000002.1	Bc_01301	155138	156361	-	GH88|GH88_e11
CGC5	CAZyme	AAVM02000002.1	Bc_01302	156642	158903	+	GH95|GH95_e9
CGC5	TF	AAVM02000002.1	Bc_01303	158905	162927	-	HTH_AraC+HTH_AraC
CGC5	CAZyme	AAVM02000002.1	Bc_01304	163160	164542	-	GH29|GH29_e26
CGC5	null	AAVM02000002.1	Bc_01305	164566	165624	-	null
CGC5	null	AAVM02000002.1	Bc_01306	165673	166401	-	null
CGC5	TC	AAVM02000002.1	Bc_01307	166518	168209	-	1.B.38.1.10
CGC5	TC	AAVM02000002.1	Bc_01308	168224	171001	-	1.B.14.6.17
CGC5	null	AAVM02000002.1	Bc_01309	171045	172901	-	null
CGC5	TC	AAVM02000002.1	Bc_01310	172919	176101	-	1.B.14.6.17
CGC5	null	AAVM02000002.1	Bc_01311	176543	177451	-	null
CGC5	CAZyme	AAVM02000002.1	Bc_01312	177754	179112	+	GH29|GH29_e27
CGC6	TC	AAVM02000002.1	Bc_01329	200615	204013	+	1.B.14.6.1
CGC6	null	AAVM02000002.1	Bc_01330	204027	205943	+	null
CGC6	null	AAVM02000002.1	Bc_01331	206002	207339	+	null
CGC6	CAZyme	AAVM02000002.1	Bc_01332	207435	210248	+	CBM32|CBM32_e96
CGC6	CAZyme	AAVM02000002.1	Bc_01333	210292	212472	+	GH36_e36|GH36
CGC6	CAZyme	AAVM02000002.1	Bc_01334	212509	214746	+	GH31_e8|GH31
CGC6	CAZyme	AAVM02000002.1	Bc_01335	214882	218172	-	GH2_e97|GH2
CGC6	STP	AAVM02000002.1	Bc_01336	218879	219976	+	FecR
CGC6	STP	AAVM02000002.1	Bc_01337	220225	220779	+	Sigma70_r2+Sigma70_r4_2
CGC6	TC	AAVM02000002.1	Bc_01338	221019	224423	+	1.B.14.6.2
CGC7	CAZyme	AAVM02000002.1	Bc_01347	237114	239399	+	GH95|GH95_e3
CGC7	null	AAVM02000002.1	Bc_01348	239652	241166	+	null
CGC7	CAZyme	AAVM02000002.1	Bc_01349	241493	245350	+	GH31|CBM32|CBM32_e89|GH31_e75
CGC7	null	AAVM02000002.1	Bc_01350	245565	246080	+	null
CGC7	TC	AAVM02000002.1	Bc_01351	246336	248015	-	2.A.53.3.9
CGC8	CAZyme	AAVM02000002.1	Bc_01401	298015	298629	-	CE4|CE4_e140
CGC8	TC	AAVM02000002.1	Bc_01402	298736	302149	-	9.B.142.9.16
CGC8	TC	AAVM02000002.1	Bc_01403	302692	303441	-	3.A.1.15.15
CGC8	TC	AAVM02000002.1	Bc_01404	303456	304403	-	3.A.1.15.6
CGC9	CAZyme	AAVM02000002.1	Bc_01446	361277	362548	-	GH154_e16|GH154
CGC9	CAZyme	AAVM02000002.1	Bc_01447	362563	363864	-	GH88|GH88_e11
CGC9	TC	AAVM02000002.1	Bc_01448	364201	367389	+	1.B.14.6.1
CGC9	null	AAVM02000002.1	Bc_01449	367399	369333	+	null
CGC9	CAZyme	AAVM02000002.1	Bc_01450	369414	372245	+	CBM32|CBM32_e96
CGC9	null	AAVM02000002.1	Bc_01451	372355	373887	+	null
CGC9	CAZyme	AAVM02000002.1	Bc_01452	373973	375781	+	PL35_e4|PL35
CGC9	CAZyme	AAVM02000002.1	Bc_01453	375814	377358	+	GH109|GH109_e5
CGC10	CAZyme	AAVM02000002.1	Bc_01463	391430	394504	+	PL8_e13|PL8_2
CGC10	null	AAVM02000002.1	Bc_01464	394873	396108	-	null
CGC10	null	AAVM02000002.1	Bc_01465	396163	397107	-	null
CGC10	TC	AAVM02000002.1	Bc_01466	397257	400436	+	1.B.14.6.1
CGC10	TC	AAVM02000002.1	Bc_01467	400471	402270	+	8.A.46.1.3
CGC11	TC	AAVM02000002.1	Bc_01477	418554	419945	-	2.A.6.2.5
CGC11	TC	AAVM02000002.1	Bc_01478	419957	423385	-	2.A.6.2.22
CGC11	TC	AAVM02000002.1	Bc_01479	423401	424576	-	8.A.1.6.3
CGC11	CAZyme	AAVM02000002.1	Bc_01480	424759	427866	-	GH2_e30|GH2
CGC11	null	AAVM02000002.1	Bc_01481	427979	428212	+	null
CGC11	TC	AAVM02000002.1	Bc_01482	428299	431475	+	1.B.14.6.1
CGC11	null	AAVM02000002.1	Bc_01483	431487	433283	+	null
CGC11	TC	AAVM02000002.1	Bc_01484	433317	435371	+	1.B.14.6.17
CGC11	null	AAVM02000002.1	Bc_01485	436096	437745	+	null
CGC11	TC	AAVM02000002.1	Bc_01486	438037	439986	+	1.B.93.3.1
CGC11	null	AAVM02000002.1	Bc_01487	439934	440806	+	null
CGC11	null	AAVM02000002.1	Bc_01488	440869	441279	-	null
CGC11	CAZyme	AAVM02000002.1	Bc_01489	441419	442621	+	GH88|GH88_e11
CGC11	null	AAVM02000002.1	Bc_01490	442666	444213	+	null
CGC11	CAZyme	AAVM02000002.1	Bc_01491	444254	447121	+	PL8_e21|PL8_2
CGC12	TC	AAVM02000002.1	Bc_01540	500637	502472	+	3.A.1.106.20
CGC12	null	AAVM02000002.1	Bc_01541	502511	504496	+	null
CGC12	null	AAVM02000002.1	Bc_01542	504504	504884	+	null
CGC12	CAZyme	AAVM02000002.1	Bc_01543	504881	505831	+	GT2
CGC12	CAZyme	AAVM02000002.1	Bc_01544	505874	507571	-	GT83_e8|GT83
CGC1	TC	AAVM02000003.1	Bc_01630	91285	93009	-	8.A.46.2.2
CGC1	TC	AAVM02000003.1	Bc_01631	93030	96416	-	1.B.14.6.2
CGC1	null	AAVM02000003.1	Bc_01632	96556	96771	+	null
CGC1	null	AAVM02000003.1	Bc_01633	96722	97180	-	null
CGC1	CAZyme	AAVM02000003.1	Bc_01634	97330	99600	-	GH92_e18|GH92
CGC1	CAZyme	AAVM02000003.1	Bc_01635	99636	101912	-	GH92|GH92_e0
CGC1	STP	AAVM02000003.1	Bc_01636	101951	102919	-	FecR
CGC1	TF	AAVM02000003.1	Bc_01637	102995	103549	-	GerE
CGC1	CAZyme	AAVM02000003.1	Bc_01638	103578	105815	-	GH92|GH92_e0
CGC1	null	AAVM02000003.1	Bc_01639	106131	108749	-	null
CGC1	TC	AAVM02000003.1	Bc_01640	108856	109824	+	1.A.34.1.3
CGC1	TF	AAVM02000003.1	Bc_01641	109849	110193	+	MerR
CGC1	TC	AAVM02000003.1	Bc_01642	110233	112479	-	3.A.23.6.1
CGC1	CAZyme	AAVM02000003.1	Bc_01643	112552	113847	-	GH23|CBM50_e207|GH23_e209|CBM50
CGC2	CAZyme	AAVM02000003.1	Bc_01648	117576	118712	+	GT19|GT19_e2
CGC2	null	AAVM02000003.1	Bc_01649	118804	119592	+	null
CGC2	TC	AAVM02000003.1	Bc_01650	119695	120543	-	9.B.273.1.2
CGC2	TC	AAVM02000003.1	Bc_01651	120556	122685	-	3.A.29.1.1
CGC2	null	AAVM02000003.1	Bc_01652	122695	123054	-	null
CGC2	null	AAVM02000003.1	Bc_01654	123614	125467	-	null
CGC2	TC	AAVM02000003.1	Bc_01655	125553	126893	-	1.A.26.1.1
CGC3	TC	AAVM02000003.1	Bc_01692	175953	176756	+	2.A.64.1.3
CGC3	null	AAVM02000003.1	Bc_01693	176823	180176	+	null
CGC3	TC	AAVM02000003.1	Bc_01694	180538	181986	-	2.A.1.14.25
CGC3	null	AAVM02000003.1	Bc_01695	182243	183163	-	null
CGC3	TC	AAVM02000003.1	Bc_01696	183198	184598	-	4.A.5.1.4
CGC3	CAZyme	AAVM02000003.1	Bc_01697	184898	186097	+	GH105_e41|GH105
CGC3	CAZyme	AAVM02000003.1	Bc_01698	186101	187021	+	CE8_e86|CE8
CGC3	CAZyme	AAVM02000003.1	Bc_01699	187324	189063	+	CE12|CE12_e30|CE8_e86|CE8
CGC3	TF	AAVM02000003.1	Bc_01700	189184	193734	+	HTH_AraC
CGC3	null	AAVM02000003.1	Bc_01701	193842	195431	-	null
CGC3	TC	AAVM02000003.1	Bc_01702	195454	197310	-	8.A.46.1.3
CGC3	TC	AAVM02000003.1	Bc_01703	197323	200547	-	1.B.14.6.1
CGC3	CAZyme	AAVM02000003.1	Bc_01704	200766	202286	-	PL1_e95|PL1_2
CGC3	CAZyme	AAVM02000003.1	Bc_01705	202573	204189	+	PL1_e95|PL1_2
CGC3	TC	AAVM02000003.1	Bc_01706	204382	205164	+	9.B.116.3.3
CGC4	TC	AAVM02000003.1	Bc_01723	227125	230577	+	1.B.14.6.1
CGC4	null	AAVM02000003.1	Bc_01724	230587	232392	+	null
CGC4	null	AAVM02000003.1	Bc_01725	232413	233291	+	null
CGC4	CAZyme	AAVM02000003.1	Bc_01726	233383	236154	+	GH35_e21|GH35
CGC4	CAZyme	AAVM02000003.1	Bc_01727	236170	237756	+	GH43_10|CBM91|CBM91_e35|GH43_e4
CGC4	null	AAVM02000003.1	Bc_01728	237799	239784	+	null
CGC4	CAZyme	AAVM02000003.1	Bc_01729	239834	242689	+	CBM0|CBM32_e56
CGC4	null	AAVM02000003.1	Bc_01730	242721	243116	+	null
CGC4	CAZyme	AAVM02000003.1	Bc_01731	243131	245179	+	GH2_e148|GH2
CGC4	CAZyme	AAVM02000003.1	Bc_01732	245191	246987	+	GH120_e3|GH120|GH120_e7
CGC4	CAZyme	AAVM02000003.1	Bc_01733	247002	251633	+	GH95_e4|GH95|GH95_e14
CGC4	null	AAVM02000003.1	Bc_01734	251882	252541	-	null
CGC4	CAZyme	AAVM02000003.1	Bc_01735	252669	254345	-	GH43_10|CBM91|CBM91_e10|GH43_e0
CGC4	null	AAVM02000003.1	Bc_01736	254351	255592	-	null
CGC4	CAZyme	AAVM02000003.1	Bc_01737	255751	257370	-	GH28_e64|GH28
CGC5	TC	AAVM02000003.1	Bc_01781	305187	306089	+	2.A.7.3.57
CGC5	null	AAVM02000003.1	Bc_01782	306136	306786	+	null
CGC5	null	AAVM02000003.1	Bc_01783	306812	307900	-	null
CGC5	CAZyme	AAVM02000003.1	Bc_01784	307930	311325	-	GH2_e30|GH2
CGC5	TC	AAVM02000003.1	Bc_01785	311356	312246	-	2.A.115.1.5
CGC5	CAZyme	AAVM02000003.1	Bc_01786	312356	313768	-	GH109|GH109_e5
CGC5	CAZyme	AAVM02000003.1	Bc_01787	314174	316573	-	CBM32_e18|CBM32
CGC5	CAZyme	AAVM02000003.1	Bc_01788	316680	319340	-	CBM32_e18|CBM32
CGC5	null	AAVM02000003.1	Bc_01789	319412	320824	-	null
CGC5	null	AAVM02000003.1	Bc_01790	320846	322777	-	null
CGC5	TC	AAVM02000003.1	Bc_01791	322804	326139	-	1.B.14.6.1
CGC5	STP	AAVM02000003.1	Bc_01792	326175	327113	-	FecR
CGC5	STP	AAVM02000003.1	Bc_01793	327335	328036	+	FecR
CGC5	TC	AAVM02000003.1	Bc_01794	328072	331470	+	1.B.14.6.1
CGC5	null	AAVM02000003.1	Bc_01795	331491	333398	+	null
CGC5	CAZyme	AAVM02000003.1	Bc_01796	333445	334335	+	CBM0|CBM32_e47
CGC5	CAZyme	AAVM02000003.1	Bc_01797	334454	337330	+	CBM32|CBM32_e96
CGC5	STP	AAVM02000003.1	Bc_01798	337528	338073	+	Sigma70_r2+Sigma70_r4_2
CGC5	CAZyme	AAVM02000003.1	Bc_01799	338962	340809	-	GH110|GH110_e19
CGC5	STP	AAVM02000003.1	Bc_01800	341297	342085	+	FecR
CGC5	TC	AAVM02000003.1	Bc_01801	342128	345511	+	1.B.14.6.2
CGC5	null	AAVM02000003.1	Bc_01802	345523	347427	+	null
CGC5	CAZyme	AAVM02000003.1	Bc_01803	347440	348318	+	CBM32_e83|CBM32
CGC5	CAZyme	AAVM02000003.1	Bc_01804	348482	351352	+	CBM32|CBM32_e96
CGC5	STP	AAVM02000003.1	Bc_01805	351452	352078	+	Sigma70_r2+Sigma70_r4_2
CGC5	CAZyme	AAVM02000003.1	Bc_01806	352050	353303	-	GH109|GH109_e5
CGC6	TC	AAVM02000003.1	Bc_01833	382813	383556	-	9.B.104.3.2
CGC6	CAZyme	AAVM02000003.1	Bc_01834	383771	385708	+	GH133_e1|GH133
CGC6	CAZyme	AAVM02000003.1	Bc_01835	385725	386990	+	GT4|GT4_e602
CGC6	CAZyme	AAVM02000003.1	Bc_01836	387008	388459	+	GH57|GH57_e10
CGC6	null	AAVM02000003.1	Bc_01837	388625	390313	-	null
CGC6	CAZyme	AAVM02000003.1	Bc_01838	390333	391172	-	GT5_e28|GT5
CGC7	TC	AAVM02000003.1	Bc_01858	413995	417105	-	1.B.14.6.17
CGC7	null	AAVM02000003.1	Bc_01859	417133	418491	-	null
CGC7	null	AAVM02000003.1	Bc_01860	418743	419174	-	null
CGC7	CAZyme	AAVM02000003.1	Bc_01861	419210	419962	-	GH154_e16|GH154
CGC7	CAZyme	AAVM02000003.1	Bc_01862	419965	421263	-	GH88|GH88_e11
CGC1	TC	AAVM02000004.1	Bc_01956	48293	48664	+	2.A.7.34.3
CGC1	TC	AAVM02000004.1	Bc_01957	48810	49826	-	5.B.14.1.1
CGC1	TC	AAVM02000004.1	Bc_01958	49863	50444	-	2.A.107.1.2
CGC1	null	AAVM02000004.1	Bc_01959	50451	51251	-	null
CGC1	CAZyme	AAVM02000004.1	Bc_01960	51759	52709	-	GT2
CGC2	TC	AAVM02000004.1	Bc_02020	113416	115245	+	2.A.38.4.3
CGC2	TC	AAVM02000004.1	Bc_02021	115250	115936	+	2.A.38.4.3
CGC2	null	AAVM02000004.1	Bc_02022	115964	116995	+	null
CGC2	CAZyme	AAVM02000004.1	Bc_02023	117126	119567	-	GH2_e137|GH2
CGC2	CAZyme	AAVM02000004.1	Bc_02024	119574	120668	-	GH53|GH53_e22
CGC2	null	AAVM02000004.1	Bc_02025	120682	122466	-	null
CGC2	TC	AAVM02000004.1	Bc_02026	122469	124046	-	8.A.46.1.1
CGC2	TC	AAVM02000004.1	Bc_02027	124070	127045	-	1.B.14.6.1
CGC2	CAZyme	AAVM02000004.1	Bc_02028	127115	129721	-	GH147|GH147_e0
CGC3	CAZyme	AAVM02000004.1	Bc_02049	153935	155689	-	GH123_e16|GH123
CGC3	CAZyme	AAVM02000004.1	Bc_02050	155740	156942	-	GH88|GH88_e11
CGC3	CAZyme	AAVM02000004.1	Bc_02051	156944	158899	-	PL33_1|PL33_e0
CGC3	CAZyme	AAVM02000004.1	Bc_02052	158919	160763	-	PL35_e4|PL35
CGC3	TC	AAVM02000004.1	Bc_02053	160833	162545	-	1.B.38.1.10
CGC3	TC	AAVM02000004.1	Bc_02054	162557	165715	-	1.B.14.6.17
CGC4	TC	AAVM02000004.1	Bc_02096	211200	212489	-	1.A.112.2.3
CGC4	null	AAVM02000004.1	Bc_02097	212678	213460	-	null
CGC4	TC	AAVM02000004.1	Bc_02098	213491	215869	-	1.B.14.6.5
CGC4	null	AAVM02000004.1	Bc_02099	215984	216421	+	null
CGC4	CAZyme	AAVM02000004.1	Bc_02100	216445	217263	+	CE1_e22|CE1
CGC5	TC	AAVM02000004.1	Bc_02105	221717	223144	-	2.A.35.1.3
CGC5	null	AAVM02000004.1	Bc_02106	223299	223733	-	null
CGC5	TC	AAVM02000004.1	Bc_02107	223783	224958	-	2.A.1.36.3
CGC5	CAZyme	AAVM02000004.1	Bc_02108	224984	227359	-	GT51_e13|GT51
CGC5	null	AAVM02000004.1	Bc_02109	227374	233010	-	null
CGC5	TC	AAVM02000004.1	Bc_02110	233108	233509	+	8.A.11.1.3
CGC5	CAZyme	AAVM02000004.1	Bc_02111	233709	236264	-	GH116|GH116_e4
CGC6	TC	AAVM02000004.1	Bc_02124	245625	247175	+	2.A.21.3.17
CGC6	CAZyme	AAVM02000004.1	Bc_02125	247172	248557	-	GH23|GH23_e996
CGC6	null	AAVM02000004.1	Bc_02126	248595	249248	-	null
CGC6	null	AAVM02000004.1	Bc_02127	249308	249607	+	null
CGC6	TC	AAVM02000004.1	Bc_02128	249625	251679	+	5.A.1.1.1
CGC6	TC	AAVM02000004.1	Bc_02129	251914	253230	-	2.A.1.7.1
CGC7	CAZyme	AAVM02000004.1	Bc_02159	286853	288178	-	CBM32|CBM32_e66
CGC7	null	AAVM02000004.1	Bc_02160	288215	290080	-	null
CGC7	TC	AAVM02000004.1	Bc_02161	290105	293554	-	1.B.14.6.17
CGC8	CAZyme	AAVM02000004.1	Bc_02182	316017	316760	-	GT2
CGC8	TC	AAVM02000004.1	Bc_02183	317093	320518	+	3.A.11.1.5
CGC9	TC	AAVM02000004.1	Bc_02196	335457	336350	+	3.A.1.148.3
CGC9	TC	AAVM02000004.1	Bc_02197	336366	339683	+	9.B.359.3.3
CGC9	null	AAVM02000004.1	Bc_02198	339701	341197	+	null
CGC9	TC	AAVM02000004.1	Bc_02199	341205	342266	+	2.A.6.3.14
CGC9	TC	AAVM02000004.1	Bc_02200	342315	345425	+	2.A.6.3.6
CGC9	TC	AAVM02000004.1	Bc_02201	345428	350143	+	2.A.6.3.6
CGC9	null	AAVM02000004.1	Bc_02202	350158	350871	+	null
CGC9	null	AAVM02000004.1	Bc_02203	350901	353120	-	null
CGC9	TC	AAVM02000004.1	Bc_02204	353395	354630	+	2.A.6.2.42
CGC9	TC	AAVM02000004.1	Bc_02205	354634	357738	+	2.A.6.2.25
CGC9	TC	AAVM02000004.1	Bc_02206	357738	359111	+	2.A.6.2.20
CGC9	null	AAVM02000004.1	Bc_02207	359231	360877	+	null
CGC9	CAZyme	AAVM02000004.1	Bc_02208	360987	361880	+	GH25_e217|GH25
CGC10	TC	AAVM02000004.1	Bc_02216	370598	372247	+	1.B.9.4.2
CGC10	null	AAVM02000004.1	Bc_02217	372368	373177	-	null
CGC10	null	AAVM02000004.1	Bc_02218	373218	373688	-	null
CGC10	CAZyme	AAVM02000004.1	Bc_02219	373883	374908	-	GH109|GH109_e7
CGC10	STP	AAVM02000004.1	Bc_02220	374939	375775	-	SBP_bac_3
CGC10	TC	AAVM02000004.1	Bc_02221	375793	377844	-	1.B.14.15.2
CGC11	TC	AAVM02000004.1	Bc_02235	390000	391694	-	2.A.21.3.19
CGC11	null	AAVM02000004.1	Bc_02236	391720	391929	-	null
CGC11	CAZyme	AAVM02000004.1	Bc_02237	392219	394201	+	GH51_e47|GH51
CGC11	null	AAVM02000004.1	Bc_02238	394311	395465	-	null
CGC11	TC	AAVM02000004.1	Bc_02239	395511	396821	-	2.A.1.7.2
CGC1	TC	AAVM02000005.1	Bc_02309	27972	29840	+	3.A.1.120.8
CGC1	null	AAVM02000005.1	Bc_02310	29904	30752	+	null
CGC1	CAZyme	AAVM02000005.1	Bc_02311	30757	32805	-	PL8_e17|PL8
CGC2	CAZyme	AAVM02000005.1	Bc_02315	36748	37920	-	GT2
CGC2	null	AAVM02000005.1	Bc_02316	37977	39002	-	null
CGC2	TC	AAVM02000005.1	Bc_02317	39062	40315	-	2.A.21.9.1
CGC2	TF	AAVM02000005.1	Bc_02318	40321	41679	-	HTH_8
CGC2	null	AAVM02000005.1	Bc_02319	42057	43358	+	null
CGC2	TC	AAVM02000005.1	Bc_02320	43444	44691	+	2.A.6.2.40
CGC2	null	AAVM02000005.1	Bc_02321	44701	47109	+	null
CGC2	TC	AAVM02000005.1	Bc_02322	47131	47847	+	3.A.1.122.20
CGC3	CAZyme	AAVM02000005.1	Bc_02328	53561	55201	+	GH33|GH33_e14
CGC3	TC	AAVM02000005.1	Bc_02329	55205	56440	+	2.A.1.49.8
CGC3	CAZyme	AAVM02000005.1	Bc_02330	56459	57883	+	CE20|CE20_e34
CGC3	TC	AAVM02000005.1	Bc_02331	57954	61217	+	1.B.14.6.17
CGC3	TC	AAVM02000005.1	Bc_02332	61235	62692	+	8.A.46.1.4
CGC3	CAZyme	AAVM02000005.1	Bc_02333	62705	63814	+	GH33|GH33_e33
CGC4	CAZyme	AAVM02000005.1	Bc_02458	193254	194237	+	GT2
CGC4	CAZyme	AAVM02000005.1	Bc_02459	194234	195259	+	GT2
CGC4	null	AAVM02000005.1	Bc_02460	195259	196407	+	null
CGC4	null	AAVM02000005.1	Bc_02461	196416	197450	+	null
CGC4	CAZyme	AAVM02000005.1	Bc_02462	197453	198562	+	GT4_e2535|GT4
CGC4	CAZyme	AAVM02000005.1	Bc_02463	198574	199446	+	GT11|GT11_e40
CGC4	CAZyme	AAVM02000005.1	Bc_02464	199448	200200	+	GT2
CGC4	TC	AAVM02000005.1	Bc_02465	200236	200862	+	9.B.18.1.3
CGC5	TC	AAVM02000005.1	Bc_02488	222323	225709	+	1.B.14.6.17
CGC5	null	AAVM02000005.1	Bc_02489	225735	227630	+	null
CGC5	null	AAVM02000005.1	Bc_02490	227720	229741	+	null
CGC5	CAZyme	AAVM02000005.1	Bc_02491	229755	232325	+	CBM0|CBM32_e18
CGC5	STP	AAVM02000005.1	Bc_02492	232406	233002	-	Sigma70_r2+Sigma70_r4_2
CGC5	TC	AAVM02000005.1	Bc_02493	233121	233933	-	3.A.1.7.5
CGC5	TC	AAVM02000005.1	Bc_02494	234030	235307	+	3.A.1.7.5
CGC5	TC	AAVM02000005.1	Bc_02495	235309	236184	+	3.A.1.7.2
CGC5	TC	AAVM02000005.1	Bc_02496	236192	236950	+	3.A.1.7.1
CGC6	CAZyme	AAVM02000005.1	Bc_02515	258670	260925	-	GT20_e1|GT20
CGC6	TC	AAVM02000005.1	Bc_02516	261505	263211	+	3.A.3.7.2
CGC6	TC	AAVM02000005.1	Bc_02517	263217	265250	+	3.A.3.7.2
CGC6	TC	AAVM02000005.1	Bc_02518	265267	265842	+	3.A.3.7.2
CGC6	null	AAVM02000005.1	Bc_02519	265871	266614	+	null
CGC6	null	AAVM02000005.1	Bc_02520	266704	267834	+	null
CGC6	TC	AAVM02000005.1	Bc_02521	267854	269293	+	9.B.34.1.7
CGC6	null	AAVM02000005.1	Bc_02522	269396	270703	+	null
CGC6	CAZyme	AAVM02000005.1	Bc_02523	270798	272333	-	PL9_e29|PL9_2
CGC6	CAZyme	AAVM02000005.1	Bc_02524	272354	274927	-	GH2|GH2_e127
CGC6	TC	AAVM02000005.1	Bc_02525	275022	276569	-	1.B.38.1.10
CGC6	TC	AAVM02000005.1	Bc_02526	276583	279945	-	1.B.14.6.17
CGC7	CAZyme	AAVM02000005.1	Bc_02567	319292	321448	+	GT2
CGC7	TC	AAVM02000005.1	Bc_02568	321450	322085	+	9.B.391.1.2
CGC7	CAZyme	AAVM02000005.1	Bc_02569	322158	323543	-	GH29|GH29_e17
CGC8	TC	AAVM02000005.1	Bc_02573	328552	331713	+	1.B.14.6.17
CGC8	null	AAVM02000005.1	Bc_02574	331730	333445	+	null
CGC8	TF	AAVM02000005.1	Bc_02575	333520	337596	-	HTH_AraC+HTH_AraC
CGC8	CAZyme	AAVM02000005.1	Bc_02576	337814	339574	+	GH3_e210|GH3
CGC8	CAZyme	AAVM02000005.1	Bc_02577	339586	340851	+	CE17|CE17_e0
CGC8	TC	AAVM02000005.1	Bc_02578	340964	343093	-	2.A.37.2.5
CGC9	TC	AAVM02000005.1	Bc_02584	349865	353110	+	1.B.14.6.16
CGC9	TC	AAVM02000005.1	Bc_02585	353152	354729	+	8.A.46.1.4
CGC9	CAZyme	AAVM02000005.1	Bc_02586	354850	355674	+	GH16_e72|GH16_3
CGC9	CAZyme	AAVM02000005.1	Bc_02587	355876	356718	+	GH16|GH16_e21|GH16_3
CGC1	TC	AAVM02000006.1	Bc_02613	17313	19067	-	9.B.104.1.3
CGC1	null	AAVM02000006.1	Bc_02614	19322	21028	-	null
CGC1	TC	AAVM02000006.1	Bc_02615	21035	22054	-	3.D.12.1.1
CGC1	TC	AAVM02000006.1	Bc_02616	22057	22929	-	3.D.12.1.1
CGC1	CAZyme	AAVM02000006.1	Bc_02617	23680	25560	-	GH29|CBM32_e126|GH29_e30
CGC1	null	AAVM02000006.1	Bc_02618	25600	26280	-	null
CGC1	TC	AAVM02000006.1	Bc_02619	26415	29258	-	1.B.14.10.3
CGC1	null	AAVM02000006.1	Bc_02620	29272	30588	-	null
CGC1	null	AAVM02000006.1	Bc_02621	30610	31815	-	null
CGC1	TC	AAVM02000006.1	Bc_02622	32309	33514	+	9.B.33.1.1
CGC2	CAZyme	AAVM02000006.1	Bc_02631	41917	43779	+	GH32|GH32_e16
CGC2	TC	AAVM02000006.1	Bc_02632	43950	47021	+	1.B.14.6.17
CGC2	TC	AAVM02000006.1	Bc_02633	47047	48804	+	1.B.38.1.10
CGC2	CAZyme	AAVM02000006.1	Bc_02634	48851	49960	+	GH91_e2|GH91
CGC2	CAZyme	AAVM02000006.1	Bc_02635	49998	51950	+	GH91_e1|GH91
CGC2	CAZyme	AAVM02000006.1	Bc_02636	52076	53902	+	GH32|GH32_e16
CGC2	TC	AAVM02000006.1	Bc_02637	54245	55414	+	2.A.1.7.17
CGC3	CAZyme	AAVM02000006.1	Bc_02648	70933	73296	+	GH141_e24|CBM32|GH141
CGC3	null	AAVM02000006.1	Bc_02649	73784	75235	-	null
CGC3	TC	AAVM02000006.1	Bc_02650	75345	76775	+	2.A.114.1.4
CGC4	TC	AAVM02000006.1	Bc_02714	150653	153739	+	1.B.14.6.17
CGC4	TC	AAVM02000006.1	Bc_02715	153746	155413	+	8.A.46.3.4
CGC4	CAZyme	AAVM02000006.1	Bc_02716	155520	157796	+	GH78|CBM67|CBM67_e26|GH78_e30
CGC4	CAZyme	AAVM02000006.1	Bc_02717	157793	159430	+	GH20_e46|GH20
CGC4	CAZyme	AAVM02000006.1	Bc_02718	159594	162164	+	GH78_e80|CBM67_e28|GH78
CGC5	CAZyme	AAVM02000006.1	Bc_02730	168696	170696	+	GH13_e95|GH13_14|CBM48_e14
CGC5	TC	AAVM02000006.1	Bc_02731	170713	172164	+	3.A.1.32.3
CGC5	TC	AAVM02000006.1	Bc_02732	172410	174278	-	9.B.238.3.2
CGC6	TC	AAVM02000006.1	Bc_02739	183974	187186	+	1.B.14.6.1
CGC6	null	AAVM02000006.1	Bc_02740	187206	189050	+	null
CGC6	null	AAVM02000006.1	Bc_02741	189249	190832	+	null
CGC6	CAZyme	AAVM02000006.1	Bc_02742	190851	193175	+	GH20|GH20_e135
CGC6	CAZyme	AAVM02000006.1	Bc_02743	193202	196276	+	GH2_e30|GH2
CGC6	CAZyme	AAVM02000006.1	Bc_02744	196425	198242	+	GH29|CBM32_e126|CBM32|GH29_e30
CGC6	TC	AAVM02000006.1	Bc_02745	198385	199560	+	1.A.23.4.5
CGC7	CAZyme	AAVM02000006.1	Bc_02793	246374	249052	+	GH2_e50|GH2
CGC7	CAZyme	AAVM02000006.1	Bc_02794	249139	252003	-	CBM0|CBM32_e18
CGC7	CAZyme	AAVM02000006.1	Bc_02795	252090	253421	-	CBM32_e83|CBM32
CGC7	null	AAVM02000006.1	Bc_02796	253488	255401	-	null
CGC7	TC	AAVM02000006.1	Bc_02797	255422	258631	-	1.B.14.6.1
CGC8	TC	AAVM02000006.1	Bc_02817	285876	287000	-	9.B.97.3.1
CGC8	STP	AAVM02000006.1	Bc_02818	287050	287613	-	cNMP_binding
CGC8	STP	AAVM02000006.1	Bc_02819	287620	288408	-	NUDIX
CGC8	TC	AAVM02000006.1	Bc_02820	288495	290147	-	3.A.1.121.2
CGC8	STP	AAVM02000006.1	Bc_02821	290795	292168	-	Pyr_redox_2
CGC8	TC	AAVM02000006.1	Bc_02822	292268	292849	-	9.B.365.2.1
CGC8	TF	AAVM02000006.1	Bc_02823	292936	293775	-	HTH_AraC
CGC8	null	AAVM02000006.1	Bc_02824	293778	294260	-	null
CGC8	CAZyme	AAVM02000006.1	Bc_02825	294371	295276	+	CBM50_e698|GH73_e88|CBM50|GH73
CGC1	TC	AAVM02000007.1	Bc_02933	99496	101169	-	4.C.1.1.4
CGC1	null	AAVM02000007.1	Bc_02934	101280	102599	+	null
CGC1	null	AAVM02000007.1	Bc_02935	102602	103537	+	null
CGC1	CAZyme	AAVM02000007.1	Bc_02936	103480	104562	+	GT2
CGC1	null	AAVM02000007.1	Bc_02937	104567	105088	+	null
CGC1	null	AAVM02000007.1	Bc_02938	105154	105546	-	null
CGC1	CAZyme	AAVM02000007.1	Bc_02939	105557	108238	-	CBM20_e2|GH77|GH77_e22|CBM20
CGC2	CAZyme	AAVM02000007.1	Bc_02949	122108	123274	-	GH171|GH171_e3
CGC2	STP	AAVM02000007.1	Bc_02950	123343	123879	+	HD
CGC2	TC	AAVM02000007.1	Bc_02951	123969	126677	+	1.B.42.1.8
CGC1	TC	AAVM02000008.1	Bc_03084	11366	12481	-	9.B.169.4.2
CGC1	TC	AAVM02000008.1	Bc_03085	12523	13815	-	2.A.1.25.6
CGC1	null	AAVM02000008.1	Bc_03086	13822	15162	-	null
CGC1	CAZyme	AAVM02000008.1	Bc_03087	15169	17640	-	GT2
CGC1	TC	AAVM02000008.1	Bc_03088	17655	19127	-	2.A.21.3.7
CGC1	CAZyme	AAVM02000008.1	Bc_03089	19162	20607	-	GH29_e8|GH29
CGC2	TC	AAVM02000008.1	Bc_03095	25329	27464	+	2.A.37.2.5
CGC2	null	AAVM02000008.1	Bc_03096	27446	28180	+	null
CGC2	TC	AAVM02000008.1	Bc_03097	28186	28842	+	3.A.1.122.2
CGC2	null	AAVM02000008.1	Bc_03098	29045	29968	-	null
CGC2	TC	AAVM02000008.1	Bc_03099	29968	31338	-	2.A.22.5.3
CGC2	null	AAVM02000008.1	Bc_03100	31442	31831	+	null
CGC2	null	AAVM02000008.1	Bc_03101	31832	33130	-	null
CGC2	TC	AAVM02000008.1	Bc_03102	33207	35222	-	9.B.238.3.1
CGC2	null	AAVM02000008.1	Bc_03103	35340	36203	+	null
CGC2	null	AAVM02000008.1	Bc_03104	36193	36957	+	null
CGC2	CAZyme	AAVM02000008.1	Bc_03105	37149	39485	+	CBM32|CBM32_e42|GH35|GH35_e43
CGC2	CAZyme	AAVM02000008.1	Bc_03106	39520	40485	+	GH43_19|GH43_e159
CGC2	CAZyme	AAVM02000008.1	Bc_03107	40678	43137	+	GH51_e47|GH51
CGC2	CAZyme	AAVM02000008.1	Bc_03108	43150	45177	+	GH97|GH97_e18
CGC2	CAZyme	AAVM02000008.1	Bc_03109	45564	46568	-	GH43_34|GH43_e159
CGC2	TF	AAVM02000008.1	Bc_03110	46679	50923	+	HTH_AraC
CGC2	TC	AAVM02000008.1	Bc_03111	51173	54304	+	1.B.14.6.1
CGC2	null	AAVM02000008.1	Bc_03112	54323	56251	+	null
CGC2	TC	AAVM02000008.1	Bc_03113	56284	59298	+	1.B.14.6.17
CGC2	null	AAVM02000008.1	Bc_03114	59327	60964	+	null
CGC2	CAZyme	AAVM02000008.1	Bc_03115	60993	61886	+	CBM32_e83|CBM32
CGC2	CAZyme	AAVM02000008.1	Bc_03116	61905	63440	+	GH16_3|GH16_e45
CGC2	CAZyme	AAVM02000008.1	Bc_03117	63457	65364	+	GH43_24|GH16_e36|GH16_3|GH43_e236
CGC2	CAZyme	AAVM02000008.1	Bc_03118	65488	66744	+	GH154_e2|GH154
CGC2	CAZyme	AAVM02000008.1	Bc_03119	66772	67794	+	GH43_24|GH43_e269
CGC2	CAZyme	AAVM02000008.1	Bc_03120	67810	69105	+	PL42_e0|PL42
CGC2	CAZyme	AAVM02000008.1	Bc_03121	69110	70243	+	GH105_e39|GH105
CGC2	null	AAVM02000008.1	Bc_03122	70255	71265	-	null
CGC2	TC	AAVM02000008.1	Bc_03123	71417	72259	+	2.C.1.4.1
CGC2	null	AAVM02000008.1	Bc_03124	72354	74537	-	null
CGC2	null	AAVM02000008.1	Bc_03125	74549	75331	-	null
CGC2	TC	AAVM02000008.1	Bc_03126	75498	76193	-	2.A.122.1.1
CGC2	TC	AAVM02000008.1	Bc_03127	76190	76633	-	1.E.14.1.13
CGC2	null	AAVM02000008.1	Bc_03128	76828	77847	+	null
CGC2	null	AAVM02000008.1	Bc_03129	77875	79074	+	null
CGC2	CAZyme	AAVM02000008.1	Bc_03130	79216	80205	+	GT2
CGC1	CAZyme	AAVM02000009.1	Bc_03342	27695	30268	-	CBM0|CBM32_e18
CGC1	CAZyme	AAVM02000009.1	Bc_03343	30453	32642	-	GH36_e24|GH36
CGC1	TC	AAVM02000009.1	Bc_03344	33173	35377	+	3.A.10.1.10
CGC1	null	AAVM02000009.1	Bc_03345	35470	36072	+	null
CGC1	null	AAVM02000009.1	Bc_03346	36254	37795	+	null
CGC1	TC	AAVM02000009.1	Bc_03347	37911	38891	-	1.A.35.3.1
CGC2	CAZyme	AAVM02000009.1	Bc_03374	66254	67369	-	GT28_e43|GT28
CGC2	TC	AAVM02000009.1	Bc_03375	67443	68762	-	2.A.103.1.3
CGC2	null	AAVM02000009.1	Bc_03376	68810	70144	-	null
CGC2	TC	AAVM02000009.1	Bc_03377	70293	71561	-	9.B.146.1.3
CGC2	TC	AAVM02000009.1	Bc_03378	71664	73112	-	2.A.128.2.3
CGC3	CAZyme	AAVM02000009.1	Bc_03420	121513	122916	-	GH144|GH144_e1
CGC3	CAZyme	AAVM02000009.1	Bc_03421	123028	125337	-	GH3_e1|GH3
CGC3	TC	AAVM02000009.1	Bc_03422	125359	126888	-	1.B.38.1.10
CGC3	TC	AAVM02000009.1	Bc_03423	126980	130045	-	1.B.14.6.17
CGC1	CAZyme	AAVM02000010.1	Bc_03460	40283	42244	-	GH20|GH20_e106
CGC1	null	AAVM02000010.1	Bc_03461	42301	42408	+	null
CGC1	CAZyme	AAVM02000010.1	Bc_03462	42538	44751	+	GH84|GH84_e9
CGC1	TF	AAVM02000010.1	Bc_03463	45374	46267	-	HTH_AraC+HTH_AraC
CGC1	CAZyme	AAVM02000010.1	Bc_03464	46455	49256	+	GH2_e125|GH2
CGC1	TC	AAVM02000010.1	Bc_03465	49339	50721	+	2.A.1.1.55
CGC1	STP	AAVM02000010.1	Bc_03466	50869	54150	+	TPR_2+TPR_2+TPR_2
CGC1	null	AAVM02000010.1	Bc_03467	54290	55483	-	null
CGC1	TC	AAVM02000010.1	Bc_03468	55962	59141	+	1.B.14.6.1
CGC1	TC	AAVM02000010.1	Bc_03469	59154	60890	+	8.A.46.3.4
CGC1	CAZyme	AAVM02000010.1	Bc_03470	61017	63857	-	GH3_e98|GH3
CGC1	TF	AAVM02000010.1	Bc_03472	64581	68510	+	HTH_AraC
CGC1	TC	AAVM02000010.1	Bc_03473	68768	71887	+	1.B.14.6.1
CGC1	null	AAVM02000010.1	Bc_03474	71894	73777	+	null
CGC1	null	AAVM02000010.1	Bc_03475	73767	75215	+	null
CGC1	CAZyme	AAVM02000010.1	Bc_03476	75247	78105	+	CBM0|CBM32_e18
CGC1	null	AAVM02000010.1	Bc_03477	78120	79823	+	null
CGC1	CAZyme	AAVM02000010.1	Bc_03478	79826	82132	+	GH3_e86|GH3
CGC1	CAZyme	AAVM02000010.1	Bc_03479	82175	83614	+	GH43_e45|CBM6_e0|CBM6|GH43_2
CGC1	CAZyme	AAVM02000010.1	Bc_03480	83679	85022	+	GH29|GH29_e33
CGC2	TC	AAVM02000010.1	Bc_03506	108905	110122	-	1.B.14.6.1
CGC2	STP	AAVM02000010.1	Bc_03507	110119	110688	-	Sigma70_r2+Sigma70_r4_2
CGC2	TC	AAVM02000010.1	Bc_03508	110845	112680	+	1.A.13.2.4
CGC2	null	AAVM02000010.1	Bc_03509	112809	112955	-	null
CGC2	CAZyme	AAVM02000010.1	Bc_03510	112946	114505	-	GH20|GH20_e8
CGC2	null	AAVM02000010.1	Bc_03512	114961	115314	-	null
CGC2	null	AAVM02000010.1	Bc_03513	115354	115932	-	null
CGC2	TC	AAVM02000010.1	Bc_03514	116042	119176	+	1.B.14.6.13
CGC2	TC	AAVM02000010.1	Bc_03515	119191	120789	+	8.A.46.2.1
CGC2	null	AAVM02000010.1	Bc_03516	120862	121569	+	null
CGC2	TC	AAVM02000010.1	Bc_03517	121594	122910	+	2.A.40.4.2
CGC1	CAZyme	AAVM02000011.1	Bc_03523	1261	2781	-	GH28_e37|GH28
CGC1	CAZyme	AAVM02000011.1	Bc_03524	2789	4669	-	GH20_e12|GH20
CGC1	CAZyme	AAVM02000011.1	Bc_03525	4683	7010	-	GH28_e23|GH28
CGC1	null	AAVM02000011.1	Bc_03526	6988	8670	-	null
CGC1	TC	AAVM02000011.1	Bc_03527	8685	11675	-	1.B.14.6.17
CGC1	null	AAVM02000011.1	Bc_03528	11706	13148	-	null
CGC1	null	AAVM02000011.1	Bc_03529	13087	13674	-	null
CGC1	TC	AAVM02000011.1	Bc_03530	13686	16937	-	1.B.14.6.17
CGC2	TC	AAVM02000011.1	Bc_03571	59887	61422	+	3.B.1.1.2
CGC2	TC	AAVM02000011.1	Bc_03572	61522	62556	-	2.A.98.1.3
CGC2	TF	AAVM02000011.1	Bc_03573	62982	65849	-	HTH_11+HTH_AraC
CGC2	CAZyme	AAVM02000011.1	Bc_03574	66088	66864	+	GH16_3|GH16_e321
CGC2	TC	AAVM02000011.1	Bc_03575	66938	69979	+	1.B.14.6.17
CGC1	TC	AAVM02000012.1	Bc_03614	14857	16635	-	8.A.21.2.4
CGC1	null	AAVM02000012.1	Bc_03615	16701	16829	-	null
CGC1	CAZyme	AAVM02000012.1	Bc_03616	16851	19046	+	GH92|GH92_e0
CGC2	TC	AAVM02000012.1	Bc_03625	34640	36154	-	2.A.47.1.12
CGC2	CAZyme	AAVM02000012.1	Bc_03626	36353	38341	+	GH97|GH97_e1
CGC1	TC	AAVM02000014.1	Bc_03676	10080	12617	+	8.A.51.1.5
CGC1	null	AAVM02000014.1	Bc_03677	12708	14072	-	null
CGC1	null	AAVM02000014.1	Bc_03678	14276	14956	-	null
CGC1	CAZyme	AAVM02000014.1	Bc_03679	15074	16378	-	GH29|GH29_e63
CGC1	CAZyme	AAVM02000016.1	Bc_03720	137	2638	-	GH2_e137|GH2
CGC1	TC	AAVM02000016.1	Bc_03721	2680	3573	-	1.A.1.24.3
CGC1	null	AAVM02000016.1	Bc_03722	3737	3880	-	null
CGC1	CAZyme	AAVM02000016.1	Bc_03723	3902	4882	-	GH23|GH23_e63
