CGC1	CAZyme	ABFY02000002.1	Csc_00021	1340	2212	+	GH25_e146|GH25
CGC1	TC	ABFY02000002.1	Csc_00022	2291	2857	+	2.A.107.1.1
CGC2	CAZyme	ABFY02000002.1	Csc_00118	96212	97558	+	GH172|GH172_e4
CGC2	TF	ABFY02000002.1	Csc_00119	97570	97863	+	LacI
CGC2	STP	ABFY02000002.1	Csc_00120	97881	98570	+	Peripla_BP_3
CGC2	TC	ABFY02000002.1	Csc_00121	98575	99843	+	3.A.1.1.17
CGC2	TC	ABFY02000002.1	Csc_00122	99904	100785	+	3.A.1.1.20
CGC2	TC	ABFY02000002.1	Csc_00123	100806	101612	+	3.A.1.1.52
CGC1	TC	ABFY02000003.1	Csc_00138	4008	5366	+	2.A.26.1.3
CGC1	null	ABFY02000003.1	Csc_00139	5388	5978	-	null
CGC1	null	ABFY02000003.1	Csc_00140	5996	6163	-	null
CGC1	CAZyme	ABFY02000003.1	Csc_00141	6237	7049	+	CE4|CE4_e362
CGC2	CAZyme	ABFY02000003.1	Csc_00147	13000	13920	-	GT2
CGC2	null	ABFY02000003.1	Csc_00148	13913	15238	-	null
CGC2	null	ABFY02000003.1	Csc_00149	15222	16352	-	null
CGC2	TC	ABFY02000003.1	Csc_00150	16371	17774	-	9.B.18.1.1
CGC2	null	ABFY02000003.1	Csc_00151	17932	18954	-	null
CGC2	CAZyme	ABFY02000003.1	Csc_00152	19068	20048	+	GT2
CGC1	TC	ABFY02000009.1	Csc_00350	6530	7585	-	4.D.2.1.5
CGC1	CAZyme	ABFY02000009.1	Csc_00351	7578	8264	-	CE4|CE4_e156
CGC1	CAZyme	ABFY02000009.1	Csc_00352	8264	9370	-	GT28_e91|GT28
CGC2	CAZyme	ABFY02000009.1	Csc_00504	154991	156493	-	GH73_e137|GH73
CGC2	TC	ABFY02000009.1	Csc_00505	156490	157008	-	1.E.19.3.2
CGC3	TC	ABFY02000009.1	Csc_00660	298307	298948	-	9.B.31.1.2
CGC3	null	ABFY02000009.1	Csc_00661	298951	300279	-	null
CGC3	STP	ABFY02000009.1	Csc_00662	300434	301609	+	Pribosyltran
CGC3	CAZyme	ABFY02000009.1	Csc_00663	301954	303396	-	CE4|CE4_e40
CGC4	TC	ABFY02000009.1	Csc_00679	317824	319896	-	9.A.8.1.5
CGC4	STP	ABFY02000009.1	Csc_00680	320090	320329	-	FeoA
CGC4	CAZyme	ABFY02000009.1	Csc_00681	320487	321632	+	GH18_e166|GH18|CBM50
CGC5	CAZyme	ABFY02000009.1	Csc_00686	325915	328179	-	GT35_e0|GT35
CGC5	TC	ABFY02000009.1	Csc_00687	328238	329107	-	3.A.1.1.45
CGC5	TC	ABFY02000009.1	Csc_00688	329107	329949	-	3.A.1.1.45
CGC5	TC	ABFY02000009.1	Csc_00689	329964	331343	-	3.A.1.1.45
CGC6	CAZyme	ABFY02000009.1	Csc_00714	356453	358144	-	GH13_11|CBM48|GH13_e138
CGC6	TC	ABFY02000009.1	Csc_00715	358174	359184	-	3.A.1.2.16
CGC1	CAZyme	ABFY02000010.1	Csc_00978	230354	231847	-	GH73_e180|GH73
CGC1	TF	ABFY02000010.1	Csc_00979	232071	233279	-	Trans_reg_C
CGC1	TC	ABFY02000010.1	Csc_00980	233544	234161	-	3.A.2.3.3
CGC1	TC	ABFY02000010.1	Csc_00981	234199	235587	-	3.A.2.3.3
CGC1	TC	ABFY02000010.1	Csc_00982	235602	237374	-	3.A.2.3.2
CGC1	TC	ABFY02000012.1	Csc_01088	91179	92561	-	2.A.66.1.26
CGC1	CAZyme	ABFY02000012.1	Csc_01089	92688	93428	+	CE4|CE4_e179
CGC2	TC	ABFY02000012.1	Csc_01103	103799	105685	+	1.A.33.1.4
CGC2	TC	ABFY02000012.1	Csc_01104	105787	106977	+	1.P.1.1.1
CGC2	null	ABFY02000012.1	Csc_01105	107006	108166	-	null
CGC2	null	ABFY02000012.1	Csc_01106	108153	109295	-	null
CGC2	TC	ABFY02000012.1	Csc_01107	109306	110235	-	3.A.1.105.9
CGC2	TC	ABFY02000012.1	Csc_01108	110334	111470	+	9.B.238.3.5
CGC2	TF	ABFY02000012.1	Csc_01109	111467	112090	+	GerE
CGC2	CAZyme	ABFY02000012.1	Csc_01110	112107	114266	+	GH13_11|CBM48_e3|CBM48|GH13_e48
CGC2	TC	ABFY02000012.1	Csc_01111	114391	115794	+	2.A.66.1.28
CGC3	TC	ABFY02000012.1	Csc_01115	117159	117992	+	3.A.1.132.3
CGC3	CAZyme	ABFY02000012.1	Csc_01116	118056	119843	-	GH13_e200|CBM48_e2|GH13_9|CBM48
CGC4	CAZyme	ABFY02000012.1	Csc_01131	135961	137229	+	GT4|GT4_e3202
CGC4	null	ABFY02000012.1	Csc_01132	137177	137797	+	null
CGC4	TF	ABFY02000012.1	Csc_01133	137834	138541	+	Trans_reg_C
CGC4	TC	ABFY02000012.1	Csc_01134	138513	140594	+	9.B.238.3.3
CGC1	CAZyme	ABFY02000014.1	Csc_01335	13071	14201	+	CE9_e86|CE9
CGC1	null	ABFY02000014.1	Csc_01336	14275	14985	+	null
CGC1	null	ABFY02000014.1	Csc_01337	14982	15191	-	null
CGC1	TC	ABFY02000014.1	Csc_01338	15209	15568	-	9.B.55.2.2
CGC2	CAZyme	ABFY02000014.1	Csc_01343	20672	21982	-	GH13|GH13_e141|GH13_20
CGC2	null	ABFY02000014.1	Csc_01344	22192	22458	+	null
CGC2	TC	ABFY02000014.1	Csc_01345	22470	23822	-	2.A.66.1.28
CGC1	TC	ABFY02000015.1	Csc_01455	26866	28110	+	2.A.23.1.13
CGC1	null	ABFY02000015.1	Csc_01456	28190	28900	-	null
CGC1	CAZyme	ABFY02000015.1	Csc_01457	28939	30459	-	GH77_e4|GH77
CGC2	TC	ABFY02000015.1	Csc_01504	80092	80919	-	3.A.1.1.52
CGC2	TC	ABFY02000015.1	Csc_01505	80933	81859	-	3.A.1.1.52
CGC2	TC	ABFY02000015.1	Csc_01506	81883	83172	-	3.A.1.1.40
CGC2	CAZyme	ABFY02000015.1	Csc_01507	83264	84574	-	GH109|GH109_e7
CGC2	CAZyme	ABFY02000015.1	Csc_01508	84588	86477	-	GH129_e0|GH129
CGC1	CAZyme	ABFY02000016.1	Csc_01537	3225	6293	-	CBM32_e28|CBM32|CBM32_e57
CGC1	null	ABFY02000016.1	Csc_01538	6310	7074	-	null
CGC1	CAZyme	ABFY02000016.1	Csc_01539	7076	11353	-	GH136|CBM32|GH136_e39|CBM32_e57
CGC1	null	ABFY02000016.1	Csc_01540	11378	12250	-	null
CGC1	CAZyme	ABFY02000016.1	Csc_01541	12237	14588	-	GH65|GH65_e2
CGC1	TC	ABFY02000016.1	Csc_01542	14595	15437	-	3.A.1.1.18
CGC1	TC	ABFY02000016.1	Csc_01543	15434	16327	-	3.A.1.1.47
CGC1	TC	ABFY02000016.1	Csc_01544	16395	17726	-	3.A.1.1.44
CGC1	TC	ABFY02000016.1	Csc_01545	17988	19766	+	9.B.33.1.7
CGC1	CAZyme	ABFY02000020.1	Csc_01790	737	1111	+	GH25|GH25_e78
CGC1	TF	ABFY02000020.1	Csc_01791	1178	1873	+	Trans_reg_C
CGC1	TC	ABFY02000020.1	Csc_01792	1886	4561	+	9.B.238.3.3
CGC2	TC	ABFY02000020.1	Csc_01828	43869	45713	+	3.A.29.1.5
CGC2	CAZyme	ABFY02000020.1	Csc_01829	45748	47790	+	GH13_39|CBM34|GH13_e98|CBM34_e11
CGC1	TC	ABFY02000023.1	Csc_01860	13814	15157	-	2.A.66.1.33
CGC1	null	ABFY02000023.1	Csc_01861	15220	15651	-	null
CGC1	TC	ABFY02000023.1	Csc_01862	15633	17411	-	8.A.176.1.1
CGC1	STP	ABFY02000023.1	Csc_01863	17432	17851	-	Fer4+Fer4+Fer4
CGC1	TC	ABFY02000023.1	Csc_01864	17838	19928	-	5.A.3.5.2
CGC1	CAZyme	ABFY02000023.1	Csc_01865	19925	21604	-	GH123_e14|GH0|GH123
CGC1	TC	ABFY02000023.1	Csc_01866	21640	22476	-	3.A.1.1.52
CGC1	TC	ABFY02000023.1	Csc_01867	22473	23417	-	3.A.1.1.36
CGC1	CAZyme	ABFY02000028.1	Csc_01901	24326	25651	-	GH29|GH29_e81
CGC1	TC	ABFY02000028.1	Csc_01902	25699	26541	-	3.A.1.1.47
CGC1	null	ABFY02000028.1	Csc_01903	26799	27977	+	null
CGC1	TC	ABFY02000028.1	Csc_01904	28111	29025	-	3.A.1.1.47
CGC1	TC	ABFY02000028.1	Csc_01905	29132	30472	-	3.A.1.1.47
CGC1	null	ABFY02000028.1	Csc_01906	30685	31551	-	null
CGC1	CAZyme	ABFY02000028.1	Csc_01907	31552	33828	-	GH65_e14|GH65
CGC1	null	ABFY02000028.1	Csc_01908	33896	34705	-	null
CGC1	TC	ABFY02000028.1	Csc_01909	34708	36483	-	9.B.33.1.1
CGC1	TC	ABFY02000028.1	Csc_01910	36492	37787	-	3.A.1.1.47
CGC1	CAZyme	ABFY02000032.1	Csc_02212	45644	46690	+	GT2
CGC1	null	ABFY02000032.1	Csc_02213	46722	47975	+	null
CGC1	null	ABFY02000032.1	Csc_02214	48318	48719	+	null
CGC1	CAZyme	ABFY02000032.1	Csc_02215	48879	49667	+	GT2
CGC1	null	ABFY02000032.1	Csc_02216	49724	51631	+	null
CGC1	CAZyme	ABFY02000032.1	Csc_02217	51858	53759	+	GT2
CGC1	TC	ABFY02000032.1	Csc_02218	53786	54562	+	3.A.1.103.6
CGC1	TC	ABFY02000032.1	Csc_02219	54575	55309	+	3.A.1.103.5
CGC1	null	ABFY02000032.1	Csc_02220	55327	55929	+	null
CGC1	CAZyme	ABFY02000032.1	Csc_02221	55944	57614	+	GT2
CGC1	CAZyme	ABFY02000032.1	Csc_02222	57627	59804	+	GT4_e2354|GT4|GT4_e934
CGC1	CAZyme	ABFY02000032.1	Csc_02223	59823	61403	+	GT2
CGC1	CAZyme	ABFY02000032.1	Csc_02224	61472	62164	+	GT2
CGC1	TC	ABFY02000034.1	Csc_02432	101590	102204	+	9.B.104.1.3
CGC1	TC	ABFY02000034.1	Csc_02433	102145	102897	-	9.B.238.3.1
CGC1	null	ABFY02000034.1	Csc_02434	102985	103392	+	null
CGC1	STP	ABFY02000034.1	Csc_02435	103415	103978	+	Sigma70_r2+Sigma70_r4_2
CGC1	CAZyme	ABFY02000034.1	Csc_02436	104034	105101	-	GT28_e30|GT28
CGC2	TC	ABFY02000034.1	Csc_02455	124090	124659	-	3.A.1.25.2
CGC2	TC	ABFY02000034.1	Csc_02456	125838	127592	+	9.B.34.1.5
CGC2	STP	ABFY02000034.1	Csc_02457	127728	130655	+	TPR_2
CGC2	CAZyme	ABFY02000034.1	Csc_02458	130767	132677	+	GH13_e200|CBM48_e2|GH13_9|CBM48
CGC1	TC	ABFY02000037.1	Csc_02580	41753	42466	+	9.B.27.1.2
CGC1	CAZyme	ABFY02000037.1	Csc_02581	42476	43813	+	GT2
CGC1	CAZyme	ABFY02000049.1	Csc_02819	77146	78705	-	CBM50_e466|CBM50
CGC1	null	ABFY02000049.1	Csc_02820	78717	79124	-	null
CGC1	CAZyme	ABFY02000049.1	Csc_02821	79244	80752	+	GH77|GH77_e26
CGC1	null	ABFY02000049.1	Csc_02822	80800	81354	-	null
CGC1	STP	ABFY02000049.1	Csc_02823	81386	83371	-	Pyr_redox_2
CGC1	TC	ABFY02000049.1	Csc_02824	83399	84832	-	2.A.1.3.13
CGC1	null	ABFY02000049.1	Csc_02825	84837	86117	-	null
CGC1	TC	ABFY02000049.1	Csc_02826	86168	86917	-	1.A.115.1.5
CGC1	TC	ABFY02000062.1	Csc_03074	12435	13673	+	3.A.1.19.4
CGC1	TC	ABFY02000062.1	Csc_03075	13673	14533	+	3.A.1.6.3
CGC1	null	ABFY02000062.1	Csc_03076	14530	15345	+	null
CGC1	TC	ABFY02000062.1	Csc_03077	15389	16207	+	3.A.1.6.1
CGC1	null	ABFY02000062.1	Csc_03078	16233	17114	+	null
CGC1	STP	ABFY02000062.1	Csc_03079	17132	18124	+	Rhodanese+Rhodanese
CGC1	CAZyme	ABFY02000062.1	Csc_03080	18130	19293	+	GT2
CGC1	TC	ABFY02000068.1	Csc_03587	28532	29374	-	2.A.115.1.5
CGC1	null	ABFY02000068.1	Csc_03588	29738	31051	+	null
CGC1	CAZyme	ABFY02000068.1	Csc_03589	31151	32101	+	GT2
CGC1	TC	ABFY02000068.1	Csc_03590	32098	34650	+	9.B.144.1.8
CGC2	CAZyme	ABFY02000068.1	Csc_03625	67079	67777	+	GT0|GT26|GT26_e195
CGC2	TF	ABFY02000068.1	Csc_03626	67996	69084	+	HTH_8
CGC2	TC	ABFY02000068.1	Csc_03627	69101	69787	+	3.A.1.140.2
CGC2	TC	ABFY02000068.1	Csc_03628	69777	70685	+	3.A.1.140.2
CGC2	STP	ABFY02000068.1	Csc_03629	70704	71813	+	Peptidase_M23
CGC2	TC	ABFY02000068.1	Csc_03630	71831	73012	+	9.B.174.1.1
