B_caccae GSMM reconsctruction
Failed to run diamond.
B_cellulosilyticus GSMM reconsctruction
B_ovatus GSMM reconsctruction
Failed to run diamond.
B_thetaiotaomicron GSMM reconsctruction
Failed to run diamond.
B_uniformis GSMM reconsctruction
Failed to run diamond.
B_vulgatus GSMM reconsctruction
Failed to run diamond.
C_aerofaciens GSMM reconsctruction
Failed to run diamond.
C_scindens GSMM reconsctruction
Failed to run diamond.
C_spiroforme GSMM reconsctruction
Failed to run diamond.
D_longicatena GSMM reconsctruction
Failed to run diamond.
P_distasonis GSMM reconsctruction
Failed to run diamond.
R_obeum GSMM reconsctruction
Failed to run diamond.
